[ 2019-09-19T12:29:28+08:00 ] 127.0.0.1 /
INFO: [ app_init ] --START--
INFO: Run Behavior\BuildLiteBehavior [ RunTime:0.000017s ]
INFO: [ app_init ] --END-- [ RunTime:0.026875s ]
INFO: [ app_begin ] --START--
INFO: Run Behavior\ReadHtmlCacheBehavior [ RunTime:0.059634s ]
INFO: [ app_begin ] --END-- [ RunTime:0.059704s ]
NOTIC: [8] Undefined index: xbdm E:\PHP\UPUPW_AP5.5-1510\UPUPW_AP5.5\vhosts\www.tp.com\Application\Home\Controller\IndexController.class.php 第 8 行.
SQL: SHOW COLUMNS FROM `xbdm` [ RunTime:0.1394s ]
SQL: SELECT xbdm.xbdm,`xbmc`,count(bh) as bjs FROM `xbdm` INNER JOIN bj on xbdm.xbdm=bj.xbdm  GROUP BY xbdm.xbdm  [ RunTime:0.0881s ]
INFO: [ view_parse ] --START--
INFO: [ template_filter ] --START--
INFO: Run Behavior\ContentReplaceBehavior [ RunTime:0.001112s ]
INFO: [ template_filter ] --END-- [ RunTime:0.001168s ]
INFO: Run Behavior\ParseTemplateBehavior [ RunTime:0.549380s ]
INFO: [ view_parse ] --END-- [ RunTime:0.549442s ]
INFO: [ view_filter ] --START--
INFO: Run Behavior\WriteHtmlCacheBehavior [ RunTime:0.025302s ]
INFO: [ view_filter ] --END-- [ RunTime:0.025380s ]
INFO: [ app_end ] --START--
INFO: Run Behavior\ShowPageTraceBehavior [ RunTime:0.026679s ]
INFO: [ app_end ] --END-- [ RunTime:0.026764s ]

[ 2019-09-19T12:29:35+08:00 ] 127.0.0.1 /home/index/bj/xbdm/01
INFO: [ app_init ] --START--
INFO: Run Behavior\BuildLiteBehavior [ RunTime:0.000013s ]
INFO: [ app_init ] --END-- [ RunTime:0.000701s ]
INFO: [ app_begin ] --START--
INFO: Run Behavior\ReadHtmlCacheBehavior [ RunTime:0.008336s ]
INFO: [ app_begin ] --END-- [ RunTime:0.008386s ]
SQL: SHOW COLUMNS FROM `bj` [ RunTime:0.0410s ]
NOTIC: [8] Undefined index: page E:\PHP\UPUPW_AP5.5-1510\UPUPW_AP5.5\vhosts\www.tp.com\Application\Home\Controller\IndexController.class.php 第 16 行.
SQL: SELECT COUNT(*) AS tp_count FROM `bj` WHERE ( xbdm=01 ) LIMIT 1   [ RunTime:0.2528s ]
SQL: SELECT `xbmc`,`bh`,`bj`,`nj`,`xz` FROM `bj` INNER JOIN xbdm on bj.xbdm=xbdm.xbdm  WHERE ( bj.xbdm=01 ) LIMIT 0,10   [ RunTime:0.0028s ]
INFO: [ view_parse ] --START--
INFO: [ template_filter ] --START--
INFO: Run Behavior\ContentReplaceBehavior [ RunTime:0.000354s ]
INFO: [ template_filter ] --END-- [ RunTime:0.000428s ]
INFO: Run Behavior\ParseTemplateBehavior [ RunTime:0.067226s ]
INFO: [ view_parse ] --END-- [ RunTime:0.067314s ]
INFO: [ view_filter ] --START--
INFO: Run Behavior\WriteHtmlCacheBehavior [ RunTime:0.005874s ]
INFO: [ view_filter ] --END-- [ RunTime:0.005950s ]
INFO: [ app_end ] --START--
INFO: Run Behavior\ShowPageTraceBehavior [ RunTime:0.006968s ]
INFO: [ app_end ] --END-- [ RunTime:0.007051s ]

[ 2019-09-19T12:29:38+08:00 ] 127.0.0.1 /home/index/bj/xbdm/01/page/5
INFO: [ app_init ] --START--
INFO: Run Behavior\BuildLiteBehavior [ RunTime:0.000027s ]
INFO: [ app_init ] --END-- [ RunTime:0.001156s ]
INFO: [ app_begin ] --START--
INFO: Run Behavior\ReadHtmlCacheBehavior [ RunTime:0.005979s ]
INFO: [ app_begin ] --END-- [ RunTime:0.006109s ]
SQL: SHOW COLUMNS FROM `bj` [ RunTime:0.0213s ]
SQL: SELECT COUNT(*) AS tp_count FROM `bj` WHERE ( xbdm=01 ) LIMIT 1   [ RunTime:0.0007s ]
SQL: SELECT `xbmc`,`bh`,`bj`,`nj`,`xz` FROM `bj` INNER JOIN xbdm on bj.xbdm=xbdm.xbdm  WHERE ( bj.xbdm=01 ) LIMIT 40,10   [ RunTime:0.0009s ]
INFO: [ view_parse ] --START--
INFO: [ template_filter ] --START--
INFO: Run Behavior\ContentReplaceBehavior [ RunTime:0.000075s ]
INFO: [ template_filter ] --END-- [ RunTime:0.000204s ]
INFO: Run Behavior\ParseTemplateBehavior [ RunTime:0.065772s ]
INFO: [ view_parse ] --END-- [ RunTime:0.065904s ]
INFO: [ view_filter ] --START--
INFO: Run Behavior\WriteHtmlCacheBehavior [ RunTime:0.005642s ]
INFO: [ view_filter ] --END-- [ RunTime:0.005713s ]
INFO: [ app_end ] --START--
INFO: Run Behavior\ShowPageTraceBehavior [ RunTime:0.005935s ]
INFO: [ app_end ] --END-- [ RunTime:0.006028s ]

[ 2019-09-19T12:29:40+08:00 ] 127.0.0.1 /home/index/bj/xbdm/01/page/9
INFO: [ app_init ] --START--
INFO: Run Behavior\BuildLiteBehavior [ RunTime:0.000026s ]
INFO: [ app_init ] --END-- [ RunTime:0.001310s ]
INFO: [ app_begin ] --START--
INFO: Run Behavior\ReadHtmlCacheBehavior [ RunTime:0.007505s ]
INFO: [ app_begin ] --END-- [ RunTime:0.007627s ]
SQL: SHOW COLUMNS FROM `bj` [ RunTime:0.0201s ]
SQL: SELECT COUNT(*) AS tp_count FROM `bj` WHERE ( xbdm=01 ) LIMIT 1   [ RunTime:0.0008s ]
SQL: SELECT `xbmc`,`bh`,`bj`,`nj`,`xz` FROM `bj` INNER JOIN xbdm on bj.xbdm=xbdm.xbdm  WHERE ( bj.xbdm=01 ) LIMIT 80,10   [ RunTime:0.0011s ]
INFO: [ view_parse ] --START--
INFO: [ template_filter ] --START--
INFO: Run Behavior\ContentReplaceBehavior [ RunTime:0.000095s ]
INFO: [ template_filter ] --END-- [ RunTime:0.000200s ]
INFO: Run Behavior\ParseTemplateBehavior [ RunTime:0.062053s ]
INFO: [ view_parse ] --END-- [ RunTime:0.062186s ]
INFO: [ view_filter ] --START--
INFO: Run Behavior\WriteHtmlCacheBehavior [ RunTime:0.005301s ]
INFO: [ view_filter ] --END-- [ RunTime:0.005387s ]
INFO: [ app_end ] --START--
INFO: Run Behavior\ShowPageTraceBehavior [ RunTime:0.004252s ]
INFO: [ app_end ] --END-- [ RunTime:0.004325s ]

[ 2019-09-19T12:29:45+08:00 ] 127.0.0.1 /home/index/bj/xbdm/06
INFO: [ app_init ] --START--
INFO: Run Behavior\BuildLiteBehavior [ RunTime:0.000034s ]
INFO: [ app_init ] --END-- [ RunTime:0.001523s ]
INFO: [ app_begin ] --START--
INFO: Run Behavior\ReadHtmlCacheBehavior [ RunTime:0.006333s ]
INFO: [ app_begin ] --END-- [ RunTime:0.006414s ]
SQL: SHOW COLUMNS FROM `bj` [ RunTime:0.0250s ]
NOTIC: [8] Undefined index: page E:\PHP\UPUPW_AP5.5-1510\UPUPW_AP5.5\vhosts\www.tp.com\Application\Home\Controller\IndexController.class.php 第 16 行.
SQL: SELECT COUNT(*) AS tp_count FROM `bj` WHERE ( xbdm=06 ) LIMIT 1   [ RunTime:0.0006s ]
SQL: SELECT `xbmc`,`bh`,`bj`,`nj`,`xz` FROM `bj` INNER JOIN xbdm on bj.xbdm=xbdm.xbdm  WHERE ( bj.xbdm=06 ) LIMIT 0,10   [ RunTime:0.0004s ]
INFO: [ view_parse ] --START--
INFO: [ template_filter ] --START--
INFO: Run Behavior\ContentReplaceBehavior [ RunTime:0.000075s ]
INFO: [ template_filter ] --END-- [ RunTime:0.000179s ]
INFO: Run Behavior\ParseTemplateBehavior [ RunTime:0.059801s ]
INFO: [ view_parse ] --END-- [ RunTime:0.059910s ]
INFO: [ view_filter ] --START--
INFO: Run Behavior\WriteHtmlCacheBehavior [ RunTime:0.005206s ]
INFO: [ view_filter ] --END-- [ RunTime:0.005316s ]
INFO: [ app_end ] --START--
INFO: Run Behavior\ShowPageTraceBehavior [ RunTime:0.005305s ]
INFO: [ app_end ] --END-- [ RunTime:0.005391s ]

[ 2019-09-19T12:29:49+08:00 ] 127.0.0.1 /home/index/bj/xbdm/06/page/5
INFO: [ app_init ] --START--
INFO: Run Behavior\BuildLiteBehavior [ RunTime:0.000022s ]
INFO: [ app_init ] --END-- [ RunTime:0.001122s ]
INFO: [ app_begin ] --START--
INFO: Run Behavior\ReadHtmlCacheBehavior [ RunTime:0.006612s ]
INFO: [ app_begin ] --END-- [ RunTime:0.006916s ]
SQL: SHOW COLUMNS FROM `bj` [ RunTime:0.5054s ]
SQL: SELECT COUNT(*) AS tp_count FROM `bj` WHERE ( xbdm=06 ) LIMIT 1   [ RunTime:0.0007s ]
SQL: SELECT `xbmc`,`bh`,`bj`,`nj`,`xz` FROM `bj` INNER JOIN xbdm on bj.xbdm=xbdm.xbdm  WHERE ( bj.xbdm=06 ) LIMIT 40,10   [ RunTime:0.0007s ]
INFO: [ view_parse ] --START--
INFO: [ template_filter ] --START--
INFO: Run Behavior\ContentReplaceBehavior [ RunTime:0.000104s ]
INFO: [ template_filter ] --END-- [ RunTime:0.000218s ]
INFO: Run Behavior\ParseTemplateBehavior [ RunTime:0.056393s ]
INFO: [ view_parse ] --END-- [ RunTime:0.056474s ]
INFO: [ view_filter ] --START--
INFO: Run Behavior\WriteHtmlCacheBehavior [ RunTime:0.005360s ]
INFO: [ view_filter ] --END-- [ RunTime:0.005453s ]
INFO: [ app_end ] --START--
INFO: Run Behavior\ShowPageTraceBehavior [ RunTime:0.005215s ]
INFO: [ app_end ] --END-- [ RunTime:0.005288s ]

[ 2019-09-19T12:29:51+08:00 ] 127.0.0.1 /home/index/bj/xbdm/06/page/1
INFO: [ app_init ] --START--
INFO: Run Behavior\BuildLiteBehavior [ RunTime:0.000025s ]
INFO: [ app_init ] --END-- [ RunTime:0.001676s ]
INFO: [ app_begin ] --START--
INFO: Run Behavior\ReadHtmlCacheBehavior [ RunTime:0.005168s ]
INFO: [ app_begin ] --END-- [ RunTime:0.005276s ]
SQL: SHOW COLUMNS FROM `bj` [ RunTime:0.0198s ]
SQL: SELECT COUNT(*) AS tp_count FROM `bj` WHERE ( xbdm=06 ) LIMIT 1   [ RunTime:0.0005s ]
SQL: SELECT `xbmc`,`bh`,`bj`,`nj`,`xz` FROM `bj` INNER JOIN xbdm on bj.xbdm=xbdm.xbdm  WHERE ( bj.xbdm=06 ) LIMIT 0,10   [ RunTime:0.0005s ]
INFO: [ view_parse ] --START--
INFO: [ template_filter ] --START--
INFO: Run Behavior\ContentReplaceBehavior [ RunTime:0.000054s ]
INFO: [ template_filter ] --END-- [ RunTime:0.000135s ]
INFO: Run Behavior\ParseTemplateBehavior [ RunTime:0.055285s ]
INFO: [ view_parse ] --END-- [ RunTime:0.055369s ]
INFO: [ view_filter ] --START--
INFO: Run Behavior\WriteHtmlCacheBehavior [ RunTime:0.006098s ]
INFO: [ view_filter ] --END-- [ RunTime:0.006161s ]
INFO: [ app_end ] --START--
INFO: Run Behavior\ShowPageTraceBehavior [ RunTime:0.005945s ]
INFO: [ app_end ] --END-- [ RunTime:0.006013s ]

[ 2019-09-19T12:29:54+08:00 ] 127.0.0.1 /home/index/bj/xbdm/11
INFO: [ app_init ] --START--
INFO: Run Behavior\BuildLiteBehavior [ RunTime:0.000021s ]
INFO: [ app_init ] --END-- [ RunTime:0.001725s ]
INFO: [ app_begin ] --START--
INFO: Run Behavior\ReadHtmlCacheBehavior [ RunTime:0.006592s ]
INFO: [ app_begin ] --END-- [ RunTime:0.006675s ]
SQL: SHOW COLUMNS FROM `bj` [ RunTime:0.0618s ]
NOTIC: [8] Undefined index: page E:\PHP\UPUPW_AP5.5-1510\UPUPW_AP5.5\vhosts\www.tp.com\Application\Home\Controller\IndexController.class.php 第 16 行.
SQL: SELECT COUNT(*) AS tp_count FROM `bj` WHERE ( xbdm=11 ) LIMIT 1   [ RunTime:0.0013s ]
SQL: SELECT `xbmc`,`bh`,`bj`,`nj`,`xz` FROM `bj` INNER JOIN xbdm on bj.xbdm=xbdm.xbdm  WHERE ( bj.xbdm=11 ) LIMIT 0,10   [ RunTime:0.0005s ]
INFO: [ view_parse ] --START--
INFO: [ template_filter ] --START--
INFO: Run Behavior\ContentReplaceBehavior [ RunTime:0.000070s ]
INFO: [ template_filter ] --END-- [ RunTime:0.000171s ]
INFO: Run Behavior\ParseTemplateBehavior [ RunTime:0.063514s ]
INFO: [ view_parse ] --END-- [ RunTime:0.063614s ]
INFO: [ view_filter ] --START--
INFO: Run Behavior\WriteHtmlCacheBehavior [ RunTime:0.005301s ]
INFO: [ view_filter ] --END-- [ RunTime:0.005379s ]
INFO: [ app_end ] --START--
INFO: Run Behavior\ShowPageTraceBehavior [ RunTime:0.006407s ]
INFO: [ app_end ] --END-- [ RunTime:0.006472s ]

[ 2019-09-19T12:30:00+08:00 ] 127.0.0.1 /home/index/bj/xbdm/11/page/4
INFO: [ app_init ] --START--
INFO: Run Behavior\BuildLiteBehavior [ RunTime:0.000014s ]
INFO: [ app_init ] --END-- [ RunTime:0.000751s ]
INFO: [ app_begin ] --START--
INFO: Run Behavior\ReadHtmlCacheBehavior [ RunTime:0.007502s ]
INFO: [ app_begin ] --END-- [ RunTime:0.007589s ]
SQL: SHOW COLUMNS FROM `bj` [ RunTime:0.0204s ]
SQL: SELECT COUNT(*) AS tp_count FROM `bj` WHERE ( xbdm=11 ) LIMIT 1   [ RunTime:0.0006s ]
SQL: SELECT `xbmc`,`bh`,`bj`,`nj`,`xz` FROM `bj` INNER JOIN xbdm on bj.xbdm=xbdm.xbdm  WHERE ( bj.xbdm=11 ) LIMIT 30,10   [ RunTime:0.0017s ]
INFO: [ view_parse ] --START--
INFO: [ template_filter ] --START--
INFO: Run Behavior\ContentReplaceBehavior [ RunTime:0.000071s ]
INFO: [ template_filter ] --END-- [ RunTime:0.000149s ]
INFO: Run Behavior\ParseTemplateBehavior [ RunTime:0.081697s ]
INFO: [ view_parse ] --END-- [ RunTime:0.081843s ]
INFO: [ view_filter ] --START--
INFO: Run Behavior\WriteHtmlCacheBehavior [ RunTime:0.006620s ]
INFO: [ view_filter ] --END-- [ RunTime:0.006749s ]
INFO: [ app_end ] --START--
INFO: Run Behavior\ShowPageTraceBehavior [ RunTime:0.006015s ]
INFO: [ app_end ] --END-- [ RunTime:0.006100s ]

[ 2019-09-19T12:31:44+08:00 ] 127.0.0.1 /
INFO: [ app_init ] --START--
INFO: Run Behavior\BuildLiteBehavior [ RunTime:0.000038s ]
INFO: [ app_init ] --END-- [ RunTime:0.001372s ]
INFO: [ app_begin ] --START--
INFO: Run Behavior\ReadHtmlCacheBehavior [ RunTime:0.005702s ]
INFO: [ app_begin ] --END-- [ RunTime:0.005802s ]
NOTIC: [8] Undefined index: xbdm E:\PHP\UPUPW_AP5.5-1510\UPUPW_AP5.5\vhosts\www.tp.com\Application\Home\Controller\IndexController.class.php 第 8 行.
SQL: SHOW COLUMNS FROM `xbdm` [ RunTime:0.0268s ]
SQL: SELECT xbdm.xbdm,`xbmc`,count(bh) as bjs FROM `xbdm` INNER JOIN bj on xbdm.xbdm=bj.xbdm  GROUP BY xbdm.xbdm  [ RunTime:0.0027s ]
INFO: [ view_parse ] --START--
INFO: [ template_filter ] --START--
INFO: Run Behavior\ContentReplaceBehavior [ RunTime:0.000054s ]
INFO: [ template_filter ] --END-- [ RunTime:0.000113s ]
INFO: Run Behavior\ParseTemplateBehavior [ RunTime:0.050299s ]
INFO: [ view_parse ] --END-- [ RunTime:0.050411s ]
INFO: [ view_filter ] --START--
INFO: Run Behavior\WriteHtmlCacheBehavior [ RunTime:0.005815s ]
INFO: [ view_filter ] --END-- [ RunTime:0.005896s ]
INFO: [ app_end ] --START--
INFO: Run Behavior\ShowPageTraceBehavior [ RunTime:0.003642s ]
INFO: [ app_end ] --END-- [ RunTime:0.003711s ]

[ 2019-09-19T12:31:52+08:00 ] 127.0.0.1 /
INFO: [ app_init ] --START--
INFO: Run Behavior\BuildLiteBehavior [ RunTime:0.000020s ]
INFO: [ app_init ] --END-- [ RunTime:0.000976s ]
INFO: [ app_begin ] --START--
INFO: Run Behavior\ReadHtmlCacheBehavior [ RunTime:0.004196s ]
INFO: [ app_begin ] --END-- [ RunTime:0.004263s ]
NOTIC: [8] Undefined index: xbdm E:\PHP\UPUPW_AP5.5-1510\UPUPW_AP5.5\vhosts\www.tp.com\Application\Home\Controller\IndexController.class.php 第 8 行.
SQL: SHOW COLUMNS FROM `xbdm` [ RunTime:0.0187s ]
SQL: SELECT xbdm.xbdm,`xbmc`,count(bh) as bjs FROM `xbdm` INNER JOIN bj on xbdm.xbdm=bj.xbdm  GROUP BY xbdm.xbdm  [ RunTime:0.0023s ]
INFO: [ view_parse ] --START--
INFO: [ template_filter ] --START--
INFO: Run Behavior\ContentReplaceBehavior [ RunTime:0.000066s ]
INFO: [ template_filter ] --END-- [ RunTime:0.000163s ]
INFO: Run Behavior\ParseTemplateBehavior [ RunTime:0.052948s ]
INFO: [ view_parse ] --END-- [ RunTime:0.053060s ]
INFO: [ view_filter ] --START--
INFO: Run Behavior\WriteHtmlCacheBehavior [ RunTime:0.005917s ]
INFO: [ view_filter ] --END-- [ RunTime:0.006007s ]
INFO: [ app_end ] --START--
INFO: Run Behavior\ShowPageTraceBehavior [ RunTime:0.005267s ]
INFO: [ app_end ] --END-- [ RunTime:0.005391s ]

[ 2019-09-19T12:32:47+08:00 ] 127.0.0.1 /
INFO: [ app_init ] --START--
INFO: Run Behavior\BuildLiteBehavior [ RunTime:0.000025s ]
INFO: [ app_init ] --END-- [ RunTime:0.001269s ]
INFO: [ app_begin ] --START--
INFO: Run Behavior\ReadHtmlCacheBehavior [ RunTime:0.005105s ]
INFO: [ app_begin ] --END-- [ RunTime:0.005210s ]
NOTIC: [8] Undefined index: xbdm E:\PHP\UPUPW_AP5.5-1510\UPUPW_AP5.5\vhosts\www.tp.com\Application\Home\Controller\IndexController.class.php 第 8 行.
SQL: SHOW COLUMNS FROM `xbdm` [ RunTime:0.0860s ]
SQL: SELECT xbdm.xbdm,`xbmc`,count(bh) as bjs FROM `xbdm` INNER JOIN bj on xbdm.xbdm=bj.xbdm  GROUP BY xbdm.xbdm  [ RunTime:0.0029s ]
INFO: [ view_parse ] --START--
INFO: [ template_filter ] --START--
INFO: Run Behavior\ContentReplaceBehavior [ RunTime:0.000077s ]
INFO: [ template_filter ] --END-- [ RunTime:0.000178s ]
INFO: Run Behavior\ParseTemplateBehavior [ RunTime:0.029997s ]
INFO: [ view_parse ] --END-- [ RunTime:0.030146s ]
INFO: [ view_filter ] --START--
INFO: Run Behavior\WriteHtmlCacheBehavior [ RunTime:0.006081s ]
INFO: [ view_filter ] --END-- [ RunTime:0.006183s ]
INFO: [ app_end ] --START--
INFO: Run Behavior\ShowPageTraceBehavior [ RunTime:0.005443s ]
INFO: [ app_end ] --END-- [ RunTime:0.005518s ]

[ 2019-09-19T12:32:49+08:00 ] 127.0.0.1 /home/index/bj/xbdm/02
INFO: [ app_init ] --START--
INFO: Run Behavior\BuildLiteBehavior [ RunTime:0.000019s ]
INFO: [ app_init ] --END-- [ RunTime:0.001029s ]
INFO: [ app_begin ] --START--
INFO: Run Behavior\ReadHtmlCacheBehavior [ RunTime:0.005053s ]
INFO: [ app_begin ] --END-- [ RunTime:0.005307s ]
SQL: SHOW COLUMNS FROM `bj` [ RunTime:0.0321s ]
NOTIC: [8] Undefined index: page E:\PHP\UPUPW_AP5.5-1510\UPUPW_AP5.5\vhosts\www.tp.com\Application\Home\Controller\IndexController.class.php 第 16 行.
SQL: SELECT COUNT(*) AS tp_count FROM `bj` WHERE ( xbdm=02 ) LIMIT 1   [ RunTime:0.0010s ]
SQL: SELECT `xbmc`,`bh`,`bj`,`nj`,`xz` FROM `bj` INNER JOIN xbdm on bj.xbdm=xbdm.xbdm  WHERE ( bj.xbdm=02 ) LIMIT 0,10   [ RunTime:0.0004s ]
INFO: [ view_parse ] --START--
INFO: [ template_filter ] --START--
INFO: Run Behavior\ContentReplaceBehavior [ RunTime:0.000055s ]
INFO: [ template_filter ] --END-- [ RunTime:0.000118s ]
INFO: Run Behavior\ParseTemplateBehavior [ RunTime:0.062265s ]
INFO: [ view_parse ] --END-- [ RunTime:0.062383s ]
INFO: [ view_filter ] --START--
INFO: Run Behavior\WriteHtmlCacheBehavior [ RunTime:0.005892s ]
INFO: [ view_filter ] --END-- [ RunTime:0.005985s ]
INFO: [ app_end ] --START--
INFO: Run Behavior\ShowPageTraceBehavior [ RunTime:0.005804s ]
INFO: [ app_end ] --END-- [ RunTime:0.005880s ]

[ 2019-09-19T12:32:53+08:00 ] 127.0.0.1 /home/index/bj/xbdm/02/page/5
INFO: [ app_init ] --START--
INFO: Run Behavior\BuildLiteBehavior [ RunTime:0.000013s ]
INFO: [ app_init ] --END-- [ RunTime:0.000977s ]
INFO: [ app_begin ] --START--
INFO: Run Behavior\ReadHtmlCacheBehavior [ RunTime:0.006103s ]
INFO: [ app_begin ] --END-- [ RunTime:0.006220s ]
SQL: SHOW COLUMNS FROM `bj` [ RunTime:0.0215s ]
SQL: SELECT COUNT(*) AS tp_count FROM `bj` WHERE ( xbdm=02 ) LIMIT 1   [ RunTime:0.0008s ]
SQL: SELECT `xbmc`,`bh`,`bj`,`nj`,`xz` FROM `bj` INNER JOIN xbdm on bj.xbdm=xbdm.xbdm  WHERE ( bj.xbdm=02 ) LIMIT 40,10   [ RunTime:0.0011s ]
INFO: [ view_parse ] --START--
INFO: [ template_filter ] --START--
INFO: Run Behavior\ContentReplaceBehavior [ RunTime:0.000073s ]
INFO: [ template_filter ] --END-- [ RunTime:0.000171s ]
INFO: Run Behavior\ParseTemplateBehavior [ RunTime:0.103581s ]
INFO: [ view_parse ] --END-- [ RunTime:0.103688s ]
INFO: [ view_filter ] --START--
INFO: Run Behavior\WriteHtmlCacheBehavior [ RunTime:0.005693s ]
INFO: [ view_filter ] --END-- [ RunTime:0.005777s ]
INFO: [ app_end ] --START--
INFO: Run Behavior\ShowPageTraceBehavior [ RunTime:0.005909s ]
INFO: [ app_end ] --END-- [ RunTime:0.005998s ]

[ 2019-09-19T12:32:55+08:00 ] 127.0.0.1 /home/index/bj/xbdm/02/page/1
INFO: [ app_init ] --START--
INFO: Run Behavior\BuildLiteBehavior [ RunTime:0.000016s ]
INFO: [ app_init ] --END-- [ RunTime:0.000810s ]
INFO: [ app_begin ] --START--
INFO: Run Behavior\ReadHtmlCacheBehavior [ RunTime:0.005671s ]
INFO: [ app_begin ] --END-- [ RunTime:0.005746s ]
SQL: SHOW COLUMNS FROM `bj` [ RunTime:0.0176s ]
SQL: SELECT COUNT(*) AS tp_count FROM `bj` WHERE ( xbdm=02 ) LIMIT 1   [ RunTime:0.0006s ]
SQL: SELECT `xbmc`,`bh`,`bj`,`nj`,`xz` FROM `bj` INNER JOIN xbdm on bj.xbdm=xbdm.xbdm  WHERE ( bj.xbdm=02 ) LIMIT 0,10   [ RunTime:0.0003s ]
INFO: [ view_parse ] --START--
INFO: [ template_filter ] --START--
INFO: Run Behavior\ContentReplaceBehavior [ RunTime:0.000082s ]
INFO: [ template_filter ] --END-- [ RunTime:0.000193s ]
INFO: Run Behavior\ParseTemplateBehavior [ RunTime:0.055629s ]
INFO: [ view_parse ] --END-- [ RunTime:0.055727s ]
INFO: [ view_filter ] --START--
INFO: Run Behavior\WriteHtmlCacheBehavior [ RunTime:0.004958s ]
INFO: [ view_filter ] --END-- [ RunTime:0.005013s ]
INFO: [ app_end ] --START--
INFO: Run Behavior\ShowPageTraceBehavior [ RunTime:0.005342s ]
INFO: [ app_end ] --END-- [ RunTime:0.005404s ]

[ 2019-09-19T12:48:32+08:00 ] 127.0.0.1 /
INFO: [ app_init ] --START--
INFO: Run Behavior\BuildLiteBehavior [ RunTime:0.000010s ]
INFO: [ app_init ] --END-- [ RunTime:0.000410s ]
INFO: [ app_begin ] --START--
INFO: Run Behavior\ReadHtmlCacheBehavior [ RunTime:0.001987s ]
INFO: [ app_begin ] --END-- [ RunTime:0.002020s ]
NOTIC: [8] Undefined index: xbdm E:\PHP\UPUPW_AP5.5-1510\UPUPW_AP5.5\vhosts\www.tp.com\Application\Home\Controller\IndexController.class.php 第 7 行.
SQL: SHOW COLUMNS FROM `xbdm` [ RunTime:0.0615s ]
SQL: SELECT xbdm.xbdm,`xbmc`,count(bh) as bjs FROM `xbdm` INNER JOIN bj on xbdm.xbdm=bj.xbdm  GROUP BY xbdm.xbdm  [ RunTime:0.0010s ]
INFO: [ view_parse ] --START--
INFO: [ template_filter ] --START--
INFO: Run Behavior\ContentReplaceBehavior [ RunTime:0.000028s ]
INFO: [ template_filter ] --END-- [ RunTime:0.000060s ]
INFO: Run Behavior\ParseTemplateBehavior [ RunTime:0.025141s ]
INFO: [ view_parse ] --END-- [ RunTime:0.025184s ]
INFO: [ view_filter ] --START--
INFO: Run Behavior\WriteHtmlCacheBehavior [ RunTime:0.002129s ]
INFO: [ view_filter ] --END-- [ RunTime:0.002158s ]
INFO: [ app_end ] --START--
INFO: Run Behavior\ShowPageTraceBehavior [ RunTime:0.001973s ]
INFO: [ app_end ] --END-- [ RunTime:0.001999s ]

[ 2019-09-19T12:48:35+08:00 ] 127.0.0.1 /home/index/bj/xbdm/03
INFO: [ app_init ] --START--
INFO: Run Behavior\BuildLiteBehavior [ RunTime:0.000101s ]
INFO: [ app_init ] --END-- [ RunTime:0.001023s ]
INFO: [ app_begin ] --START--
INFO: Run Behavior\ReadHtmlCacheBehavior [ RunTime:0.002175s ]
INFO: [ app_begin ] --END-- [ RunTime:0.002225s ]
SQL: SHOW COLUMNS FROM `bj` [ RunTime:0.1415s ]
NOTIC: [8] Undefined index: page E:\PHP\UPUPW_AP5.5-1510\UPUPW_AP5.5\vhosts\www.tp.com\Application\Home\Controller\IndexController.class.php 第 15 行.
SQL: SELECT COUNT(*) AS tp_count FROM `bj` WHERE ( xbdm=03 ) LIMIT 1   [ RunTime:0.0004s ]
SQL: SELECT `xbmc`,`bh`,`bj`,`nj`,`xz` FROM `bj` INNER JOIN xbdm on bj.xbdm=xbdm.xbdm  WHERE ( bj.xbdm=03 ) LIMIT 0,10   [ RunTime:0.0003s ]
INFO: [ view_parse ] --START--
INFO: [ template_filter ] --START--
INFO: Run Behavior\ContentReplaceBehavior [ RunTime:0.000035s ]
INFO: [ template_filter ] --END-- [ RunTime:0.000072s ]
INFO: Run Behavior\ParseTemplateBehavior [ RunTime:0.029167s ]
INFO: [ view_parse ] --END-- [ RunTime:0.029212s ]
INFO: [ view_filter ] --START--
INFO: Run Behavior\WriteHtmlCacheBehavior [ RunTime:0.001993s ]
INFO: [ view_filter ] --END-- [ RunTime:0.002020s ]
INFO: [ app_end ] --START--
INFO: Run Behavior\ShowPageTraceBehavior [ RunTime:0.002112s ]
INFO: [ app_end ] --END-- [ RunTime:0.002140s ]

[ 2019-09-19T12:48:38+08:00 ] 127.0.0.1 /home/index/xs/bh/09030301
INFO: [ app_init ] --START--
INFO: Run Behavior\BuildLiteBehavior [ RunTime:0.000012s ]
INFO: [ app_init ] --END-- [ RunTime:0.000786s ]
INFO: [ app_begin ] --START--
INFO: Run Behavior\ReadHtmlCacheBehavior [ RunTime:0.001939s ]
INFO: [ app_begin ] --END-- [ RunTime:0.001976s ]
SQL: SHOW COLUMNS FROM `xs` [ RunTime:0.4437s ]
NOTIC: [8] Undefined index: page E:\PHP\UPUPW_AP5.5-1510\UPUPW_AP5.5\vhosts\www.tp.com\Application\Home\Controller\IndexController.class.php 第 30 行.
NOTIC: [8] Undefined index: xbdm E:\PHP\UPUPW_AP5.5-1510\UPUPW_AP5.5\vhosts\www.tp.com\Application\Home\Controller\IndexController.class.php 第 31 行.
ERR: 1064:You have an error in your SQL syntax; check the manual that corresponds to your MariaDB server version for the right syntax to use near ') LIMIT 1' at line 1
 [ SQL语句 ] : SELECT COUNT(*) AS tp_count FROM `xs` WHERE ( bh= ) LIMIT 1  
ERR: 1064:You have an error in your SQL syntax; check the manual that corresponds to your MariaDB server version for the right syntax to use near ') LIMIT 1' at line 1
 [ SQL语句 ] : SELECT COUNT(*) AS tp_count FROM `xs` WHERE ( bh= ) LIMIT 1  

[ 2019-09-19T12:49:06+08:00 ] 127.0.0.1 /home/index/xs/bh/09030301
INFO: [ app_init ] --START--
INFO: Run Behavior\BuildLiteBehavior [ RunTime:0.000014s ]
INFO: [ app_init ] --END-- [ RunTime:0.000644s ]
INFO: [ app_begin ] --START--
INFO: Run Behavior\ReadHtmlCacheBehavior [ RunTime:0.001975s ]
INFO: [ app_begin ] --END-- [ RunTime:0.002013s ]
SQL: SHOW COLUMNS FROM `xs` [ RunTime:0.0171s ]
NOTIC: [8] Undefined index: page E:\PHP\UPUPW_AP5.5-1510\UPUPW_AP5.5\vhosts\www.tp.com\Application\Home\Controller\IndexController.class.php 第 30 行.
SQL: SELECT COUNT(*) AS tp_count FROM `xs` WHERE ( bh=09030301 ) LIMIT 1   [ RunTime:0.0594s ]
SQL: SELECT `bj`,`xh`,`xm`,`xb` FROM `xs` INNER JOIN bj on bj.bh=xs.bh  WHERE ( bj.bh=09030301 ) LIMIT 0,10   [ RunTime:0.0201s ]
INFO: [ view_parse ] --START--
INFO: [ template_filter ] --START--
INFO: Run Behavior\ContentReplaceBehavior [ RunTime:0.000037s ]
INFO: [ template_filter ] --END-- [ RunTime:0.000096s ]
NOTIC: [8] Undefined index: xbmc E:\PHP\UPUPW_AP5.5-1510\UPUPW_AP5.5\vhosts\www.tp.com\Application\Runtime\Cache\Home\ea8abff76bfc41fd5ed5fb2f25601936.php 第 27 行.
NOTIC: [8] Undefined index: bh E:\PHP\UPUPW_AP5.5-1510\UPUPW_AP5.5\vhosts\www.tp.com\Application\Runtime\Cache\Home\ea8abff76bfc41fd5ed5fb2f25601936.php 第 27 行.
NOTIC: [8] Undefined index: nj E:\PHP\UPUPW_AP5.5-1510\UPUPW_AP5.5\vhosts\www.tp.com\Application\Runtime\Cache\Home\ea8abff76bfc41fd5ed5fb2f25601936.php 第 28 行.
NOTIC: [8] Undefined index: xz E:\PHP\UPUPW_AP5.5-1510\UPUPW_AP5.5\vhosts\www.tp.com\Application\Runtime\Cache\Home\ea8abff76bfc41fd5ed5fb2f25601936.php 第 28 行.
NOTIC: [8] Undefined index: xbmc E:\PHP\UPUPW_AP5.5-1510\UPUPW_AP5.5\vhosts\www.tp.com\Application\Runtime\Cache\Home\ea8abff76bfc41fd5ed5fb2f25601936.php 第 27 行.
NOTIC: [8] Undefined index: bh E:\PHP\UPUPW_AP5.5-1510\UPUPW_AP5.5\vhosts\www.tp.com\Application\Runtime\Cache\Home\ea8abff76bfc41fd5ed5fb2f25601936.php 第 27 行.
NOTIC: [8] Undefined index: nj E:\PHP\UPUPW_AP5.5-1510\UPUPW_AP5.5\vhosts\www.tp.com\Application\Runtime\Cache\Home\ea8abff76bfc41fd5ed5fb2f25601936.php 第 28 行.
NOTIC: [8] Undefined index: xz E:\PHP\UPUPW_AP5.5-1510\UPUPW_AP5.5\vhosts\www.tp.com\Application\Runtime\Cache\Home\ea8abff76bfc41fd5ed5fb2f25601936.php 第 28 行.
NOTIC: [8] Undefined index: xbmc E:\PHP\UPUPW_AP5.5-1510\UPUPW_AP5.5\vhosts\www.tp.com\Application\Runtime\Cache\Home\ea8abff76bfc41fd5ed5fb2f25601936.php 第 27 行.
NOTIC: [8] Undefined index: bh E:\PHP\UPUPW_AP5.5-1510\UPUPW_AP5.5\vhosts\www.tp.com\Application\Runtime\Cache\Home\ea8abff76bfc41fd5ed5fb2f25601936.php 第 27 行.
NOTIC: [8] Undefined index: nj E:\PHP\UPUPW_AP5.5-1510\UPUPW_AP5.5\vhosts\www.tp.com\Application\Runtime\Cache\Home\ea8abff76bfc41fd5ed5fb2f25601936.php 第 28 行.
NOTIC: [8] Undefined index: xz E:\PHP\UPUPW_AP5.5-1510\UPUPW_AP5.5\vhosts\www.tp.com\Application\Runtime\Cache\Home\ea8abff76bfc41fd5ed5fb2f25601936.php 第 28 行.
NOTIC: [8] Undefined index: xbmc E:\PHP\UPUPW_AP5.5-1510\UPUPW_AP5.5\vhosts\www.tp.com\Application\Runtime\Cache\Home\ea8abff76bfc41fd5ed5fb2f25601936.php 第 27 行.
NOTIC: [8] Undefined index: bh E:\PHP\UPUPW_AP5.5-1510\UPUPW_AP5.5\vhosts\www.tp.com\Application\Runtime\Cache\Home\ea8abff76bfc41fd5ed5fb2f25601936.php 第 27 行.
NOTIC: [8] Undefined index: nj E:\PHP\UPUPW_AP5.5-1510\UPUPW_AP5.5\vhosts\www.tp.com\Application\Runtime\Cache\Home\ea8abff76bfc41fd5ed5fb2f25601936.php 第 28 行.
NOTIC: [8] Undefined index: xz E:\PHP\UPUPW_AP5.5-1510\UPUPW_AP5.5\vhosts\www.tp.com\Application\Runtime\Cache\Home\ea8abff76bfc41fd5ed5fb2f25601936.php 第 28 行.
NOTIC: [8] Undefined index: xbmc E:\PHP\UPUPW_AP5.5-1510\UPUPW_AP5.5\vhosts\www.tp.com\Application\Runtime\Cache\Home\ea8abff76bfc41fd5ed5fb2f25601936.php 第 27 行.
NOTIC: [8] Undefined index: bh E:\PHP\UPUPW_AP5.5-1510\UPUPW_AP5.5\vhosts\www.tp.com\Application\Runtime\Cache\Home\ea8abff76bfc41fd5ed5fb2f25601936.php 第 27 行.
NOTIC: [8] Undefined index: nj E:\PHP\UPUPW_AP5.5-1510\UPUPW_AP5.5\vhosts\www.tp.com\Application\Runtime\Cache\Home\ea8abff76bfc41fd5ed5fb2f25601936.php 第 28 行.
NOTIC: [8] Undefined index: xz E:\PHP\UPUPW_AP5.5-1510\UPUPW_AP5.5\vhosts\www.tp.com\Application\Runtime\Cache\Home\ea8abff76bfc41fd5ed5fb2f25601936.php 第 28 行.
NOTIC: [8] Undefined index: xbmc E:\PHP\UPUPW_AP5.5-1510\UPUPW_AP5.5\vhosts\www.tp.com\Application\Runtime\Cache\Home\ea8abff76bfc41fd5ed5fb2f25601936.php 第 27 行.
NOTIC: [8] Undefined index: bh E:\PHP\UPUPW_AP5.5-1510\UPUPW_AP5.5\vhosts\www.tp.com\Application\Runtime\Cache\Home\ea8abff76bfc41fd5ed5fb2f25601936.php 第 27 行.
NOTIC: [8] Undefined index: nj E:\PHP\UPUPW_AP5.5-1510\UPUPW_AP5.5\vhosts\www.tp.com\Application\Runtime\Cache\Home\ea8abff76bfc41fd5ed5fb2f25601936.php 第 28 行.
NOTIC: [8] Undefined index: xz E:\PHP\UPUPW_AP5.5-1510\UPUPW_AP5.5\vhosts\www.tp.com\Application\Runtime\Cache\Home\ea8abff76bfc41fd5ed5fb2f25601936.php 第 28 行.
NOTIC: [8] Undefined index: xbmc E:\PHP\UPUPW_AP5.5-1510\UPUPW_AP5.5\vhosts\www.tp.com\Application\Runtime\Cache\Home\ea8abff76bfc41fd5ed5fb2f25601936.php 第 27 行.
NOTIC: [8] Undefined index: bh E:\PHP\UPUPW_AP5.5-1510\UPUPW_AP5.5\vhosts\www.tp.com\Application\Runtime\Cache\Home\ea8abff76bfc41fd5ed5fb2f25601936.php 第 27 行.
NOTIC: [8] Undefined index: nj E:\PHP\UPUPW_AP5.5-1510\UPUPW_AP5.5\vhosts\www.tp.com\Application\Runtime\Cache\Home\ea8abff76bfc41fd5ed5fb2f25601936.php 第 28 行.
NOTIC: [8] Undefined index: xz E:\PHP\UPUPW_AP5.5-1510\UPUPW_AP5.5\vhosts\www.tp.com\Application\Runtime\Cache\Home\ea8abff76bfc41fd5ed5fb2f25601936.php 第 28 行.
NOTIC: [8] Undefined index: xbmc E:\PHP\UPUPW_AP5.5-1510\UPUPW_AP5.5\vhosts\www.tp.com\Application\Runtime\Cache\Home\ea8abff76bfc41fd5ed5fb2f25601936.php 第 27 行.
NOTIC: [8] Undefined index: bh E:\PHP\UPUPW_AP5.5-1510\UPUPW_AP5.5\vhosts\www.tp.com\Application\Runtime\Cache\Home\ea8abff76bfc41fd5ed5fb2f25601936.php 第 27 行.
NOTIC: [8] Undefined index: nj E:\PHP\UPUPW_AP5.5-1510\UPUPW_AP5.5\vhosts\www.tp.com\Application\Runtime\Cache\Home\ea8abff76bfc41fd5ed5fb2f25601936.php 第 28 行.
NOTIC: [8] Undefined index: xz E:\PHP\UPUPW_AP5.5-1510\UPUPW_AP5.5\vhosts\www.tp.com\Application\Runtime\Cache\Home\ea8abff76bfc41fd5ed5fb2f25601936.php 第 28 行.
NOTIC: [8] Undefined index: xbmc E:\PHP\UPUPW_AP5.5-1510\UPUPW_AP5.5\vhosts\www.tp.com\Application\Runtime\Cache\Home\ea8abff76bfc41fd5ed5fb2f25601936.php 第 27 行.
NOTIC: [8] Undefined index: bh E:\PHP\UPUPW_AP5.5-1510\UPUPW_AP5.5\vhosts\www.tp.com\Application\Runtime\Cache\Home\ea8abff76bfc41fd5ed5fb2f25601936.php 第 27 行.
NOTIC: [8] Undefined index: nj E:\PHP\UPUPW_AP5.5-1510\UPUPW_AP5.5\vhosts\www.tp.com\Application\Runtime\Cache\Home\ea8abff76bfc41fd5ed5fb2f25601936.php 第 28 行.
NOTIC: [8] Undefined index: xz E:\PHP\UPUPW_AP5.5-1510\UPUPW_AP5.5\vhosts\www.tp.com\Application\Runtime\Cache\Home\ea8abff76bfc41fd5ed5fb2f25601936.php 第 28 行.
NOTIC: [8] Undefined index: xbmc E:\PHP\UPUPW_AP5.5-1510\UPUPW_AP5.5\vhosts\www.tp.com\Application\Runtime\Cache\Home\ea8abff76bfc41fd5ed5fb2f25601936.php 第 27 行.
NOTIC: [8] Undefined index: bh E:\PHP\UPUPW_AP5.5-1510\UPUPW_AP5.5\vhosts\www.tp.com\Application\Runtime\Cache\Home\ea8abff76bfc41fd5ed5fb2f25601936.php 第 27 行.
NOTIC: [8] Undefined index: nj E:\PHP\UPUPW_AP5.5-1510\UPUPW_AP5.5\vhosts\www.tp.com\Application\Runtime\Cache\Home\ea8abff76bfc41fd5ed5fb2f25601936.php 第 28 行.
NOTIC: [8] Undefined index: xz E:\PHP\UPUPW_AP5.5-1510\UPUPW_AP5.5\vhosts\www.tp.com\Application\Runtime\Cache\Home\ea8abff76bfc41fd5ed5fb2f25601936.php 第 28 行.
NOTIC: [8] Undefined index: xbdm E:\PHP\UPUPW_AP5.5-1510\UPUPW_AP5.5\vhosts\www.tp.com\Application\Runtime\Cache\Home\ea8abff76bfc41fd5ed5fb2f25601936.php 第 31 行.
INFO: Run Behavior\ParseTemplateBehavior [ RunTime:0.037521s ]
INFO: [ view_parse ] --END-- [ RunTime:0.037557s ]
INFO: [ view_filter ] --START--
INFO: Run Behavior\WriteHtmlCacheBehavior [ RunTime:0.002143s ]
INFO: [ view_filter ] --END-- [ RunTime:0.002174s ]
INFO: [ app_end ] --START--
INFO: Run Behavior\ShowPageTraceBehavior [ RunTime:0.003192s ]
INFO: [ app_end ] --END-- [ RunTime:0.003245s ]

[ 2019-09-19T12:53:07+08:00 ] 127.0.0.1 /home/index/xs/bh/09030301
INFO: [ app_init ] --START--
INFO: Run Behavior\BuildLiteBehavior [ RunTime:0.000008s ]
INFO: [ app_init ] --END-- [ RunTime:0.000403s ]
INFO: [ app_begin ] --START--
INFO: Run Behavior\ReadHtmlCacheBehavior [ RunTime:0.003146s ]
INFO: [ app_begin ] --END-- [ RunTime:0.003215s ]
SQL: SHOW COLUMNS FROM `xs` [ RunTime:0.0453s ]
NOTIC: [8] Undefined index: page E:\PHP\UPUPW_AP5.5-1510\UPUPW_AP5.5\vhosts\www.tp.com\Application\Home\Controller\IndexController.class.php 第 30 行.
SQL: SELECT COUNT(*) AS tp_count FROM `xs` WHERE ( bh=09030301 ) LIMIT 1   [ RunTime:0.0053s ]
SQL: SELECT `bj`,`xh`,`xm`,`xb` FROM `xs` INNER JOIN bj on bj.bh=xs.bh  WHERE ( bj.bh=09030301 ) LIMIT 0,10   [ RunTime:0.0091s ]
INFO: [ view_parse ] --START--
INFO: [ template_filter ] --START--
INFO: Run Behavior\ContentReplaceBehavior [ RunTime:0.000031s ]
INFO: [ template_filter ] --END-- [ RunTime:0.000064s ]
NOTIC: [8] Undefined variable: voxb E:\PHP\UPUPW_AP5.5-1510\UPUPW_AP5.5\vhosts\www.tp.com\Application\Runtime\Cache\Home\ea8abff76bfc41fd5ed5fb2f25601936.php 第 27 行.
NOTIC: [8] Undefined variable: voxb E:\PHP\UPUPW_AP5.5-1510\UPUPW_AP5.5\vhosts\www.tp.com\Application\Runtime\Cache\Home\ea8abff76bfc41fd5ed5fb2f25601936.php 第 27 行.
NOTIC: [8] Undefined variable: voxb E:\PHP\UPUPW_AP5.5-1510\UPUPW_AP5.5\vhosts\www.tp.com\Application\Runtime\Cache\Home\ea8abff76bfc41fd5ed5fb2f25601936.php 第 27 行.
NOTIC: [8] Undefined variable: voxb E:\PHP\UPUPW_AP5.5-1510\UPUPW_AP5.5\vhosts\www.tp.com\Application\Runtime\Cache\Home\ea8abff76bfc41fd5ed5fb2f25601936.php 第 27 行.
NOTIC: [8] Undefined variable: voxb E:\PHP\UPUPW_AP5.5-1510\UPUPW_AP5.5\vhosts\www.tp.com\Application\Runtime\Cache\Home\ea8abff76bfc41fd5ed5fb2f25601936.php 第 27 行.
NOTIC: [8] Undefined variable: voxb E:\PHP\UPUPW_AP5.5-1510\UPUPW_AP5.5\vhosts\www.tp.com\Application\Runtime\Cache\Home\ea8abff76bfc41fd5ed5fb2f25601936.php 第 27 行.
NOTIC: [8] Undefined variable: voxb E:\PHP\UPUPW_AP5.5-1510\UPUPW_AP5.5\vhosts\www.tp.com\Application\Runtime\Cache\Home\ea8abff76bfc41fd5ed5fb2f25601936.php 第 27 行.
NOTIC: [8] Undefined variable: voxb E:\PHP\UPUPW_AP5.5-1510\UPUPW_AP5.5\vhosts\www.tp.com\Application\Runtime\Cache\Home\ea8abff76bfc41fd5ed5fb2f25601936.php 第 27 行.
NOTIC: [8] Undefined variable: voxb E:\PHP\UPUPW_AP5.5-1510\UPUPW_AP5.5\vhosts\www.tp.com\Application\Runtime\Cache\Home\ea8abff76bfc41fd5ed5fb2f25601936.php 第 27 行.
NOTIC: [8] Undefined variable: voxb E:\PHP\UPUPW_AP5.5-1510\UPUPW_AP5.5\vhosts\www.tp.com\Application\Runtime\Cache\Home\ea8abff76bfc41fd5ed5fb2f25601936.php 第 27 行.
INFO: Run Behavior\ParseTemplateBehavior [ RunTime:0.026203s ]
INFO: [ view_parse ] --END-- [ RunTime:0.026241s ]
INFO: [ view_filter ] --START--
INFO: Run Behavior\WriteHtmlCacheBehavior [ RunTime:0.002238s ]
INFO: [ view_filter ] --END-- [ RunTime:0.002265s ]
INFO: [ app_end ] --START--
INFO: Run Behavior\ShowPageTraceBehavior [ RunTime:0.001974s ]
INFO: [ app_end ] --END-- [ RunTime:0.001999s ]

[ 2019-09-19T12:54:57+08:00 ] 127.0.0.1 /home/index/xs/bh/09030301
INFO: [ app_init ] --START--
INFO: Run Behavior\BuildLiteBehavior [ RunTime:0.000016s ]
INFO: [ app_init ] --END-- [ RunTime:0.001630s ]
INFO: [ app_begin ] --START--
INFO: Run Behavior\ReadHtmlCacheBehavior [ RunTime:0.001970s ]
INFO: [ app_begin ] --END-- [ RunTime:0.002008s ]
SQL: SHOW COLUMNS FROM `xs` [ RunTime:0.0115s ]
NOTIC: [8] Undefined index: page E:\PHP\UPUPW_AP5.5-1510\UPUPW_AP5.5\vhosts\www.tp.com\Application\Home\Controller\IndexController.class.php 第 30 行.
SQL: SELECT COUNT(*) AS tp_count FROM `xs` WHERE ( bh=09030301 ) LIMIT 1   [ RunTime:0.0064s ]
SQL: SELECT `bj`,`xh`,`xm`,`xb` FROM `xs` INNER JOIN bj on bj.bh=xs.bh  WHERE ( bj.bh=09030301 ) LIMIT 0,10   [ RunTime:0.0085s ]
INFO: [ view_parse ] --START--
INFO: [ template_filter ] --START--
INFO: Run Behavior\ContentReplaceBehavior [ RunTime:0.000030s ]
INFO: [ template_filter ] --END-- [ RunTime:0.000065s ]
INFO: Run Behavior\ParseTemplateBehavior [ RunTime:0.031897s ]
INFO: [ view_parse ] --END-- [ RunTime:0.031946s ]
INFO: [ view_filter ] --START--
INFO: Run Behavior\WriteHtmlCacheBehavior [ RunTime:0.002725s ]
INFO: [ view_filter ] --END-- [ RunTime:0.002768s ]
INFO: [ app_end ] --START--
INFO: Run Behavior\ShowPageTraceBehavior [ RunTime:0.003885s ]
INFO: [ app_end ] --END-- [ RunTime:0.003965s ]

[ 2019-09-19T12:55:02+08:00 ] 127.0.0.1 /home/index/xs/bh/09030301/page/3
INFO: [ app_init ] --START--
INFO: Run Behavior\BuildLiteBehavior [ RunTime:0.000032s ]
INFO: [ app_init ] --END-- [ RunTime:0.001083s ]
INFO: [ app_begin ] --START--
INFO: Run Behavior\ReadHtmlCacheBehavior [ RunTime:0.002035s ]
INFO: [ app_begin ] --END-- [ RunTime:0.002076s ]
SQL: SHOW COLUMNS FROM `xs` [ RunTime:0.0104s ]
SQL: SELECT COUNT(*) AS tp_count FROM `xs` WHERE ( bh=09030301 ) LIMIT 1   [ RunTime:0.0051s ]
SQL: SELECT `bj`,`xh`,`xm`,`xb` FROM `xs` INNER JOIN bj on bj.bh=xs.bh  WHERE ( bj.bh=09030301 ) LIMIT 20,10   [ RunTime:0.0092s ]
INFO: [ view_parse ] --START--
INFO: [ template_filter ] --START--
INFO: Run Behavior\ContentReplaceBehavior [ RunTime:0.000029s ]
INFO: [ template_filter ] --END-- [ RunTime:0.000066s ]
INFO: Run Behavior\ParseTemplateBehavior [ RunTime:0.033675s ]
INFO: [ view_parse ] --END-- [ RunTime:0.033730s ]
INFO: [ view_filter ] --START--
INFO: Run Behavior\WriteHtmlCacheBehavior [ RunTime:0.002804s ]
INFO: [ view_filter ] --END-- [ RunTime:0.002847s ]
INFO: [ app_end ] --START--
INFO: Run Behavior\ShowPageTraceBehavior [ RunTime:0.003348s ]
INFO: [ app_end ] --END-- [ RunTime:0.003394s ]

[ 2019-09-19T12:55:06+08:00 ] 127.0.0.1 /home/index/xs/bh/09030301/page/4
INFO: [ app_init ] --START--
INFO: Run Behavior\BuildLiteBehavior [ RunTime:0.000009s ]
INFO: [ app_init ] --END-- [ RunTime:0.000503s ]
INFO: [ app_begin ] --START--
INFO: Run Behavior\ReadHtmlCacheBehavior [ RunTime:0.004204s ]
INFO: [ app_begin ] --END-- [ RunTime:0.004282s ]
SQL: SHOW COLUMNS FROM `xs` [ RunTime:0.0138s ]
SQL: SELECT COUNT(*) AS tp_count FROM `xs` WHERE ( bh=09030301 ) LIMIT 1   [ RunTime:0.0043s ]
SQL: SELECT `bj`,`xh`,`xm`,`xb` FROM `xs` INNER JOIN bj on bj.bh=xs.bh  WHERE ( bj.bh=09030301 ) LIMIT 30,10   [ RunTime:0.0099s ]
INFO: [ view_parse ] --START--
INFO: [ template_filter ] --START--
INFO: Run Behavior\ContentReplaceBehavior [ RunTime:0.000060s ]
INFO: [ template_filter ] --END-- [ RunTime:0.000143s ]
INFO: Run Behavior\ParseTemplateBehavior [ RunTime:0.026214s ]
INFO: [ view_parse ] --END-- [ RunTime:0.026307s ]
INFO: [ view_filter ] --START--
INFO: Run Behavior\WriteHtmlCacheBehavior [ RunTime:0.002124s ]
INFO: [ view_filter ] --END-- [ RunTime:0.002161s ]
INFO: [ app_end ] --START--
INFO: Run Behavior\ShowPageTraceBehavior [ RunTime:0.001928s ]
INFO: [ app_end ] --END-- [ RunTime:0.001954s ]

[ 2019-09-19T12:55:08+08:00 ] 127.0.0.1 /home/index/xs/bh/09030301/page/5
INFO: [ app_init ] --START--
INFO: Run Behavior\BuildLiteBehavior [ RunTime:0.000020s ]
INFO: [ app_init ] --END-- [ RunTime:0.000723s ]
INFO: [ app_begin ] --START--
INFO: Run Behavior\ReadHtmlCacheBehavior [ RunTime:0.001988s ]
INFO: [ app_begin ] --END-- [ RunTime:0.002022s ]
SQL: SHOW COLUMNS FROM `xs` [ RunTime:0.3325s ]
SQL: SELECT COUNT(*) AS tp_count FROM `xs` WHERE ( bh=09030301 ) LIMIT 1   [ RunTime:0.0047s ]
SQL: SELECT `bj`,`xh`,`xm`,`xb` FROM `xs` INNER JOIN bj on bj.bh=xs.bh  WHERE ( bj.bh=09030301 ) LIMIT 40,10   [ RunTime:0.0806s ]
INFO: [ view_parse ] --START--
INFO: [ template_filter ] --START--
INFO: Run Behavior\ContentReplaceBehavior [ RunTime:0.000029s ]
INFO: [ template_filter ] --END-- [ RunTime:0.000061s ]
INFO: Run Behavior\ParseTemplateBehavior [ RunTime:0.027094s ]
INFO: [ view_parse ] --END-- [ RunTime:0.027162s ]
INFO: [ view_filter ] --START--
INFO: Run Behavior\WriteHtmlCacheBehavior [ RunTime:0.002529s ]
INFO: [ view_filter ] --END-- [ RunTime:0.002569s ]
INFO: [ app_end ] --START--
INFO: Run Behavior\ShowPageTraceBehavior [ RunTime:0.001951s ]
INFO: [ app_end ] --END-- [ RunTime:0.001976s ]

[ 2019-09-19T12:55:11+08:00 ] 127.0.0.1 /
INFO: [ app_init ] --START--
INFO: Run Behavior\BuildLiteBehavior [ RunTime:0.000009s ]
INFO: [ app_init ] --END-- [ RunTime:0.000399s ]
INFO: [ app_begin ] --START--
INFO: Run Behavior\ReadHtmlCacheBehavior [ RunTime:0.003495s ]
INFO: [ app_begin ] --END-- [ RunTime:0.003732s ]
NOTIC: [8] Undefined index: xbdm E:\PHP\UPUPW_AP5.5-1510\UPUPW_AP5.5\vhosts\www.tp.com\Application\Home\Controller\IndexController.class.php 第 7 行.
SQL: SHOW COLUMNS FROM `xbdm` [ RunTime:0.0138s ]
SQL: SELECT xbdm.xbdm,`xbmc`,count(bh) as bjs FROM `xbdm` INNER JOIN bj on xbdm.xbdm=bj.xbdm  GROUP BY xbdm.xbdm  [ RunTime:0.0010s ]
INFO: [ view_parse ] --START--
INFO: [ template_filter ] --START--
INFO: Run Behavior\ContentReplaceBehavior [ RunTime:0.000027s ]
INFO: [ template_filter ] --END-- [ RunTime:0.000061s ]
INFO: Run Behavior\ParseTemplateBehavior [ RunTime:0.013378s ]
INFO: [ view_parse ] --END-- [ RunTime:0.013422s ]
INFO: [ view_filter ] --START--
INFO: Run Behavior\WriteHtmlCacheBehavior [ RunTime:0.001950s ]
INFO: [ view_filter ] --END-- [ RunTime:0.001976s ]
INFO: [ app_end ] --START--
INFO: Run Behavior\ShowPageTraceBehavior [ RunTime:0.001933s ]
INFO: [ app_end ] --END-- [ RunTime:0.001957s ]

[ 2019-09-19T12:55:13+08:00 ] 127.0.0.1 /home/index/bj/xbdm/01
INFO: [ app_init ] --START--
INFO: Run Behavior\BuildLiteBehavior [ RunTime:0.000016s ]
INFO: [ app_init ] --END-- [ RunTime:0.000782s ]
INFO: [ app_begin ] --START--
INFO: Run Behavior\ReadHtmlCacheBehavior [ RunTime:0.003312s ]
INFO: [ app_begin ] --END-- [ RunTime:0.003376s ]
SQL: SHOW COLUMNS FROM `bj` [ RunTime:0.0165s ]
NOTIC: [8] Undefined index: page E:\PHP\UPUPW_AP5.5-1510\UPUPW_AP5.5\vhosts\www.tp.com\Application\Home\Controller\IndexController.class.php 第 15 行.
SQL: SELECT COUNT(*) AS tp_count FROM `bj` WHERE ( xbdm=01 ) LIMIT 1   [ RunTime:0.0004s ]
SQL: SELECT `xbmc`,`bh`,`bj`,`nj`,`xz` FROM `bj` INNER JOIN xbdm on bj.xbdm=xbdm.xbdm  WHERE ( bj.xbdm=01 ) LIMIT 0,10   [ RunTime:0.0003s ]
INFO: [ view_parse ] --START--
INFO: [ template_filter ] --START--
INFO: Run Behavior\ContentReplaceBehavior [ RunTime:0.000030s ]
INFO: [ template_filter ] --END-- [ RunTime:0.000063s ]
INFO: Run Behavior\ParseTemplateBehavior [ RunTime:0.032031s ]
INFO: [ view_parse ] --END-- [ RunTime:0.032088s ]
INFO: [ view_filter ] --START--
INFO: Run Behavior\WriteHtmlCacheBehavior [ RunTime:0.002883s ]
INFO: [ view_filter ] --END-- [ RunTime:0.002970s ]
INFO: [ app_end ] --START--
INFO: Run Behavior\ShowPageTraceBehavior [ RunTime:0.002983s ]
INFO: [ app_end ] --END-- [ RunTime:0.003078s ]

[ 2019-09-19T12:55:17+08:00 ] 127.0.0.1 /home/index/xs/bh/08011213
INFO: [ app_init ] --START--
INFO: Run Behavior\BuildLiteBehavior [ RunTime:0.000008s ]
INFO: [ app_init ] --END-- [ RunTime:0.000418s ]
INFO: [ app_begin ] --START--
INFO: Run Behavior\ReadHtmlCacheBehavior [ RunTime:0.003978s ]
INFO: [ app_begin ] --END-- [ RunTime:0.004024s ]
SQL: SHOW COLUMNS FROM `xs` [ RunTime:0.0141s ]
NOTIC: [8] Undefined index: page E:\PHP\UPUPW_AP5.5-1510\UPUPW_AP5.5\vhosts\www.tp.com\Application\Home\Controller\IndexController.class.php 第 30 行.
SQL: SELECT COUNT(*) AS tp_count FROM `xs` WHERE ( bh=08011213 ) LIMIT 1   [ RunTime:0.0043s ]
SQL: SELECT `bj`,`xh`,`xm`,`xb` FROM `xs` INNER JOIN bj on bj.bh=xs.bh  WHERE ( bj.bh=08011213 ) LIMIT 0,10   [ RunTime:0.0041s ]
INFO: [ view_parse ] --START--
INFO: [ template_filter ] --START--
INFO: Run Behavior\ContentReplaceBehavior [ RunTime:0.000029s ]
INFO: [ template_filter ] --END-- [ RunTime:0.000062s ]
INFO: Run Behavior\ParseTemplateBehavior [ RunTime:0.025648s ]
INFO: [ view_parse ] --END-- [ RunTime:0.025704s ]
INFO: [ view_filter ] --START--
INFO: Run Behavior\WriteHtmlCacheBehavior [ RunTime:0.002004s ]
INFO: [ view_filter ] --END-- [ RunTime:0.002032s ]
INFO: [ app_end ] --START--
INFO: Run Behavior\ShowPageTraceBehavior [ RunTime:0.003484s ]
INFO: [ app_end ] --END-- [ RunTime:0.003527s ]

[ 2019-09-19T12:55:51+08:00 ] 127.0.0.1 /home/index/bj/xbdm/01
INFO: [ app_init ] --START--
INFO: Run Behavior\BuildLiteBehavior [ RunTime:0.000009s ]
INFO: [ app_init ] --END-- [ RunTime:0.000401s ]
INFO: [ app_begin ] --START--
INFO: Run Behavior\ReadHtmlCacheBehavior [ RunTime:0.003006s ]
INFO: [ app_begin ] --END-- [ RunTime:0.003062s ]
SQL: SHOW COLUMNS FROM `bj` [ RunTime:0.0130s ]
NOTIC: [8] Undefined index: page E:\PHP\UPUPW_AP5.5-1510\UPUPW_AP5.5\vhosts\www.tp.com\Application\Home\Controller\IndexController.class.php 第 15 行.
SQL: SELECT COUNT(*) AS tp_count FROM `bj` WHERE ( xbdm=01 ) LIMIT 1   [ RunTime:0.0004s ]
SQL: SELECT `xbmc`,`bh`,`bj`,`nj`,`xz` FROM `bj` INNER JOIN xbdm on bj.xbdm=xbdm.xbdm  WHERE ( bj.xbdm=01 ) LIMIT 0,10   [ RunTime:0.0003s ]
INFO: [ view_parse ] --START--
INFO: [ template_filter ] --START--
INFO: Run Behavior\ContentReplaceBehavior [ RunTime:0.000030s ]
INFO: [ template_filter ] --END-- [ RunTime:0.000065s ]
INFO: Run Behavior\ParseTemplateBehavior [ RunTime:0.029426s ]
INFO: [ view_parse ] --END-- [ RunTime:0.029472s ]
INFO: [ view_filter ] --START--
INFO: Run Behavior\WriteHtmlCacheBehavior [ RunTime:0.001980s ]
INFO: [ view_filter ] --END-- [ RunTime:0.002008s ]
INFO: [ app_end ] --START--
INFO: Run Behavior\ShowPageTraceBehavior [ RunTime:0.002314s ]
INFO: [ app_end ] --END-- [ RunTime:0.002344s ]

[ 2019-09-19T12:55:53+08:00 ] 127.0.0.1 /
INFO: [ app_init ] --START--
INFO: Run Behavior\BuildLiteBehavior [ RunTime:0.000091s ]
INFO: [ app_init ] --END-- [ RunTime:0.001248s ]
INFO: [ app_begin ] --START--
INFO: Run Behavior\ReadHtmlCacheBehavior [ RunTime:0.002080s ]
INFO: [ app_begin ] --END-- [ RunTime:0.002124s ]
NOTIC: [8] Undefined index: xbdm E:\PHP\UPUPW_AP5.5-1510\UPUPW_AP5.5\vhosts\www.tp.com\Application\Home\Controller\IndexController.class.php 第 7 行.
SQL: SHOW COLUMNS FROM `xbdm` [ RunTime:0.0142s ]
SQL: SELECT xbdm.xbdm,`xbmc`,count(bh) as bjs FROM `xbdm` INNER JOIN bj on xbdm.xbdm=bj.xbdm  GROUP BY xbdm.xbdm  [ RunTime:0.0009s ]
INFO: [ view_parse ] --START--
INFO: [ template_filter ] --START--
INFO: Run Behavior\ContentReplaceBehavior [ RunTime:0.000035s ]
INFO: [ template_filter ] --END-- [ RunTime:0.000123s ]
INFO: Run Behavior\ParseTemplateBehavior [ RunTime:0.017278s ]
INFO: [ view_parse ] --END-- [ RunTime:0.017329s ]
INFO: [ view_filter ] --START--
INFO: Run Behavior\WriteHtmlCacheBehavior [ RunTime:0.002160s ]
INFO: [ view_filter ] --END-- [ RunTime:0.002203s ]
INFO: [ app_end ] --START--
INFO: Run Behavior\ShowPageTraceBehavior [ RunTime:0.001927s ]
INFO: [ app_end ] --END-- [ RunTime:0.001952s ]

[ 2019-09-19T12:55:55+08:00 ] 127.0.0.1 /home/index/bj/xbdm/04
INFO: [ app_init ] --START--
INFO: Run Behavior\BuildLiteBehavior [ RunTime:0.000019s ]
INFO: [ app_init ] --END-- [ RunTime:0.000861s ]
INFO: [ app_begin ] --START--
INFO: Run Behavior\ReadHtmlCacheBehavior [ RunTime:0.005562s ]
INFO: [ app_begin ] --END-- [ RunTime:0.005621s ]
SQL: SHOW COLUMNS FROM `bj` [ RunTime:0.0138s ]
NOTIC: [8] Undefined index: page E:\PHP\UPUPW_AP5.5-1510\UPUPW_AP5.5\vhosts\www.tp.com\Application\Home\Controller\IndexController.class.php 第 15 行.
SQL: SELECT COUNT(*) AS tp_count FROM `bj` WHERE ( xbdm=04 ) LIMIT 1   [ RunTime:0.0004s ]
SQL: SELECT `xbmc`,`bh`,`bj`,`nj`,`xz` FROM `bj` INNER JOIN xbdm on bj.xbdm=xbdm.xbdm  WHERE ( bj.xbdm=04 ) LIMIT 0,10   [ RunTime:0.0003s ]
INFO: [ view_parse ] --START--
INFO: [ template_filter ] --START--
INFO: Run Behavior\ContentReplaceBehavior [ RunTime:0.000029s ]
INFO: [ template_filter ] --END-- [ RunTime:0.000062s ]
INFO: Run Behavior\ParseTemplateBehavior [ RunTime:0.030342s ]
INFO: [ view_parse ] --END-- [ RunTime:0.030390s ]
INFO: [ view_filter ] --START--
INFO: Run Behavior\WriteHtmlCacheBehavior [ RunTime:0.002039s ]
INFO: [ view_filter ] --END-- [ RunTime:0.002066s ]
INFO: [ app_end ] --START--
INFO: Run Behavior\ShowPageTraceBehavior [ RunTime:0.002909s ]
INFO: [ app_end ] --END-- [ RunTime:0.002954s ]

[ 2019-09-19T12:56:00+08:00 ] 127.0.0.1 /home/index/bj/xbdm/05
INFO: [ app_init ] --START--
INFO: Run Behavior\BuildLiteBehavior [ RunTime:0.000022s ]
INFO: [ app_init ] --END-- [ RunTime:0.001798s ]
INFO: [ app_begin ] --START--
INFO: Run Behavior\ReadHtmlCacheBehavior [ RunTime:0.012084s ]
INFO: [ app_begin ] --END-- [ RunTime:0.012267s ]
SQL: SHOW COLUMNS FROM `bj` [ RunTime:0.1741s ]
NOTIC: [8] Undefined index: page E:\PHP\UPUPW_AP5.5-1510\UPUPW_AP5.5\vhosts\www.tp.com\Application\Home\Controller\IndexController.class.php 第 15 行.
SQL: SELECT COUNT(*) AS tp_count FROM `bj` WHERE ( xbdm=05 ) LIMIT 1   [ RunTime:0.0004s ]
SQL: SELECT `xbmc`,`bh`,`bj`,`nj`,`xz` FROM `bj` INNER JOIN xbdm on bj.xbdm=xbdm.xbdm  WHERE ( bj.xbdm=05 ) LIMIT 0,10   [ RunTime:0.0003s ]
INFO: [ view_parse ] --START--
INFO: [ template_filter ] --START--
INFO: Run Behavior\ContentReplaceBehavior [ RunTime:0.000032s ]
INFO: [ template_filter ] --END-- [ RunTime:0.000066s ]
INFO: Run Behavior\ParseTemplateBehavior [ RunTime:0.032651s ]
INFO: [ view_parse ] --END-- [ RunTime:0.032699s ]
INFO: [ view_filter ] --START--
INFO: Run Behavior\WriteHtmlCacheBehavior [ RunTime:0.002123s ]
INFO: [ view_filter ] --END-- [ RunTime:0.002254s ]
INFO: [ app_end ] --START--
INFO: Run Behavior\ShowPageTraceBehavior [ RunTime:0.002572s ]
INFO: [ app_end ] --END-- [ RunTime:0.002623s ]

[ 2019-09-19T12:56:04+08:00 ] 127.0.0.1 /home/index/bj/xbdm/05/page/4
INFO: [ app_init ] --START--
INFO: Run Behavior\BuildLiteBehavior [ RunTime:0.000010s ]
INFO: [ app_init ] --END-- [ RunTime:0.000487s ]
INFO: [ app_begin ] --START--
INFO: Run Behavior\ReadHtmlCacheBehavior [ RunTime:0.001933s ]
INFO: [ app_begin ] --END-- [ RunTime:0.001964s ]
SQL: SHOW COLUMNS FROM `bj` [ RunTime:0.0138s ]
SQL: SELECT COUNT(*) AS tp_count FROM `bj` WHERE ( xbdm=05 ) LIMIT 1   [ RunTime:0.0004s ]
SQL: SELECT `xbmc`,`bh`,`bj`,`nj`,`xz` FROM `bj` INNER JOIN xbdm on bj.xbdm=xbdm.xbdm  WHERE ( bj.xbdm=05 ) LIMIT 30,10   [ RunTime:0.0003s ]
INFO: [ view_parse ] --START--
INFO: [ template_filter ] --START--
INFO: Run Behavior\ContentReplaceBehavior [ RunTime:0.000032s ]
INFO: [ template_filter ] --END-- [ RunTime:0.000076s ]
INFO: Run Behavior\ParseTemplateBehavior [ RunTime:0.027633s ]
INFO: [ view_parse ] --END-- [ RunTime:0.027694s ]
INFO: [ view_filter ] --START--
INFO: Run Behavior\WriteHtmlCacheBehavior [ RunTime:0.003590s ]
INFO: [ view_filter ] --END-- [ RunTime:0.003636s ]
INFO: [ app_end ] --START--
INFO: Run Behavior\ShowPageTraceBehavior [ RunTime:0.002004s ]
INFO: [ app_end ] --END-- [ RunTime:0.002033s ]

[ 2019-09-19T12:56:22+08:00 ] 127.0.0.1 /home/index/bj/xbdm/05/page/4
INFO: [ app_init ] --START--
INFO: Run Behavior\BuildLiteBehavior [ RunTime:0.000029s ]
INFO: [ app_init ] --END-- [ RunTime:0.000806s ]
INFO: [ app_begin ] --START--
INFO: Run Behavior\ReadHtmlCacheBehavior [ RunTime:0.002005s ]
INFO: [ app_begin ] --END-- [ RunTime:0.002046s ]
SQL: SHOW COLUMNS FROM `bj` [ RunTime:0.1187s ]
SQL: SELECT COUNT(*) AS tp_count FROM `bj` WHERE ( xbdm=05 ) LIMIT 1   [ RunTime:0.0004s ]
SQL: SELECT `xbmc`,`bh`,`bj`,`nj`,`xz` FROM `bj` INNER JOIN xbdm on bj.xbdm=xbdm.xbdm  WHERE ( bj.xbdm=05 ) LIMIT 30,10   [ RunTime:0.0004s ]
INFO: [ view_parse ] --START--
INFO: [ template_filter ] --START--
INFO: Run Behavior\ContentReplaceBehavior [ RunTime:0.000031s ]
INFO: [ template_filter ] --END-- [ RunTime:0.000067s ]
INFO: Run Behavior\ParseTemplateBehavior [ RunTime:0.028937s ]
INFO: [ view_parse ] --END-- [ RunTime:0.028985s ]
INFO: [ view_filter ] --START--
INFO: Run Behavior\WriteHtmlCacheBehavior [ RunTime:0.001999s ]
INFO: [ view_filter ] --END-- [ RunTime:0.002027s ]
INFO: [ app_end ] --START--
INFO: Run Behavior\ShowPageTraceBehavior [ RunTime:0.001965s ]
INFO: [ app_end ] --END-- [ RunTime:0.001990s ]

[ 2019-09-19T12:56:36+08:00 ] 127.0.0.1 /home/index/bj/xbdm/05/page/5
INFO: [ app_init ] --START--
INFO: Run Behavior\BuildLiteBehavior [ RunTime:0.000016s ]
INFO: [ app_init ] --END-- [ RunTime:0.000632s ]
INFO: [ app_begin ] --START--
INFO: Run Behavior\ReadHtmlCacheBehavior [ RunTime:0.002818s ]
INFO: [ app_begin ] --END-- [ RunTime:0.002869s ]
SQL: SHOW COLUMNS FROM `bj` [ RunTime:0.1572s ]
SQL: SELECT COUNT(*) AS tp_count FROM `bj` WHERE ( xbdm=05 ) LIMIT 1   [ RunTime:0.0004s ]
SQL: SELECT `xbmc`,`bh`,`bj`,`nj`,`xz` FROM `bj` INNER JOIN xbdm on bj.xbdm=xbdm.xbdm  WHERE ( bj.xbdm=05 ) LIMIT 40,10   [ RunTime:0.0004s ]
INFO: [ view_parse ] --START--
INFO: [ template_filter ] --START--
INFO: Run Behavior\ContentReplaceBehavior [ RunTime:0.000029s ]
INFO: [ template_filter ] --END-- [ RunTime:0.000065s ]
INFO: Run Behavior\ParseTemplateBehavior [ RunTime:0.025590s ]
INFO: [ view_parse ] --END-- [ RunTime:0.025645s ]
INFO: [ view_filter ] --START--
INFO: Run Behavior\WriteHtmlCacheBehavior [ RunTime:0.002059s ]
INFO: [ view_filter ] --END-- [ RunTime:0.002087s ]
INFO: [ app_end ] --START--
INFO: Run Behavior\ShowPageTraceBehavior [ RunTime:0.001997s ]
INFO: [ app_end ] --END-- [ RunTime:0.002023s ]

[ 2019-09-19T12:56:39+08:00 ] 127.0.0.1 /home/index/bj/xbdm/05/page/1
INFO: [ app_init ] --START--
INFO: Run Behavior\BuildLiteBehavior [ RunTime:0.000008s ]
INFO: [ app_init ] --END-- [ RunTime:0.000394s ]
INFO: [ app_begin ] --START--
INFO: Run Behavior\ReadHtmlCacheBehavior [ RunTime:0.001975s ]
INFO: [ app_begin ] --END-- [ RunTime:0.002012s ]
SQL: SHOW COLUMNS FROM `bj` [ RunTime:0.0115s ]
SQL: SELECT COUNT(*) AS tp_count FROM `bj` WHERE ( xbdm=05 ) LIMIT 1   [ RunTime:0.0004s ]
SQL: SELECT `xbmc`,`bh`,`bj`,`nj`,`xz` FROM `bj` INNER JOIN xbdm on bj.xbdm=xbdm.xbdm  WHERE ( bj.xbdm=05 ) LIMIT 0,10   [ RunTime:0.0003s ]
INFO: [ view_parse ] --START--
INFO: [ template_filter ] --START--
INFO: Run Behavior\ContentReplaceBehavior [ RunTime:0.000030s ]
INFO: [ template_filter ] --END-- [ RunTime:0.000065s ]
INFO: Run Behavior\ParseTemplateBehavior [ RunTime:0.029416s ]
INFO: [ view_parse ] --END-- [ RunTime:0.029477s ]
INFO: [ view_filter ] --START--
INFO: Run Behavior\WriteHtmlCacheBehavior [ RunTime:0.002016s ]
INFO: [ view_filter ] --END-- [ RunTime:0.002046s ]
INFO: [ app_end ] --START--
INFO: Run Behavior\ShowPageTraceBehavior [ RunTime:0.001978s ]
INFO: [ app_end ] --END-- [ RunTime:0.002004s ]

[ 2019-09-19T12:56:41+08:00 ] 127.0.0.1 /home/index/xs/bh/09050201
INFO: [ app_init ] --START--
INFO: Run Behavior\BuildLiteBehavior [ RunTime:0.000014s ]
INFO: [ app_init ] --END-- [ RunTime:0.000744s ]
INFO: [ app_begin ] --START--
INFO: Run Behavior\ReadHtmlCacheBehavior [ RunTime:0.002191s ]
INFO: [ app_begin ] --END-- [ RunTime:0.002251s ]
SQL: SHOW COLUMNS FROM `xs` [ RunTime:0.2974s ]
NOTIC: [8] Undefined index: page E:\PHP\UPUPW_AP5.5-1510\UPUPW_AP5.5\vhosts\www.tp.com\Application\Home\Controller\IndexController.class.php 第 30 行.
SQL: SELECT COUNT(*) AS tp_count FROM `xs` WHERE ( bh=09050201 ) LIMIT 1   [ RunTime:0.0065s ]
SQL: SELECT `bj`,`xh`,`xm`,`xb` FROM `xs` INNER JOIN bj on bj.bh=xs.bh  WHERE ( bj.bh=09050201 ) LIMIT 0,10   [ RunTime:0.0156s ]
INFO: [ view_parse ] --START--
INFO: [ template_filter ] --START--
INFO: Run Behavior\ContentReplaceBehavior [ RunTime:0.000043s ]
INFO: [ template_filter ] --END-- [ RunTime:0.000096s ]
INFO: Run Behavior\ParseTemplateBehavior [ RunTime:0.026094s ]
INFO: [ view_parse ] --END-- [ RunTime:0.026174s ]
INFO: [ view_filter ] --START--
INFO: Run Behavior\WriteHtmlCacheBehavior [ RunTime:0.002176s ]
INFO: [ view_filter ] --END-- [ RunTime:0.002206s ]
INFO: [ app_end ] --START--
INFO: Run Behavior\ShowPageTraceBehavior [ RunTime:0.002000s ]
INFO: [ app_end ] --END-- [ RunTime:0.002026s ]

[ 2019-09-19T12:56:45+08:00 ] 127.0.0.1 /home/index/xs/bh/09050201/page/4
INFO: [ app_init ] --START--
INFO: Run Behavior\BuildLiteBehavior [ RunTime:0.000019s ]
INFO: [ app_init ] --END-- [ RunTime:0.000721s ]
INFO: [ app_begin ] --START--
INFO: Run Behavior\ReadHtmlCacheBehavior [ RunTime:0.001960s ]
INFO: [ app_begin ] --END-- [ RunTime:0.001993s ]
SQL: SHOW COLUMNS FROM `xs` [ RunTime:0.0123s ]
SQL: SELECT COUNT(*) AS tp_count FROM `xs` WHERE ( bh=09050201 ) LIMIT 1   [ RunTime:0.0075s ]
SQL: SELECT `bj`,`xh`,`xm`,`xb` FROM `xs` INNER JOIN bj on bj.bh=xs.bh  WHERE ( bj.bh=09050201 ) LIMIT 30,10   [ RunTime:0.0835s ]
INFO: [ view_parse ] --START--
INFO: [ template_filter ] --START--
INFO: Run Behavior\ContentReplaceBehavior [ RunTime:0.000058s ]
INFO: [ template_filter ] --END-- [ RunTime:0.000208s ]
INFO: Run Behavior\ParseTemplateBehavior [ RunTime:0.025224s ]
INFO: [ view_parse ] --END-- [ RunTime:0.025275s ]
INFO: [ view_filter ] --START--
INFO: Run Behavior\WriteHtmlCacheBehavior [ RunTime:0.003105s ]
INFO: [ view_filter ] --END-- [ RunTime:0.003158s ]
INFO: [ app_end ] --START--
INFO: Run Behavior\ShowPageTraceBehavior [ RunTime:0.001978s ]
INFO: [ app_end ] --END-- [ RunTime:0.002014s ]

[ 2019-09-19T13:07:45+08:00 ] 127.0.0.1 /
INFO: [ app_init ] --START--
INFO: Run Behavior\BuildLiteBehavior [ RunTime:0.000010s ]
INFO: [ app_init ] --END-- [ RunTime:0.000421s ]
INFO: [ app_begin ] --START--
INFO: Run Behavior\ReadHtmlCacheBehavior [ RunTime:0.004210s ]
INFO: [ app_begin ] --END-- [ RunTime:0.004296s ]
NOTIC: [8] Undefined index: xbdm E:\PHP\UPUPW_AP5.5-1510\UPUPW_AP5.5\vhosts\www.tp.com\Application\Home\Controller\IndexController.class.php 第 7 行.
SQL: SHOW COLUMNS FROM `xbdm` [ RunTime:0.0190s ]
SQL: SELECT xbdm.xbdm,`xbmc`,count(bh) as bjs FROM `xbdm` INNER JOIN bj on xbdm.xbdm=bj.xbdm  GROUP BY xbdm.xbdm  [ RunTime:0.0011s ]
INFO: [ view_parse ] --START--
INFO: [ template_filter ] --START--
INFO: Run Behavior\ContentReplaceBehavior [ RunTime:0.000219s ]
INFO: [ template_filter ] --END-- [ RunTime:0.000440s ]
INFO: Run Behavior\ParseTemplateBehavior [ RunTime:0.016414s ]
INFO: [ view_parse ] --END-- [ RunTime:0.016502s ]
INFO: [ view_filter ] --START--
INFO: Run Behavior\WriteHtmlCacheBehavior [ RunTime:0.002558s ]
INFO: [ view_filter ] --END-- [ RunTime:0.002602s ]
INFO: [ app_end ] --START--
INFO: Run Behavior\ShowPageTraceBehavior [ RunTime:0.002048s ]
INFO: [ app_end ] --END-- [ RunTime:0.002078s ]

[ 2019-09-19T13:07:46+08:00 ] 127.0.0.1 /home/index/bj/xbdm/03
INFO: [ app_init ] --START--
INFO: Run Behavior\BuildLiteBehavior [ RunTime:0.000016s ]
INFO: [ app_init ] --END-- [ RunTime:0.000692s ]
INFO: [ app_begin ] --START--
INFO: Run Behavior\ReadHtmlCacheBehavior [ RunTime:0.003765s ]
INFO: [ app_begin ] --END-- [ RunTime:0.003823s ]
SQL: SHOW COLUMNS FROM `bj` [ RunTime:0.0260s ]
NOTIC: [8] Undefined index: page E:\PHP\UPUPW_AP5.5-1510\UPUPW_AP5.5\vhosts\www.tp.com\Application\Home\Controller\IndexController.class.php 第 15 行.
SQL: SELECT COUNT(*) AS tp_count FROM `bj` WHERE ( xbdm=03 ) LIMIT 1   [ RunTime:0.0004s ]
SQL: SELECT `xbmc`,`bh`,`bj`,`nj`,`xz` FROM `bj` INNER JOIN xbdm on bj.xbdm=xbdm.xbdm  WHERE ( bj.xbdm=03 ) LIMIT 0,10   [ RunTime:0.0004s ]
INFO: [ view_parse ] --START--
INFO: [ template_filter ] --START--
INFO: Run Behavior\ContentReplaceBehavior [ RunTime:0.000032s ]
INFO: [ template_filter ] --END-- [ RunTime:0.000070s ]
INFO: Run Behavior\ParseTemplateBehavior [ RunTime:0.107049s ]
INFO: [ view_parse ] --END-- [ RunTime:0.107115s ]
INFO: [ view_filter ] --START--
INFO: Run Behavior\WriteHtmlCacheBehavior [ RunTime:0.002673s ]
INFO: [ view_filter ] --END-- [ RunTime:0.002708s ]
INFO: [ app_end ] --START--
INFO: Run Behavior\ShowPageTraceBehavior [ RunTime:0.002400s ]
INFO: [ app_end ] --END-- [ RunTime:0.002431s ]

[ 2019-09-19T13:07:49+08:00 ] 127.0.0.1 /home/index/xs/bh/09030302
INFO: [ app_init ] --START--
INFO: Run Behavior\BuildLiteBehavior [ RunTime:0.000018s ]
INFO: [ app_init ] --END-- [ RunTime:0.000834s ]
INFO: [ app_begin ] --START--
INFO: Run Behavior\ReadHtmlCacheBehavior [ RunTime:0.001971s ]
INFO: [ app_begin ] --END-- [ RunTime:0.002008s ]
SQL: SHOW COLUMNS FROM `xs` [ RunTime:0.0798s ]
NOTIC: [8] Undefined index: page E:\PHP\UPUPW_AP5.5-1510\UPUPW_AP5.5\vhosts\www.tp.com\Application\Home\Controller\IndexController.class.php 第 30 行.
SQL: SELECT COUNT(*) AS tp_count FROM `xs` WHERE ( bh=09030302 ) LIMIT 1   [ RunTime:0.0068s ]
SQL: SELECT `bj`,`xh`,`xm`,`xb` FROM `xs` INNER JOIN bj on bj.bh=xs.bh  WHERE ( bj.bh=09030302 ) LIMIT 0,10   [ RunTime:0.0143s ]
INFO: [ view_parse ] --START--
INFO: [ template_filter ] --START--
INFO: Run Behavior\ContentReplaceBehavior [ RunTime:0.000041s ]
INFO: [ template_filter ] --END-- [ RunTime:0.000108s ]
INFO: Run Behavior\ParseTemplateBehavior [ RunTime:0.028078s ]
INFO: [ view_parse ] --END-- [ RunTime:0.028141s ]
INFO: [ view_filter ] --START--
INFO: Run Behavior\WriteHtmlCacheBehavior [ RunTime:0.001991s ]
INFO: [ view_filter ] --END-- [ RunTime:0.002018s ]
INFO: [ app_end ] --START--
INFO: Run Behavior\ShowPageTraceBehavior [ RunTime:0.001955s ]
INFO: [ app_end ] --END-- [ RunTime:0.001980s ]

[ 2019-09-19T13:09:37+08:00 ] 127.0.0.1 /home/index/xs/bh/09030302
INFO: [ app_init ] --START--
INFO: Run Behavior\BuildLiteBehavior [ RunTime:0.000009s ]
INFO: [ app_init ] --END-- [ RunTime:0.000422s ]
INFO: [ app_begin ] --START--
INFO: Run Behavior\ReadHtmlCacheBehavior [ RunTime:0.001975s ]
INFO: [ app_begin ] --END-- [ RunTime:0.002007s ]
SQL: SHOW COLUMNS FROM `xs` [ RunTime:0.0105s ]
NOTIC: [8] Undefined index: page E:\PHP\UPUPW_AP5.5-1510\UPUPW_AP5.5\vhosts\www.tp.com\Application\Home\Controller\IndexController.class.php 第 30 行.
SQL: SELECT COUNT(*) AS tp_count FROM `xs` WHERE ( bh=09030302 ) LIMIT 1   [ RunTime:0.0067s ]
SQL: SELECT `bj`,`xh`,`xm`,`xb` FROM `xs` INNER JOIN bj on bj.bh=xs.bh  WHERE ( bj.bh=09030302 ) LIMIT 0,10   [ RunTime:0.0090s ]
INFO: [ view_parse ] --START--
INFO: [ template_filter ] --START--
INFO: Run Behavior\ContentReplaceBehavior [ RunTime:0.000030s ]
INFO: [ template_filter ] --END-- [ RunTime:0.000065s ]
INFO: Run Behavior\ParseTemplateBehavior [ RunTime:0.028036s ]
INFO: [ view_parse ] --END-- [ RunTime:0.028082s ]
INFO: [ view_filter ] --START--
INFO: Run Behavior\WriteHtmlCacheBehavior [ RunTime:0.002021s ]
INFO: [ view_filter ] --END-- [ RunTime:0.002049s ]
INFO: [ app_end ] --START--
INFO: Run Behavior\ShowPageTraceBehavior [ RunTime:0.001982s ]
INFO: [ app_end ] --END-- [ RunTime:0.002007s ]

[ 2019-09-19T13:09:39+08:00 ] 127.0.0.1 /home/index/xsdetail/xh/0903030202
INFO: [ app_init ] --START--
INFO: Run Behavior\BuildLiteBehavior [ RunTime:0.000009s ]
INFO: [ app_init ] --END-- [ RunTime:0.000415s ]
INFO: [ app_begin ] --START--
INFO: Run Behavior\ReadHtmlCacheBehavior [ RunTime:0.003282s ]
INFO: [ app_begin ] --END-- [ RunTime:0.003329s ]
SQL: SHOW COLUMNS FROM `xs` [ RunTime:0.0124s ]
SQL: SELECT `bj`,`xh`,`xm`,`xb`,`mz`,`csrq` FROM `xs` INNER JOIN bj on bj.bh=xs.bh  WHERE ( xh=0903030202 )  [ RunTime:0.0061s ]
INFO: [ view_parse ] --START--
INFO: [ template_filter ] --START--
INFO: Run Behavior\ContentReplaceBehavior [ RunTime:0.000031s ]
INFO: [ template_filter ] --END-- [ RunTime:0.000068s ]
INFO: Run Behavior\ParseTemplateBehavior [ RunTime:0.018355s ]
INFO: [ view_parse ] --END-- [ RunTime:0.018400s ]
INFO: [ view_filter ] --START--
INFO: Run Behavior\WriteHtmlCacheBehavior [ RunTime:0.001953s ]
INFO: [ view_filter ] --END-- [ RunTime:0.001979s ]
INFO: [ app_end ] --START--
INFO: Run Behavior\ShowPageTraceBehavior [ RunTime:0.001949s ]
INFO: [ app_end ] --END-- [ RunTime:0.001974s ]

[ 2019-09-19T13:10:52+08:00 ] 127.0.0.1 /home/index/xsdetail/xh/0903030202
INFO: [ app_init ] --START--
INFO: Run Behavior\BuildLiteBehavior [ RunTime:0.000009s ]
INFO: [ app_init ] --END-- [ RunTime:0.000402s ]
INFO: [ app_begin ] --START--
INFO: Run Behavior\ReadHtmlCacheBehavior [ RunTime:0.002017s ]
INFO: [ app_begin ] --END-- [ RunTime:0.002057s ]
SQL: SHOW COLUMNS FROM `xs` [ RunTime:0.0109s ]
SQL: SELECT `bj`,`xh`,`xm`,`xb`,`mz`,`csrq` FROM `xs` INNER JOIN bj on bj.bh=xs.bh  WHERE ( xh=0903030202 )  [ RunTime:0.0101s ]
INFO: [ view_parse ] --START--
INFO: [ template_filter ] --START--
INFO: Run Behavior\ContentReplaceBehavior [ RunTime:0.000039s ]
INFO: [ template_filter ] --END-- [ RunTime:0.000103s ]
INFO: Run Behavior\ParseTemplateBehavior [ RunTime:0.018494s ]
INFO: [ view_parse ] --END-- [ RunTime:0.018542s ]
INFO: [ view_filter ] --START--
INFO: Run Behavior\WriteHtmlCacheBehavior [ RunTime:0.002418s ]
INFO: [ view_filter ] --END-- [ RunTime:0.002516s ]
INFO: [ app_end ] --START--
INFO: Run Behavior\ShowPageTraceBehavior [ RunTime:0.003281s ]
INFO: [ app_end ] --END-- [ RunTime:0.003333s ]

[ 2019-09-19T13:10:59+08:00 ] 127.0.0.1 /home/index/bj/xbdm/03
INFO: [ app_init ] --START--
INFO: Run Behavior\BuildLiteBehavior [ RunTime:0.000008s ]
INFO: [ app_init ] --END-- [ RunTime:0.000394s ]
INFO: [ app_begin ] --START--
INFO: Run Behavior\ReadHtmlCacheBehavior [ RunTime:0.001958s ]
INFO: [ app_begin ] --END-- [ RunTime:0.001992s ]
SQL: SHOW COLUMNS FROM `bj` [ RunTime:0.0253s ]
NOTIC: [8] Undefined index: page E:\PHP\UPUPW_AP5.5-1510\UPUPW_AP5.5\vhosts\www.tp.com\Application\Home\Controller\IndexController.class.php 第 15 行.
SQL: SELECT COUNT(*) AS tp_count FROM `bj` WHERE ( xbdm=03 ) LIMIT 1   [ RunTime:0.0003s ]
SQL: SELECT `xbmc`,`bh`,`bj`,`nj`,`xz` FROM `bj` INNER JOIN xbdm on bj.xbdm=xbdm.xbdm  WHERE ( bj.xbdm=03 ) LIMIT 0,10   [ RunTime:0.0004s ]
INFO: [ view_parse ] --START--
INFO: [ template_filter ] --START--
INFO: Run Behavior\ContentReplaceBehavior [ RunTime:0.000030s ]
INFO: [ template_filter ] --END-- [ RunTime:0.000066s ]
INFO: Run Behavior\ParseTemplateBehavior [ RunTime:0.034303s ]
INFO: [ view_parse ] --END-- [ RunTime:0.034366s ]
INFO: [ view_filter ] --START--
INFO: Run Behavior\WriteHtmlCacheBehavior [ RunTime:0.002092s ]
INFO: [ view_filter ] --END-- [ RunTime:0.002121s ]
INFO: [ app_end ] --START--
INFO: Run Behavior\ShowPageTraceBehavior [ RunTime:0.001961s ]
INFO: [ app_end ] --END-- [ RunTime:0.001987s ]

[ 2019-09-19T13:11:00+08:00 ] 127.0.0.1 /home/index/xs/bh/09031001
INFO: [ app_init ] --START--
INFO: Run Behavior\BuildLiteBehavior [ RunTime:0.000014s ]
INFO: [ app_init ] --END-- [ RunTime:0.000707s ]
INFO: [ app_begin ] --START--
INFO: Run Behavior\ReadHtmlCacheBehavior [ RunTime:0.007979s ]
INFO: [ app_begin ] --END-- [ RunTime:0.008059s ]
SQL: SHOW COLUMNS FROM `xs` [ RunTime:0.0166s ]
NOTIC: [8] Undefined index: page E:\PHP\UPUPW_AP5.5-1510\UPUPW_AP5.5\vhosts\www.tp.com\Application\Home\Controller\IndexController.class.php 第 30 行.
SQL: SELECT COUNT(*) AS tp_count FROM `xs` WHERE ( bh=09031001 ) LIMIT 1   [ RunTime:0.0089s ]
SQL: SELECT `bj`,`xh`,`xm`,`xb` FROM `xs` INNER JOIN bj on bj.bh=xs.bh  WHERE ( bj.bh=09031001 ) LIMIT 0,10   [ RunTime:0.0093s ]
INFO: [ view_parse ] --START--
INFO: [ template_filter ] --START--
INFO: Run Behavior\ContentReplaceBehavior [ RunTime:0.000031s ]
INFO: [ template_filter ] --END-- [ RunTime:0.000068s ]
INFO: Run Behavior\ParseTemplateBehavior [ RunTime:0.032373s ]
INFO: [ view_parse ] --END-- [ RunTime:0.032489s ]
INFO: [ view_filter ] --START--
INFO: Run Behavior\WriteHtmlCacheBehavior [ RunTime:0.003032s ]
INFO: [ view_filter ] --END-- [ RunTime:0.003104s ]
INFO: [ app_end ] --START--
INFO: Run Behavior\ShowPageTraceBehavior [ RunTime:0.003021s ]
INFO: [ app_end ] --END-- [ RunTime:0.003078s ]

[ 2019-09-19T13:11:03+08:00 ] 127.0.0.1 /home/index/xsdetail/xh/0903100104
INFO: [ app_init ] --START--
INFO: Run Behavior\BuildLiteBehavior [ RunTime:0.000016s ]
INFO: [ app_init ] --END-- [ RunTime:0.000821s ]
INFO: [ app_begin ] --START--
INFO: Run Behavior\ReadHtmlCacheBehavior [ RunTime:0.002092s ]
INFO: [ app_begin ] --END-- [ RunTime:0.002159s ]
SQL: SHOW COLUMNS FROM `xs` [ RunTime:0.0147s ]
SQL: SELECT `bj`,`xh`,`xm`,`xb`,`mz`,`csrq` FROM `xs` INNER JOIN bj on bj.bh=xs.bh  WHERE ( xh=0903100104 )  [ RunTime:0.0077s ]
INFO: [ view_parse ] --START--
INFO: [ template_filter ] --START--
INFO: Run Behavior\ContentReplaceBehavior [ RunTime:0.000026s ]
INFO: [ template_filter ] --END-- [ RunTime:0.000063s ]
INFO: Run Behavior\ParseTemplateBehavior [ RunTime:0.013074s ]
INFO: [ view_parse ] --END-- [ RunTime:0.013156s ]
INFO: [ view_filter ] --START--
INFO: Run Behavior\WriteHtmlCacheBehavior [ RunTime:0.002751s ]
INFO: [ view_filter ] --END-- [ RunTime:0.002818s ]
INFO: [ app_end ] --START--
INFO: Run Behavior\ShowPageTraceBehavior [ RunTime:0.002034s ]
INFO: [ app_end ] --END-- [ RunTime:0.002062s ]

[ 2019-09-19T13:12:08+08:00 ] 127.0.0.1 /home/index/xsdetail/xh/0903100104
INFO: [ app_init ] --START--
INFO: Run Behavior\BuildLiteBehavior [ RunTime:0.000010s ]
INFO: [ app_init ] --END-- [ RunTime:0.000460s ]
INFO: [ app_begin ] --START--
INFO: Run Behavior\ReadHtmlCacheBehavior [ RunTime:0.001993s ]
INFO: [ app_begin ] --END-- [ RunTime:0.002032s ]
SQL: SHOW COLUMNS FROM `xs` [ RunTime:0.0826s ]
SQL: SELECT `bj`,`xh`,`xm`,`xb`,`mz`,`csrq` FROM `xs` INNER JOIN bj on bj.bh=xs.bh  WHERE ( xh=0903100104 )  [ RunTime:0.0054s ]
INFO: [ view_parse ] --START--
INFO: [ template_filter ] --START--
INFO: Run Behavior\ContentReplaceBehavior [ RunTime:0.000028s ]
INFO: [ template_filter ] --END-- [ RunTime:0.000067s ]
INFO: Run Behavior\ParseTemplateBehavior [ RunTime:0.021537s ]
INFO: [ view_parse ] --END-- [ RunTime:0.021595s ]
INFO: [ view_filter ] --START--
INFO: Run Behavior\WriteHtmlCacheBehavior [ RunTime:0.002095s ]
INFO: [ view_filter ] --END-- [ RunTime:0.002128s ]
INFO: [ app_end ] --START--
INFO: Run Behavior\ShowPageTraceBehavior [ RunTime:0.002794s ]
INFO: [ app_end ] --END-- [ RunTime:0.002838s ]

[ 2019-09-19T13:12:19+08:00 ] 127.0.0.1 /home/index/xsdetail/xh/0903100104
INFO: [ app_init ] --START--
INFO: Run Behavior\BuildLiteBehavior [ RunTime:0.000016s ]
INFO: [ app_init ] --END-- [ RunTime:0.000716s ]
INFO: [ app_begin ] --START--
INFO: Run Behavior\ReadHtmlCacheBehavior [ RunTime:0.001997s ]
INFO: [ app_begin ] --END-- [ RunTime:0.002038s ]
SQL: SHOW COLUMNS FROM `xs` [ RunTime:0.2821s ]
SQL: SELECT `bj`,`xh`,`xm`,`xb`,`mz`,`csrq` FROM `xs` INNER JOIN bj on bj.bh=xs.bh  WHERE ( xh=0903100104 )  [ RunTime:0.0060s ]
INFO: [ view_parse ] --START--
INFO: [ template_filter ] --START--
INFO: Run Behavior\ContentReplaceBehavior [ RunTime:0.000024s ]
INFO: [ template_filter ] --END-- [ RunTime:0.000061s ]
INFO: Run Behavior\ParseTemplateBehavior [ RunTime:0.020587s ]
INFO: [ view_parse ] --END-- [ RunTime:0.020651s ]
INFO: [ view_filter ] --START--
INFO: Run Behavior\WriteHtmlCacheBehavior [ RunTime:0.002474s ]
INFO: [ view_filter ] --END-- [ RunTime:0.002514s ]
INFO: [ app_end ] --START--
INFO: Run Behavior\ShowPageTraceBehavior [ RunTime:0.002015s ]
INFO: [ app_end ] --END-- [ RunTime:0.002042s ]

[ 2019-09-19T13:12:20+08:00 ] 127.0.0.1 /home/index/xsdetail/xh/0903100104
INFO: [ app_init ] --START--
INFO: Run Behavior\BuildLiteBehavior [ RunTime:0.000027s ]
INFO: [ app_init ] --END-- [ RunTime:0.000629s ]
INFO: [ app_begin ] --START--
INFO: Run Behavior\ReadHtmlCacheBehavior [ RunTime:0.001962s ]
INFO: [ app_begin ] --END-- [ RunTime:0.002005s ]
SQL: SHOW COLUMNS FROM `xs` [ RunTime:0.4995s ]
SQL: SELECT `bj`,`xh`,`xm`,`xb`,`mz`,`csrq` FROM `xs` INNER JOIN bj on bj.bh=xs.bh  WHERE ( xh=0903100104 )  [ RunTime:0.0069s ]
INFO: [ view_parse ] --START--
INFO: [ template_filter ] --START--
INFO: Run Behavior\ContentReplaceBehavior [ RunTime:0.000026s ]
INFO: [ template_filter ] --END-- [ RunTime:0.000064s ]
INFO: Run Behavior\ParseTemplateBehavior [ RunTime:0.012415s ]
INFO: [ view_parse ] --END-- [ RunTime:0.012472s ]
INFO: [ view_filter ] --START--
INFO: Run Behavior\WriteHtmlCacheBehavior [ RunTime:0.001983s ]
INFO: [ view_filter ] --END-- [ RunTime:0.002009s ]
INFO: [ app_end ] --START--
INFO: Run Behavior\ShowPageTraceBehavior [ RunTime:0.001929s ]
INFO: [ app_end ] --END-- [ RunTime:0.001953s ]

[ 2019-09-19T13:12:26+08:00 ] 127.0.0.1 /home/index/xsdetail/xh/0903100104
INFO: [ app_init ] --START--
INFO: Run Behavior\BuildLiteBehavior [ RunTime:0.000018s ]
INFO: [ app_init ] --END-- [ RunTime:0.001137s ]
INFO: [ app_begin ] --START--
INFO: Run Behavior\ReadHtmlCacheBehavior [ RunTime:0.005487s ]
INFO: [ app_begin ] --END-- [ RunTime:0.005704s ]
SQL: SHOW COLUMNS FROM `xs` [ RunTime:0.0194s ]
SQL: SELECT `bj`,`xh`,`xm`,`xb`,`mz`,`csrq` FROM `xs` INNER JOIN bj on bj.bh=xs.bh  WHERE ( xh=0903100104 )  [ RunTime:0.0050s ]
INFO: [ view_parse ] --START--
INFO: [ template_filter ] --START--
INFO: Run Behavior\ContentReplaceBehavior [ RunTime:0.000024s ]
INFO: [ template_filter ] --END-- [ RunTime:0.000059s ]
INFO: Run Behavior\ParseTemplateBehavior [ RunTime:0.021047s ]
INFO: [ view_parse ] --END-- [ RunTime:0.021097s ]
INFO: [ view_filter ] --START--
INFO: Run Behavior\WriteHtmlCacheBehavior [ RunTime:0.002011s ]
INFO: [ view_filter ] --END-- [ RunTime:0.002038s ]
INFO: [ app_end ] --START--
INFO: Run Behavior\ShowPageTraceBehavior [ RunTime:0.002069s ]
INFO: [ app_end ] --END-- [ RunTime:0.002096s ]

[ 2019-09-19T13:12:50+08:00 ] 127.0.0.1 /home/index/xsdetail/xh/0903100104
INFO: [ app_init ] --START--
INFO: Run Behavior\BuildLiteBehavior [ RunTime:0.000020s ]
INFO: [ app_init ] --END-- [ RunTime:0.000669s ]
INFO: [ app_begin ] --START--
INFO: Run Behavior\ReadHtmlCacheBehavior [ RunTime:0.001947s ]
INFO: [ app_begin ] --END-- [ RunTime:0.001987s ]
SQL: SHOW COLUMNS FROM `xs` [ RunTime:0.0119s ]
SQL: SELECT `bj`,`xh`,`xm`,`xb`,`mz`,`csrq` FROM `xs` INNER JOIN bj on bj.bh=xs.bh  WHERE ( xh=0903100104 )  [ RunTime:0.0077s ]
INFO: [ view_parse ] --START--
INFO: [ template_filter ] --START--
INFO: Run Behavior\ContentReplaceBehavior [ RunTime:0.000026s ]
INFO: [ template_filter ] --END-- [ RunTime:0.000062s ]
INFO: Run Behavior\ParseTemplateBehavior [ RunTime:0.019494s ]
INFO: [ view_parse ] --END-- [ RunTime:0.019555s ]
INFO: [ view_filter ] --START--
INFO: Run Behavior\WriteHtmlCacheBehavior [ RunTime:0.002119s ]
INFO: [ view_filter ] --END-- [ RunTime:0.002151s ]
INFO: [ app_end ] --START--
INFO: Run Behavior\ShowPageTraceBehavior [ RunTime:0.001964s ]
INFO: [ app_end ] --END-- [ RunTime:0.001990s ]

[ 2019-09-19T13:12:57+08:00 ] 127.0.0.1 /home/index/xsdetail/xh/0903100104
INFO: [ app_init ] --START--
INFO: Run Behavior\BuildLiteBehavior [ RunTime:0.000013s ]
INFO: [ app_init ] --END-- [ RunTime:0.001021s ]
INFO: [ app_begin ] --START--
INFO: Run Behavior\ReadHtmlCacheBehavior [ RunTime:0.006008s ]
INFO: [ app_begin ] --END-- [ RunTime:0.006112s ]
SQL: SHOW COLUMNS FROM `xs` [ RunTime:0.0265s ]
SQL: SELECT `bj`,`xh`,`xm`,`xb`,`mz`,`csrq` FROM `xs` INNER JOIN bj on bj.bh=xs.bh  WHERE ( xh=0903100104 )  [ RunTime:0.0092s ]
INFO: [ view_parse ] --START--
INFO: [ template_filter ] --START--
INFO: Run Behavior\ContentReplaceBehavior [ RunTime:0.000035s ]
INFO: [ template_filter ] --END-- [ RunTime:0.000094s ]
INFO: Run Behavior\ParseTemplateBehavior [ RunTime:0.030541s ]
INFO: [ view_parse ] --END-- [ RunTime:0.030634s ]
INFO: [ view_filter ] --START--
INFO: Run Behavior\WriteHtmlCacheBehavior [ RunTime:0.002122s ]
INFO: [ view_filter ] --END-- [ RunTime:0.002163s ]
INFO: [ app_end ] --START--
INFO: Run Behavior\ShowPageTraceBehavior [ RunTime:0.002067s ]
INFO: [ app_end ] --END-- [ RunTime:0.002097s ]

[ 2019-09-19T13:12:58+08:00 ] 127.0.0.1 /home/index/xsdetail/xh/0903100104
INFO: [ app_init ] --START--
INFO: Run Behavior\BuildLiteBehavior [ RunTime:0.000008s ]
INFO: [ app_init ] --END-- [ RunTime:0.000386s ]
INFO: [ app_begin ] --START--
INFO: Run Behavior\ReadHtmlCacheBehavior [ RunTime:0.002294s ]
INFO: [ app_begin ] --END-- [ RunTime:0.002346s ]
SQL: SHOW COLUMNS FROM `xs` [ RunTime:0.0130s ]
SQL: SELECT `bj`,`xh`,`xm`,`xb`,`mz`,`csrq` FROM `xs` INNER JOIN bj on bj.bh=xs.bh  WHERE ( xh=0903100104 )  [ RunTime:0.0046s ]
INFO: [ view_parse ] --START--
INFO: [ template_filter ] --START--
INFO: Run Behavior\ContentReplaceBehavior [ RunTime:0.000024s ]
INFO: [ template_filter ] --END-- [ RunTime:0.000059s ]
INFO: Run Behavior\ParseTemplateBehavior [ RunTime:0.013427s ]
INFO: [ view_parse ] --END-- [ RunTime:0.013475s ]
INFO: [ view_filter ] --START--
INFO: Run Behavior\WriteHtmlCacheBehavior [ RunTime:0.002104s ]
INFO: [ view_filter ] --END-- [ RunTime:0.002139s ]
INFO: [ app_end ] --START--
INFO: Run Behavior\ShowPageTraceBehavior [ RunTime:0.002083s ]
INFO: [ app_end ] --END-- [ RunTime:0.002117s ]

[ 2019-09-19T13:12:58+08:00 ] 127.0.0.1 /home/index/xsdetail/xh/0903100104
INFO: [ app_init ] --START--
INFO: Run Behavior\BuildLiteBehavior [ RunTime:0.000008s ]
INFO: [ app_init ] --END-- [ RunTime:0.000376s ]
INFO: [ app_begin ] --START--
INFO: Run Behavior\ReadHtmlCacheBehavior [ RunTime:0.001993s ]
INFO: [ app_begin ] --END-- [ RunTime:0.002055s ]
SQL: SHOW COLUMNS FROM `xs` [ RunTime:0.0061s ]
SQL: SELECT `bj`,`xh`,`xm`,`xb`,`mz`,`csrq` FROM `xs` INNER JOIN bj on bj.bh=xs.bh  WHERE ( xh=0903100104 )  [ RunTime:0.0045s ]
INFO: [ view_parse ] --START--
INFO: [ template_filter ] --START--
INFO: Run Behavior\ContentReplaceBehavior [ RunTime:0.000025s ]
INFO: [ template_filter ] --END-- [ RunTime:0.000066s ]
INFO: Run Behavior\ParseTemplateBehavior [ RunTime:0.013250s ]
INFO: [ view_parse ] --END-- [ RunTime:0.013296s ]
INFO: [ view_filter ] --START--
INFO: Run Behavior\WriteHtmlCacheBehavior [ RunTime:0.002085s ]
INFO: [ view_filter ] --END-- [ RunTime:0.002113s ]
INFO: [ app_end ] --START--
INFO: Run Behavior\ShowPageTraceBehavior [ RunTime:0.003095s ]
INFO: [ app_end ] --END-- [ RunTime:0.003135s ]

[ 2019-09-19T13:12:59+08:00 ] 127.0.0.1 /home/index/xsdetail/xh/0903100104
INFO: [ app_init ] --START--
INFO: Run Behavior\BuildLiteBehavior [ RunTime:0.000027s ]
INFO: [ app_init ] --END-- [ RunTime:0.001143s ]
INFO: [ app_begin ] --START--
INFO: Run Behavior\ReadHtmlCacheBehavior [ RunTime:0.001985s ]
INFO: [ app_begin ] --END-- [ RunTime:0.002022s ]
SQL: SHOW COLUMNS FROM `xs` [ RunTime:0.0139s ]
SQL: SELECT `bj`,`xh`,`xm`,`xb`,`mz`,`csrq` FROM `xs` INNER JOIN bj on bj.bh=xs.bh  WHERE ( xh=0903100104 )  [ RunTime:0.0046s ]
INFO: [ view_parse ] --START--
INFO: [ template_filter ] --START--
INFO: Run Behavior\ContentReplaceBehavior [ RunTime:0.000024s ]
INFO: [ template_filter ] --END-- [ RunTime:0.000060s ]
INFO: Run Behavior\ParseTemplateBehavior [ RunTime:0.014160s ]
INFO: [ view_parse ] --END-- [ RunTime:0.014203s ]
INFO: [ view_filter ] --START--
INFO: Run Behavior\WriteHtmlCacheBehavior [ RunTime:0.002116s ]
INFO: [ view_filter ] --END-- [ RunTime:0.002169s ]
INFO: [ app_end ] --START--
INFO: Run Behavior\ShowPageTraceBehavior [ RunTime:0.002226s ]
INFO: [ app_end ] --END-- [ RunTime:0.002266s ]

[ 2019-09-19T13:13:20+08:00 ] 127.0.0.1 /home/index/xsdetail/xh/0903100104
INFO: [ app_init ] --START--
INFO: Run Behavior\BuildLiteBehavior [ RunTime:0.000015s ]
INFO: [ app_init ] --END-- [ RunTime:0.000748s ]
INFO: [ app_begin ] --START--
INFO: Run Behavior\ReadHtmlCacheBehavior [ RunTime:0.001989s ]
INFO: [ app_begin ] --END-- [ RunTime:0.002033s ]
SQL: SHOW COLUMNS FROM `xs` [ RunTime:0.0368s ]
SQL: SELECT `bj`,`xh`,`xm`,`xb`,`mz`,`csrq` FROM `xs` INNER JOIN bj on bj.bh=xs.bh  WHERE ( xh=0903100104 )  [ RunTime:0.0050s ]
INFO: [ view_parse ] --START--
INFO: [ template_filter ] --START--
INFO: Run Behavior\ContentReplaceBehavior [ RunTime:0.000026s ]
INFO: [ template_filter ] --END-- [ RunTime:0.000063s ]
INFO: Run Behavior\ParseTemplateBehavior [ RunTime:0.019818s ]
INFO: [ view_parse ] --END-- [ RunTime:0.019886s ]
INFO: [ view_filter ] --START--
INFO: Run Behavior\WriteHtmlCacheBehavior [ RunTime:0.003464s ]
INFO: [ view_filter ] --END-- [ RunTime:0.003527s ]
INFO: [ app_end ] --START--
INFO: Run Behavior\ShowPageTraceBehavior [ RunTime:0.002134s ]
INFO: [ app_end ] --END-- [ RunTime:0.002184s ]

[ 2019-09-19T13:13:21+08:00 ] 127.0.0.1 /home/index/xsdetail/xh/0903100104
INFO: [ app_init ] --START--
INFO: Run Behavior\BuildLiteBehavior [ RunTime:0.000014s ]
INFO: [ app_init ] --END-- [ RunTime:0.000467s ]
INFO: [ app_begin ] --START--
INFO: Run Behavior\ReadHtmlCacheBehavior [ RunTime:0.002594s ]
INFO: [ app_begin ] --END-- [ RunTime:0.002659s ]
SQL: SHOW COLUMNS FROM `xs` [ RunTime:0.0170s ]
SQL: SELECT `bj`,`xh`,`xm`,`xb`,`mz`,`csrq` FROM `xs` INNER JOIN bj on bj.bh=xs.bh  WHERE ( xh=0903100104 )  [ RunTime:0.0054s ]
INFO: [ view_parse ] --START--
INFO: [ template_filter ] --START--
INFO: Run Behavior\ContentReplaceBehavior [ RunTime:0.000026s ]
INFO: [ template_filter ] --END-- [ RunTime:0.000061s ]
INFO: Run Behavior\ParseTemplateBehavior [ RunTime:0.013643s ]
INFO: [ view_parse ] --END-- [ RunTime:0.013692s ]
INFO: [ view_filter ] --START--
INFO: Run Behavior\WriteHtmlCacheBehavior [ RunTime:0.002525s ]
INFO: [ view_filter ] --END-- [ RunTime:0.002581s ]
INFO: [ app_end ] --START--
INFO: Run Behavior\ShowPageTraceBehavior [ RunTime:0.002021s ]
INFO: [ app_end ] --END-- [ RunTime:0.002055s ]

[ 2019-09-19T13:13:21+08:00 ] 127.0.0.1 /home/index/xsdetail/xh/0903100104
INFO: [ app_init ] --START--
INFO: Run Behavior\BuildLiteBehavior [ RunTime:0.000009s ]
INFO: [ app_init ] --END-- [ RunTime:0.000409s ]
INFO: [ app_begin ] --START--
INFO: Run Behavior\ReadHtmlCacheBehavior [ RunTime:0.003010s ]
INFO: [ app_begin ] --END-- [ RunTime:0.003101s ]
SQL: SHOW COLUMNS FROM `xs` [ RunTime:0.0400s ]
SQL: SELECT `bj`,`xh`,`xm`,`xb`,`mz`,`csrq` FROM `xs` INNER JOIN bj on bj.bh=xs.bh  WHERE ( xh=0903100104 )  [ RunTime:0.0111s ]
INFO: [ view_parse ] --START--
INFO: [ template_filter ] --START--
INFO: Run Behavior\ContentReplaceBehavior [ RunTime:0.000028s ]
INFO: [ template_filter ] --END-- [ RunTime:0.000069s ]
INFO: Run Behavior\ParseTemplateBehavior [ RunTime:0.017196s ]
INFO: [ view_parse ] --END-- [ RunTime:0.017274s ]
INFO: [ view_filter ] --START--
INFO: Run Behavior\WriteHtmlCacheBehavior [ RunTime:0.002270s ]
INFO: [ view_filter ] --END-- [ RunTime:0.002302s ]
INFO: [ app_end ] --START--
INFO: Run Behavior\ShowPageTraceBehavior [ RunTime:0.002086s ]
INFO: [ app_end ] --END-- [ RunTime:0.002114s ]

[ 2019-09-19T13:13:22+08:00 ] 127.0.0.1 /home/index/xsdetail/xh/0903100104
INFO: [ app_init ] --START--
INFO: Run Behavior\BuildLiteBehavior [ RunTime:0.000017s ]
INFO: [ app_init ] --END-- [ RunTime:0.000484s ]
INFO: [ app_begin ] --START--
INFO: Run Behavior\ReadHtmlCacheBehavior [ RunTime:0.002396s ]
INFO: [ app_begin ] --END-- [ RunTime:0.002443s ]
SQL: SHOW COLUMNS FROM `xs` [ RunTime:0.0048s ]
SQL: SELECT `bj`,`xh`,`xm`,`xb`,`mz`,`csrq` FROM `xs` INNER JOIN bj on bj.bh=xs.bh  WHERE ( xh=0903100104 )  [ RunTime:0.0050s ]
INFO: [ view_parse ] --START--
INFO: [ template_filter ] --START--
INFO: Run Behavior\ContentReplaceBehavior [ RunTime:0.000026s ]
INFO: [ template_filter ] --END-- [ RunTime:0.000061s ]
INFO: Run Behavior\ParseTemplateBehavior [ RunTime:0.012712s ]
INFO: [ view_parse ] --END-- [ RunTime:0.012802s ]
INFO: [ view_filter ] --START--
INFO: Run Behavior\WriteHtmlCacheBehavior [ RunTime:0.002622s ]
INFO: [ view_filter ] --END-- [ RunTime:0.002677s ]
INFO: [ app_end ] --START--
INFO: Run Behavior\ShowPageTraceBehavior [ RunTime:0.002897s ]
INFO: [ app_end ] --END-- [ RunTime:0.002983s ]

[ 2019-09-19T13:13:25+08:00 ] 127.0.0.1 /home/index/xsdetail/xh/0903100104
INFO: [ app_init ] --START--
INFO: Run Behavior\BuildLiteBehavior [ RunTime:0.000009s ]
INFO: [ app_init ] --END-- [ RunTime:0.000395s ]
INFO: [ app_begin ] --START--
INFO: Run Behavior\ReadHtmlCacheBehavior [ RunTime:0.002548s ]
INFO: [ app_begin ] --END-- [ RunTime:0.002638s ]
SQL: SHOW COLUMNS FROM `xs` [ RunTime:0.0136s ]
SQL: SELECT `bj`,`xh`,`xm`,`xb`,`mz`,`csrq` FROM `xs` INNER JOIN bj on bj.bh=xs.bh  WHERE ( xh=0903100104 )  [ RunTime:0.0049s ]
INFO: [ view_parse ] --START--
INFO: [ template_filter ] --START--
INFO: Run Behavior\ContentReplaceBehavior [ RunTime:0.000025s ]
INFO: [ template_filter ] --END-- [ RunTime:0.000060s ]
INFO: Run Behavior\ParseTemplateBehavior [ RunTime:0.012104s ]
INFO: [ view_parse ] --END-- [ RunTime:0.012168s ]
INFO: [ view_filter ] --START--
INFO: Run Behavior\WriteHtmlCacheBehavior [ RunTime:0.002238s ]
INFO: [ view_filter ] --END-- [ RunTime:0.002271s ]
INFO: [ app_end ] --START--
INFO: Run Behavior\ShowPageTraceBehavior [ RunTime:0.002580s ]
INFO: [ app_end ] --END-- [ RunTime:0.002623s ]

[ 2019-09-19T13:13:30+08:00 ] 127.0.0.1 /home/index/bj/xbdm/05
INFO: [ app_init ] --START--
INFO: Run Behavior\BuildLiteBehavior [ RunTime:0.000010s ]
INFO: [ app_init ] --END-- [ RunTime:0.000524s ]
INFO: [ app_begin ] --START--
INFO: Run Behavior\ReadHtmlCacheBehavior [ RunTime:0.003312s ]
INFO: [ app_begin ] --END-- [ RunTime:0.003380s ]
SQL: SHOW COLUMNS FROM `bj` [ RunTime:0.0146s ]
NOTIC: [8] Undefined index: page E:\PHP\UPUPW_AP5.5-1510\UPUPW_AP5.5\vhosts\www.tp.com\Application\Home\Controller\IndexController.class.php 第 15 行.
SQL: SELECT COUNT(*) AS tp_count FROM `bj` WHERE ( xbdm=05 ) LIMIT 1   [ RunTime:0.0005s ]
SQL: SELECT `xbmc`,`bh`,`bj`,`nj`,`xz` FROM `bj` INNER JOIN xbdm on bj.xbdm=xbdm.xbdm  WHERE ( bj.xbdm=05 ) LIMIT 0,10   [ RunTime:0.0004s ]
INFO: [ view_parse ] --START--
INFO: [ template_filter ] --START--
INFO: Run Behavior\ContentReplaceBehavior [ RunTime:0.000029s ]
INFO: [ template_filter ] --END-- [ RunTime:0.000064s ]
INFO: Run Behavior\ParseTemplateBehavior [ RunTime:0.028766s ]
INFO: [ view_parse ] --END-- [ RunTime:0.028853s ]
INFO: [ view_filter ] --START--
INFO: Run Behavior\WriteHtmlCacheBehavior [ RunTime:0.002875s ]
INFO: [ view_filter ] --END-- [ RunTime:0.002915s ]
INFO: [ app_end ] --START--
INFO: Run Behavior\ShowPageTraceBehavior [ RunTime:0.002004s ]
INFO: [ app_end ] --END-- [ RunTime:0.002033s ]

[ 2019-09-19T13:13:33+08:00 ] 127.0.0.1 /home/index/xs/bh/09092001
INFO: [ app_init ] --START--
INFO: Run Behavior\BuildLiteBehavior [ RunTime:0.000014s ]
INFO: [ app_init ] --END-- [ RunTime:0.003004s ]
INFO: [ app_begin ] --START--
INFO: Run Behavior\ReadHtmlCacheBehavior [ RunTime:0.003767s ]
INFO: [ app_begin ] --END-- [ RunTime:0.003827s ]
SQL: SHOW COLUMNS FROM `xs` [ RunTime:0.0164s ]
NOTIC: [8] Undefined index: page E:\PHP\UPUPW_AP5.5-1510\UPUPW_AP5.5\vhosts\www.tp.com\Application\Home\Controller\IndexController.class.php 第 30 行.
SQL: SELECT COUNT(*) AS tp_count FROM `xs` WHERE ( bh=09092001 ) LIMIT 1   [ RunTime:0.0051s ]
SQL: SELECT `bj`,`xh`,`xm`,`xb` FROM `xs` INNER JOIN bj on bj.bh=xs.bh  WHERE ( bj.bh=09092001 ) LIMIT 0,10   [ RunTime:0.0173s ]
INFO: [ view_parse ] --START--
INFO: [ template_filter ] --START--
INFO: Run Behavior\ContentReplaceBehavior [ RunTime:0.000030s ]
INFO: [ template_filter ] --END-- [ RunTime:0.000064s ]
INFO: Run Behavior\ParseTemplateBehavior [ RunTime:0.027881s ]
INFO: [ view_parse ] --END-- [ RunTime:0.027973s ]
INFO: [ view_filter ] --START--
INFO: Run Behavior\WriteHtmlCacheBehavior [ RunTime:0.003013s ]
INFO: [ view_filter ] --END-- [ RunTime:0.003061s ]
INFO: [ app_end ] --START--
INFO: Run Behavior\ShowPageTraceBehavior [ RunTime:0.003159s ]
INFO: [ app_end ] --END-- [ RunTime:0.003223s ]

[ 2019-09-19T13:13:36+08:00 ] 127.0.0.1 /home/index/xsdetail/xh/0909200101
INFO: [ app_init ] --START--
INFO: Run Behavior\BuildLiteBehavior [ RunTime:0.000014s ]
INFO: [ app_init ] --END-- [ RunTime:0.000666s ]
INFO: [ app_begin ] --START--
INFO: Run Behavior\ReadHtmlCacheBehavior [ RunTime:0.003322s ]
INFO: [ app_begin ] --END-- [ RunTime:0.003411s ]
SQL: SHOW COLUMNS FROM `xs` [ RunTime:0.0212s ]
SQL: SELECT `bj`,`xh`,`xm`,`xb`,`mz`,`csrq` FROM `xs` INNER JOIN bj on bj.bh=xs.bh  WHERE ( xh=0909200101 )  [ RunTime:0.0046s ]
INFO: [ view_parse ] --START--
INFO: [ template_filter ] --START--
INFO: Run Behavior\ContentReplaceBehavior [ RunTime:0.000028s ]
INFO: [ template_filter ] --END-- [ RunTime:0.000063s ]
INFO: Run Behavior\ParseTemplateBehavior [ RunTime:0.012053s ]
INFO: [ view_parse ] --END-- [ RunTime:0.012110s ]
INFO: [ view_filter ] --START--
INFO: Run Behavior\WriteHtmlCacheBehavior [ RunTime:0.002038s ]
INFO: [ view_filter ] --END-- [ RunTime:0.002065s ]
INFO: [ app_end ] --START--
INFO: Run Behavior\ShowPageTraceBehavior [ RunTime:0.003266s ]
INFO: [ app_end ] --END-- [ RunTime:0.003331s ]

