[ 2019-09-25T16:44:50+08:00 ] 127.0.0.1 /
INFO: [ app_init ] --START--
INFO: Run Behavior\BuildLiteBehavior [ RunTime:0.000026s ]
INFO: [ app_init ] --END-- [ RunTime:0.001454s ]
INFO: [ app_begin ] --START--
INFO: Run Behavior\ReadHtmlCacheBehavior [ RunTime:0.006190s ]
INFO: [ app_begin ] --END-- [ RunTime:0.006312s ]
SQL: SHOW COLUMNS FROM `xbdm` [ RunTime:0.3139s ]
SQL: SELECT `xbdm`,`xbmc` FROM `xbdm`  [ RunTime:0.0029s ]
NOTIC: [2] Missing argument 1 for Think\Controller::show(), called in E:\PHP\UPUPW_AP5.5-1510\UPUPW_AP5.5\vhosts\www.tp.com\Application\Home\Controller\IndexController.class.php on line 13 and defined E:\PHP\UPUPW_AP5.5-1510\UPUPW_AP5.5\vhosts\www.tp.com\ThinkPHP\Library\Think\Controller.class.php 第 68 行.
NOTIC: [8] Undefined variable: content E:\PHP\UPUPW_AP5.5-1510\UPUPW_AP5.5\vhosts\www.tp.com\ThinkPHP\Library\Think\Controller.class.php 第 69 行.
INFO: [ view_parse ] --START--
INFO: [ template_filter ] --START--
INFO: Run Behavior\ContentReplaceBehavior [ RunTime:0.003286s ]
INFO: [ template_filter ] --END-- [ RunTime:0.003520s ]
INFO: Run Behavior\ParseTemplateBehavior [ RunTime:0.378738s ]
INFO: [ view_parse ] --END-- [ RunTime:0.378886s ]
INFO: [ view_filter ] --START--
INFO: Run Behavior\WriteHtmlCacheBehavior [ RunTime:0.008298s ]
INFO: [ view_filter ] --END-- [ RunTime:0.008410s ]
INFO: [ app_end ] --START--
INFO: Run Behavior\ShowPageTraceBehavior [ RunTime:0.007324s ]
INFO: [ app_end ] --END-- [ RunTime:0.007429s ]

[ 2019-09-25T16:44:53+08:00 ] 127.0.0.1 /home/index/bj/xbdm/03
INFO: [ app_init ] --START--
INFO: Run Behavior\BuildLiteBehavior [ RunTime:0.000018s ]
INFO: [ app_init ] --END-- [ RunTime:0.001651s ]
INFO: [ app_begin ] --START--
INFO: Run Behavior\ReadHtmlCacheBehavior [ RunTime:0.005099s ]
INFO: [ app_begin ] --END-- [ RunTime:0.005209s ]
SQL: SHOW COLUMNS FROM `bj` [ RunTime:0.0173s ]
SQL: SELECT COUNT(*) AS tp_count FROM `bj` WHERE ( bj.xbdm=03 ) LIMIT 1   [ RunTime:0.0868s ]
SQL: SHOW COLUMNS FROM `bj` [ RunTime:0.0286s ]
SQL: SELECT `xbmc`,`bh`,`bj`,`xz`,`nj` FROM `bj` INNER JOIN xbdm on bj.xbdm=xbdm.xbdm  WHERE ( bj.xbdm=03 ) LIMIT 0,10   [ RunTime:0.0062s ]
INFO: [ view_parse ] --START--
INFO: [ template_filter ] --START--
INFO: Run Behavior\ContentReplaceBehavior [ RunTime:0.000165s ]
INFO: [ template_filter ] --END-- [ RunTime:0.000406s ]
INFO: Run Behavior\ParseTemplateBehavior [ RunTime:0.109000s ]
INFO: [ view_parse ] --END-- [ RunTime:0.109247s ]
INFO: [ view_filter ] --START--
INFO: Run Behavior\WriteHtmlCacheBehavior [ RunTime:0.014984s ]
INFO: [ view_filter ] --END-- [ RunTime:0.015200s ]
INFO: [ app_end ] --START--
INFO: Run Behavior\ShowPageTraceBehavior [ RunTime:0.013444s ]
INFO: [ app_end ] --END-- [ RunTime:0.013614s ]

[ 2019-09-25T16:44:56+08:00 ] 127.0.0.1 /home/index/xs/bh/09030201
INFO: [ app_init ] --START--
INFO: Run Behavior\BuildLiteBehavior [ RunTime:0.000035s ]
INFO: [ app_init ] --END-- [ RunTime:0.001053s ]
INFO: [ app_begin ] --START--
INFO: Run Behavior\ReadHtmlCacheBehavior [ RunTime:0.004393s ]
INFO: [ app_begin ] --END-- [ RunTime:0.004475s ]
SQL: SHOW COLUMNS FROM `xs` [ RunTime:0.0217s ]
SQL: SELECT COUNT(*) AS tp_count FROM `xs` WHERE ( bh=09030201 ) LIMIT 1   [ RunTime:0.0649s ]
SQL: SHOW COLUMNS FROM `xs` [ RunTime:0.0134s ]
SQL: SELECT `bj`,`xh`,`xm`,`xb` FROM `xs` INNER JOIN bj on xs.bh=bj.bh  WHERE ( bj.bh=09030201 ) LIMIT 0,10   [ RunTime:0.0338s ]
INFO: [ view_parse ] --START--
INFO: [ template_filter ] --START--
INFO: Run Behavior\ContentReplaceBehavior [ RunTime:0.000064s ]
INFO: [ template_filter ] --END-- [ RunTime:0.000142s ]
INFO: Run Behavior\ParseTemplateBehavior [ RunTime:0.086560s ]
INFO: [ view_parse ] --END-- [ RunTime:0.086687s ]
INFO: [ view_filter ] --START--
INFO: Run Behavior\WriteHtmlCacheBehavior [ RunTime:0.005156s ]
INFO: [ view_filter ] --END-- [ RunTime:0.005233s ]
INFO: [ app_end ] --START--
INFO: Run Behavior\ShowPageTraceBehavior [ RunTime:0.004596s ]
INFO: [ app_end ] --END-- [ RunTime:0.004658s ]

[ 2019-09-25T16:44:59+08:00 ] 127.0.0.1 /home/index/xsdetail/xh/0903020103
INFO: [ app_init ] --START--
INFO: Run Behavior\BuildLiteBehavior [ RunTime:0.000028s ]
INFO: [ app_init ] --END-- [ RunTime:0.001509s ]
INFO: [ app_begin ] --START--
INFO: Run Behavior\ReadHtmlCacheBehavior [ RunTime:0.006591s ]
INFO: [ app_begin ] --END-- [ RunTime:0.006677s ]
SQL: SHOW COLUMNS FROM `xs` [ RunTime:0.0249s ]
SQL: SELECT * FROM `xs` WHERE ( xh=0903020103 )  [ RunTime:0.0098s ]
INFO: [ view_parse ] --START--
INFO: [ template_filter ] --START--
INFO: Run Behavior\ContentReplaceBehavior [ RunTime:0.000053s ]
INFO: [ template_filter ] --END-- [ RunTime:0.000135s ]
INFO: Run Behavior\ParseTemplateBehavior [ RunTime:0.057242s ]
INFO: [ view_parse ] --END-- [ RunTime:0.057363s ]
INFO: [ view_filter ] --START--
INFO: Run Behavior\WriteHtmlCacheBehavior [ RunTime:0.004629s ]
INFO: [ view_filter ] --END-- [ RunTime:0.004691s ]
INFO: [ app_end ] --START--
INFO: Run Behavior\ShowPageTraceBehavior [ RunTime:0.005112s ]
INFO: [ app_end ] --END-- [ RunTime:0.005182s ]

[ 2019-09-25T16:45:05+08:00 ] 127.0.0.1 /home/index/xsupdate/xh/0903020104
INFO: [ app_init ] --START--
INFO: Run Behavior\BuildLiteBehavior [ RunTime:0.000029s ]
INFO: [ app_init ] --END-- [ RunTime:0.001479s ]
INFO: [ app_begin ] --START--
INFO: Run Behavior\ReadHtmlCacheBehavior [ RunTime:0.008708s ]
INFO: [ app_begin ] --END-- [ RunTime:0.008849s ]
SQL: SHOW COLUMNS FROM `xs` [ RunTime:0.0240s ]
SQL: SELECT * FROM `xs` WHERE ( xh=0903020104 )  [ RunTime:0.0107s ]
INFO: [ view_parse ] --START--
INFO: [ template_filter ] --START--
INFO: Run Behavior\ContentReplaceBehavior [ RunTime:0.000055s ]
INFO: [ template_filter ] --END-- [ RunTime:0.000135s ]
INFO: Run Behavior\ParseTemplateBehavior [ RunTime:0.039899s ]
INFO: [ view_parse ] --END-- [ RunTime:0.040020s ]
INFO: [ view_filter ] --START--
INFO: Run Behavior\WriteHtmlCacheBehavior [ RunTime:0.004133s ]
INFO: [ view_filter ] --END-- [ RunTime:0.004185s ]
INFO: [ app_end ] --START--
INFO: Run Behavior\ShowPageTraceBehavior [ RunTime:0.004631s ]
INFO: [ app_end ] --END-- [ RunTime:0.004684s ]

[ 2019-09-25T16:45:10+08:00 ] 127.0.0.1 /home/index/xs/xh/0903020104?mz=%E6%B1%89%E6%97%8F
INFO: [ app_init ] --START--
INFO: Run Behavior\BuildLiteBehavior [ RunTime:0.000028s ]
INFO: [ app_init ] --END-- [ RunTime:0.001195s ]
INFO: [ app_begin ] --START--
INFO: Run Behavior\ReadHtmlCacheBehavior [ RunTime:0.004654s ]
INFO: [ app_begin ] --END-- [ RunTime:0.004742s ]
SQL: SHOW COLUMNS FROM `xs` [ RunTime:0.0182s ]
ERR: 1064:You have an error in your SQL syntax; check the manual that corresponds to your MariaDB server version for the right syntax to use near ') LIMIT 1' at line 1
 [ SQL语句 ] : SELECT COUNT(*) AS tp_count FROM `xs` WHERE ( bh= ) LIMIT 1  
ERR: 1064:You have an error in your SQL syntax; check the manual that corresponds to your MariaDB server version for the right syntax to use near ') LIMIT 1' at line 1
 [ SQL语句 ] : SELECT COUNT(*) AS tp_count FROM `xs` WHERE ( bh= ) LIMIT 1  

[ 2019-09-25T16:45:27+08:00 ] 127.0.0.1 /home/index/xsdetail/xh/0903020104
INFO: [ app_init ] --START--
INFO: Run Behavior\BuildLiteBehavior [ RunTime:0.000015s ]
INFO: [ app_init ] --END-- [ RunTime:0.000802s ]
INFO: [ app_begin ] --START--
INFO: Run Behavior\ReadHtmlCacheBehavior [ RunTime:0.004842s ]
INFO: [ app_begin ] --END-- [ RunTime:0.004947s ]
SQL: SHOW COLUMNS FROM `xs` [ RunTime:0.0143s ]
SQL: SELECT * FROM `xs` WHERE ( xh=0903020104 )  [ RunTime:0.0101s ]
INFO: [ view_parse ] --START--
INFO: [ template_filter ] --START--
INFO: Run Behavior\ContentReplaceBehavior [ RunTime:0.000026s ]
INFO: [ template_filter ] --END-- [ RunTime:0.000072s ]
INFO: Run Behavior\ParseTemplateBehavior [ RunTime:0.016764s ]
INFO: [ view_parse ] --END-- [ RunTime:0.016908s ]
INFO: [ view_filter ] --START--
INFO: Run Behavior\WriteHtmlCacheBehavior [ RunTime:0.004722s ]
INFO: [ view_filter ] --END-- [ RunTime:0.004785s ]
INFO: [ app_end ] --START--
INFO: Run Behavior\ShowPageTraceBehavior [ RunTime:0.005019s ]
INFO: [ app_end ] --END-- [ RunTime:0.005089s ]

[ 2019-09-25T16:45:34+08:00 ] 127.0.0.1 /home/index/xsdelete/xh/0903020104
INFO: [ app_init ] --START--
INFO: Run Behavior\BuildLiteBehavior [ RunTime:0.000019s ]
INFO: [ app_init ] --END-- [ RunTime:0.001070s ]
INFO: [ app_begin ] --START--
INFO: Run Behavior\ReadHtmlCacheBehavior [ RunTime:0.005542s ]
INFO: [ app_begin ] --END-- [ RunTime:0.005700s ]
SQL: SHOW COLUMNS FROM `xs` [ RunTime:0.0200s ]
SQL: SELECT `bh` FROM `xs` WHERE ( xh=0903020104 )  [ RunTime:0.0161s ]
SQL: DELETE FROM `xs` WHERE ( xh=0903020104 ) [ RunTime:0.0116s ]
NOTIC: [8] Undefined offset: 0 E:\PHP\UPUPW_AP5.5-1510\UPUPW_AP5.5\vhosts\www.tp.com\Application\Home\Controller\IndexController.class.php 第 84 行.
INFO: [ view_parse ] --START--
INFO: [ template_filter ] --START--
INFO: Run Behavior\ContentReplaceBehavior [ RunTime:0.000098s ]
INFO: [ template_filter ] --END-- [ RunTime:0.000213s ]
INFO: Run Behavior\ParseTemplateBehavior [ RunTime:0.243863s ]
INFO: [ view_parse ] --END-- [ RunTime:0.243982s ]
INFO: [ view_filter ] --START--
INFO: Run Behavior\WriteHtmlCacheBehavior [ RunTime:0.010349s ]
INFO: [ view_filter ] --END-- [ RunTime:0.010458s ]
INFO: [ app_end ] --START--
INFO: Run Behavior\ShowPageTraceBehavior [ RunTime:0.007747s ]
INFO: [ app_end ] --END-- [ RunTime:0.007850s ]

[ 2019-09-25T16:45:40+08:00 ] 127.0.0.1 /home/index/xs/bh/09030201
INFO: [ app_init ] --START--
INFO: Run Behavior\BuildLiteBehavior [ RunTime:0.000018s ]
INFO: [ app_init ] --END-- [ RunTime:0.000933s ]
INFO: [ app_begin ] --START--
INFO: Run Behavior\ReadHtmlCacheBehavior [ RunTime:0.004682s ]
INFO: [ app_begin ] --END-- [ RunTime:0.004842s ]
SQL: SHOW COLUMNS FROM `xs` [ RunTime:0.0222s ]
SQL: SELECT COUNT(*) AS tp_count FROM `xs` WHERE ( bh=09030201 ) LIMIT 1   [ RunTime:0.0082s ]
SQL: SHOW COLUMNS FROM `xs` [ RunTime:0.0083s ]
SQL: SELECT `bj`,`xh`,`xm`,`xb` FROM `xs` INNER JOIN bj on xs.bh=bj.bh  WHERE ( bj.bh=09030201 ) LIMIT 0,10   [ RunTime:0.0126s ]
INFO: [ view_parse ] --START--
INFO: [ template_filter ] --START--
INFO: Run Behavior\ContentReplaceBehavior [ RunTime:0.000039s ]
INFO: [ template_filter ] --END-- [ RunTime:0.000087s ]
INFO: Run Behavior\ParseTemplateBehavior [ RunTime:0.013866s ]
INFO: [ view_parse ] --END-- [ RunTime:0.013923s ]
INFO: [ view_filter ] --START--
INFO: Run Behavior\WriteHtmlCacheBehavior [ RunTime:0.001926s ]
INFO: [ view_filter ] --END-- [ RunTime:0.001953s ]
INFO: [ app_end ] --START--
INFO: Run Behavior\ShowPageTraceBehavior [ RunTime:0.001979s ]
INFO: [ app_end ] --END-- [ RunTime:0.002006s ]

[ 2019-09-25T16:45:43+08:00 ] 127.0.0.1 /home/index/xsupdate/xh/0903020105
INFO: [ app_init ] --START--
INFO: Run Behavior\BuildLiteBehavior [ RunTime:0.000020s ]
INFO: [ app_init ] --END-- [ RunTime:0.001056s ]
INFO: [ app_begin ] --START--
INFO: Run Behavior\ReadHtmlCacheBehavior [ RunTime:0.004278s ]
INFO: [ app_begin ] --END-- [ RunTime:0.004362s ]
SQL: SHOW COLUMNS FROM `xs` [ RunTime:0.0200s ]
SQL: SELECT * FROM `xs` WHERE ( xh=0903020105 )  [ RunTime:0.0074s ]
INFO: [ view_parse ] --START--
INFO: [ template_filter ] --START--
INFO: Run Behavior\ContentReplaceBehavior [ RunTime:0.000029s ]
INFO: [ template_filter ] --END-- [ RunTime:0.000096s ]
INFO: Run Behavior\ParseTemplateBehavior [ RunTime:0.016766s ]
INFO: [ view_parse ] --END-- [ RunTime:0.016855s ]
INFO: [ view_filter ] --START--
INFO: Run Behavior\WriteHtmlCacheBehavior [ RunTime:0.004639s ]
INFO: [ view_filter ] --END-- [ RunTime:0.004695s ]
INFO: [ app_end ] --START--
INFO: Run Behavior\ShowPageTraceBehavior [ RunTime:0.004643s ]
INFO: [ app_end ] --END-- [ RunTime:0.004696s ]

[ 2019-09-25T16:51:50+08:00 ] 127.0.0.1 /home/index/xs/bh/09030201
INFO: [ app_init ] --START--
INFO: Run Behavior\BuildLiteBehavior [ RunTime:0.000022s ]
INFO: [ app_init ] --END-- [ RunTime:0.017158s ]
INFO: [ app_begin ] --START--
INFO: Run Behavior\ReadHtmlCacheBehavior [ RunTime:0.005871s ]
INFO: [ app_begin ] --END-- [ RunTime:0.005987s ]
SQL: SHOW COLUMNS FROM `xs` [ RunTime:0.0207s ]
SQL: SELECT COUNT(*) AS tp_count FROM `xs` WHERE ( bh=09030201 ) LIMIT 1   [ RunTime:0.0080s ]
SQL: SHOW COLUMNS FROM `xs` [ RunTime:0.0068s ]
SQL: SELECT `bj`,`xh`,`xm`,`xb` FROM `xs` INNER JOIN bj on xs.bh=bj.bh  WHERE ( bj.bh=09030201 ) LIMIT 0,10   [ RunTime:0.0126s ]
INFO: [ view_parse ] --START--
INFO: [ template_filter ] --START--
INFO: Run Behavior\ContentReplaceBehavior [ RunTime:0.000032s ]
INFO: [ template_filter ] --END-- [ RunTime:0.000081s ]
INFO: Run Behavior\ParseTemplateBehavior [ RunTime:0.012429s ]
INFO: [ view_parse ] --END-- [ RunTime:0.012503s ]
INFO: [ view_filter ] --START--
INFO: Run Behavior\WriteHtmlCacheBehavior [ RunTime:0.002157s ]
INFO: [ view_filter ] --END-- [ RunTime:0.002190s ]
INFO: [ app_end ] --START--
INFO: Run Behavior\ShowPageTraceBehavior [ RunTime:0.001940s ]
INFO: [ app_end ] --END-- [ RunTime:0.001967s ]

[ 2019-09-25T16:51:52+08:00 ] 127.0.0.1 /home/index/xsupdate/xh/0903020103
INFO: [ app_init ] --START--
INFO: Run Behavior\BuildLiteBehavior [ RunTime:0.000018s ]
INFO: [ app_init ] --END-- [ RunTime:0.000895s ]
INFO: [ app_begin ] --START--
INFO: Run Behavior\ReadHtmlCacheBehavior [ RunTime:0.005897s ]
INFO: [ app_begin ] --END-- [ RunTime:0.006122s ]
SQL: SHOW COLUMNS FROM `xs` [ RunTime:0.0246s ]
SQL: SELECT * FROM `xs` WHERE ( xh=0903020103 )  [ RunTime:0.0121s ]
INFO: [ view_parse ] --START--
INFO: [ template_filter ] --START--
INFO: Run Behavior\ContentReplaceBehavior [ RunTime:0.000045s ]
INFO: [ template_filter ] --END-- [ RunTime:0.000110s ]
INFO: Run Behavior\ParseTemplateBehavior [ RunTime:0.033850s ]
INFO: [ view_parse ] --END-- [ RunTime:0.033958s ]
INFO: [ view_filter ] --START--
INFO: Run Behavior\WriteHtmlCacheBehavior [ RunTime:0.002962s ]
INFO: [ view_filter ] --END-- [ RunTime:0.003067s ]
INFO: [ app_end ] --START--
INFO: Run Behavior\ShowPageTraceBehavior [ RunTime:0.002634s ]
INFO: [ app_end ] --END-- [ RunTime:0.002683s ]

[ 2019-09-25T16:52:13+08:00 ] 127.0.0.1 /home/index/xs/xh/0903020103
INFO: [ app_init ] --START--
INFO: Run Behavior\BuildLiteBehavior [ RunTime:0.000019s ]
INFO: [ app_init ] --END-- [ RunTime:0.000905s ]
INFO: [ app_begin ] --START--
INFO: Run Behavior\ReadHtmlCacheBehavior [ RunTime:0.003657s ]
INFO: [ app_begin ] --END-- [ RunTime:0.003766s ]
SQL: SHOW COLUMNS FROM `xs` [ RunTime:0.0203s ]
ERR: 1064:You have an error in your SQL syntax; check the manual that corresponds to your MariaDB server version for the right syntax to use near ') LIMIT 1' at line 1
 [ SQL语句 ] : SELECT COUNT(*) AS tp_count FROM `xs` WHERE ( bh= ) LIMIT 1  
ERR: 1064:You have an error in your SQL syntax; check the manual that corresponds to your MariaDB server version for the right syntax to use near ') LIMIT 1' at line 1
 [ SQL语句 ] : SELECT COUNT(*) AS tp_count FROM `xs` WHERE ( bh= ) LIMIT 1  

[ 2019-09-25T16:54:27+08:00 ] 127.0.0.1 /home/index/xsupdate/xh/0903020103
INFO: [ app_init ] --START--
INFO: Run Behavior\BuildLiteBehavior [ RunTime:0.000017s ]
INFO: [ app_init ] --END-- [ RunTime:0.001031s ]
INFO: [ app_begin ] --START--
INFO: Run Behavior\ReadHtmlCacheBehavior [ RunTime:0.003006s ]
INFO: [ app_begin ] --END-- [ RunTime:0.003154s ]
SQL: SHOW COLUMNS FROM `xs` [ RunTime:0.0217s ]
SQL: SELECT * FROM `xs` WHERE ( xh=0903020103 )  [ RunTime:0.0091s ]
INFO: [ view_parse ] --START--
INFO: [ template_filter ] --START--
INFO: Run Behavior\ContentReplaceBehavior [ RunTime:0.000034s ]
INFO: [ template_filter ] --END-- [ RunTime:0.000085s ]
INFO: Run Behavior\ParseTemplateBehavior [ RunTime:0.030691s ]
INFO: [ view_parse ] --END-- [ RunTime:0.030747s ]
INFO: [ view_filter ] --START--
INFO: Run Behavior\WriteHtmlCacheBehavior [ RunTime:0.002171s ]
INFO: [ view_filter ] --END-- [ RunTime:0.002201s ]
INFO: [ app_end ] --START--
INFO: Run Behavior\ShowPageTraceBehavior [ RunTime:0.002539s ]
INFO: [ app_end ] --END-- [ RunTime:0.002581s ]

[ 2019-09-25T16:54:38+08:00 ] 127.0.0.1 /home/index/xs/xh/0903020103
INFO: [ app_init ] --START--
INFO: Run Behavior\BuildLiteBehavior [ RunTime:0.000019s ]
INFO: [ app_init ] --END-- [ RunTime:0.001733s ]
INFO: [ app_begin ] --START--
INFO: Run Behavior\ReadHtmlCacheBehavior [ RunTime:0.006736s ]
INFO: [ app_begin ] --END-- [ RunTime:0.006844s ]
SQL: SHOW COLUMNS FROM `xs` [ RunTime:0.0269s ]
ERR: 1064:You have an error in your SQL syntax; check the manual that corresponds to your MariaDB server version for the right syntax to use near ') LIMIT 1' at line 1
 [ SQL语句 ] : SELECT COUNT(*) AS tp_count FROM `xs` WHERE ( bh= ) LIMIT 1  
ERR: 1064:You have an error in your SQL syntax; check the manual that corresponds to your MariaDB server version for the right syntax to use near ') LIMIT 1' at line 1
 [ SQL语句 ] : SELECT COUNT(*) AS tp_count FROM `xs` WHERE ( bh= ) LIMIT 1  

[ 2019-09-25T16:55:49+08:00 ] 127.0.0.1 /home/index/xsdetail/xh/0903020101
INFO: [ app_init ] --START--
INFO: Run Behavior\BuildLiteBehavior [ RunTime:0.000015s ]
INFO: [ app_init ] --END-- [ RunTime:0.001349s ]
INFO: [ app_begin ] --START--
INFO: Run Behavior\ReadHtmlCacheBehavior [ RunTime:0.005138s ]
INFO: [ app_begin ] --END-- [ RunTime:0.005296s ]
SQL: SHOW COLUMNS FROM `xs` [ RunTime:0.1153s ]
SQL: SELECT * FROM `xs` WHERE ( xh=0903020101 )  [ RunTime:0.0142s ]
INFO: [ view_parse ] --START--
INFO: [ template_filter ] --START--
INFO: Run Behavior\ContentReplaceBehavior [ RunTime:0.000053s ]
INFO: [ template_filter ] --END-- [ RunTime:0.000117s ]
INFO: Run Behavior\ParseTemplateBehavior [ RunTime:0.034827s ]
INFO: [ view_parse ] --END-- [ RunTime:0.034919s ]
INFO: [ view_filter ] --START--
INFO: Run Behavior\WriteHtmlCacheBehavior [ RunTime:0.002941s ]
INFO: [ view_filter ] --END-- [ RunTime:0.002977s ]
INFO: [ app_end ] --START--
INFO: Run Behavior\ShowPageTraceBehavior [ RunTime:0.002603s ]
INFO: [ app_end ] --END-- [ RunTime:0.002637s ]

[ 2019-09-25T16:55:54+08:00 ] 127.0.0.1 /home/index/xsupdate/xh/0903020102
INFO: [ app_init ] --START--
INFO: Run Behavior\BuildLiteBehavior [ RunTime:0.000019s ]
INFO: [ app_init ] --END-- [ RunTime:0.000910s ]
INFO: [ app_begin ] --START--
INFO: Run Behavior\ReadHtmlCacheBehavior [ RunTime:0.006057s ]
INFO: [ app_begin ] --END-- [ RunTime:0.006162s ]
SQL: SHOW COLUMNS FROM `xs` [ RunTime:0.0248s ]
SQL: SELECT * FROM `xs` WHERE ( xh=0903020102 )  [ RunTime:0.0066s ]
INFO: [ view_parse ] --START--
INFO: [ template_filter ] --START--
INFO: Run Behavior\ContentReplaceBehavior [ RunTime:0.000028s ]
INFO: [ template_filter ] --END-- [ RunTime:0.000068s ]
INFO: Run Behavior\ParseTemplateBehavior [ RunTime:0.024416s ]
INFO: [ view_parse ] --END-- [ RunTime:0.024494s ]
INFO: [ view_filter ] --START--
INFO: Run Behavior\WriteHtmlCacheBehavior [ RunTime:0.003680s ]
INFO: [ view_filter ] --END-- [ RunTime:0.003730s ]
INFO: [ app_end ] --START--
INFO: Run Behavior\ShowPageTraceBehavior [ RunTime:0.002997s ]
INFO: [ app_end ] --END-- [ RunTime:0.003039s ]

[ 2019-09-25T16:56:06+08:00 ] 127.0.0.1 /home/index/xs/bh/09030201
INFO: [ app_init ] --START--
INFO: Run Behavior\BuildLiteBehavior [ RunTime:0.000018s ]
INFO: [ app_init ] --END-- [ RunTime:0.000887s ]
INFO: [ app_begin ] --START--
INFO: Run Behavior\ReadHtmlCacheBehavior [ RunTime:0.004738s ]
INFO: [ app_begin ] --END-- [ RunTime:0.004831s ]
SQL: SHOW COLUMNS FROM `xs` [ RunTime:0.0214s ]
SQL: SELECT COUNT(*) AS tp_count FROM `xs` WHERE ( bh=09030201 ) LIMIT 1   [ RunTime:0.0104s ]
SQL: SHOW COLUMNS FROM `xs` [ RunTime:0.0076s ]
SQL: SELECT `bj`,`xh`,`xm`,`xb` FROM `xs` INNER JOIN bj on xs.bh=bj.bh  WHERE ( bj.bh=09030201 ) LIMIT 0,10   [ RunTime:0.0098s ]
INFO: [ view_parse ] --START--
INFO: [ template_filter ] --START--
INFO: Run Behavior\ContentReplaceBehavior [ RunTime:0.000031s ]
INFO: [ template_filter ] --END-- [ RunTime:0.000067s ]
INFO: Run Behavior\ParseTemplateBehavior [ RunTime:0.032787s ]
INFO: [ view_parse ] --END-- [ RunTime:0.032870s ]
INFO: [ view_filter ] --START--
INFO: Run Behavior\WriteHtmlCacheBehavior [ RunTime:0.004358s ]
INFO: [ view_filter ] --END-- [ RunTime:0.004420s ]
INFO: [ app_end ] --START--
INFO: Run Behavior\ShowPageTraceBehavior [ RunTime:0.005298s ]
INFO: [ app_end ] --END-- [ RunTime:0.005358s ]

[ 2019-09-25T16:56:10+08:00 ] 127.0.0.1 /home/index/xsupdate/xh/0903020102
INFO: [ app_init ] --START--
INFO: Run Behavior\BuildLiteBehavior [ RunTime:0.000018s ]
INFO: [ app_init ] --END-- [ RunTime:0.000899s ]
INFO: [ app_begin ] --START--
INFO: Run Behavior\ReadHtmlCacheBehavior [ RunTime:0.003436s ]
INFO: [ app_begin ] --END-- [ RunTime:0.003500s ]
SQL: SHOW COLUMNS FROM `xs` [ RunTime:0.0185s ]
SQL: SELECT * FROM `xs` WHERE ( xh=0903020102 )  [ RunTime:0.0054s ]
INFO: [ view_parse ] --START--
INFO: [ template_filter ] --START--
INFO: Run Behavior\ContentReplaceBehavior [ RunTime:0.000026s ]
INFO: [ template_filter ] --END-- [ RunTime:0.000064s ]
INFO: Run Behavior\ParseTemplateBehavior [ RunTime:0.013677s ]
INFO: [ view_parse ] --END-- [ RunTime:0.013783s ]
INFO: [ view_filter ] --START--
INFO: Run Behavior\WriteHtmlCacheBehavior [ RunTime:0.002360s ]
INFO: [ view_filter ] --END-- [ RunTime:0.002404s ]
INFO: [ app_end ] --START--
INFO: Run Behavior\ShowPageTraceBehavior [ RunTime:0.002120s ]
INFO: [ app_end ] --END-- [ RunTime:0.002169s ]

[ 2019-09-25T16:56:17+08:00 ] 127.0.0.1 /home/index/xs/bh/09030201
INFO: [ app_init ] --START--
INFO: Run Behavior\BuildLiteBehavior [ RunTime:0.000017s ]
INFO: [ app_init ] --END-- [ RunTime:0.000887s ]
INFO: [ app_begin ] --START--
INFO: Run Behavior\ReadHtmlCacheBehavior [ RunTime:0.004393s ]
INFO: [ app_begin ] --END-- [ RunTime:0.004481s ]
SQL: SHOW COLUMNS FROM `xs` [ RunTime:0.1497s ]
SQL: SELECT COUNT(*) AS tp_count FROM `xs` WHERE ( bh=09030201 ) LIMIT 1   [ RunTime:0.0223s ]
SQL: SHOW COLUMNS FROM `xs` [ RunTime:0.0379s ]
SQL: SELECT `bj`,`xh`,`xm`,`xb` FROM `xs` INNER JOIN bj on xs.bh=bj.bh  WHERE ( bj.bh=09030201 ) LIMIT 0,10   [ RunTime:0.0386s ]
INFO: [ view_parse ] --START--
INFO: [ template_filter ] --START--
INFO: Run Behavior\ContentReplaceBehavior [ RunTime:0.000046s ]
INFO: [ template_filter ] --END-- [ RunTime:0.000101s ]
INFO: Run Behavior\ParseTemplateBehavior [ RunTime:0.023953s ]
INFO: [ view_parse ] --END-- [ RunTime:0.024035s ]
INFO: [ view_filter ] --START--
INFO: Run Behavior\WriteHtmlCacheBehavior [ RunTime:0.002753s ]
INFO: [ view_filter ] --END-- [ RunTime:0.002791s ]
INFO: [ app_end ] --START--
INFO: Run Behavior\ShowPageTraceBehavior [ RunTime:0.002329s ]
INFO: [ app_end ] --END-- [ RunTime:0.002359s ]

[ 2019-09-25T16:56:20+08:00 ] 127.0.0.1 /home/index/xs/bh/09030201/page/2
INFO: [ app_init ] --START--
INFO: Run Behavior\BuildLiteBehavior [ RunTime:0.000021s ]
INFO: [ app_init ] --END-- [ RunTime:0.001389s ]
INFO: [ app_begin ] --START--
INFO: Run Behavior\ReadHtmlCacheBehavior [ RunTime:0.004551s ]
INFO: [ app_begin ] --END-- [ RunTime:0.004629s ]
SQL: SHOW COLUMNS FROM `xs` [ RunTime:0.0188s ]
SQL: SELECT COUNT(*) AS tp_count FROM `xs` WHERE ( bh=09030201 ) LIMIT 1   [ RunTime:0.0060s ]
SQL: SHOW COLUMNS FROM `xs` [ RunTime:0.0067s ]
SQL: SELECT `bj`,`xh`,`xm`,`xb` FROM `xs` INNER JOIN bj on xs.bh=bj.bh  WHERE ( bj.bh=09030201 ) LIMIT 10,10   [ RunTime:0.0084s ]
INFO: [ view_parse ] --START--
INFO: [ template_filter ] --START--
INFO: Run Behavior\ContentReplaceBehavior [ RunTime:0.000033s ]
INFO: [ template_filter ] --END-- [ RunTime:0.000074s ]
INFO: Run Behavior\ParseTemplateBehavior [ RunTime:0.013813s ]
INFO: [ view_parse ] --END-- [ RunTime:0.013877s ]
INFO: [ view_filter ] --START--
INFO: Run Behavior\WriteHtmlCacheBehavior [ RunTime:0.002168s ]
INFO: [ view_filter ] --END-- [ RunTime:0.002202s ]
INFO: [ app_end ] --START--
INFO: Run Behavior\ShowPageTraceBehavior [ RunTime:0.001910s ]
INFO: [ app_end ] --END-- [ RunTime:0.001935s ]

[ 2019-09-25T16:56:23+08:00 ] 127.0.0.1 /home/index/xs/bh/09030201/page/3
INFO: [ app_init ] --START--
INFO: Run Behavior\BuildLiteBehavior [ RunTime:0.000013s ]
INFO: [ app_init ] --END-- [ RunTime:0.000663s ]
INFO: [ app_begin ] --START--
INFO: Run Behavior\ReadHtmlCacheBehavior [ RunTime:0.004650s ]
INFO: [ app_begin ] --END-- [ RunTime:0.004735s ]
SQL: SHOW COLUMNS FROM `xs` [ RunTime:0.0179s ]
SQL: SELECT COUNT(*) AS tp_count FROM `xs` WHERE ( bh=09030201 ) LIMIT 1   [ RunTime:0.0078s ]
SQL: SHOW COLUMNS FROM `xs` [ RunTime:0.0085s ]
SQL: SELECT `bj`,`xh`,`xm`,`xb` FROM `xs` INNER JOIN bj on xs.bh=bj.bh  WHERE ( bj.bh=09030201 ) LIMIT 20,10   [ RunTime:0.1417s ]
INFO: [ view_parse ] --START--
INFO: [ template_filter ] --START--
INFO: Run Behavior\ContentReplaceBehavior [ RunTime:0.000037s ]
INFO: [ template_filter ] --END-- [ RunTime:0.000097s ]
INFO: Run Behavior\ParseTemplateBehavior [ RunTime:0.016381s ]
INFO: [ view_parse ] --END-- [ RunTime:0.016459s ]
INFO: [ view_filter ] --START--
INFO: Run Behavior\WriteHtmlCacheBehavior [ RunTime:0.003930s ]
INFO: [ view_filter ] --END-- [ RunTime:0.003985s ]
INFO: [ app_end ] --START--
INFO: Run Behavior\ShowPageTraceBehavior [ RunTime:0.002519s ]
INFO: [ app_end ] --END-- [ RunTime:0.002560s ]

[ 2019-09-25T16:56:24+08:00 ] 127.0.0.1 /home/index/xs/bh/09030201/page/1
INFO: [ app_init ] --START--
INFO: Run Behavior\BuildLiteBehavior [ RunTime:0.000010s ]
INFO: [ app_init ] --END-- [ RunTime:0.000579s ]
INFO: [ app_begin ] --START--
INFO: Run Behavior\ReadHtmlCacheBehavior [ RunTime:0.003964s ]
INFO: [ app_begin ] --END-- [ RunTime:0.004037s ]
SQL: SHOW COLUMNS FROM `xs` [ RunTime:0.0215s ]
SQL: SELECT COUNT(*) AS tp_count FROM `xs` WHERE ( bh=09030201 ) LIMIT 1   [ RunTime:0.0054s ]
SQL: SHOW COLUMNS FROM `xs` [ RunTime:0.0064s ]
SQL: SELECT `bj`,`xh`,`xm`,`xb` FROM `xs` INNER JOIN bj on xs.bh=bj.bh  WHERE ( bj.bh=09030201 ) LIMIT 0,10   [ RunTime:0.0095s ]
INFO: [ view_parse ] --START--
INFO: [ template_filter ] --START--
INFO: Run Behavior\ContentReplaceBehavior [ RunTime:0.000030s ]
INFO: [ template_filter ] --END-- [ RunTime:0.000067s ]
INFO: Run Behavior\ParseTemplateBehavior [ RunTime:0.011913s ]
INFO: [ view_parse ] --END-- [ RunTime:0.011979s ]
INFO: [ view_filter ] --START--
INFO: Run Behavior\WriteHtmlCacheBehavior [ RunTime:0.001945s ]
INFO: [ view_filter ] --END-- [ RunTime:0.001970s ]
INFO: [ app_end ] --START--
INFO: Run Behavior\ShowPageTraceBehavior [ RunTime:0.001931s ]
INFO: [ app_end ] --END-- [ RunTime:0.001957s ]

[ 2019-09-25T16:57:02+08:00 ] 127.0.0.1 /home/index/xsupdate/xh/0903020103
INFO: [ app_init ] --START--
INFO: Run Behavior\BuildLiteBehavior [ RunTime:0.000018s ]
INFO: [ app_init ] --END-- [ RunTime:0.000925s ]
INFO: [ app_begin ] --START--
INFO: Run Behavior\ReadHtmlCacheBehavior [ RunTime:0.004400s ]
INFO: [ app_begin ] --END-- [ RunTime:0.004474s ]
SQL: SHOW COLUMNS FROM `xs` [ RunTime:0.0192s ]
SQL: SELECT * FROM `xs` WHERE ( xh=0903020103 )  [ RunTime:0.0091s ]
INFO: [ view_parse ] --START--
INFO: [ template_filter ] --START--
INFO: Run Behavior\ContentReplaceBehavior [ RunTime:0.000056s ]
INFO: [ template_filter ] --END-- [ RunTime:0.000138s ]
INFO: Run Behavior\ParseTemplateBehavior [ RunTime:0.028663s ]
INFO: [ view_parse ] --END-- [ RunTime:0.028810s ]
INFO: [ view_filter ] --START--
INFO: Run Behavior\WriteHtmlCacheBehavior [ RunTime:0.006406s ]
INFO: [ view_filter ] --END-- [ RunTime:0.006509s ]
INFO: [ app_end ] --START--
INFO: Run Behavior\ShowPageTraceBehavior [ RunTime:0.004347s ]
INFO: [ app_end ] --END-- [ RunTime:0.004403s ]

[ 2019-09-25T16:57:39+08:00 ] 127.0.0.1 /home/index/xsupdate/xh/0903020103
INFO: [ app_init ] --START--
INFO: Run Behavior\BuildLiteBehavior [ RunTime:0.000016s ]
INFO: [ app_init ] --END-- [ RunTime:0.000867s ]
INFO: [ app_begin ] --START--
INFO: Run Behavior\ReadHtmlCacheBehavior [ RunTime:0.003924s ]
INFO: [ app_begin ] --END-- [ RunTime:0.004027s ]
SQL: SHOW COLUMNS FROM `xs` [ RunTime:0.0188s ]
SQL: SELECT * FROM `xs` WHERE ( xh=0903020103 )  [ RunTime:0.0083s ]
INFO: [ view_parse ] --START--
INFO: [ template_filter ] --START--
INFO: Run Behavior\ContentReplaceBehavior [ RunTime:0.000044s ]
INFO: [ template_filter ] --END-- [ RunTime:0.000109s ]
INFO: Run Behavior\ParseTemplateBehavior [ RunTime:0.020495s ]
INFO: [ view_parse ] --END-- [ RunTime:0.020579s ]
INFO: [ view_filter ] --START--
INFO: Run Behavior\WriteHtmlCacheBehavior [ RunTime:0.005416s ]
INFO: [ view_filter ] --END-- [ RunTime:0.005488s ]
INFO: [ app_end ] --START--
INFO: Run Behavior\ShowPageTraceBehavior [ RunTime:0.008623s ]
INFO: [ app_end ] --END-- [ RunTime:0.008725s ]

[ 2019-09-25T16:57:42+08:00 ] 127.0.0.1 /home/index/xs/bh/09030201/page/1
INFO: [ app_init ] --START--
INFO: Run Behavior\BuildLiteBehavior [ RunTime:0.000018s ]
INFO: [ app_init ] --END-- [ RunTime:0.000923s ]
INFO: [ app_begin ] --START--
INFO: Run Behavior\ReadHtmlCacheBehavior [ RunTime:0.004706s ]
INFO: [ app_begin ] --END-- [ RunTime:0.004799s ]
SQL: SHOW COLUMNS FROM `xs` [ RunTime:0.0222s ]
SQL: SELECT COUNT(*) AS tp_count FROM `xs` WHERE ( bh=09030201 ) LIMIT 1   [ RunTime:0.0099s ]
SQL: SHOW COLUMNS FROM `xs` [ RunTime:0.0091s ]
SQL: SELECT `bj`,`xh`,`xm`,`xb` FROM `xs` INNER JOIN bj on xs.bh=bj.bh  WHERE ( bj.bh=09030201 ) LIMIT 0,10   [ RunTime:0.0094s ]
INFO: [ view_parse ] --START--
INFO: [ template_filter ] --START--
INFO: Run Behavior\ContentReplaceBehavior [ RunTime:0.000077s ]
INFO: [ template_filter ] --END-- [ RunTime:0.000168s ]
INFO: Run Behavior\ParseTemplateBehavior [ RunTime:0.016662s ]
INFO: [ view_parse ] --END-- [ RunTime:0.016743s ]
INFO: [ view_filter ] --START--
INFO: Run Behavior\WriteHtmlCacheBehavior [ RunTime:0.002266s ]
INFO: [ view_filter ] --END-- [ RunTime:0.002296s ]
INFO: [ app_end ] --START--
INFO: Run Behavior\ShowPageTraceBehavior [ RunTime:0.002243s ]
INFO: [ app_end ] --END-- [ RunTime:0.002271s ]

[ 2019-09-25T16:57:44+08:00 ] 127.0.0.1 /home/index/xsdetail/xh/0903020106
INFO: [ app_init ] --START--
INFO: Run Behavior\BuildLiteBehavior [ RunTime:0.000017s ]
INFO: [ app_init ] --END-- [ RunTime:0.000603s ]
INFO: [ app_begin ] --START--
INFO: Run Behavior\ReadHtmlCacheBehavior [ RunTime:0.005649s ]
INFO: [ app_begin ] --END-- [ RunTime:0.005769s ]
SQL: SHOW COLUMNS FROM `xs` [ RunTime:0.0215s ]
SQL: SELECT * FROM `xs` WHERE ( xh=0903020106 )  [ RunTime:0.0066s ]
INFO: [ view_parse ] --START--
INFO: [ template_filter ] --START--
INFO: Run Behavior\ContentReplaceBehavior [ RunTime:0.000027s ]
INFO: [ template_filter ] --END-- [ RunTime:0.000069s ]
INFO: Run Behavior\ParseTemplateBehavior [ RunTime:0.015213s ]
INFO: [ view_parse ] --END-- [ RunTime:0.015273s ]
INFO: [ view_filter ] --START--
INFO: Run Behavior\WriteHtmlCacheBehavior [ RunTime:0.003166s ]
INFO: [ view_filter ] --END-- [ RunTime:0.003227s ]
INFO: [ app_end ] --START--
INFO: Run Behavior\ShowPageTraceBehavior [ RunTime:0.003093s ]
INFO: [ app_end ] --END-- [ RunTime:0.003150s ]

[ 2019-09-25T17:01:35+08:00 ] 127.0.0.1 /home/index/xsdetail/xh/0903020106
INFO: [ app_init ] --START--
INFO: Run Behavior\BuildLiteBehavior [ RunTime:0.000010s ]
INFO: [ app_init ] --END-- [ RunTime:0.000458s ]
INFO: [ app_begin ] --START--
INFO: Run Behavior\ReadHtmlCacheBehavior [ RunTime:0.004801s ]
INFO: [ app_begin ] --END-- [ RunTime:0.004945s ]
SQL: SHOW COLUMNS FROM `xs` [ RunTime:0.0761s ]
SQL: SELECT * FROM `xs` WHERE ( xh=0903020106 )  [ RunTime:0.0155s ]
INFO: [ view_parse ] --START--
INFO: [ template_filter ] --START--
INFO: Run Behavior\ContentReplaceBehavior [ RunTime:0.000035s ]
INFO: [ template_filter ] --END-- [ RunTime:0.000087s ]
INFO: Run Behavior\ParseTemplateBehavior [ RunTime:0.034560s ]
INFO: [ view_parse ] --END-- [ RunTime:0.034667s ]
INFO: [ view_filter ] --START--
INFO: Run Behavior\WriteHtmlCacheBehavior [ RunTime:0.004920s ]
INFO: [ view_filter ] --END-- [ RunTime:0.004986s ]
INFO: [ app_end ] --START--
INFO: Run Behavior\ShowPageTraceBehavior [ RunTime:0.003668s ]
INFO: [ app_end ] --END-- [ RunTime:0.003729s ]

[ 2019-09-25T17:01:47+08:00 ] 127.0.0.1 /home/index/xsupdate/xh/0903020106?xb=nan
INFO: [ app_init ] --START--
INFO: Run Behavior\BuildLiteBehavior [ RunTime:0.000017s ]
INFO: [ app_init ] --END-- [ RunTime:0.000959s ]
INFO: [ app_begin ] --START--
INFO: Run Behavior\ReadHtmlCacheBehavior [ RunTime:0.005356s ]
INFO: [ app_begin ] --END-- [ RunTime:0.005470s ]
SQL: SHOW COLUMNS FROM `xs` [ RunTime:0.0208s ]
SQL: SELECT * FROM `xs` WHERE ( xh=0903020106 )  [ RunTime:0.0109s ]
INFO: [ view_parse ] --START--
INFO: [ template_filter ] --START--
INFO: Run Behavior\ContentReplaceBehavior [ RunTime:0.000043s ]
INFO: [ template_filter ] --END-- [ RunTime:0.000111s ]
INFO: Run Behavior\ParseTemplateBehavior [ RunTime:0.025906s ]
INFO: [ view_parse ] --END-- [ RunTime:0.026007s ]
INFO: [ view_filter ] --START--
INFO: Run Behavior\WriteHtmlCacheBehavior [ RunTime:0.004600s ]
INFO: [ view_filter ] --END-- [ RunTime:0.004660s ]
INFO: [ app_end ] --START--
INFO: Run Behavior\ShowPageTraceBehavior [ RunTime:0.004579s ]
INFO: [ app_end ] --END-- [ RunTime:0.004638s ]

[ 2019-09-25T17:01:50+08:00 ] 127.0.0.1 /home/index/xs/bh/09030201
INFO: [ app_init ] --START--
INFO: Run Behavior\BuildLiteBehavior [ RunTime:0.000013s ]
INFO: [ app_init ] --END-- [ RunTime:0.000817s ]
INFO: [ app_begin ] --START--
INFO: Run Behavior\ReadHtmlCacheBehavior [ RunTime:0.003800s ]
INFO: [ app_begin ] --END-- [ RunTime:0.003875s ]
SQL: SHOW COLUMNS FROM `xs` [ RunTime:0.0243s ]
SQL: SELECT COUNT(*) AS tp_count FROM `xs` WHERE ( bh=09030201 ) LIMIT 1   [ RunTime:0.0133s ]
SQL: SHOW COLUMNS FROM `xs` [ RunTime:0.0136s ]
SQL: SELECT `bj`,`xh`,`xm`,`xb` FROM `xs` INNER JOIN bj on xs.bh=bj.bh  WHERE ( bj.bh=09030201 ) LIMIT 0,10   [ RunTime:0.0499s ]
INFO: [ view_parse ] --START--
INFO: [ template_filter ] --START--
INFO: Run Behavior\ContentReplaceBehavior [ RunTime:0.000102s ]
INFO: [ template_filter ] --END-- [ RunTime:0.000238s ]
INFO: Run Behavior\ParseTemplateBehavior [ RunTime:0.035936s ]
INFO: [ view_parse ] --END-- [ RunTime:0.036072s ]
INFO: [ view_filter ] --START--
INFO: Run Behavior\WriteHtmlCacheBehavior [ RunTime:0.004587s ]
INFO: [ view_filter ] --END-- [ RunTime:0.004648s ]
INFO: [ app_end ] --START--
INFO: Run Behavior\ShowPageTraceBehavior [ RunTime:0.005447s ]
INFO: [ app_end ] --END-- [ RunTime:0.005523s ]

[ 2019-09-25T17:02:05+08:00 ] 127.0.0.1 /home/index/xsdetail/xh/0903020103
INFO: [ app_init ] --START--
INFO: Run Behavior\BuildLiteBehavior [ RunTime:0.000016s ]
INFO: [ app_init ] --END-- [ RunTime:0.001070s ]
INFO: [ app_begin ] --START--
INFO: Run Behavior\ReadHtmlCacheBehavior [ RunTime:0.003522s ]
INFO: [ app_begin ] --END-- [ RunTime:0.003596s ]
SQL: SHOW COLUMNS FROM `xs` [ RunTime:0.1582s ]
SQL: SELECT * FROM `xs` WHERE ( xh=0903020103 )  [ RunTime:0.0125s ]
INFO: [ view_parse ] --START--
INFO: [ template_filter ] --START--
INFO: Run Behavior\ContentReplaceBehavior [ RunTime:0.000053s ]
INFO: [ template_filter ] --END-- [ RunTime:0.000120s ]
INFO: Run Behavior\ParseTemplateBehavior [ RunTime:0.018662s ]
INFO: [ view_parse ] --END-- [ RunTime:0.018737s ]
INFO: [ view_filter ] --START--
INFO: Run Behavior\WriteHtmlCacheBehavior [ RunTime:0.002800s ]
INFO: [ view_filter ] --END-- [ RunTime:0.002839s ]
INFO: [ app_end ] --START--
INFO: Run Behavior\ShowPageTraceBehavior [ RunTime:0.002616s ]
INFO: [ app_end ] --END-- [ RunTime:0.002650s ]

[ 2019-09-25T17:02:10+08:00 ] 127.0.0.1 /home/index/xsupdate/xh/0903020103?xb=nn
INFO: [ app_init ] --START--
INFO: Run Behavior\BuildLiteBehavior [ RunTime:0.000017s ]
INFO: [ app_init ] --END-- [ RunTime:0.002065s ]
INFO: [ app_begin ] --START--
INFO: Run Behavior\ReadHtmlCacheBehavior [ RunTime:0.003180s ]
INFO: [ app_begin ] --END-- [ RunTime:0.003281s ]
SQL: SHOW COLUMNS FROM `xs` [ RunTime:0.0192s ]
SQL: SELECT * FROM `xs` WHERE ( xh=0903020103 )  [ RunTime:0.0090s ]
INFO: [ view_parse ] --START--
INFO: [ template_filter ] --START--
INFO: Run Behavior\ContentReplaceBehavior [ RunTime:0.000051s ]
INFO: [ template_filter ] --END-- [ RunTime:0.000108s ]
INFO: Run Behavior\ParseTemplateBehavior [ RunTime:0.021789s ]
INFO: [ view_parse ] --END-- [ RunTime:0.021893s ]
INFO: [ view_filter ] --START--
INFO: Run Behavior\WriteHtmlCacheBehavior [ RunTime:0.002498s ]
INFO: [ view_filter ] --END-- [ RunTime:0.002530s ]
INFO: [ app_end ] --START--
INFO: Run Behavior\ShowPageTraceBehavior [ RunTime:0.002824s ]
INFO: [ app_end ] --END-- [ RunTime:0.002876s ]

[ 2019-09-25T17:12:05+08:00 ] 127.0.0.1 /home/index/xs/bh/09030201
INFO: [ app_init ] --START--
INFO: Run Behavior\BuildLiteBehavior [ RunTime:0.000011s ]
INFO: [ app_init ] --END-- [ RunTime:0.000527s ]
INFO: [ app_begin ] --START--
INFO: Run Behavior\ReadHtmlCacheBehavior [ RunTime:0.005337s ]
INFO: [ app_begin ] --END-- [ RunTime:0.005439s ]
SQL: SHOW COLUMNS FROM `xs` [ RunTime:0.0266s ]
SQL: SELECT COUNT(*) AS tp_count FROM `xs` WHERE ( bh=09030201 ) LIMIT 1   [ RunTime:0.0108s ]
SQL: SHOW COLUMNS FROM `xs` [ RunTime:0.0154s ]
SQL: SELECT `bj`,`xh`,`xm`,`xb` FROM `xs` INNER JOIN bj on xs.bh=bj.bh  WHERE ( bj.bh=09030201 ) LIMIT 0,10   [ RunTime:0.0317s ]
INFO: [ view_parse ] --START--
INFO: [ template_filter ] --START--
INFO: Run Behavior\ContentReplaceBehavior [ RunTime:0.000064s ]
INFO: [ template_filter ] --END-- [ RunTime:0.000140s ]
INFO: Run Behavior\ParseTemplateBehavior [ RunTime:0.044320s ]
INFO: [ view_parse ] --END-- [ RunTime:0.044444s ]
INFO: [ view_filter ] --START--
INFO: Run Behavior\WriteHtmlCacheBehavior [ RunTime:0.007801s ]
INFO: [ view_filter ] --END-- [ RunTime:0.007886s ]
INFO: [ app_end ] --START--
INFO: Run Behavior\ShowPageTraceBehavior [ RunTime:0.007254s ]
INFO: [ app_end ] --END-- [ RunTime:0.007374s ]

[ 2019-09-25T17:12:08+08:00 ] 127.0.0.1 /home/index/xsupdate/xh/0903020105
INFO: [ app_init ] --START--
INFO: Run Behavior\BuildLiteBehavior [ RunTime:0.000035s ]
INFO: [ app_init ] --END-- [ RunTime:0.001215s ]
INFO: [ app_begin ] --START--
INFO: Run Behavior\ReadHtmlCacheBehavior [ RunTime:0.007092s ]
INFO: [ app_begin ] --END-- [ RunTime:0.007212s ]
SQL: SHOW COLUMNS FROM `xs` [ RunTime:0.0646s ]
SQL: SELECT * FROM `xs` WHERE ( xh=0903020105 )  [ RunTime:0.0146s ]
NOTIC: [2] is_file(): open_basedir restriction in effect. File(/home/index/xs/xh0903020105) is not within the allowed path(s): (E:\PHP\UPUPW_AP5.5-1510\UPUPW_AP5.5\vhosts\www.tp.com\;E:\PHP\UPUPW_AP5.5-1510\UPUPW_AP5.5\memcached\;E:\PHP\UPUPW_AP5.5-1510\UPUPW_AP5.5\phpmyadmin\;E:\PHP\UPUPW_AP5.5-1510\UPUPW_AP5.5\temp\;C:\WINDOWS\Temp&quot;) E:\PHP\UPUPW_AP5.5-1510\UPUPW_AP5.5\vhosts\www.tp.com\ThinkPHP\Library\Think\View.class.php 第 143 行.
ERR: 模板不存在:./Application/Home/View//home/index/xs/xh0903020105.html

[ 2019-09-25T17:12:28+08:00 ] 127.0.0.1 /home/index/xsupdate/xh/0903020105
INFO: [ app_init ] --START--
INFO: Run Behavior\BuildLiteBehavior [ RunTime:0.000028s ]
INFO: [ app_init ] --END-- [ RunTime:0.000828s ]
INFO: [ app_begin ] --START--
INFO: Run Behavior\ReadHtmlCacheBehavior [ RunTime:0.003639s ]
INFO: [ app_begin ] --END-- [ RunTime:0.003774s ]
SQL: SHOW COLUMNS FROM `xs` [ RunTime:0.0228s ]
SQL: SELECT * FROM `xs` WHERE ( xh=0903020105 )  [ RunTime:0.0131s ]
INFO: [ app_end ] --START--
INFO: Run Behavior\ShowPageTraceBehavior [ RunTime:0.004729s ]
INFO: [ app_end ] --END-- [ RunTime:0.004796s ]

[ 2019-09-25T17:12:31+08:00 ] 127.0.0.1 /home/index/xs/bh/09030201
INFO: [ app_init ] --START--
INFO: Run Behavior\BuildLiteBehavior [ RunTime:0.000012s ]
INFO: [ app_init ] --END-- [ RunTime:0.000732s ]
INFO: [ app_begin ] --START--
INFO: Run Behavior\ReadHtmlCacheBehavior [ RunTime:0.005235s ]
INFO: [ app_begin ] --END-- [ RunTime:0.005291s ]
SQL: SHOW COLUMNS FROM `xs` [ RunTime:0.0232s ]
SQL: SELECT COUNT(*) AS tp_count FROM `xs` WHERE ( bh=09030201 ) LIMIT 1   [ RunTime:0.0114s ]
SQL: SHOW COLUMNS FROM `xs` [ RunTime:0.0144s ]
SQL: SELECT `bj`,`xh`,`xm`,`xb` FROM `xs` INNER JOIN bj on xs.bh=bj.bh  WHERE ( bj.bh=09030201 ) LIMIT 0,10   [ RunTime:0.0171s ]
INFO: [ view_parse ] --START--
INFO: [ template_filter ] --START--
INFO: Run Behavior\ContentReplaceBehavior [ RunTime:0.000039s ]
INFO: [ template_filter ] --END-- [ RunTime:0.000091s ]
INFO: Run Behavior\ParseTemplateBehavior [ RunTime:0.020435s ]
INFO: [ view_parse ] --END-- [ RunTime:0.020506s ]
INFO: [ view_filter ] --START--
INFO: Run Behavior\WriteHtmlCacheBehavior [ RunTime:0.002737s ]
INFO: [ view_filter ] --END-- [ RunTime:0.002989s ]
INFO: [ app_end ] --START--
INFO: Run Behavior\ShowPageTraceBehavior [ RunTime:0.002524s ]
INFO: [ app_end ] --END-- [ RunTime:0.002596s ]

[ 2019-09-25T17:12:33+08:00 ] 127.0.0.1 /home/index/xsdetail/xh/0903020103
INFO: [ app_init ] --START--
INFO: Run Behavior\BuildLiteBehavior [ RunTime:0.000011s ]
INFO: [ app_init ] --END-- [ RunTime:0.001639s ]
INFO: [ app_begin ] --START--
INFO: Run Behavior\ReadHtmlCacheBehavior [ RunTime:0.008024s ]
INFO: [ app_begin ] --END-- [ RunTime:0.008094s ]
SQL: SHOW COLUMNS FROM `xs` [ RunTime:0.0166s ]
SQL: SELECT * FROM `xs` WHERE ( xh=0903020103 )  [ RunTime:0.0077s ]
INFO: [ view_parse ] --START--
INFO: [ template_filter ] --START--
INFO: Run Behavior\ContentReplaceBehavior [ RunTime:0.000029s ]
INFO: [ template_filter ] --END-- [ RunTime:0.000073s ]
INFO: Run Behavior\ParseTemplateBehavior [ RunTime:0.035346s ]
INFO: [ view_parse ] --END-- [ RunTime:0.035501s ]
INFO: [ view_filter ] --START--
INFO: Run Behavior\WriteHtmlCacheBehavior [ RunTime:0.010272s ]
INFO: [ view_filter ] --END-- [ RunTime:0.010381s ]
INFO: [ app_end ] --START--
INFO: Run Behavior\ShowPageTraceBehavior [ RunTime:0.005250s ]
INFO: [ app_end ] --END-- [ RunTime:0.005323s ]

[ 2019-09-25T17:12:41+08:00 ] 127.0.0.1 /home/index/xsupdate/xh/0903020103?xb=nan
INFO: [ app_init ] --START--
INFO: Run Behavior\BuildLiteBehavior [ RunTime:0.000017s ]
INFO: [ app_init ] --END-- [ RunTime:0.001143s ]
INFO: [ app_begin ] --START--
INFO: Run Behavior\ReadHtmlCacheBehavior [ RunTime:0.003243s ]
INFO: [ app_begin ] --END-- [ RunTime:0.003327s ]
SQL: SHOW COLUMNS FROM `xs` [ RunTime:0.0209s ]
SQL: SELECT * FROM `xs` WHERE ( xh=0903020103 )  [ RunTime:0.0122s ]
INFO: [ app_end ] --START--
INFO: Run Behavior\ShowPageTraceBehavior [ RunTime:0.005763s ]
INFO: [ app_end ] --END-- [ RunTime:0.005848s ]

[ 2019-09-25T17:13:05+08:00 ] 127.0.0.1 /home/index/xs/bh/09030201
INFO: [ app_init ] --START--
INFO: Run Behavior\BuildLiteBehavior [ RunTime:0.000018s ]
INFO: [ app_init ] --END-- [ RunTime:0.000928s ]
INFO: [ app_begin ] --START--
INFO: Run Behavior\ReadHtmlCacheBehavior [ RunTime:0.005299s ]
INFO: [ app_begin ] --END-- [ RunTime:0.005423s ]
SQL: SHOW COLUMNS FROM `xs` [ RunTime:0.0158s ]
SQL: SELECT COUNT(*) AS tp_count FROM `xs` WHERE ( bh=09030201 ) LIMIT 1   [ RunTime:0.0180s ]
SQL: SHOW COLUMNS FROM `xs` [ RunTime:0.0112s ]
SQL: SELECT `bj`,`xh`,`xm`,`xb` FROM `xs` INNER JOIN bj on xs.bh=bj.bh  WHERE ( bj.bh=09030201 ) LIMIT 0,10   [ RunTime:0.0149s ]
INFO: [ view_parse ] --START--
INFO: [ template_filter ] --START--
INFO: Run Behavior\ContentReplaceBehavior [ RunTime:0.000058s ]
INFO: [ template_filter ] --END-- [ RunTime:0.000138s ]
INFO: Run Behavior\ParseTemplateBehavior [ RunTime:0.020791s ]
INFO: [ view_parse ] --END-- [ RunTime:0.020926s ]
INFO: [ view_filter ] --START--
INFO: Run Behavior\WriteHtmlCacheBehavior [ RunTime:0.010251s ]
INFO: [ view_filter ] --END-- [ RunTime:0.010327s ]
INFO: [ app_end ] --START--
INFO: Run Behavior\ShowPageTraceBehavior [ RunTime:0.009730s ]
INFO: [ app_end ] --END-- [ RunTime:0.009836s ]

[ 2019-09-25T17:13:06+08:00 ] 127.0.0.1 /home/index/xsupdate/xh/0903020102
INFO: [ app_init ] --START--
INFO: Run Behavior\BuildLiteBehavior [ RunTime:0.000029s ]
INFO: [ app_init ] --END-- [ RunTime:0.001593s ]
INFO: [ app_begin ] --START--
INFO: Run Behavior\ReadHtmlCacheBehavior [ RunTime:0.003180s ]
INFO: [ app_begin ] --END-- [ RunTime:0.003259s ]
SQL: SHOW COLUMNS FROM `xs` [ RunTime:0.0537s ]
SQL: SELECT * FROM `xs` WHERE ( xh=0903020102 )  [ RunTime:0.0095s ]
INFO: [ app_end ] --START--
INFO: Run Behavior\ShowPageTraceBehavior [ RunTime:0.004175s ]
INFO: [ app_end ] --END-- [ RunTime:0.004237s ]

[ 2019-09-25T17:13:09+08:00 ] 127.0.0.1 /home/index/xsupdate/xh/0903020102
INFO: [ app_init ] --START--
INFO: Run Behavior\BuildLiteBehavior [ RunTime:0.000019s ]
INFO: [ app_init ] --END-- [ RunTime:0.000925s ]
INFO: [ app_begin ] --START--
INFO: Run Behavior\ReadHtmlCacheBehavior [ RunTime:0.004884s ]
INFO: [ app_begin ] --END-- [ RunTime:0.004977s ]
SQL: SHOW COLUMNS FROM `xs` [ RunTime:0.0191s ]
SQL: SELECT * FROM `xs` WHERE ( xh=0903020102 )  [ RunTime:0.0111s ]
INFO: [ app_end ] --START--
INFO: Run Behavior\ShowPageTraceBehavior [ RunTime:0.004618s ]
INFO: [ app_end ] --END-- [ RunTime:0.004702s ]

[ 2019-09-25T17:13:11+08:00 ] 127.0.0.1 /home/index/xsupdate/xh/0903020102
INFO: [ app_init ] --START--
INFO: Run Behavior\BuildLiteBehavior [ RunTime:0.000009s ]
INFO: [ app_init ] --END-- [ RunTime:0.000408s ]
INFO: [ app_begin ] --START--
INFO: Run Behavior\ReadHtmlCacheBehavior [ RunTime:0.006070s ]
INFO: [ app_begin ] --END-- [ RunTime:0.006440s ]
SQL: SHOW COLUMNS FROM `xs` [ RunTime:0.0216s ]
SQL: SELECT * FROM `xs` WHERE ( xh=0903020102 )  [ RunTime:0.0048s ]
INFO: [ app_end ] --START--
INFO: Run Behavior\ShowPageTraceBehavior [ RunTime:0.002238s ]
INFO: [ app_end ] --END-- [ RunTime:0.002270s ]

[ 2019-09-25T17:13:16+08:00 ] 127.0.0.1 /home/index/xsupdate/xh/0903020106
INFO: [ app_init ] --START--
INFO: Run Behavior\BuildLiteBehavior [ RunTime:0.000010s ]
INFO: [ app_init ] --END-- [ RunTime:0.000505s ]
INFO: [ app_begin ] --START--
INFO: Run Behavior\ReadHtmlCacheBehavior [ RunTime:0.010232s ]
INFO: [ app_begin ] --END-- [ RunTime:0.010345s ]
SQL: SHOW COLUMNS FROM `xs` [ RunTime:0.0268s ]
SQL: SELECT * FROM `xs` WHERE ( xh=0903020106 )  [ RunTime:0.0126s ]
INFO: [ app_end ] --START--
INFO: Run Behavior\ShowPageTraceBehavior [ RunTime:0.006406s ]
INFO: [ app_end ] --END-- [ RunTime:0.006477s ]

[ 2019-09-25T17:13:20+08:00 ] 127.0.0.1 /home/index/xsupdate/xh/0903020106
INFO: [ app_init ] --START--
INFO: Run Behavior\BuildLiteBehavior [ RunTime:0.000011s ]
INFO: [ app_init ] --END-- [ RunTime:0.000592s ]
INFO: [ app_begin ] --START--
INFO: Run Behavior\ReadHtmlCacheBehavior [ RunTime:0.006624s ]
INFO: [ app_begin ] --END-- [ RunTime:0.006734s ]
SQL: SHOW COLUMNS FROM `xs` [ RunTime:0.0176s ]
SQL: SELECT * FROM `xs` WHERE ( xh=0903020106 )  [ RunTime:0.0068s ]
INFO: [ app_end ] --START--
INFO: Run Behavior\ShowPageTraceBehavior [ RunTime:0.003447s ]
INFO: [ app_end ] --END-- [ RunTime:0.003500s ]

[ 2019-09-25T17:14:05+08:00 ] 127.0.0.1 /home/index/xsupdate/xh/0903020102
INFO: [ app_init ] --START--
INFO: Run Behavior\BuildLiteBehavior [ RunTime:0.000016s ]
INFO: [ app_init ] --END-- [ RunTime:0.000741s ]
INFO: [ app_begin ] --START--
INFO: Run Behavior\ReadHtmlCacheBehavior [ RunTime:0.009970s ]
INFO: [ app_begin ] --END-- [ RunTime:0.010071s ]
SQL: SHOW COLUMNS FROM `xs` [ RunTime:0.0146s ]
SQL: SELECT * FROM `xs` WHERE ( xh=0903020102 )  [ RunTime:0.0076s ]
INFO: [ app_end ] --START--
INFO: Run Behavior\ShowPageTraceBehavior [ RunTime:0.002726s ]
INFO: [ app_end ] --END-- [ RunTime:0.002762s ]

[ 2019-09-25T17:14:41+08:00 ] 127.0.0.1 /home/index/xsupdate/xh/0903020105
INFO: [ app_init ] --START--
INFO: Run Behavior\BuildLiteBehavior [ RunTime:0.000021s ]
INFO: [ app_init ] --END-- [ RunTime:0.001262s ]
INFO: [ app_begin ] --START--
INFO: Run Behavior\ReadHtmlCacheBehavior [ RunTime:0.004546s ]
INFO: [ app_begin ] --END-- [ RunTime:0.004631s ]
SQL: SHOW COLUMNS FROM `xs` [ RunTime:0.0200s ]
SQL: SELECT * FROM `xs` WHERE ( xh=0903020105 )  [ RunTime:0.0119s ]
INFO: [ app_end ] --START--
INFO: Run Behavior\ShowPageTraceBehavior [ RunTime:0.004475s ]
INFO: [ app_end ] --END-- [ RunTime:0.004534s ]

[ 2019-09-25T17:15:28+08:00 ] 127.0.0.1 /home/index/xs/bh/09030201
INFO: [ app_init ] --START--
INFO: Run Behavior\BuildLiteBehavior [ RunTime:0.000016s ]
INFO: [ app_init ] --END-- [ RunTime:0.000642s ]
INFO: [ app_begin ] --START--
INFO: Run Behavior\ReadHtmlCacheBehavior [ RunTime:0.003626s ]
INFO: [ app_begin ] --END-- [ RunTime:0.003695s ]
SQL: SHOW COLUMNS FROM `xs` [ RunTime:0.0182s ]
SQL: SELECT COUNT(*) AS tp_count FROM `xs` WHERE ( bh=09030201 ) LIMIT 1   [ RunTime:0.0066s ]
SQL: SHOW COLUMNS FROM `xs` [ RunTime:0.0087s ]
SQL: SELECT `bj`,`xh`,`xm`,`xb` FROM `xs` INNER JOIN bj on xs.bh=bj.bh  WHERE ( bj.bh=09030201 ) LIMIT 0,10   [ RunTime:0.0142s ]
INFO: [ view_parse ] --START--
INFO: [ template_filter ] --START--
INFO: Run Behavior\ContentReplaceBehavior [ RunTime:0.000037s ]
INFO: [ template_filter ] --END-- [ RunTime:0.000082s ]
INFO: Run Behavior\ParseTemplateBehavior [ RunTime:0.034424s ]
INFO: [ view_parse ] --END-- [ RunTime:0.034505s ]
INFO: [ view_filter ] --START--
INFO: Run Behavior\WriteHtmlCacheBehavior [ RunTime:0.003449s ]
INFO: [ view_filter ] --END-- [ RunTime:0.003509s ]
INFO: [ app_end ] --START--
INFO: Run Behavior\ShowPageTraceBehavior [ RunTime:0.003691s ]
INFO: [ app_end ] --END-- [ RunTime:0.003741s ]

[ 2019-09-25T17:15:29+08:00 ] 127.0.0.1 /home/index/xsdetail/xh/0903020102
INFO: [ app_init ] --START--
INFO: Run Behavior\BuildLiteBehavior [ RunTime:0.000018s ]
INFO: [ app_init ] --END-- [ RunTime:0.000898s ]
INFO: [ app_begin ] --START--
INFO: Run Behavior\ReadHtmlCacheBehavior [ RunTime:0.007865s ]
INFO: [ app_begin ] --END-- [ RunTime:0.008014s ]
SQL: SHOW COLUMNS FROM `xs` [ RunTime:0.0224s ]
SQL: SELECT * FROM `xs` WHERE ( xh=0903020102 )  [ RunTime:0.0099s ]
INFO: [ view_parse ] --START--
INFO: [ template_filter ] --START--
INFO: Run Behavior\ContentReplaceBehavior [ RunTime:0.000028s ]
INFO: [ template_filter ] --END-- [ RunTime:0.000073s ]
INFO: Run Behavior\ParseTemplateBehavior [ RunTime:0.024277s ]
INFO: [ view_parse ] --END-- [ RunTime:0.024388s ]
INFO: [ view_filter ] --START--
INFO: Run Behavior\WriteHtmlCacheBehavior [ RunTime:0.005764s ]
INFO: [ view_filter ] --END-- [ RunTime:0.005842s ]
INFO: [ app_end ] --START--
INFO: Run Behavior\ShowPageTraceBehavior [ RunTime:0.005082s ]
INFO: [ app_end ] --END-- [ RunTime:0.005186s ]

[ 2019-09-25T17:15:34+08:00 ] 127.0.0.1 /home/index/xsupdate/xh/0903020102
INFO: [ app_init ] --START--
INFO: Run Behavior\BuildLiteBehavior [ RunTime:0.000018s ]
INFO: [ app_init ] --END-- [ RunTime:0.000905s ]
INFO: [ app_begin ] --START--
INFO: Run Behavior\ReadHtmlCacheBehavior [ RunTime:0.006624s ]
INFO: [ app_begin ] --END-- [ RunTime:0.006947s ]
SQL: SHOW COLUMNS FROM `xs` [ RunTime:0.0307s ]
SQL: SELECT * FROM `xs` WHERE ( xh=0903020102 )  [ RunTime:0.0116s ]
INFO: [ app_end ] --START--
INFO: Run Behavior\ShowPageTraceBehavior [ RunTime:0.005483s ]
INFO: [ app_end ] --END-- [ RunTime:0.005561s ]

[ 2019-09-25T17:16:03+08:00 ] 127.0.0.1 /home/index/xs/bh/09030201
INFO: [ app_init ] --START--
INFO: Run Behavior\BuildLiteBehavior [ RunTime:0.000016s ]
INFO: [ app_init ] --END-- [ RunTime:0.000681s ]
INFO: [ app_begin ] --START--
INFO: Run Behavior\ReadHtmlCacheBehavior [ RunTime:0.004626s ]
INFO: [ app_begin ] --END-- [ RunTime:0.004708s ]
SQL: SHOW COLUMNS FROM `xs` [ RunTime:0.0177s ]
SQL: SELECT COUNT(*) AS tp_count FROM `xs` WHERE ( bh=09030201 ) LIMIT 1   [ RunTime:0.0067s ]
SQL: SHOW COLUMNS FROM `xs` [ RunTime:0.0068s ]
SQL: SELECT `bj`,`xh`,`xm`,`xb` FROM `xs` INNER JOIN bj on xs.bh=bj.bh  WHERE ( bj.bh=09030201 ) LIMIT 0,10   [ RunTime:0.0091s ]
INFO: [ view_parse ] --START--
INFO: [ template_filter ] --START--
INFO: Run Behavior\ContentReplaceBehavior [ RunTime:0.000030s ]
INFO: [ template_filter ] --END-- [ RunTime:0.000065s ]
INFO: Run Behavior\ParseTemplateBehavior [ RunTime:0.018755s ]
INFO: [ view_parse ] --END-- [ RunTime:0.018862s ]
INFO: [ view_filter ] --START--
INFO: Run Behavior\WriteHtmlCacheBehavior [ RunTime:0.003602s ]
INFO: [ view_filter ] --END-- [ RunTime:0.003646s ]
INFO: [ app_end ] --START--
INFO: Run Behavior\ShowPageTraceBehavior [ RunTime:0.003342s ]
INFO: [ app_end ] --END-- [ RunTime:0.003389s ]

[ 2019-09-25T17:16:05+08:00 ] 127.0.0.1 /home/index/xsdetail/xh/0903020105
INFO: [ app_init ] --START--
INFO: Run Behavior\BuildLiteBehavior [ RunTime:0.000017s ]
INFO: [ app_init ] --END-- [ RunTime:0.000898s ]
INFO: [ app_begin ] --START--
INFO: Run Behavior\ReadHtmlCacheBehavior [ RunTime:0.003028s ]
INFO: [ app_begin ] --END-- [ RunTime:0.003154s ]
SQL: SHOW COLUMNS FROM `xs` [ RunTime:0.0265s ]
SQL: SELECT * FROM `xs` WHERE ( xh=0903020105 )  [ RunTime:0.0136s ]
INFO: [ view_parse ] --START--
INFO: [ template_filter ] --START--
INFO: Run Behavior\ContentReplaceBehavior [ RunTime:0.000035s ]
INFO: [ template_filter ] --END-- [ RunTime:0.000089s ]
INFO: Run Behavior\ParseTemplateBehavior [ RunTime:0.031651s ]
INFO: [ view_parse ] --END-- [ RunTime:0.031735s ]
INFO: [ view_filter ] --START--
INFO: Run Behavior\WriteHtmlCacheBehavior [ RunTime:0.003219s ]
INFO: [ view_filter ] --END-- [ RunTime:0.003270s ]
INFO: [ app_end ] --START--
INFO: Run Behavior\ShowPageTraceBehavior [ RunTime:0.003131s ]
INFO: [ app_end ] --END-- [ RunTime:0.003188s ]

[ 2019-09-25T17:16:08+08:00 ] 127.0.0.1 /home/index/xs/xh/0903020105
INFO: [ app_init ] --START--
INFO: Run Behavior\BuildLiteBehavior [ RunTime:0.000019s ]
INFO: [ app_init ] --END-- [ RunTime:0.000908s ]
INFO: [ app_begin ] --START--
INFO: Run Behavior\ReadHtmlCacheBehavior [ RunTime:0.004588s ]
INFO: [ app_begin ] --END-- [ RunTime:0.004683s ]
SQL: SHOW COLUMNS FROM `xs` [ RunTime:0.0443s ]
ERR: 1064:You have an error in your SQL syntax; check the manual that corresponds to your MariaDB server version for the right syntax to use near ') LIMIT 1' at line 1
 [ SQL语句 ] : SELECT COUNT(*) AS tp_count FROM `xs` WHERE ( bh= ) LIMIT 1  
ERR: 1064:You have an error in your SQL syntax; check the manual that corresponds to your MariaDB server version for the right syntax to use near ') LIMIT 1' at line 1
 [ SQL语句 ] : SELECT COUNT(*) AS tp_count FROM `xs` WHERE ( bh= ) LIMIT 1  

