[ 2019-09-11T16:02:02+08:00 ] 127.0.0.1 /
INFO: [ app_init ] --START--
INFO: Run Behavior\BuildLiteBehavior [ RunTime:0.000011s ]
INFO: [ app_init ] --END-- [ RunTime:0.000743s ]
INFO: [ app_begin ] --START--
INFO: Run Behavior\ReadHtmlCacheBehavior [ RunTime:0.095991s ]
INFO: [ app_begin ] --END-- [ RunTime:0.096043s ]
NOTIC: [8] Undefined variable: list E:\PHP\UPUPW_AP5.5-1510\UPUPW_AP5.5\vhosts\www.tp.com\Application\Home\Controller\IndexController.class.php 第 18 行.
NOTIC: [8] Trying to get property of non-object E:\PHP\UPUPW_AP5.5-1510\UPUPW_AP5.5\vhosts\www.tp.com\Application\Home\Controller\IndexController.class.php 第 18 行.

[ 2019-09-11T16:04:41+08:00 ] 127.0.0.1 /Home/Index/index
INFO: [ app_init ] --START--
INFO: Run Behavior\BuildLiteBehavior [ RunTime:0.000057s ]
INFO: [ app_init ] --END-- [ RunTime:0.003838s ]
INFO: [ app_begin ] --START--
INFO: Run Behavior\ReadHtmlCacheBehavior [ RunTime:0.004555s ]
INFO: [ app_begin ] --END-- [ RunTime:0.004618s ]
SQL: SHOW COLUMNS FROM `bj` [ RunTime:0.2959s ]
SQL: SELECT * FROM `bj`  [ RunTime:0.0022s ]
INFO: [ view_parse ] --START--
INFO: [ template_filter ] --START--
INFO: Run Behavior\ContentReplaceBehavior [ RunTime:0.003756s ]
INFO: [ template_filter ] --END-- [ RunTime:0.003825s ]
INFO: Run Behavior\ParseTemplateBehavior [ RunTime:0.343114s ]
INFO: [ view_parse ] --END-- [ RunTime:0.343167s ]
INFO: [ view_filter ] --START--
INFO: Run Behavior\WriteHtmlCacheBehavior [ RunTime:0.040078s ]
INFO: [ view_filter ] --END-- [ RunTime:0.040135s ]
INFO: [ app_end ] --START--
INFO: Run Behavior\ShowPageTraceBehavior [ RunTime:0.065773s ]
INFO: [ app_end ] --END-- [ RunTime:0.065835s ]

[ 2019-09-11T16:04:59+08:00 ] 127.0.0.1 /Home/Index/index
INFO: [ app_init ] --START--
INFO: Run Behavior\BuildLiteBehavior [ RunTime:0.000059s ]
INFO: [ app_init ] --END-- [ RunTime:0.002319s ]
INFO: [ app_begin ] --START--
INFO: Run Behavior\ReadHtmlCacheBehavior [ RunTime:0.007861s ]
INFO: [ app_begin ] --END-- [ RunTime:0.007935s ]
NOTIC: [8] Undefined variable: list E:\PHP\UPUPW_AP5.5-1510\UPUPW_AP5.5\vhosts\www.tp.com\Application\Home\Controller\IndexController.class.php 第 18 行.
NOTIC: [8] Trying to get property of non-object E:\PHP\UPUPW_AP5.5-1510\UPUPW_AP5.5\vhosts\www.tp.com\Application\Home\Controller\IndexController.class.php 第 18 行.

[ 2019-09-11T16:05:49+08:00 ] 127.0.0.1 /Home/Index/index
INFO: [ app_init ] --START--
INFO: Run Behavior\BuildLiteBehavior [ RunTime:0.000012s ]
INFO: [ app_init ] --END-- [ RunTime:0.000747s ]
INFO: [ app_begin ] --START--
INFO: Run Behavior\ReadHtmlCacheBehavior [ RunTime:0.003680s ]
INFO: [ app_begin ] --END-- [ RunTime:0.003738s ]
NOTIC: [8] Undefined variable: list E:\PHP\UPUPW_AP5.5-1510\UPUPW_AP5.5\vhosts\www.tp.com\Application\Home\Controller\IndexController.class.php 第 18 行.
NOTIC: [8] Trying to get property of non-object E:\PHP\UPUPW_AP5.5-1510\UPUPW_AP5.5\vhosts\www.tp.com\Application\Home\Controller\IndexController.class.php 第 18 行.

[ 2019-09-11T16:05:50+08:00 ] 127.0.0.1 /Home/Index/index
INFO: [ app_init ] --START--
INFO: Run Behavior\BuildLiteBehavior [ RunTime:0.000015s ]
INFO: [ app_init ] --END-- [ RunTime:0.001050s ]
INFO: [ app_begin ] --START--
INFO: Run Behavior\ReadHtmlCacheBehavior [ RunTime:0.005821s ]
INFO: [ app_begin ] --END-- [ RunTime:0.005967s ]
NOTIC: [8] Undefined variable: list E:\PHP\UPUPW_AP5.5-1510\UPUPW_AP5.5\vhosts\www.tp.com\Application\Home\Controller\IndexController.class.php 第 18 行.
NOTIC: [8] Trying to get property of non-object E:\PHP\UPUPW_AP5.5-1510\UPUPW_AP5.5\vhosts\www.tp.com\Application\Home\Controller\IndexController.class.php 第 18 行.

[ 2019-09-11T16:05:52+08:00 ] 127.0.0.1 /Home/Index/index
INFO: [ app_init ] --START--
INFO: Run Behavior\BuildLiteBehavior [ RunTime:0.000014s ]
INFO: [ app_init ] --END-- [ RunTime:0.000752s ]
INFO: [ app_begin ] --START--
INFO: Run Behavior\ReadHtmlCacheBehavior [ RunTime:0.004009s ]
INFO: [ app_begin ] --END-- [ RunTime:0.004070s ]
NOTIC: [8] Undefined variable: list E:\PHP\UPUPW_AP5.5-1510\UPUPW_AP5.5\vhosts\www.tp.com\Application\Home\Controller\IndexController.class.php 第 18 行.
NOTIC: [8] Trying to get property of non-object E:\PHP\UPUPW_AP5.5-1510\UPUPW_AP5.5\vhosts\www.tp.com\Application\Home\Controller\IndexController.class.php 第 18 行.

[ 2019-09-11T16:06:04+08:00 ] 127.0.0.1 /Home/Index/index
INFO: [ app_init ] --START--
INFO: Run Behavior\BuildLiteBehavior [ RunTime:0.000009s ]
INFO: [ app_init ] --END-- [ RunTime:0.000735s ]
INFO: [ app_begin ] --START--
INFO: Run Behavior\ReadHtmlCacheBehavior [ RunTime:0.003803s ]
INFO: [ app_begin ] --END-- [ RunTime:0.003871s ]
NOTIC: [8] Undefined variable: list E:\PHP\UPUPW_AP5.5-1510\UPUPW_AP5.5\vhosts\www.tp.com\Application\Home\Controller\IndexController.class.php 第 18 行.
NOTIC: [8] Trying to get property of non-object E:\PHP\UPUPW_AP5.5-1510\UPUPW_AP5.5\vhosts\www.tp.com\Application\Home\Controller\IndexController.class.php 第 18 行.

[ 2019-09-11T20:20:54+08:00 ] 127.0.0.1 /Home/Index/index
INFO: [ app_init ] --START--
INFO: Run Behavior\BuildLiteBehavior [ RunTime:0.000012s ]
INFO: [ app_init ] --END-- [ RunTime:0.000631s ]
INFO: [ app_begin ] --START--
INFO: Run Behavior\ReadHtmlCacheBehavior [ RunTime:0.024338s ]
INFO: [ app_begin ] --END-- [ RunTime:0.024417s ]
NOTIC: [8] Undefined variable: list E:\PHP\UPUPW_AP5.5-1510\UPUPW_AP5.5\vhosts\www.tp.com\Application\Home\Controller\IndexController.class.php 第 18 行.
NOTIC: [8] Trying to get property of non-object E:\PHP\UPUPW_AP5.5-1510\UPUPW_AP5.5\vhosts\www.tp.com\Application\Home\Controller\IndexController.class.php 第 18 行.

[ 2019-09-11T20:22:20+08:00 ] 127.0.0.1 /Home/Index/index
INFO: [ app_init ] --START--
INFO: Run Behavior\BuildLiteBehavior [ RunTime:0.000020s ]
INFO: [ app_init ] --END-- [ RunTime:0.001194s ]
INFO: [ app_begin ] --START--
INFO: Run Behavior\ReadHtmlCacheBehavior [ RunTime:0.007419s ]
INFO: [ app_begin ] --END-- [ RunTime:0.007534s ]
NOTIC: [8] Undefined variable: list E:\PHP\UPUPW_AP5.5-1510\UPUPW_AP5.5\vhosts\www.tp.com\Application\Home\Controller\IndexController.class.php 第 18 行.
NOTIC: [8] Trying to get property of non-object E:\PHP\UPUPW_AP5.5-1510\UPUPW_AP5.5\vhosts\www.tp.com\Application\Home\Controller\IndexController.class.php 第 18 行.

[ 2019-09-11T20:22:22+08:00 ] 127.0.0.1 /Home/Index/index
INFO: [ app_init ] --START--
INFO: Run Behavior\BuildLiteBehavior [ RunTime:0.000027s ]
INFO: [ app_init ] --END-- [ RunTime:0.001742s ]
INFO: [ app_begin ] --START--
INFO: Run Behavior\ReadHtmlCacheBehavior [ RunTime:0.005000s ]
INFO: [ app_begin ] --END-- [ RunTime:0.005110s ]
NOTIC: [8] Undefined variable: list E:\PHP\UPUPW_AP5.5-1510\UPUPW_AP5.5\vhosts\www.tp.com\Application\Home\Controller\IndexController.class.php 第 18 行.
NOTIC: [8] Trying to get property of non-object E:\PHP\UPUPW_AP5.5-1510\UPUPW_AP5.5\vhosts\www.tp.com\Application\Home\Controller\IndexController.class.php 第 18 行.

[ 2019-09-11T20:24:02+08:00 ] 127.0.0.1 /Home/Index/index
INFO: [ app_init ] --START--
INFO: Run Behavior\BuildLiteBehavior [ RunTime:0.000010s ]
INFO: [ app_init ] --END-- [ RunTime:0.000597s ]
INFO: [ app_begin ] --START--
INFO: Run Behavior\ReadHtmlCacheBehavior [ RunTime:0.004568s ]
INFO: [ app_begin ] --END-- [ RunTime:0.004650s ]
SQL: SHOW COLUMNS FROM `bj` [ RunTime:0.3356s ]
SQL: SELECT `bh`,`bj`,`xz` FROM `bj` LIMIT 20   [ RunTime:0.0031s ]
INFO: [ view_parse ] --START--
INFO: [ template_filter ] --START--
INFO: Run Behavior\ContentReplaceBehavior [ RunTime:0.002681s ]
INFO: [ template_filter ] --END-- [ RunTime:0.002744s ]
INFO: Run Behavior\ParseTemplateBehavior [ RunTime:0.209743s ]
INFO: [ view_parse ] --END-- [ RunTime:0.209827s ]
INFO: [ view_filter ] --START--
INFO: Run Behavior\WriteHtmlCacheBehavior [ RunTime:0.004789s ]
INFO: [ view_filter ] --END-- [ RunTime:0.004841s ]
INFO: [ app_end ] --START--
INFO: Run Behavior\ShowPageTraceBehavior [ RunTime:0.003321s ]
INFO: [ app_end ] --END-- [ RunTime:0.003364s ]

[ 2019-09-11T20:25:09+08:00 ] 127.0.0.1 /Home/Index/index
INFO: [ app_init ] --START--
INFO: Run Behavior\BuildLiteBehavior [ RunTime:0.000017s ]
INFO: [ app_init ] --END-- [ RunTime:0.001864s ]
INFO: [ app_begin ] --START--
INFO: Run Behavior\ReadHtmlCacheBehavior [ RunTime:0.008022s ]
INFO: [ app_begin ] --END-- [ RunTime:0.008121s ]
SQL: SHOW COLUMNS FROM `bj` [ RunTime:0.0223s ]
SQL: SELECT `bh`,`bj`,`xz` FROM `bj` LIMIT 20   [ RunTime:0.0005s ]
INFO: [ view_parse ] --START--
INFO: [ template_filter ] --START--
INFO: Run Behavior\ContentReplaceBehavior [ RunTime:0.000038s ]
INFO: [ template_filter ] --END-- [ RunTime:0.000090s ]
INFO: Run Behavior\ParseTemplateBehavior [ RunTime:0.160287s ]
INFO: [ view_parse ] --END-- [ RunTime:0.160391s ]
INFO: [ view_filter ] --START--
INFO: Run Behavior\WriteHtmlCacheBehavior [ RunTime:0.007040s ]
INFO: [ view_filter ] --END-- [ RunTime:0.007116s ]
INFO: [ app_end ] --START--
INFO: Run Behavior\ShowPageTraceBehavior [ RunTime:0.009077s ]
INFO: [ app_end ] --END-- [ RunTime:0.009189s ]

