[ 2019-10-30T15:29:28+08:00 ] 127.0.0.1 /
INFO: [ app_init ] --START--
INFO: Run Behavior\BuildLiteBehavior [ RunTime:0.000025s ]
INFO: [ app_init ] --END-- [ RunTime:0.001021s ]
INFO: [ app_begin ] --START--
INFO: Run Behavior\ReadHtmlCacheBehavior [ RunTime:0.203358s ]
INFO: [ app_begin ] --END-- [ RunTime:0.203501s ]
SQL: select xbdm,xbmc from xbdm [ RunTime:0.0007s ]
NOTIC: [2] Missing argument 1 for Think\Controller::show(), called in E:\PHP\UPUPW_AP5.5-1510\UPUPW_AP5.5\vhosts\www.tp.com\Application\Home\Controller\IndexController.class.php on line 14 and defined E:\PHP\UPUPW_AP5.5-1510\UPUPW_AP5.5\vhosts\www.tp.com\ThinkPHP\Library\Think\Controller.class.php 第 68 行.
NOTIC: [8] Undefined variable: content E:\PHP\UPUPW_AP5.5-1510\UPUPW_AP5.5\vhosts\www.tp.com\ThinkPHP\Library\Think\Controller.class.php 第 69 行.
INFO: [ view_parse ] --START--
INFO: [ template_filter ] --START--
INFO: Run Behavior\ContentReplaceBehavior [ RunTime:0.000060s ]
INFO: [ template_filter ] --END-- [ RunTime:0.000141s ]
INFO: Run Behavior\ParseTemplateBehavior [ RunTime:0.510005s ]
INFO: [ view_parse ] --END-- [ RunTime:0.510114s ]
INFO: [ view_filter ] --START--
INFO: Run Behavior\WriteHtmlCacheBehavior [ RunTime:0.027201s ]
INFO: [ view_filter ] --END-- [ RunTime:0.027281s ]
INFO: [ app_end ] --START--
INFO: Run Behavior\ShowPageTraceBehavior [ RunTime:0.039315s ]
INFO: [ app_end ] --END-- [ RunTime:0.039388s ]

[ 2019-10-30T15:29:34+08:00 ] 127.0.0.1 /home/index/bj/xbdm/02
INFO: [ app_init ] --START--
INFO: Run Behavior\BuildLiteBehavior [ RunTime:0.000017s ]
INFO: [ app_init ] --END-- [ RunTime:0.000882s ]
INFO: [ app_begin ] --START--
INFO: Run Behavior\ReadHtmlCacheBehavior [ RunTime:0.004887s ]
INFO: [ app_begin ] --END-- [ RunTime:0.004975s ]
SQL: SHOW COLUMNS FROM `bj` [ RunTime:0.0157s ]
SQL: SELECT COUNT(*) AS tp_count FROM `bj` WHERE ( bj.xbdm=02 ) LIMIT 1   [ RunTime:0.0702s ]
SQL: SHOW COLUMNS FROM `bj` [ RunTime:0.0104s ]
SQL: SELECT `xbmc`,`bh`,`bj`,`xz`,`nj` FROM `bj` INNER JOIN xbdm on bj.xbdm=xbdm.xbdm  WHERE ( bj.xbdm=02 ) LIMIT 0,10   [ RunTime:0.0448s ]
INFO: [ view_parse ] --START--
INFO: [ template_filter ] --START--
INFO: Run Behavior\ContentReplaceBehavior [ RunTime:0.000062s ]
INFO: [ template_filter ] --END-- [ RunTime:0.000142s ]
INFO: Run Behavior\ParseTemplateBehavior [ RunTime:0.078847s ]
INFO: [ view_parse ] --END-- [ RunTime:0.078964s ]
INFO: [ view_filter ] --START--
INFO: Run Behavior\WriteHtmlCacheBehavior [ RunTime:0.004791s ]
INFO: [ view_filter ] --END-- [ RunTime:0.004869s ]
INFO: [ app_end ] --START--
INFO: Run Behavior\ShowPageTraceBehavior [ RunTime:0.005901s ]
INFO: [ app_end ] --END-- [ RunTime:0.005979s ]

[ 2019-10-30T15:29:57+08:00 ] 127.0.0.1 /home/index/xs/bh/09020801
INFO: [ app_init ] --START--
INFO: Run Behavior\BuildLiteBehavior [ RunTime:0.000020s ]
INFO: [ app_init ] --END-- [ RunTime:0.001643s ]
INFO: [ app_begin ] --START--
INFO: Run Behavior\ReadHtmlCacheBehavior [ RunTime:0.005765s ]
INFO: [ app_begin ] --END-- [ RunTime:0.005927s ]
SQL: SHOW COLUMNS FROM `xs` [ RunTime:0.1926s ]
SQL: SELECT COUNT(*) AS tp_count FROM `xs` WHERE ( bh=09020801 ) LIMIT 1   [ RunTime:0.0246s ]
SQL: SHOW COLUMNS FROM `xs` [ RunTime:0.0105s ]
SQL: SELECT `bj`,`xh`,`xm`,`xb`,`mz` FROM `xs` INNER JOIN bj on xs.bh=bj.bh  WHERE ( bj.bh=09020801 ) LIMIT 0,10   [ RunTime:0.0872s ]
INFO: [ view_parse ] --START--
INFO: [ template_filter ] --START--
INFO: Run Behavior\ContentReplaceBehavior [ RunTime:0.000064s ]
INFO: [ template_filter ] --END-- [ RunTime:0.000139s ]
INFO: Run Behavior\ParseTemplateBehavior [ RunTime:0.098814s ]
INFO: [ view_parse ] --END-- [ RunTime:0.098948s ]
INFO: [ view_filter ] --START--
INFO: Run Behavior\WriteHtmlCacheBehavior [ RunTime:0.005847s ]
INFO: [ view_filter ] --END-- [ RunTime:0.005925s ]
INFO: [ app_end ] --START--
INFO: Run Behavior\ShowPageTraceBehavior [ RunTime:0.004549s ]
INFO: [ app_end ] --END-- [ RunTime:0.004604s ]

[ 2019-10-30T17:02:13+08:00 ] 127.0.0.1 /home/index
INFO: [ app_init ] --START--
INFO: Run Behavior\BuildLiteBehavior [ RunTime:0.000009s ]
INFO: [ app_init ] --END-- [ RunTime:0.000417s ]
INFO: [ app_begin ] --START--
INFO: Run Behavior\ReadHtmlCacheBehavior [ RunTime:0.007139s ]
INFO: [ app_begin ] --END-- [ RunTime:0.007530s ]
SQL: SHOW COLUMNS FROM `cms_category` [ RunTime:0.0154s ]
SQL: SELECT * FROM `cms_category` WHERE ( pid=0 )  [ RunTime:0.0003s ]
NOTIC: [8] Array to string conversion E:\PHP\UPUPW_AP5.5-1510\UPUPW_AP5.5\vhosts\www.cms.com\Application\Home\Controller\IndexController.class.php 第 12 行.
INFO: [ app_end ] --START--
INFO: Run Behavior\ShowPageTraceBehavior [ RunTime:0.006593s ]
INFO: [ app_end ] --END-- [ RunTime:0.006635s ]

[ 2019-10-30T17:02:43+08:00 ] 127.0.0.1 /home/index/
INFO: [ app_init ] --START--
INFO: Run Behavior\BuildLiteBehavior [ RunTime:0.000009s ]
INFO: [ app_init ] --END-- [ RunTime:0.000404s ]
INFO: [ app_begin ] --START--
INFO: Run Behavior\ReadHtmlCacheBehavior [ RunTime:0.001971s ]
INFO: [ app_begin ] --END-- [ RunTime:0.002016s ]
SQL: SHOW COLUMNS FROM `cms_category` [ RunTime:0.0194s ]
SQL: SELECT * FROM `cms_category` WHERE ( pid=0 )  [ RunTime:0.0002s ]
INFO: [ view_parse ] --START--
INFO: [ template_filter ] --START--
INFO: Run Behavior\ContentReplaceBehavior [ RunTime:0.000035s ]
INFO: [ template_filter ] --END-- [ RunTime:0.000072s ]
INFO: Run Behavior\ParseTemplateBehavior [ RunTime:0.036794s ]
INFO: [ view_parse ] --END-- [ RunTime:0.036852s ]
INFO: [ view_filter ] --START--
INFO: Run Behavior\WriteHtmlCacheBehavior [ RunTime:0.007162s ]
INFO: [ view_filter ] --END-- [ RunTime:0.007208s ]
INFO: [ app_end ] --START--
INFO: Run Behavior\ShowPageTraceBehavior [ RunTime:0.002360s ]
INFO: [ app_end ] --END-- [ RunTime:0.002408s ]

[ 2019-10-30T17:02:44+08:00 ] 127.0.0.1 /home/index/image/logo.png
INFO: [ app_init ] --START--
INFO: Run Behavior\BuildLiteBehavior [ RunTime:0.000013s ]
INFO: [ app_init ] --END-- [ RunTime:0.000613s ]

[ 2019-10-30T17:02:44+08:00 ] 127.0.0.1 /home/index/image/22.jpg
INFO: [ app_init ] --START--
INFO: Run Behavior\BuildLiteBehavior [ RunTime:0.000011s ]
INFO: [ app_init ] --END-- [ RunTime:0.000640s ]

[ 2019-10-30T17:02:44+08:00 ] 127.0.0.1 /home/index/css/style.css
INFO: [ app_init ] --START--
INFO: Run Behavior\BuildLiteBehavior [ RunTime:0.000014s ]
INFO: [ app_init ] --END-- [ RunTime:0.000629s ]
INFO: [ app_begin ] --START--
INFO: Run Behavior\ReadHtmlCacheBehavior [ RunTime:0.003475s ]
INFO: [ app_begin ] --END-- [ RunTime:0.003533s ]
ERR: 非法操作:css

[ 2019-10-30T17:02:44+08:00 ] 127.0.0.1 /home/index/upload/2016-05/16/ed27a1ba3b93801cde7a4d0f2ff26958.png
INFO: [ app_init ] --START--
INFO: Run Behavior\BuildLiteBehavior [ RunTime:0.000011s ]
INFO: [ app_init ] --END-- [ RunTime:0.000701s ]

[ 2019-10-30T17:02:44+08:00 ] 127.0.0.1 /home/index/js/jquery.min.js
INFO: [ app_init ] --START--
INFO: Run Behavior\BuildLiteBehavior [ RunTime:0.000012s ]
INFO: [ app_init ] --END-- [ RunTime:0.000888s ]
INFO: [ app_begin ] --START--
INFO: Run Behavior\ReadHtmlCacheBehavior [ RunTime:0.003631s ]
INFO: [ app_begin ] --END-- [ RunTime:0.003695s ]
ERR: 非法操作:js

[ 2019-10-30T17:02:44+08:00 ] 127.0.0.1 /home/index/image/21.jpg
INFO: [ app_init ] --START--
INFO: Run Behavior\BuildLiteBehavior [ RunTime:0.000020s ]
INFO: [ app_init ] --END-- [ RunTime:0.000683s ]

[ 2019-10-30T17:02:44+08:00 ] 127.0.0.1 /home/index/image/20.jpg
INFO: [ app_init ] --START--
INFO: Run Behavior\BuildLiteBehavior [ RunTime:0.000027s ]
INFO: [ app_init ] --END-- [ RunTime:0.000836s ]

[ 2019-10-30T17:02:44+08:00 ] 127.0.0.1 /home/index/js/common.js
INFO: [ app_init ] --START--
INFO: Run Behavior\BuildLiteBehavior [ RunTime:0.000013s ]
INFO: [ app_init ] --END-- [ RunTime:0.000609s ]
INFO: [ app_begin ] --START--
INFO: Run Behavior\ReadHtmlCacheBehavior [ RunTime:0.004052s ]
INFO: [ app_begin ] --END-- [ RunTime:0.004117s ]
ERR: 非法操作:js

[ 2019-10-30T17:06:35+08:00 ] 127.0.0.1 /home/index/
INFO: [ app_init ] --START--
INFO: Run Behavior\BuildLiteBehavior [ RunTime:0.000026s ]
INFO: [ app_init ] --END-- [ RunTime:0.001148s ]
INFO: [ app_begin ] --START--
INFO: Run Behavior\ReadHtmlCacheBehavior [ RunTime:0.001995s ]
INFO: [ app_begin ] --END-- [ RunTime:0.002033s ]
SQL: SHOW COLUMNS FROM `cms_category` [ RunTime:0.0439s ]
SQL: SELECT * FROM `cms_category` WHERE ( pid=0 )  [ RunTime:0.0002s ]
INFO: [ view_parse ] --START--
INFO: [ template_filter ] --START--
INFO: Run Behavior\ContentReplaceBehavior [ RunTime:0.000045s ]
INFO: [ template_filter ] --END-- [ RunTime:0.000089s ]
INFO: Run Behavior\ParseTemplateBehavior [ RunTime:0.084612s ]
INFO: [ view_parse ] --END-- [ RunTime:0.084661s ]
INFO: [ view_filter ] --START--
INFO: Run Behavior\WriteHtmlCacheBehavior [ RunTime:0.002026s ]
INFO: [ view_filter ] --END-- [ RunTime:0.002052s ]
INFO: [ app_end ] --START--
INFO: Run Behavior\ShowPageTraceBehavior [ RunTime:0.001981s ]
INFO: [ app_end ] --END-- [ RunTime:0.002006s ]

[ 2019-10-30T17:06:35+08:00 ] 127.0.0.1 /home/index/public/css/style.css
INFO: [ app_init ] --START--
INFO: Run Behavior\BuildLiteBehavior [ RunTime:0.000015s ]
INFO: [ app_init ] --END-- [ RunTime:0.000720s ]
INFO: [ app_begin ] --START--
INFO: Run Behavior\ReadHtmlCacheBehavior [ RunTime:0.002022s ]
INFO: [ app_begin ] --END-- [ RunTime:0.002062s ]
ERR: 非法操作:public

[ 2019-10-30T17:06:35+08:00 ] 127.0.0.1 /home/index/public/js/jquery.min.js
INFO: [ app_init ] --START--
INFO: Run Behavior\BuildLiteBehavior [ RunTime:0.000020s ]
INFO: [ app_init ] --END-- [ RunTime:0.001181s ]
INFO: [ app_begin ] --START--
INFO: Run Behavior\ReadHtmlCacheBehavior [ RunTime:0.001984s ]
INFO: [ app_begin ] --END-- [ RunTime:0.002026s ]
ERR: 非法操作:public

[ 2019-10-30T17:06:35+08:00 ] 127.0.0.1 /home/index/js/common.js
INFO: [ app_init ] --START--
INFO: Run Behavior\BuildLiteBehavior [ RunTime:0.000009s ]
INFO: [ app_init ] --END-- [ RunTime:0.000406s ]
INFO: [ app_begin ] --START--
INFO: Run Behavior\ReadHtmlCacheBehavior [ RunTime:0.002860s ]
INFO: [ app_begin ] --END-- [ RunTime:0.002926s ]
ERR: 非法操作:js

[ 2019-10-30T17:06:35+08:00 ] 127.0.0.1 /home/index/image/logo.png
INFO: [ app_init ] --START--
INFO: Run Behavior\BuildLiteBehavior [ RunTime:0.000014s ]
INFO: [ app_init ] --END-- [ RunTime:0.000732s ]

[ 2019-10-30T17:06:35+08:00 ] 127.0.0.1 /home/index/image/20.jpg
INFO: [ app_init ] --START--
INFO: Run Behavior\BuildLiteBehavior [ RunTime:0.000016s ]
INFO: [ app_init ] --END-- [ RunTime:0.000742s ]

[ 2019-10-30T17:06:35+08:00 ] 127.0.0.1 /home/index/image/22.jpg
INFO: [ app_init ] --START--
INFO: Run Behavior\BuildLiteBehavior [ RunTime:0.000013s ]
INFO: [ app_init ] --END-- [ RunTime:0.000597s ]

[ 2019-10-30T17:06:35+08:00 ] 127.0.0.1 /home/index/upload/2016-05/16/ed27a1ba3b93801cde7a4d0f2ff26958.png
INFO: [ app_init ] --START--
INFO: Run Behavior\BuildLiteBehavior [ RunTime:0.000013s ]
INFO: [ app_init ] --END-- [ RunTime:0.001219s ]

[ 2019-10-30T17:06:35+08:00 ] 127.0.0.1 /home/index/image/21.jpg
INFO: [ app_init ] --START--
INFO: Run Behavior\BuildLiteBehavior [ RunTime:0.000016s ]
INFO: [ app_init ] --END-- [ RunTime:0.000763s ]

[ 2019-10-30T17:06:37+08:00 ] 127.0.0.1 /home/index/
INFO: [ app_init ] --START--
INFO: Run Behavior\BuildLiteBehavior [ RunTime:0.000017s ]
INFO: [ app_init ] --END-- [ RunTime:0.001109s ]
INFO: [ app_begin ] --START--
INFO: Run Behavior\ReadHtmlCacheBehavior [ RunTime:0.003004s ]
INFO: [ app_begin ] --END-- [ RunTime:0.003055s ]
SQL: SHOW COLUMNS FROM `cms_category` [ RunTime:0.0641s ]
SQL: SELECT * FROM `cms_category` WHERE ( pid=0 )  [ RunTime:0.0002s ]
INFO: [ view_parse ] --START--
INFO: [ template_filter ] --START--
INFO: Run Behavior\ContentReplaceBehavior [ RunTime:0.000058s ]
INFO: [ template_filter ] --END-- [ RunTime:0.000112s ]
INFO: Run Behavior\ParseTemplateBehavior [ RunTime:0.024282s ]
INFO: [ view_parse ] --END-- [ RunTime:0.024368s ]
INFO: [ view_filter ] --START--
INFO: Run Behavior\WriteHtmlCacheBehavior [ RunTime:0.003758s ]
INFO: [ view_filter ] --END-- [ RunTime:0.003829s ]
INFO: [ app_end ] --START--
INFO: Run Behavior\ShowPageTraceBehavior [ RunTime:0.002903s ]
INFO: [ app_end ] --END-- [ RunTime:0.002951s ]

[ 2019-10-30T17:06:37+08:00 ] 127.0.0.1 /home/index/public/css/style.css
INFO: [ app_init ] --START--
INFO: Run Behavior\BuildLiteBehavior [ RunTime:0.000009s ]
INFO: [ app_init ] --END-- [ RunTime:0.000413s ]
INFO: [ app_begin ] --START--
INFO: Run Behavior\ReadHtmlCacheBehavior [ RunTime:0.002929s ]
INFO: [ app_begin ] --END-- [ RunTime:0.003002s ]
ERR: 非法操作:public

[ 2019-10-30T17:06:37+08:00 ] 127.0.0.1 /home/index/public/js/jquery.min.js
INFO: [ app_init ] --START--
INFO: Run Behavior\BuildLiteBehavior [ RunTime:0.000014s ]
INFO: [ app_init ] --END-- [ RunTime:0.000653s ]
INFO: [ app_begin ] --START--
INFO: Run Behavior\ReadHtmlCacheBehavior [ RunTime:0.004141s ]
INFO: [ app_begin ] --END-- [ RunTime:0.004222s ]
ERR: 非法操作:public

[ 2019-10-30T17:06:37+08:00 ] 127.0.0.1 /home/index/js/common.js
INFO: [ app_init ] --START--
INFO: Run Behavior\BuildLiteBehavior [ RunTime:0.000009s ]
INFO: [ app_init ] --END-- [ RunTime:0.000401s ]
INFO: [ app_begin ] --START--
INFO: Run Behavior\ReadHtmlCacheBehavior [ RunTime:0.002980s ]
INFO: [ app_begin ] --END-- [ RunTime:0.003060s ]
ERR: 非法操作:js

[ 2019-10-30T17:06:37+08:00 ] 127.0.0.1 /home/index/image/logo.png
INFO: [ app_init ] --START--
INFO: Run Behavior\BuildLiteBehavior [ RunTime:0.000013s ]
INFO: [ app_init ] --END-- [ RunTime:0.000704s ]

[ 2019-10-30T17:06:37+08:00 ] 127.0.0.1 /home/index/image/21.jpg
INFO: [ app_init ] --START--
INFO: Run Behavior\BuildLiteBehavior [ RunTime:0.000012s ]
INFO: [ app_init ] --END-- [ RunTime:0.000918s ]

[ 2019-10-30T17:06:37+08:00 ] 127.0.0.1 /home/index/upload/2016-05/16/ed27a1ba3b93801cde7a4d0f2ff26958.png
INFO: [ app_init ] --START--
INFO: Run Behavior\BuildLiteBehavior [ RunTime:0.000016s ]
INFO: [ app_init ] --END-- [ RunTime:0.000764s ]

[ 2019-10-30T17:06:37+08:00 ] 127.0.0.1 /home/index/image/22.jpg
INFO: [ app_init ] --START--
INFO: Run Behavior\BuildLiteBehavior [ RunTime:0.000012s ]
INFO: [ app_init ] --END-- [ RunTime:0.000662s ]

[ 2019-10-30T17:06:47+08:00 ] 127.0.0.1 /home/index/
INFO: [ app_init ] --START--
INFO: Run Behavior\BuildLiteBehavior [ RunTime:0.000018s ]
INFO: [ app_init ] --END-- [ RunTime:0.000973s ]
INFO: [ app_begin ] --START--
INFO: Run Behavior\ReadHtmlCacheBehavior [ RunTime:0.001962s ]
INFO: [ app_begin ] --END-- [ RunTime:0.002017s ]
SQL: SHOW COLUMNS FROM `cms_category` [ RunTime:0.0120s ]
SQL: SELECT * FROM `cms_category` WHERE ( pid=0 )  [ RunTime:0.0002s ]
INFO: [ view_parse ] --START--
INFO: [ template_filter ] --START--
INFO: Run Behavior\ContentReplaceBehavior [ RunTime:0.000044s ]
INFO: [ template_filter ] --END-- [ RunTime:0.000099s ]
INFO: Run Behavior\ParseTemplateBehavior [ RunTime:0.032035s ]
INFO: [ view_parse ] --END-- [ RunTime:0.032143s ]
INFO: [ view_filter ] --START--
INFO: Run Behavior\WriteHtmlCacheBehavior [ RunTime:0.002995s ]
INFO: [ view_filter ] --END-- [ RunTime:0.003038s ]
INFO: [ app_end ] --START--
INFO: Run Behavior\ShowPageTraceBehavior [ RunTime:0.002039s ]
INFO: [ app_end ] --END-- [ RunTime:0.002066s ]

[ 2019-10-30T17:06:47+08:00 ] 127.0.0.1 /home/index/public/js/jquery.min.js
INFO: [ app_init ] --START--
INFO: Run Behavior\BuildLiteBehavior [ RunTime:0.000012s ]
INFO: [ app_init ] --END-- [ RunTime:0.000583s ]
INFO: [ app_begin ] --START--
INFO: Run Behavior\ReadHtmlCacheBehavior [ RunTime:0.003005s ]
INFO: [ app_begin ] --END-- [ RunTime:0.003061s ]
ERR: 非法操作:public

[ 2019-10-30T17:06:47+08:00 ] 127.0.0.1 /home/index/js/common.js
INFO: [ app_init ] --START--
INFO: Run Behavior\BuildLiteBehavior [ RunTime:0.000010s ]
INFO: [ app_init ] --END-- [ RunTime:0.000423s ]
INFO: [ app_begin ] --START--
INFO: Run Behavior\ReadHtmlCacheBehavior [ RunTime:0.002190s ]
INFO: [ app_begin ] --END-- [ RunTime:0.002229s ]
ERR: 非法操作:js

[ 2019-10-30T17:06:47+08:00 ] 127.0.0.1 /home/index/image/logo.png
INFO: [ app_init ] --START--
INFO: Run Behavior\BuildLiteBehavior [ RunTime:0.000013s ]
INFO: [ app_init ] --END-- [ RunTime:0.000610s ]

[ 2019-10-30T17:06:47+08:00 ] 127.0.0.1 /home/index/image/20.jpg
INFO: [ app_init ] --START--
INFO: Run Behavior\BuildLiteBehavior [ RunTime:0.000013s ]
INFO: [ app_init ] --END-- [ RunTime:0.000612s ]

[ 2019-10-30T17:06:47+08:00 ] 127.0.0.1 /home/index/image/21.jpg
INFO: [ app_init ] --START--
INFO: Run Behavior\BuildLiteBehavior [ RunTime:0.000011s ]
INFO: [ app_init ] --END-- [ RunTime:0.000696s ]

[ 2019-10-30T17:06:48+08:00 ] 127.0.0.1 /home/index/upload/2016-05/16/ed27a1ba3b93801cde7a4d0f2ff26958.png
INFO: [ app_init ] --START--
INFO: Run Behavior\BuildLiteBehavior [ RunTime:0.000012s ]
INFO: [ app_init ] --END-- [ RunTime:0.000712s ]

[ 2019-10-30T17:06:48+08:00 ] 127.0.0.1 /home/index/image/22.jpg
INFO: [ app_init ] --START--
INFO: Run Behavior\BuildLiteBehavior [ RunTime:0.000008s ]
INFO: [ app_init ] --END-- [ RunTime:0.000396s ]

[ 2019-10-30T17:07:15+08:00 ] 127.0.0.1 /home/index/
INFO: [ app_init ] --START--
INFO: Run Behavior\BuildLiteBehavior [ RunTime:0.000010s ]
INFO: [ app_init ] --END-- [ RunTime:0.000420s ]
INFO: [ app_begin ] --START--
INFO: Run Behavior\ReadHtmlCacheBehavior [ RunTime:0.003937s ]
INFO: [ app_begin ] --END-- [ RunTime:0.003997s ]
SQL: SHOW COLUMNS FROM `cms_category` [ RunTime:0.0871s ]
SQL: SELECT * FROM `cms_category` WHERE ( pid=0 )  [ RunTime:0.0003s ]
INFO: [ view_parse ] --START--
INFO: [ template_filter ] --START--
INFO: Run Behavior\ContentReplaceBehavior [ RunTime:0.000037s ]
INFO: [ template_filter ] --END-- [ RunTime:0.000073s ]
INFO: Run Behavior\ParseTemplateBehavior [ RunTime:0.032817s ]
INFO: [ view_parse ] --END-- [ RunTime:0.032986s ]
INFO: [ view_filter ] --START--
INFO: Run Behavior\WriteHtmlCacheBehavior [ RunTime:0.003417s ]
INFO: [ view_filter ] --END-- [ RunTime:0.003475s ]
INFO: [ app_end ] --START--
INFO: Run Behavior\ShowPageTraceBehavior [ RunTime:0.003839s ]
INFO: [ app_end ] --END-- [ RunTime:0.003898s ]

[ 2019-10-30T17:07:15+08:00 ] 127.0.0.1 /home/index/public/js/jquery.min.js
INFO: [ app_init ] --START--
INFO: Run Behavior\BuildLiteBehavior [ RunTime:0.000009s ]
INFO: [ app_init ] --END-- [ RunTime:0.000402s ]
INFO: [ app_begin ] --START--
INFO: Run Behavior\ReadHtmlCacheBehavior [ RunTime:0.003073s ]
INFO: [ app_begin ] --END-- [ RunTime:0.003133s ]
ERR: 非法操作:public

[ 2019-10-30T17:07:15+08:00 ] 127.0.0.1 /home/index/public/js/common.js
INFO: [ app_init ] --START--
INFO: Run Behavior\BuildLiteBehavior [ RunTime:0.000017s ]
INFO: [ app_init ] --END-- [ RunTime:0.000788s ]
INFO: [ app_begin ] --START--
INFO: Run Behavior\ReadHtmlCacheBehavior [ RunTime:0.002284s ]
INFO: [ app_begin ] --END-- [ RunTime:0.002343s ]
ERR: 非法操作:public

[ 2019-10-30T17:07:15+08:00 ] 127.0.0.1 /home/index/public/image/20.jpg
INFO: [ app_init ] --START--
INFO: Run Behavior\BuildLiteBehavior [ RunTime:0.000014s ]
INFO: [ app_init ] --END-- [ RunTime:0.001000s ]

[ 2019-10-30T17:07:15+08:00 ] 127.0.0.1 /home/index/public/image/logo.png
INFO: [ app_init ] --START--
INFO: Run Behavior\BuildLiteBehavior [ RunTime:0.000014s ]
INFO: [ app_init ] --END-- [ RunTime:0.001054s ]

[ 2019-10-30T17:07:15+08:00 ] 127.0.0.1 /home/index/public/image/22.jpg
INFO: [ app_init ] --START--
INFO: Run Behavior\BuildLiteBehavior [ RunTime:0.000014s ]
INFO: [ app_init ] --END-- [ RunTime:0.000999s ]

[ 2019-10-30T17:07:15+08:00 ] 127.0.0.1 /home/index/public/image/21.jpg
INFO: [ app_init ] --START--
INFO: Run Behavior\BuildLiteBehavior [ RunTime:0.000013s ]
INFO: [ app_init ] --END-- [ RunTime:0.000630s ]

[ 2019-10-30T17:07:15+08:00 ] 127.0.0.1 /home/index/upload/2016-05/16/ed27a1ba3b93801cde7a4d0f2ff26958.png
INFO: [ app_init ] --START--
INFO: Run Behavior\BuildLiteBehavior [ RunTime:0.000018s ]
INFO: [ app_init ] --END-- [ RunTime:0.000992s ]

[ 2019-10-30T17:07:37+08:00 ] 127.0.0.1 /home/index/
INFO: [ app_init ] --START--
INFO: Run Behavior\BuildLiteBehavior [ RunTime:0.000015s ]
INFO: [ app_init ] --END-- [ RunTime:0.000641s ]
INFO: [ app_begin ] --START--
INFO: Run Behavior\ReadHtmlCacheBehavior [ RunTime:0.004768s ]
INFO: [ app_begin ] --END-- [ RunTime:0.004850s ]
SQL: SHOW COLUMNS FROM `cms_category` [ RunTime:0.2255s ]
SQL: SELECT * FROM `cms_category` WHERE ( pid=0 )  [ RunTime:0.0002s ]
INFO: [ view_parse ] --START--
INFO: [ template_filter ] --START--
INFO: Run Behavior\ContentReplaceBehavior [ RunTime:0.000038s ]
INFO: [ template_filter ] --END-- [ RunTime:0.000074s ]
INFO: Run Behavior\ParseTemplateBehavior [ RunTime:0.028797s ]
INFO: [ view_parse ] --END-- [ RunTime:0.028856s ]
INFO: [ view_filter ] --START--
INFO: Run Behavior\WriteHtmlCacheBehavior [ RunTime:0.001995s ]
INFO: [ view_filter ] --END-- [ RunTime:0.002021s ]
INFO: [ app_end ] --START--
INFO: Run Behavior\ShowPageTraceBehavior [ RunTime:0.002149s ]
INFO: [ app_end ] --END-- [ RunTime:0.002186s ]

[ 2019-10-30T17:07:37+08:00 ] 127.0.0.1 /home/index/public/image/logo.png
INFO: [ app_init ] --START--
INFO: Run Behavior\BuildLiteBehavior [ RunTime:0.000017s ]
INFO: [ app_init ] --END-- [ RunTime:0.001316s ]

[ 2019-10-30T17:07:37+08:00 ] 127.0.0.1 /home/index/upload/2016-05/16/ed27a1ba3b93801cde7a4d0f2ff26958.png
INFO: [ app_init ] --START--
INFO: Run Behavior\BuildLiteBehavior [ RunTime:0.000008s ]
INFO: [ app_init ] --END-- [ RunTime:0.000733s ]

[ 2019-10-30T17:12:52+08:00 ] 127.0.0.1 /home/index/
INFO: [ app_init ] --START--
INFO: Run Behavior\BuildLiteBehavior [ RunTime:0.000013s ]
INFO: [ app_init ] --END-- [ RunTime:0.000649s ]
INFO: [ app_begin ] --START--
INFO: Run Behavior\ReadHtmlCacheBehavior [ RunTime:0.002945s ]
INFO: [ app_begin ] --END-- [ RunTime:0.003100s ]
SQL: SHOW COLUMNS FROM `cms_category` [ RunTime:0.4804s ]
SQL: SELECT * FROM `cms_category` WHERE ( pid=0 )  [ RunTime:0.0003s ]
INFO: [ view_parse ] --START--
INFO: [ template_filter ] --START--
INFO: Run Behavior\ContentReplaceBehavior [ RunTime:0.000040s ]
INFO: [ template_filter ] --END-- [ RunTime:0.000078s ]
INFO: Run Behavior\ParseTemplateBehavior [ RunTime:0.038350s ]
INFO: [ view_parse ] --END-- [ RunTime:0.038443s ]
INFO: [ view_filter ] --START--
INFO: Run Behavior\WriteHtmlCacheBehavior [ RunTime:0.002195s ]
INFO: [ view_filter ] --END-- [ RunTime:0.002226s ]
INFO: [ app_end ] --START--
INFO: Run Behavior\ShowPageTraceBehavior [ RunTime:0.001987s ]
INFO: [ app_end ] --END-- [ RunTime:0.002013s ]

[ 2019-10-30T17:12:52+08:00 ] 127.0.0.1 /home/index/public/image/logo.png
INFO: [ app_init ] --START--
INFO: Run Behavior\BuildLiteBehavior [ RunTime:0.000014s ]
INFO: [ app_init ] --END-- [ RunTime:0.000564s ]

[ 2019-10-30T17:12:52+08:00 ] 127.0.0.1 /home/index/upload/2016-05/16/ed27a1ba3b93801cde7a4d0f2ff26958.png
INFO: [ app_init ] --START--
INFO: Run Behavior\BuildLiteBehavior [ RunTime:0.000051s ]
INFO: [ app_init ] --END-- [ RunTime:0.002113s ]

[ 2019-10-30T17:13:08+08:00 ] 127.0.0.1 /home/index/
INFO: [ app_init ] --START--
INFO: Run Behavior\BuildLiteBehavior [ RunTime:0.000016s ]
INFO: [ app_init ] --END-- [ RunTime:0.000771s ]
INFO: [ app_begin ] --START--
INFO: Run Behavior\ReadHtmlCacheBehavior [ RunTime:0.001954s ]
INFO: [ app_begin ] --END-- [ RunTime:0.001992s ]
SQL: SHOW COLUMNS FROM `cms_category` [ RunTime:0.0100s ]
SQL: SELECT * FROM `cms_category` WHERE ( pid=0 )  [ RunTime:0.0003s ]
INFO: [ view_parse ] --START--
INFO: [ template_filter ] --START--
INFO: Run Behavior\ContentReplaceBehavior [ RunTime:0.000062s ]
INFO: [ template_filter ] --END-- [ RunTime:0.000102s ]
INFO: Run Behavior\ParseTemplateBehavior [ RunTime:0.012730s ]
INFO: [ view_parse ] --END-- [ RunTime:0.012779s ]
INFO: [ view_filter ] --START--
INFO: Run Behavior\WriteHtmlCacheBehavior [ RunTime:0.002117s ]
INFO: [ view_filter ] --END-- [ RunTime:0.002146s ]
INFO: [ app_end ] --START--
INFO: Run Behavior\ShowPageTraceBehavior [ RunTime:0.003418s ]
INFO: [ app_end ] --END-- [ RunTime:0.003478s ]

[ 2019-10-30T17:13:08+08:00 ] 127.0.0.1 /home/index/public/image/logo.png
INFO: [ app_init ] --START--
INFO: Run Behavior\BuildLiteBehavior [ RunTime:0.000015s ]
INFO: [ app_init ] --END-- [ RunTime:0.000645s ]

[ 2019-10-30T17:13:08+08:00 ] 127.0.0.1 /home/index/upload/2016-05/16/ed27a1ba3b93801cde7a4d0f2ff26958.png
INFO: [ app_init ] --START--
INFO: Run Behavior\BuildLiteBehavior [ RunTime:0.000071s ]
INFO: [ app_init ] --END-- [ RunTime:0.000923s ]

[ 2019-10-30T17:14:45+08:00 ] 127.0.0.1 /home/index/
INFO: [ app_init ] --START--
INFO: Run Behavior\BuildLiteBehavior [ RunTime:0.000009s ]
INFO: [ app_init ] --END-- [ RunTime:0.000404s ]
INFO: [ app_begin ] --START--
INFO: Run Behavior\ReadHtmlCacheBehavior [ RunTime:0.004914s ]
INFO: [ app_begin ] --END-- [ RunTime:0.004985s ]
SQL: SHOW COLUMNS FROM `cms_category` [ RunTime:0.0311s ]
SQL: SELECT * FROM `cms_category` WHERE ( pid=0 )  [ RunTime:0.0003s ]
INFO: [ view_parse ] --START--
INFO: [ template_filter ] --START--
INFO: Run Behavior\ContentReplaceBehavior [ RunTime:0.000040s ]
INFO: [ template_filter ] --END-- [ RunTime:0.000071s ]
INFO: Run Behavior\ParseTemplateBehavior [ RunTime:0.029680s ]
INFO: [ view_parse ] --END-- [ RunTime:0.029731s ]
INFO: [ view_filter ] --START--
INFO: Run Behavior\WriteHtmlCacheBehavior [ RunTime:0.002016s ]
INFO: [ view_filter ] --END-- [ RunTime:0.002042s ]
INFO: [ app_end ] --START--
INFO: Run Behavior\ShowPageTraceBehavior [ RunTime:0.001979s ]
INFO: [ app_end ] --END-- [ RunTime:0.002003s ]

[ 2019-10-30T17:14:45+08:00 ] 127.0.0.1 /home/index/public/image/logo.png
INFO: [ app_init ] --START--
INFO: Run Behavior\BuildLiteBehavior [ RunTime:0.000014s ]
INFO: [ app_init ] --END-- [ RunTime:0.000717s ]

[ 2019-10-30T17:14:45+08:00 ] 127.0.0.1 /home/index/upload/2016-05/16/ed27a1ba3b93801cde7a4d0f2ff26958.png
INFO: [ app_init ] --START--
INFO: Run Behavior\BuildLiteBehavior [ RunTime:0.000010s ]
INFO: [ app_init ] --END-- [ RunTime:0.000439s ]

[ 2019-10-30T18:59:48+08:00 ] 127.0.0.1 /home/index/
INFO: [ app_init ] --START--
INFO: Run Behavior\BuildLiteBehavior [ RunTime:0.000018s ]
INFO: [ app_init ] --END-- [ RunTime:0.000690s ]
INFO: [ app_begin ] --START--
INFO: Run Behavior\ReadHtmlCacheBehavior [ RunTime:0.005976s ]
INFO: [ app_begin ] --END-- [ RunTime:0.006074s ]
SQL: SHOW COLUMNS FROM `cms_category` [ RunTime:0.1982s ]
SQL: SELECT * FROM `cms_category` WHERE ( pid=0 )  [ RunTime:0.0016s ]
SQL: SHOW COLUMNS FROM `cms_article` [ RunTime:0.1438s ]
SQL: SELECT * FROM `cms_article`  [ RunTime:0.0015s ]
INFO: [ view_parse ] --START--
INFO: [ template_filter ] --START--
INFO: Run Behavior\ContentReplaceBehavior [ RunTime:0.000190s ]
INFO: [ template_filter ] --END-- [ RunTime:0.000403s ]
NOTIC: [8] Undefined index: name E:\PHP\UPUPW_AP5.5-1510\UPUPW_AP5.5\vhosts\www.cms.com\Application\Runtime\Cache\Home\2a94b8bda04ff446dcedd42276fc99ee.php 第 49 行.
NOTIC: [8] Undefined index: name E:\PHP\UPUPW_AP5.5-1510\UPUPW_AP5.5\vhosts\www.cms.com\Application\Runtime\Cache\Home\2a94b8bda04ff446dcedd42276fc99ee.php 第 49 行.
NOTIC: [8] Undefined index: name E:\PHP\UPUPW_AP5.5-1510\UPUPW_AP5.5\vhosts\www.cms.com\Application\Runtime\Cache\Home\2a94b8bda04ff446dcedd42276fc99ee.php 第 49 行.
NOTIC: [8] Undefined index: name E:\PHP\UPUPW_AP5.5-1510\UPUPW_AP5.5\vhosts\www.cms.com\Application\Runtime\Cache\Home\2a94b8bda04ff446dcedd42276fc99ee.php 第 49 行.
NOTIC: [8] Undefined index: name E:\PHP\UPUPW_AP5.5-1510\UPUPW_AP5.5\vhosts\www.cms.com\Application\Runtime\Cache\Home\2a94b8bda04ff446dcedd42276fc99ee.php 第 49 行.
NOTIC: [8] Undefined index: name E:\PHP\UPUPW_AP5.5-1510\UPUPW_AP5.5\vhosts\www.cms.com\Application\Runtime\Cache\Home\2a94b8bda04ff446dcedd42276fc99ee.php 第 49 行.
NOTIC: [8] Undefined index: name E:\PHP\UPUPW_AP5.5-1510\UPUPW_AP5.5\vhosts\www.cms.com\Application\Runtime\Cache\Home\2a94b8bda04ff446dcedd42276fc99ee.php 第 49 行.
NOTIC: [8] Undefined index: name E:\PHP\UPUPW_AP5.5-1510\UPUPW_AP5.5\vhosts\www.cms.com\Application\Runtime\Cache\Home\2a94b8bda04ff446dcedd42276fc99ee.php 第 49 行.
NOTIC: [8] Undefined index: name E:\PHP\UPUPW_AP5.5-1510\UPUPW_AP5.5\vhosts\www.cms.com\Application\Runtime\Cache\Home\2a94b8bda04ff446dcedd42276fc99ee.php 第 49 行.
NOTIC: [8] Undefined index: name E:\PHP\UPUPW_AP5.5-1510\UPUPW_AP5.5\vhosts\www.cms.com\Application\Runtime\Cache\Home\2a94b8bda04ff446dcedd42276fc99ee.php 第 49 行.
NOTIC: [8] Undefined index: name E:\PHP\UPUPW_AP5.5-1510\UPUPW_AP5.5\vhosts\www.cms.com\Application\Runtime\Cache\Home\2a94b8bda04ff446dcedd42276fc99ee.php 第 49 行.
NOTIC: [8] Undefined index: name E:\PHP\UPUPW_AP5.5-1510\UPUPW_AP5.5\vhosts\www.cms.com\Application\Runtime\Cache\Home\2a94b8bda04ff446dcedd42276fc99ee.php 第 49 行.
NOTIC: [8] Undefined index: name E:\PHP\UPUPW_AP5.5-1510\UPUPW_AP5.5\vhosts\www.cms.com\Application\Runtime\Cache\Home\2a94b8bda04ff446dcedd42276fc99ee.php 第 49 行.
INFO: Run Behavior\ParseTemplateBehavior [ RunTime:0.149683s ]
INFO: [ view_parse ] --END-- [ RunTime:0.149828s ]
INFO: [ view_filter ] --START--
INFO: Run Behavior\WriteHtmlCacheBehavior [ RunTime:0.005354s ]
INFO: [ view_filter ] --END-- [ RunTime:0.005444s ]
INFO: [ app_end ] --START--
INFO: Run Behavior\ShowPageTraceBehavior [ RunTime:0.005075s ]
INFO: [ app_end ] --END-- [ RunTime:0.005159s ]

[ 2019-10-30T18:59:48+08:00 ] 127.0.0.1 /home/index/public/image/logo.png
INFO: [ app_init ] --START--
INFO: Run Behavior\BuildLiteBehavior [ RunTime:0.000029s ]
INFO: [ app_init ] --END-- [ RunTime:0.001036s ]

[ 2019-10-30T18:59:48+08:00 ] 127.0.0.1 /home/index/upload/2016-05/16/ed27a1ba3b93801cde7a4d0f2ff26958.png
INFO: [ app_init ] --START--
INFO: Run Behavior\BuildLiteBehavior [ RunTime:0.000010s ]
INFO: [ app_init ] --END-- [ RunTime:0.000487s ]

[ 2019-10-30T19:00:17+08:00 ] 127.0.0.1 /home/index/
INFO: [ app_init ] --START--
INFO: Run Behavior\BuildLiteBehavior [ RunTime:0.000024s ]
INFO: [ app_init ] --END-- [ RunTime:0.002286s ]
INFO: [ app_begin ] --START--
INFO: Run Behavior\ReadHtmlCacheBehavior [ RunTime:0.005400s ]
INFO: [ app_begin ] --END-- [ RunTime:0.005513s ]
SQL: SHOW COLUMNS FROM `cms_category` [ RunTime:0.0240s ]
SQL: SELECT * FROM `cms_category` WHERE ( pid=0 )  [ RunTime:0.0005s ]
SQL: SHOW COLUMNS FROM `cms_article` [ RunTime:0.0444s ]
SQL: SELECT * FROM `cms_article` LIMIT 5   [ RunTime:0.0005s ]
INFO: [ view_parse ] --START--
INFO: [ template_filter ] --START--
INFO: Run Behavior\ContentReplaceBehavior [ RunTime:0.000095s ]
INFO: [ template_filter ] --END-- [ RunTime:0.000173s ]
NOTIC: [8] Undefined index: name E:\PHP\UPUPW_AP5.5-1510\UPUPW_AP5.5\vhosts\www.cms.com\Application\Runtime\Cache\Home\2a94b8bda04ff446dcedd42276fc99ee.php 第 49 行.
NOTIC: [8] Undefined index: name E:\PHP\UPUPW_AP5.5-1510\UPUPW_AP5.5\vhosts\www.cms.com\Application\Runtime\Cache\Home\2a94b8bda04ff446dcedd42276fc99ee.php 第 49 行.
NOTIC: [8] Undefined index: name E:\PHP\UPUPW_AP5.5-1510\UPUPW_AP5.5\vhosts\www.cms.com\Application\Runtime\Cache\Home\2a94b8bda04ff446dcedd42276fc99ee.php 第 49 行.
NOTIC: [8] Undefined index: name E:\PHP\UPUPW_AP5.5-1510\UPUPW_AP5.5\vhosts\www.cms.com\Application\Runtime\Cache\Home\2a94b8bda04ff446dcedd42276fc99ee.php 第 49 行.
NOTIC: [8] Undefined index: name E:\PHP\UPUPW_AP5.5-1510\UPUPW_AP5.5\vhosts\www.cms.com\Application\Runtime\Cache\Home\2a94b8bda04ff446dcedd42276fc99ee.php 第 49 行.
INFO: Run Behavior\ParseTemplateBehavior [ RunTime:0.049173s ]
INFO: [ view_parse ] --END-- [ RunTime:0.049263s ]
INFO: [ view_filter ] --START--
INFO: Run Behavior\WriteHtmlCacheBehavior [ RunTime:0.006752s ]
INFO: [ view_filter ] --END-- [ RunTime:0.006848s ]
INFO: [ app_end ] --START--
INFO: Run Behavior\ShowPageTraceBehavior [ RunTime:0.009584s ]
INFO: [ app_end ] --END-- [ RunTime:0.009898s ]

[ 2019-10-30T19:00:17+08:00 ] 127.0.0.1 /home/index/public/image/logo.png
INFO: [ app_init ] --START--
INFO: Run Behavior\BuildLiteBehavior [ RunTime:0.000016s ]
INFO: [ app_init ] --END-- [ RunTime:0.000870s ]

[ 2019-10-30T19:00:17+08:00 ] 127.0.0.1 /home/index/upload/2016-05/16/ed27a1ba3b93801cde7a4d0f2ff26958.png
INFO: [ app_init ] --START--
INFO: Run Behavior\BuildLiteBehavior [ RunTime:0.000020s ]
INFO: [ app_init ] --END-- [ RunTime:0.002890s ]

[ 2019-10-30T19:00:53+08:00 ] 127.0.0.1 /home/index/index
INFO: [ app_init ] --START--
INFO: Run Behavior\BuildLiteBehavior [ RunTime:0.000021s ]
INFO: [ app_init ] --END-- [ RunTime:0.001017s ]
INFO: [ app_begin ] --START--
INFO: Run Behavior\ReadHtmlCacheBehavior [ RunTime:0.004907s ]
INFO: [ app_begin ] --END-- [ RunTime:0.005004s ]
SQL: SHOW COLUMNS FROM `cms_category` [ RunTime:0.0942s ]
SQL: SELECT * FROM `cms_category` WHERE ( pid=0 )  [ RunTime:0.0012s ]
SQL: SHOW COLUMNS FROM `cms_article` [ RunTime:0.0562s ]
SQL: SELECT * FROM `cms_article` LIMIT 5   [ RunTime:0.0008s ]
INFO: [ view_parse ] --START--
INFO: [ template_filter ] --START--
INFO: Run Behavior\ContentReplaceBehavior [ RunTime:0.000140s ]
INFO: [ template_filter ] --END-- [ RunTime:0.000265s ]
NOTIC: [8] Undefined index: name E:\PHP\UPUPW_AP5.5-1510\UPUPW_AP5.5\vhosts\www.cms.com\Application\Runtime\Cache\Home\2a94b8bda04ff446dcedd42276fc99ee.php 第 49 行.
NOTIC: [8] Undefined index: name E:\PHP\UPUPW_AP5.5-1510\UPUPW_AP5.5\vhosts\www.cms.com\Application\Runtime\Cache\Home\2a94b8bda04ff446dcedd42276fc99ee.php 第 49 行.
NOTIC: [8] Undefined index: name E:\PHP\UPUPW_AP5.5-1510\UPUPW_AP5.5\vhosts\www.cms.com\Application\Runtime\Cache\Home\2a94b8bda04ff446dcedd42276fc99ee.php 第 49 行.
NOTIC: [8] Undefined index: name E:\PHP\UPUPW_AP5.5-1510\UPUPW_AP5.5\vhosts\www.cms.com\Application\Runtime\Cache\Home\2a94b8bda04ff446dcedd42276fc99ee.php 第 49 行.
NOTIC: [8] Undefined index: name E:\PHP\UPUPW_AP5.5-1510\UPUPW_AP5.5\vhosts\www.cms.com\Application\Runtime\Cache\Home\2a94b8bda04ff446dcedd42276fc99ee.php 第 49 行.
INFO: Run Behavior\ParseTemplateBehavior [ RunTime:0.063718s ]
INFO: [ view_parse ] --END-- [ RunTime:0.063952s ]
INFO: [ view_filter ] --START--
INFO: Run Behavior\WriteHtmlCacheBehavior [ RunTime:0.012609s ]
INFO: [ view_filter ] --END-- [ RunTime:0.012726s ]
INFO: [ app_end ] --START--
INFO: Run Behavior\ShowPageTraceBehavior [ RunTime:0.011247s ]
INFO: [ app_end ] --END-- [ RunTime:0.011374s ]

[ 2019-10-30T19:00:53+08:00 ] 127.0.0.1 /home/index/public/image/logo.png
INFO: [ app_init ] --START--
INFO: Run Behavior\BuildLiteBehavior [ RunTime:0.000017s ]
INFO: [ app_init ] --END-- [ RunTime:0.001051s ]

[ 2019-10-30T19:00:53+08:00 ] 127.0.0.1 /home/index/upload/2016-05/16/ed27a1ba3b93801cde7a4d0f2ff26958.png
INFO: [ app_init ] --START--
INFO: Run Behavior\BuildLiteBehavior [ RunTime:0.000017s ]
INFO: [ app_init ] --END-- [ RunTime:0.000829s ]

[ 2019-10-30T19:01:24+08:00 ] 127.0.0.1 /home/index/index
INFO: [ app_init ] --START--
INFO: Run Behavior\BuildLiteBehavior [ RunTime:0.000018s ]
INFO: [ app_init ] --END-- [ RunTime:0.000932s ]
INFO: [ app_begin ] --START--
INFO: Run Behavior\ReadHtmlCacheBehavior [ RunTime:0.004394s ]
INFO: [ app_begin ] --END-- [ RunTime:0.004482s ]
SQL: SHOW COLUMNS FROM `cms_category` [ RunTime:0.1935s ]
SQL: SELECT * FROM `cms_category` WHERE ( pid=0 )  [ RunTime:0.0005s ]
SQL: SHOW COLUMNS FROM `cms_article` [ RunTime:0.0542s ]
SQL: SELECT * FROM `cms_article` LIMIT 5   [ RunTime:0.0008s ]
INFO: [ view_parse ] --START--
INFO: [ template_filter ] --START--
INFO: Run Behavior\ContentReplaceBehavior [ RunTime:0.000175s ]
INFO: [ template_filter ] --END-- [ RunTime:0.000280s ]
INFO: Run Behavior\ParseTemplateBehavior [ RunTime:0.101666s ]
INFO: [ view_parse ] --END-- [ RunTime:0.101841s ]
INFO: [ view_filter ] --START--
INFO: Run Behavior\WriteHtmlCacheBehavior [ RunTime:0.009621s ]
INFO: [ view_filter ] --END-- [ RunTime:0.009888s ]
INFO: [ app_end ] --START--
INFO: Run Behavior\ShowPageTraceBehavior [ RunTime:0.007480s ]
INFO: [ app_end ] --END-- [ RunTime:0.007595s ]

[ 2019-10-30T19:01:24+08:00 ] 127.0.0.1 /home/index/public/image/logo.png
INFO: [ app_init ] --START--
INFO: Run Behavior\BuildLiteBehavior [ RunTime:0.000016s ]
INFO: [ app_init ] --END-- [ RunTime:0.000800s ]

[ 2019-10-30T19:01:25+08:00 ] 127.0.0.1 /home/index/upload/2016-05/16/ed27a1ba3b93801cde7a4d0f2ff26958.png
INFO: [ app_init ] --START--
INFO: Run Behavior\BuildLiteBehavior [ RunTime:0.000024s ]
INFO: [ app_init ] --END-- [ RunTime:0.001117s ]

[ 2019-10-30T19:01:51+08:00 ] 127.0.0.1 /home/index/index
INFO: [ app_init ] --START--
INFO: Run Behavior\BuildLiteBehavior [ RunTime:0.000010s ]
INFO: [ app_init ] --END-- [ RunTime:0.000552s ]
INFO: [ app_begin ] --START--
INFO: Run Behavior\ReadHtmlCacheBehavior [ RunTime:0.004308s ]
INFO: [ app_begin ] --END-- [ RunTime:0.004398s ]
SQL: SHOW COLUMNS FROM `cms_category` [ RunTime:1.3198s ]
SQL: SELECT * FROM `cms_category` WHERE ( pid=0 )  [ RunTime:0.0003s ]
SQL: SHOW COLUMNS FROM `cms_article` [ RunTime:0.2384s ]
SQL: SELECT * FROM `cms_article` LIMIT 5   [ RunTime:0.0012s ]
INFO: [ view_parse ] --START--
INFO: [ template_filter ] --START--
INFO: Run Behavior\ContentReplaceBehavior [ RunTime:0.000094s ]
INFO: [ template_filter ] --END-- [ RunTime:0.000169s ]
INFO: Run Behavior\ParseTemplateBehavior [ RunTime:0.184395s ]
INFO: [ view_parse ] --END-- [ RunTime:0.184563s ]
INFO: [ view_filter ] --START--
INFO: Run Behavior\WriteHtmlCacheBehavior [ RunTime:0.007585s ]
INFO: [ view_filter ] --END-- [ RunTime:0.007675s ]
INFO: [ app_end ] --START--
INFO: Run Behavior\ShowPageTraceBehavior [ RunTime:0.004951s ]
INFO: [ app_end ] --END-- [ RunTime:0.005013s ]

[ 2019-10-30T19:02:48+08:00 ] 127.0.0.1 /home/index/index
INFO: [ app_init ] --START--
INFO: Run Behavior\BuildLiteBehavior [ RunTime:0.000013s ]
INFO: [ app_init ] --END-- [ RunTime:0.000667s ]
INFO: [ app_begin ] --START--
INFO: Run Behavior\ReadHtmlCacheBehavior [ RunTime:0.005021s ]
INFO: [ app_begin ] --END-- [ RunTime:0.005109s ]
SQL: SHOW COLUMNS FROM `cms_category` [ RunTime:0.5858s ]
SQL: SELECT * FROM `cms_category` WHERE ( pid=0 )  [ RunTime:0.0009s ]
SQL: SHOW COLUMNS FROM `cms_article` [ RunTime:0.0381s ]
SQL: SELECT * FROM `cms_article` LIMIT 5   [ RunTime:0.0005s ]
INFO: [ view_parse ] --START--
INFO: [ template_filter ] --START--
INFO: Run Behavior\ContentReplaceBehavior [ RunTime:0.000198s ]
INFO: [ template_filter ] --END-- [ RunTime:0.000319s ]
INFO: Run Behavior\ParseTemplateBehavior [ RunTime:0.044248s ]
INFO: [ view_parse ] --END-- [ RunTime:0.044354s ]
INFO: [ view_filter ] --START--
INFO: Run Behavior\WriteHtmlCacheBehavior [ RunTime:0.006475s ]
INFO: [ view_filter ] --END-- [ RunTime:0.006566s ]
INFO: [ app_end ] --START--
INFO: Run Behavior\ShowPageTraceBehavior [ RunTime:0.006339s ]
INFO: [ app_end ] --END-- [ RunTime:0.006455s ]

[ 2019-10-30T19:02:48+08:00 ] 127.0.0.1 /home/index/public/image/logo.png
INFO: [ app_init ] --START--
INFO: Run Behavior\BuildLiteBehavior [ RunTime:0.000014s ]
INFO: [ app_init ] --END-- [ RunTime:0.001051s ]

[ 2019-10-30T19:05:52+08:00 ] 127.0.0.1 /home/index/index
INFO: [ app_init ] --START--
INFO: Run Behavior\BuildLiteBehavior [ RunTime:0.000021s ]
INFO: [ app_init ] --END-- [ RunTime:0.001086s ]
INFO: [ app_begin ] --START--
INFO: Run Behavior\ReadHtmlCacheBehavior [ RunTime:0.003453s ]
INFO: [ app_begin ] --END-- [ RunTime:0.003527s ]
SQL: SHOW COLUMNS FROM `cms_category` [ RunTime:0.0913s ]
SQL: SELECT * FROM `cms_category` WHERE ( pid=0 )  [ RunTime:0.0005s ]
SQL: SHOW COLUMNS FROM `cms_article` [ RunTime:0.0189s ]
SQL: SELECT * FROM `cms_article` LIMIT 5   [ RunTime:0.0006s ]
INFO: [ view_parse ] --START--
INFO: [ template_filter ] --START--
INFO: Run Behavior\ContentReplaceBehavior [ RunTime:0.000137s ]
INFO: [ template_filter ] --END-- [ RunTime:0.000257s ]
INFO: Run Behavior\ParseTemplateBehavior [ RunTime:0.112604s ]
INFO: [ view_parse ] --END-- [ RunTime:0.112765s ]
INFO: [ view_filter ] --START--
INFO: Run Behavior\WriteHtmlCacheBehavior [ RunTime:0.007901s ]
INFO: [ view_filter ] --END-- [ RunTime:0.007996s ]
INFO: [ app_end ] --START--
INFO: Run Behavior\ShowPageTraceBehavior [ RunTime:0.004802s ]
INFO: [ app_end ] --END-- [ RunTime:0.004879s ]

[ 2019-10-30T19:05:53+08:00 ] 127.0.0.1 /home/index/public/image/logo.png
INFO: [ app_init ] --START--
INFO: Run Behavior\BuildLiteBehavior [ RunTime:0.000018s ]
INFO: [ app_init ] --END-- [ RunTime:0.001187s ]

[ 2019-10-30T19:06:54+08:00 ] 127.0.0.1 /home/index/index?page=2
INFO: [ app_init ] --START--
INFO: Run Behavior\BuildLiteBehavior [ RunTime:0.000020s ]
INFO: [ app_init ] --END-- [ RunTime:0.001044s ]
INFO: [ app_begin ] --START--
INFO: Run Behavior\ReadHtmlCacheBehavior [ RunTime:0.006861s ]
INFO: [ app_begin ] --END-- [ RunTime:0.006962s ]
SQL: SHOW COLUMNS FROM `cms_category` [ RunTime:0.0190s ]
SQL: SELECT * FROM `cms_category` WHERE ( pid=0 )  [ RunTime:0.0007s ]
SQL: SHOW COLUMNS FROM `cms_article` [ RunTime:0.0150s ]
SQL: SELECT * FROM `cms_article` LIMIT 5   [ RunTime:0.0005s ]
INFO: [ view_parse ] --START--
INFO: [ template_filter ] --START--
INFO: Run Behavior\ContentReplaceBehavior [ RunTime:0.000088s ]
INFO: [ template_filter ] --END-- [ RunTime:0.000140s ]
INFO: Run Behavior\ParseTemplateBehavior [ RunTime:0.071955s ]
INFO: [ view_parse ] --END-- [ RunTime:0.072060s ]
INFO: [ view_filter ] --START--
INFO: Run Behavior\WriteHtmlCacheBehavior [ RunTime:0.004590s ]
INFO: [ view_filter ] --END-- [ RunTime:0.004654s ]
INFO: [ app_end ] --START--
INFO: Run Behavior\ShowPageTraceBehavior [ RunTime:0.006884s ]
INFO: [ app_end ] --END-- [ RunTime:0.006958s ]

[ 2019-10-30T19:06:54+08:00 ] 127.0.0.1 /home/index/public/image/logo.png
INFO: [ app_init ] --START--
INFO: Run Behavior\BuildLiteBehavior [ RunTime:0.000019s ]
INFO: [ app_init ] --END-- [ RunTime:0.000917s ]

[ 2019-10-30T19:12:14+08:00 ] 127.0.0.1 /home/index/index?page=2
INFO: [ app_init ] --START--
INFO: Run Behavior\BuildLiteBehavior [ RunTime:0.000023s ]
INFO: [ app_init ] --END-- [ RunTime:0.001708s ]
INFO: [ app_begin ] --START--
INFO: Run Behavior\ReadHtmlCacheBehavior [ RunTime:0.004665s ]
INFO: [ app_begin ] --END-- [ RunTime:0.004776s ]
SQL: SHOW COLUMNS FROM `cms_category` [ RunTime:0.1494s ]
SQL: SELECT * FROM `cms_category` WHERE ( pid=0 )  [ RunTime:0.0008s ]
SQL: SHOW COLUMNS FROM `cms_article` [ RunTime:0.0429s ]
SQL: SELECT * FROM `cms_article` LIMIT 5   [ RunTime:0.0007s ]
SQL: SHOW COLUMNS FROM `cms_article` [ RunTime:0.0187s ]
SQL: SELECT COUNT(*) AS tp_count FROM `cms_article` LIMIT 1   [ RunTime:0.0006s ]
INFO: [ view_parse ] --START--
INFO: [ template_filter ] --START--
INFO: Run Behavior\ContentReplaceBehavior [ RunTime:0.000120s ]
INFO: [ template_filter ] --END-- [ RunTime:0.000208s ]
INFO: Run Behavior\ParseTemplateBehavior [ RunTime:0.099989s ]
INFO: [ view_parse ] --END-- [ RunTime:0.100108s ]
INFO: [ view_filter ] --START--
INFO: Run Behavior\WriteHtmlCacheBehavior [ RunTime:0.003472s ]
INFO: [ view_filter ] --END-- [ RunTime:0.003517s ]
INFO: [ app_end ] --START--
INFO: Run Behavior\ShowPageTraceBehavior [ RunTime:0.002684s ]
INFO: [ app_end ] --END-- [ RunTime:0.002734s ]

[ 2019-10-30T19:12:14+08:00 ] 127.0.0.1 /home/index/public/image/logo.png
INFO: [ app_init ] --START--
INFO: Run Behavior\BuildLiteBehavior [ RunTime:0.000018s ]
INFO: [ app_init ] --END-- [ RunTime:0.000922s ]

[ 2019-10-30T19:12:43+08:00 ] 127.0.0.1 /home/index/index?page=2
INFO: [ app_init ] --START--
INFO: Run Behavior\BuildLiteBehavior [ RunTime:0.000011s ]
INFO: [ app_init ] --END-- [ RunTime:0.000608s ]
INFO: [ app_begin ] --START--
INFO: Run Behavior\ReadHtmlCacheBehavior [ RunTime:0.004627s ]
INFO: [ app_begin ] --END-- [ RunTime:0.004722s ]
SQL: SHOW COLUMNS FROM `cms_category` [ RunTime:0.1436s ]
SQL: SELECT * FROM `cms_category` WHERE ( pid=0 )  [ RunTime:0.0016s ]
SQL: SHOW COLUMNS FROM `cms_article` [ RunTime:0.0242s ]
SQL: SELECT * FROM `cms_article` LIMIT 5   [ RunTime:0.0005s ]
SQL: SHOW COLUMNS FROM `cms_article` [ RunTime:0.0102s ]
SQL: SELECT COUNT(*) AS tp_count FROM `cms_article` LIMIT 1   [ RunTime:0.0002s ]
INFO: [ view_parse ] --START--
INFO: [ template_filter ] --START--
INFO: Run Behavior\ContentReplaceBehavior [ RunTime:0.000048s ]
INFO: [ template_filter ] --END-- [ RunTime:0.000087s ]
INFO: Run Behavior\ParseTemplateBehavior [ RunTime:0.065745s ]
INFO: [ view_parse ] --END-- [ RunTime:0.065815s ]
INFO: [ view_filter ] --START--
INFO: Run Behavior\WriteHtmlCacheBehavior [ RunTime:0.004063s ]
INFO: [ view_filter ] --END-- [ RunTime:0.004149s ]
INFO: [ app_end ] --START--
INFO: Run Behavior\ShowPageTraceBehavior [ RunTime:0.004848s ]
INFO: [ app_end ] --END-- [ RunTime:0.005024s ]

[ 2019-10-30T19:12:43+08:00 ] 127.0.0.1 /home/index/public/image/logo.png
INFO: [ app_init ] --START--
INFO: Run Behavior\BuildLiteBehavior [ RunTime:0.000017s ]
INFO: [ app_init ] --END-- [ RunTime:0.000808s ]

[ 2019-10-30T19:13:09+08:00 ] 127.0.0.1 /home/index/index?page=2
INFO: [ app_init ] --START--
INFO: Run Behavior\BuildLiteBehavior [ RunTime:0.000022s ]
INFO: [ app_init ] --END-- [ RunTime:0.002331s ]
INFO: [ app_begin ] --START--
INFO: Run Behavior\ReadHtmlCacheBehavior [ RunTime:0.007100s ]
INFO: [ app_begin ] --END-- [ RunTime:0.007218s ]
SQL: SHOW COLUMNS FROM `cms_category` [ RunTime:1.4490s ]
SQL: SELECT * FROM `cms_category` WHERE ( pid=0 )  [ RunTime:0.0017s ]
SQL: SHOW COLUMNS FROM `cms_article` [ RunTime:0.0576s ]
SQL: SELECT * FROM `cms_article` LIMIT 5   [ RunTime:0.0006s ]
SQL: SHOW COLUMNS FROM `cms_article` [ RunTime:0.0104s ]
SQL: SELECT COUNT(*) AS tp_count FROM `cms_article` LIMIT 1   [ RunTime:0.0002s ]
INFO: [ view_parse ] --START--
INFO: [ template_filter ] --START--
INFO: Run Behavior\ContentReplaceBehavior [ RunTime:0.000053s ]
INFO: [ template_filter ] --END-- [ RunTime:0.000093s ]
INFO: Run Behavior\ParseTemplateBehavior [ RunTime:0.067960s ]
INFO: [ view_parse ] --END-- [ RunTime:0.068042s ]
INFO: [ view_filter ] --START--
INFO: Run Behavior\WriteHtmlCacheBehavior [ RunTime:0.004534s ]
INFO: [ view_filter ] --END-- [ RunTime:0.004589s ]
INFO: [ app_end ] --START--
INFO: Run Behavior\ShowPageTraceBehavior [ RunTime:0.004834s ]
INFO: [ app_end ] --END-- [ RunTime:0.004907s ]

[ 2019-10-30T19:13:10+08:00 ] 127.0.0.1 /home/index/public/image/logo.png
INFO: [ app_init ] --START--
INFO: Run Behavior\BuildLiteBehavior [ RunTime:0.000016s ]
INFO: [ app_init ] --END-- [ RunTime:0.000829s ]

[ 2019-10-30T19:14:02+08:00 ] 127.0.0.1 /home/index/index?page=2
INFO: [ app_init ] --START--
INFO: Run Behavior\BuildLiteBehavior [ RunTime:0.000040s ]
INFO: [ app_init ] --END-- [ RunTime:0.001795s ]
INFO: [ app_begin ] --START--
INFO: Run Behavior\ReadHtmlCacheBehavior [ RunTime:0.006585s ]
INFO: [ app_begin ] --END-- [ RunTime:0.006807s ]
SQL: SHOW COLUMNS FROM `cms_category` [ RunTime:0.3184s ]
SQL: SELECT * FROM `cms_category` WHERE ( pid=0 )  [ RunTime:0.0012s ]
SQL: SHOW COLUMNS FROM `cms_article` [ RunTime:0.0317s ]
SQL: SELECT * FROM `cms_article` LIMIT 5   [ RunTime:0.0004s ]
SQL: SHOW COLUMNS FROM `cms_article` [ RunTime:0.0116s ]
SQL: SELECT COUNT(*) AS tp_count FROM `cms_article` LIMIT 1   [ RunTime:0.0003s ]
INFO: [ view_parse ] --START--
INFO: [ template_filter ] --START--
INFO: Run Behavior\ContentReplaceBehavior [ RunTime:0.000061s ]
INFO: [ template_filter ] --END-- [ RunTime:0.000110s ]
INFO: Run Behavior\ParseTemplateBehavior [ RunTime:0.072870s ]
INFO: [ view_parse ] --END-- [ RunTime:0.073017s ]
INFO: [ view_filter ] --START--
INFO: Run Behavior\WriteHtmlCacheBehavior [ RunTime:0.006523s ]
INFO: [ view_filter ] --END-- [ RunTime:0.006601s ]
INFO: [ app_end ] --START--
INFO: Run Behavior\ShowPageTraceBehavior [ RunTime:0.004852s ]
INFO: [ app_end ] --END-- [ RunTime:0.004919s ]

[ 2019-10-30T19:14:02+08:00 ] 127.0.0.1 /home/index/public/image/logo.png
INFO: [ app_init ] --START--
INFO: Run Behavior\BuildLiteBehavior [ RunTime:0.000017s ]
INFO: [ app_init ] --END-- [ RunTime:0.000806s ]

[ 2019-10-30T19:14:05+08:00 ] 127.0.0.1 /home/index/index?page=1
INFO: [ app_init ] --START--
INFO: Run Behavior\BuildLiteBehavior [ RunTime:0.000018s ]
INFO: [ app_init ] --END-- [ RunTime:0.000980s ]
INFO: [ app_begin ] --START--
INFO: Run Behavior\ReadHtmlCacheBehavior [ RunTime:0.006017s ]
INFO: [ app_begin ] --END-- [ RunTime:0.006142s ]
SQL: SHOW COLUMNS FROM `cms_category` [ RunTime:0.0168s ]
SQL: SELECT * FROM `cms_category` WHERE ( pid=0 )  [ RunTime:0.0003s ]
SQL: SHOW COLUMNS FROM `cms_article` [ RunTime:0.0120s ]
SQL: SELECT * FROM `cms_article` LIMIT 5   [ RunTime:0.0004s ]
SQL: SHOW COLUMNS FROM `cms_article` [ RunTime:0.0057s ]
SQL: SELECT COUNT(*) AS tp_count FROM `cms_article` LIMIT 1   [ RunTime:0.0002s ]
INFO: [ view_parse ] --START--
INFO: [ template_filter ] --START--
INFO: Run Behavior\ContentReplaceBehavior [ RunTime:0.000100s ]
INFO: [ template_filter ] --END-- [ RunTime:0.000173s ]
INFO: Run Behavior\ParseTemplateBehavior [ RunTime:0.067401s ]
INFO: [ view_parse ] --END-- [ RunTime:0.067480s ]
INFO: [ view_filter ] --START--
INFO: Run Behavior\WriteHtmlCacheBehavior [ RunTime:0.005475s ]
INFO: [ view_filter ] --END-- [ RunTime:0.005578s ]
INFO: [ app_end ] --START--
INFO: Run Behavior\ShowPageTraceBehavior [ RunTime:0.004843s ]
INFO: [ app_end ] --END-- [ RunTime:0.004913s ]

[ 2019-10-30T19:14:05+08:00 ] 127.0.0.1 /home/index/public/image/logo.png
INFO: [ app_init ] --START--
INFO: Run Behavior\BuildLiteBehavior [ RunTime:0.000019s ]
INFO: [ app_init ] --END-- [ RunTime:0.001000s ]

[ 2019-10-30T19:14:08+08:00 ] 127.0.0.1 /home/index/index?page=2
INFO: [ app_init ] --START--
INFO: Run Behavior\BuildLiteBehavior [ RunTime:0.000027s ]
INFO: [ app_init ] --END-- [ RunTime:0.000676s ]
INFO: [ app_begin ] --START--
INFO: Run Behavior\ReadHtmlCacheBehavior [ RunTime:0.009778s ]
INFO: [ app_begin ] --END-- [ RunTime:0.009888s ]
SQL: SHOW COLUMNS FROM `cms_category` [ RunTime:0.0261s ]
SQL: SELECT * FROM `cms_category` WHERE ( pid=0 )  [ RunTime:0.0004s ]
SQL: SHOW COLUMNS FROM `cms_article` [ RunTime:0.0437s ]
SQL: SELECT * FROM `cms_article` LIMIT 5   [ RunTime:0.0006s ]
SQL: SHOW COLUMNS FROM `cms_article` [ RunTime:0.0319s ]
SQL: SELECT COUNT(*) AS tp_count FROM `cms_article` LIMIT 1   [ RunTime:0.0003s ]
INFO: [ view_parse ] --START--
INFO: [ template_filter ] --START--
INFO: Run Behavior\ContentReplaceBehavior [ RunTime:0.000099s ]
INFO: [ template_filter ] --END-- [ RunTime:0.000172s ]
INFO: Run Behavior\ParseTemplateBehavior [ RunTime:0.085733s ]
INFO: [ view_parse ] --END-- [ RunTime:0.085842s ]
INFO: [ view_filter ] --START--
INFO: Run Behavior\WriteHtmlCacheBehavior [ RunTime:0.004956s ]
INFO: [ view_filter ] --END-- [ RunTime:0.005022s ]
INFO: [ app_end ] --START--
INFO: Run Behavior\ShowPageTraceBehavior [ RunTime:0.006697s ]
INFO: [ app_end ] --END-- [ RunTime:0.006782s ]

[ 2019-10-30T19:14:08+08:00 ] 127.0.0.1 /home/index/public/image/logo.png
INFO: [ app_init ] --START--
INFO: Run Behavior\BuildLiteBehavior [ RunTime:0.000018s ]
INFO: [ app_init ] --END-- [ RunTime:0.000851s ]

[ 2019-10-30T19:14:12+08:00 ] 127.0.0.1 /home/index/index?page=3
INFO: [ app_init ] --START--
INFO: Run Behavior\BuildLiteBehavior [ RunTime:0.000019s ]
INFO: [ app_init ] --END-- [ RunTime:0.000947s ]
INFO: [ app_begin ] --START--
INFO: Run Behavior\ReadHtmlCacheBehavior [ RunTime:0.007440s ]
INFO: [ app_begin ] --END-- [ RunTime:0.007559s ]
SQL: SHOW COLUMNS FROM `cms_category` [ RunTime:0.0244s ]
SQL: SELECT * FROM `cms_category` WHERE ( pid=0 )  [ RunTime:0.0005s ]
SQL: SHOW COLUMNS FROM `cms_article` [ RunTime:0.1015s ]
SQL: SELECT * FROM `cms_article` LIMIT 5   [ RunTime:0.0006s ]
SQL: SHOW COLUMNS FROM `cms_article` [ RunTime:0.0140s ]
SQL: SELECT COUNT(*) AS tp_count FROM `cms_article` LIMIT 1   [ RunTime:0.0004s ]
INFO: [ view_parse ] --START--
INFO: [ template_filter ] --START--
INFO: Run Behavior\ContentReplaceBehavior [ RunTime:0.000125s ]
INFO: [ template_filter ] --END-- [ RunTime:0.000217s ]
INFO: Run Behavior\ParseTemplateBehavior [ RunTime:0.114138s ]
INFO: [ view_parse ] --END-- [ RunTime:0.114256s ]
INFO: [ view_filter ] --START--
INFO: Run Behavior\WriteHtmlCacheBehavior [ RunTime:0.006021s ]
INFO: [ view_filter ] --END-- [ RunTime:0.006103s ]
INFO: [ app_end ] --START--
INFO: Run Behavior\ShowPageTraceBehavior [ RunTime:0.005205s ]
INFO: [ app_end ] --END-- [ RunTime:0.005297s ]

[ 2019-10-30T19:14:12+08:00 ] 127.0.0.1 /home/index/public/image/logo.png
INFO: [ app_init ] --START--
INFO: Run Behavior\BuildLiteBehavior [ RunTime:0.000027s ]
INFO: [ app_init ] --END-- [ RunTime:0.003524s ]

[ 2019-10-30T19:14:55+08:00 ] 127.0.0.1 /home/index/index?page=3
INFO: [ app_init ] --START--
INFO: Run Behavior\BuildLiteBehavior [ RunTime:0.000034s ]
INFO: [ app_init ] --END-- [ RunTime:0.001534s ]
INFO: [ app_begin ] --START--
INFO: Run Behavior\ReadHtmlCacheBehavior [ RunTime:0.005078s ]
INFO: [ app_begin ] --END-- [ RunTime:0.005213s ]
SQL: SHOW COLUMNS FROM `cms_category` [ RunTime:1.0212s ]
SQL: SELECT * FROM `cms_category` WHERE ( pid=0 )  [ RunTime:0.0015s ]
NOTIC: [8] Undefined variable: page E:\PHP\UPUPW_AP5.5-1510\UPUPW_AP5.5\vhosts\www.cms.com\Application\Home\Controller\IndexController.class.php 第 13 行.
SQL: SHOW COLUMNS FROM `cms_article` [ RunTime:0.0568s ]
SQL: SELECT * FROM `cms_article` LIMIT 0,5   [ RunTime:0.0018s ]
SQL: SHOW COLUMNS FROM `cms_article` [ RunTime:0.0133s ]
SQL: SELECT COUNT(*) AS tp_count FROM `cms_article` LIMIT 1   [ RunTime:0.0005s ]
INFO: [ view_parse ] --START--
INFO: [ template_filter ] --START--
INFO: Run Behavior\ContentReplaceBehavior [ RunTime:0.000080s ]
INFO: [ template_filter ] --END-- [ RunTime:0.000139s ]
INFO: Run Behavior\ParseTemplateBehavior [ RunTime:0.087752s ]
INFO: [ view_parse ] --END-- [ RunTime:0.087855s ]
INFO: [ view_filter ] --START--
INFO: Run Behavior\WriteHtmlCacheBehavior [ RunTime:0.005013s ]
INFO: [ view_filter ] --END-- [ RunTime:0.005108s ]
INFO: [ app_end ] --START--
INFO: Run Behavior\ShowPageTraceBehavior [ RunTime:0.007580s ]
INFO: [ app_end ] --END-- [ RunTime:0.007688s ]

[ 2019-10-30T19:14:55+08:00 ] 127.0.0.1 /home/index/public/image/logo.png
INFO: [ app_init ] --START--
INFO: Run Behavior\BuildLiteBehavior [ RunTime:0.000012s ]
INFO: [ app_init ] --END-- [ RunTime:0.000509s ]

[ 2019-10-30T19:14:58+08:00 ] 127.0.0.1 /home/index/index?page=2
INFO: [ app_init ] --START--
INFO: Run Behavior\BuildLiteBehavior [ RunTime:0.000014s ]
INFO: [ app_init ] --END-- [ RunTime:0.001133s ]
INFO: [ app_begin ] --START--
INFO: Run Behavior\ReadHtmlCacheBehavior [ RunTime:0.003553s ]
INFO: [ app_begin ] --END-- [ RunTime:0.003645s ]
SQL: SHOW COLUMNS FROM `cms_category` [ RunTime:0.6421s ]
SQL: SELECT * FROM `cms_category` WHERE ( pid=0 )  [ RunTime:0.0005s ]
NOTIC: [8] Undefined variable: page E:\PHP\UPUPW_AP5.5-1510\UPUPW_AP5.5\vhosts\www.cms.com\Application\Home\Controller\IndexController.class.php 第 13 行.
SQL: SHOW COLUMNS FROM `cms_article` [ RunTime:0.0246s ]
SQL: SELECT * FROM `cms_article` LIMIT 0,5   [ RunTime:0.0005s ]
SQL: SHOW COLUMNS FROM `cms_article` [ RunTime:0.0104s ]
SQL: SELECT COUNT(*) AS tp_count FROM `cms_article` LIMIT 1   [ RunTime:0.0003s ]
INFO: [ view_parse ] --START--
INFO: [ template_filter ] --START--
INFO: Run Behavior\ContentReplaceBehavior [ RunTime:0.000100s ]
INFO: [ template_filter ] --END-- [ RunTime:0.000173s ]
INFO: Run Behavior\ParseTemplateBehavior [ RunTime:0.076414s ]
INFO: [ view_parse ] --END-- [ RunTime:0.076544s ]
INFO: [ view_filter ] --START--
INFO: Run Behavior\WriteHtmlCacheBehavior [ RunTime:0.005254s ]
INFO: [ view_filter ] --END-- [ RunTime:0.005318s ]
INFO: [ app_end ] --START--
INFO: Run Behavior\ShowPageTraceBehavior [ RunTime:0.004526s ]
INFO: [ app_end ] --END-- [ RunTime:0.004585s ]

[ 2019-10-30T19:14:58+08:00 ] 127.0.0.1 /home/index/public/image/logo.png
INFO: [ app_init ] --START--
INFO: Run Behavior\BuildLiteBehavior [ RunTime:0.000023s ]
INFO: [ app_init ] --END-- [ RunTime:0.001433s ]

[ 2019-10-30T19:15:12+08:00 ] 127.0.0.1 /home/index/index?page=3
INFO: [ app_init ] --START--
INFO: Run Behavior\BuildLiteBehavior [ RunTime:0.000011s ]
INFO: [ app_init ] --END-- [ RunTime:0.000543s ]
INFO: [ app_begin ] --START--
INFO: Run Behavior\ReadHtmlCacheBehavior [ RunTime:0.005272s ]
INFO: [ app_begin ] --END-- [ RunTime:0.005370s ]
SQL: SHOW COLUMNS FROM `cms_category` [ RunTime:0.0447s ]
SQL: SELECT * FROM `cms_category` WHERE ( pid=0 )  [ RunTime:0.0005s ]
NOTIC: [8] Undefined variable: page E:\PHP\UPUPW_AP5.5-1510\UPUPW_AP5.5\vhosts\www.cms.com\Application\Home\Controller\IndexController.class.php 第 13 行.
SQL: SHOW COLUMNS FROM `cms_article` [ RunTime:0.2328s ]
SQL: SELECT * FROM `cms_article` LIMIT 0,5   [ RunTime:0.0011s ]
SQL: SHOW COLUMNS FROM `cms_article` [ RunTime:0.0576s ]
SQL: SELECT COUNT(*) AS tp_count FROM `cms_article` LIMIT 1   [ RunTime:0.0006s ]
INFO: [ view_parse ] --START--
INFO: [ template_filter ] --START--
INFO: Run Behavior\ContentReplaceBehavior [ RunTime:0.000131s ]
INFO: [ template_filter ] --END-- [ RunTime:0.000266s ]
INFO: Run Behavior\ParseTemplateBehavior [ RunTime:0.125117s ]
INFO: [ view_parse ] --END-- [ RunTime:0.125651s ]
INFO: [ view_filter ] --START--
INFO: Run Behavior\WriteHtmlCacheBehavior [ RunTime:0.004418s ]
INFO: [ view_filter ] --END-- [ RunTime:0.004480s ]
INFO: [ app_end ] --START--
INFO: Run Behavior\ShowPageTraceBehavior [ RunTime:0.004150s ]
INFO: [ app_end ] --END-- [ RunTime:0.004227s ]

[ 2019-10-30T19:15:12+08:00 ] 127.0.0.1 /home/index/public/image/logo.png
INFO: [ app_init ] --START--
INFO: Run Behavior\BuildLiteBehavior [ RunTime:0.000018s ]
INFO: [ app_init ] --END-- [ RunTime:0.001875s ]

[ 2019-10-30T19:15:28+08:00 ] 127.0.0.1 /home/index/index?page=3
INFO: [ app_init ] --START--
INFO: Run Behavior\BuildLiteBehavior [ RunTime:0.000012s ]
INFO: [ app_init ] --END-- [ RunTime:0.000737s ]
INFO: [ app_begin ] --START--
INFO: Run Behavior\ReadHtmlCacheBehavior [ RunTime:0.005008s ]
INFO: [ app_begin ] --END-- [ RunTime:0.005101s ]
SQL: SHOW COLUMNS FROM `cms_category` [ RunTime:0.0265s ]
SQL: SELECT * FROM `cms_category` WHERE ( pid=0 )  [ RunTime:0.0006s ]
SQL: SHOW COLUMNS FROM `cms_article` [ RunTime:0.0152s ]
SQL: SELECT * FROM `cms_article` LIMIT 10,5   [ RunTime:0.0009s ]
SQL: SHOW COLUMNS FROM `cms_article` [ RunTime:0.0442s ]
SQL: SELECT COUNT(*) AS tp_count FROM `cms_article` LIMIT 1   [ RunTime:0.0002s ]
INFO: [ view_parse ] --START--
INFO: [ template_filter ] --START--
INFO: Run Behavior\ContentReplaceBehavior [ RunTime:0.000056s ]
INFO: [ template_filter ] --END-- [ RunTime:0.000099s ]
INFO: Run Behavior\ParseTemplateBehavior [ RunTime:0.061432s ]
INFO: [ view_parse ] --END-- [ RunTime:0.061507s ]
INFO: [ view_filter ] --START--
INFO: Run Behavior\WriteHtmlCacheBehavior [ RunTime:0.003602s ]
INFO: [ view_filter ] --END-- [ RunTime:0.003656s ]
INFO: [ app_end ] --START--
INFO: Run Behavior\ShowPageTraceBehavior [ RunTime:0.003952s ]
INFO: [ app_end ] --END-- [ RunTime:0.004099s ]

[ 2019-10-30T19:15:28+08:00 ] 127.0.0.1 /home/index/public/image/logo.png
INFO: [ app_init ] --START--
INFO: Run Behavior\BuildLiteBehavior [ RunTime:0.000041s ]
INFO: [ app_init ] --END-- [ RunTime:0.008876s ]

[ 2019-10-30T19:15:31+08:00 ] 127.0.0.1 /home/index/index?page=1
INFO: [ app_init ] --START--
INFO: Run Behavior\BuildLiteBehavior [ RunTime:0.000018s ]
INFO: [ app_init ] --END-- [ RunTime:0.001021s ]
INFO: [ app_begin ] --START--
INFO: Run Behavior\ReadHtmlCacheBehavior [ RunTime:0.008427s ]
INFO: [ app_begin ] --END-- [ RunTime:0.008582s ]
SQL: SHOW COLUMNS FROM `cms_category` [ RunTime:0.5188s ]
SQL: SELECT * FROM `cms_category` WHERE ( pid=0 )  [ RunTime:0.0008s ]
SQL: SHOW COLUMNS FROM `cms_article` [ RunTime:0.2314s ]
SQL: SELECT * FROM `cms_article` LIMIT 0,5   [ RunTime:0.0010s ]
SQL: SHOW COLUMNS FROM `cms_article` [ RunTime:0.0468s ]
SQL: SELECT COUNT(*) AS tp_count FROM `cms_article` LIMIT 1   [ RunTime:0.0008s ]
INFO: [ view_parse ] --START--
INFO: [ template_filter ] --START--
INFO: Run Behavior\ContentReplaceBehavior [ RunTime:0.000255s ]
INFO: [ template_filter ] --END-- [ RunTime:0.000463s ]
INFO: Run Behavior\ParseTemplateBehavior [ RunTime:0.171909s ]
INFO: [ view_parse ] --END-- [ RunTime:0.172093s ]
INFO: [ view_filter ] --START--
INFO: Run Behavior\WriteHtmlCacheBehavior [ RunTime:0.004789s ]
INFO: [ view_filter ] --END-- [ RunTime:0.004850s ]
INFO: [ app_end ] --START--
INFO: Run Behavior\ShowPageTraceBehavior [ RunTime:0.004808s ]
INFO: [ app_end ] --END-- [ RunTime:0.004872s ]

[ 2019-10-30T19:15:31+08:00 ] 127.0.0.1 /home/index/public/image/logo.png
INFO: [ app_init ] --START--
INFO: Run Behavior\BuildLiteBehavior [ RunTime:0.000057s ]
INFO: [ app_init ] --END-- [ RunTime:0.001586s ]

[ 2019-10-30T19:15:33+08:00 ] 127.0.0.1 /home/index/index?page=2
INFO: [ app_init ] --START--
INFO: Run Behavior\BuildLiteBehavior [ RunTime:0.000019s ]
INFO: [ app_init ] --END-- [ RunTime:0.001053s ]
INFO: [ app_begin ] --START--
INFO: Run Behavior\ReadHtmlCacheBehavior [ RunTime:0.004825s ]
INFO: [ app_begin ] --END-- [ RunTime:0.004921s ]
SQL: SHOW COLUMNS FROM `cms_category` [ RunTime:0.0231s ]
SQL: SELECT * FROM `cms_category` WHERE ( pid=0 )  [ RunTime:0.0005s ]
SQL: SHOW COLUMNS FROM `cms_article` [ RunTime:0.0165s ]
SQL: SELECT * FROM `cms_article` LIMIT 5,5   [ RunTime:0.0005s ]
SQL: SHOW COLUMNS FROM `cms_article` [ RunTime:0.0129s ]
SQL: SELECT COUNT(*) AS tp_count FROM `cms_article` LIMIT 1   [ RunTime:0.0003s ]
INFO: [ view_parse ] --START--
INFO: [ template_filter ] --START--
INFO: Run Behavior\ContentReplaceBehavior [ RunTime:0.000079s ]
INFO: [ template_filter ] --END-- [ RunTime:0.000138s ]
INFO: Run Behavior\ParseTemplateBehavior [ RunTime:0.086070s ]
INFO: [ view_parse ] --END-- [ RunTime:0.086198s ]
INFO: [ view_filter ] --START--
INFO: Run Behavior\WriteHtmlCacheBehavior [ RunTime:0.005572s ]
INFO: [ view_filter ] --END-- [ RunTime:0.005658s ]
INFO: [ app_end ] --START--
INFO: Run Behavior\ShowPageTraceBehavior [ RunTime:0.005863s ]
INFO: [ app_end ] --END-- [ RunTime:0.005952s ]

[ 2019-10-30T19:15:33+08:00 ] 127.0.0.1 /home/index/public/image/logo.png
INFO: [ app_init ] --START--
INFO: Run Behavior\BuildLiteBehavior [ RunTime:0.000014s ]
INFO: [ app_init ] --END-- [ RunTime:0.000559s ]

[ 2019-10-30T19:15:36+08:00 ] 127.0.0.1 /home/index/index?page=3
INFO: [ app_init ] --START--
INFO: Run Behavior\BuildLiteBehavior [ RunTime:0.000017s ]
INFO: [ app_init ] --END-- [ RunTime:0.000939s ]
INFO: [ app_begin ] --START--
INFO: Run Behavior\ReadHtmlCacheBehavior [ RunTime:0.004817s ]
INFO: [ app_begin ] --END-- [ RunTime:0.004908s ]
SQL: SHOW COLUMNS FROM `cms_category` [ RunTime:0.2795s ]
SQL: SELECT * FROM `cms_category` WHERE ( pid=0 )  [ RunTime:0.0008s ]
SQL: SHOW COLUMNS FROM `cms_article` [ RunTime:0.0601s ]
SQL: SELECT * FROM `cms_article` LIMIT 10,5   [ RunTime:0.0010s ]
SQL: SHOW COLUMNS FROM `cms_article` [ RunTime:0.0571s ]
SQL: SELECT COUNT(*) AS tp_count FROM `cms_article` LIMIT 1   [ RunTime:0.0014s ]
INFO: [ view_parse ] --START--
INFO: [ template_filter ] --START--
INFO: Run Behavior\ContentReplaceBehavior [ RunTime:0.000178s ]
INFO: [ template_filter ] --END-- [ RunTime:0.000329s ]
INFO: Run Behavior\ParseTemplateBehavior [ RunTime:0.102298s ]
INFO: [ view_parse ] --END-- [ RunTime:0.102452s ]
INFO: [ view_filter ] --START--
INFO: Run Behavior\WriteHtmlCacheBehavior [ RunTime:0.006268s ]
INFO: [ view_filter ] --END-- [ RunTime:0.006361s ]
INFO: [ app_end ] --START--
INFO: Run Behavior\ShowPageTraceBehavior [ RunTime:0.005110s ]
INFO: [ app_end ] --END-- [ RunTime:0.005214s ]

[ 2019-10-30T19:15:36+08:00 ] 127.0.0.1 /home/index/public/image/logo.png
INFO: [ app_init ] --START--
INFO: Run Behavior\BuildLiteBehavior [ RunTime:0.000018s ]
INFO: [ app_init ] --END-- [ RunTime:0.003288s ]

