[ 2019-11-03T19:13:25+08:00 ] 127.0.0.1 /home/index/index2
INFO: [ app_init ] --START--
INFO: Run Behavior\BuildLiteBehavior [ RunTime:0.000009s ]
INFO: [ app_init ] --END-- [ RunTime:0.000398s ]
INFO: [ app_begin ] --START--
INFO: Run Behavior\ReadHtmlCacheBehavior [ RunTime:0.003336s ]
INFO: [ app_begin ] --END-- [ RunTime:0.003397s ]
NOTIC: [2048] Declaration of Home\Controller\IndexController::show() should be compatible with Think\Controller::show($content, $charset = '', $contentType = '', $prefix = '') E:\PHP\UPUPW_AP5.5-1510\UPUPW_AP5.5\vhosts\www.cms.com\Application\Home\Controller\IndexController.class.php 第 7 行.
SQL: SHOW COLUMNS FROM `cms_category` [ RunTime:0.1736s ]
SQL: SELECT * FROM `cms_category` WHERE ( pid=0 )  [ RunTime:0.0036s ]
SQL: SHOW COLUMNS FROM `cms_article` [ RunTime:0.0138s ]
SQL: SELECT * FROM `cms_article` LIMIT 0,5   [ RunTime:0.0021s ]
SQL: SHOW COLUMNS FROM `cms_article` [ RunTime:0.0085s ]
SQL: SELECT COUNT(*) AS tp_count FROM `cms_article` LIMIT 1   [ RunTime:0.0050s ]
INFO: [ view_parse ] --START--
INFO: [ template_filter ] --START--
INFO: Run Behavior\ContentReplaceBehavior [ RunTime:0.002766s ]
INFO: [ template_filter ] --END-- [ RunTime:0.002828s ]
INFO: Run Behavior\ParseTemplateBehavior [ RunTime:0.203590s ]
INFO: [ view_parse ] --END-- [ RunTime:0.203665s ]
INFO: [ view_filter ] --START--
INFO: Run Behavior\WriteHtmlCacheBehavior [ RunTime:0.002760s ]
INFO: [ view_filter ] --END-- [ RunTime:0.002796s ]
INFO: [ app_end ] --START--
INFO: Run Behavior\ShowPageTraceBehavior [ RunTime:0.002828s ]
INFO: [ app_end ] --END-- [ RunTime:0.002864s ]

[ 2019-11-03T19:13:29+08:00 ] 127.0.0.1 /home/index/list.php?cid=1
INFO: [ app_init ] --START--
INFO: Run Behavior\BuildLiteBehavior [ RunTime:0.000009s ]
INFO: [ app_init ] --END-- [ RunTime:0.000430s ]
INFO: [ app_begin ] --START--
INFO: Run Behavior\ReadHtmlCacheBehavior [ RunTime:0.003701s ]
INFO: [ app_begin ] --END-- [ RunTime:0.003767s ]
NOTIC: [2048] Declaration of Home\Controller\IndexController::show() should be compatible with Think\Controller::show($content, $charset = '', $contentType = '', $prefix = '') E:\PHP\UPUPW_AP5.5-1510\UPUPW_AP5.5\vhosts\www.cms.com\Application\Home\Controller\IndexController.class.php 第 7 行.
ERR: 非法操作:list.php

[ 2019-11-03T19:13:41+08:00 ] 127.0.0.1 /home/index/index2
INFO: [ app_init ] --START--
INFO: Run Behavior\BuildLiteBehavior [ RunTime:0.000009s ]
INFO: [ app_init ] --END-- [ RunTime:0.000415s ]
INFO: [ app_begin ] --START--
INFO: Run Behavior\ReadHtmlCacheBehavior [ RunTime:0.001968s ]
INFO: [ app_begin ] --END-- [ RunTime:0.002007s ]
NOTIC: [2048] Declaration of Home\Controller\IndexController::show() should be compatible with Think\Controller::show($content, $charset = '', $contentType = '', $prefix = '') E:\PHP\UPUPW_AP5.5-1510\UPUPW_AP5.5\vhosts\www.cms.com\Application\Home\Controller\IndexController.class.php 第 7 行.
SQL: SHOW COLUMNS FROM `cms_category` [ RunTime:0.0106s ]
SQL: SELECT * FROM `cms_category` WHERE ( pid=0 )  [ RunTime:0.0004s ]
SQL: SHOW COLUMNS FROM `cms_article` [ RunTime:0.0095s ]
SQL: SELECT * FROM `cms_article` LIMIT 0,5   [ RunTime:0.0003s ]
SQL: SHOW COLUMNS FROM `cms_article` [ RunTime:0.0051s ]
SQL: SELECT COUNT(*) AS tp_count FROM `cms_article` LIMIT 1   [ RunTime:0.0002s ]
INFO: [ view_parse ] --START--
INFO: [ template_filter ] --START--
INFO: Run Behavior\ContentReplaceBehavior [ RunTime:0.000037s ]
INFO: [ template_filter ] --END-- [ RunTime:0.000086s ]
INFO: Run Behavior\ParseTemplateBehavior [ RunTime:0.114817s ]
INFO: [ view_parse ] --END-- [ RunTime:0.114881s ]
INFO: [ view_filter ] --START--
INFO: Run Behavior\WriteHtmlCacheBehavior [ RunTime:0.003008s ]
INFO: [ view_filter ] --END-- [ RunTime:0.003047s ]
INFO: [ app_end ] --START--
INFO: Run Behavior\ShowPageTraceBehavior [ RunTime:0.004422s ]
INFO: [ app_end ] --END-- [ RunTime:0.004488s ]

[ 2019-11-03T19:13:45+08:00 ] 127.0.0.1 /home/index
INFO: [ app_init ] --START--
INFO: Run Behavior\BuildLiteBehavior [ RunTime:0.000009s ]
INFO: [ app_init ] --END-- [ RunTime:0.000421s ]
INFO: [ app_begin ] --START--
INFO: Run Behavior\ReadHtmlCacheBehavior [ RunTime:0.003525s ]
INFO: [ app_begin ] --END-- [ RunTime:0.003586s ]
NOTIC: [2048] Declaration of Home\Controller\IndexController::show() should be compatible with Think\Controller::show($content, $charset = '', $contentType = '', $prefix = '') E:\PHP\UPUPW_AP5.5-1510\UPUPW_AP5.5\vhosts\www.cms.com\Application\Home\Controller\IndexController.class.php 第 7 行.
SQL: SHOW COLUMNS FROM `cms_category` [ RunTime:0.0105s ]
SQL: SELECT * FROM `cms_category` WHERE ( pid=0 )  [ RunTime:0.0002s ]
SQL: SHOW COLUMNS FROM `cms_article` [ RunTime:0.0085s ]
SQL: SELECT * FROM `cms_article` LIMIT 0,5   [ RunTime:0.0002s ]
SQL: SHOW COLUMNS FROM `cms_article` [ RunTime:0.0049s ]
SQL: SELECT COUNT(*) AS tp_count FROM `cms_article` LIMIT 1   [ RunTime:0.0002s ]
SQL: SHOW COLUMNS FROM `cms_article` [ RunTime:0.0216s ]
SQL: SELECT `title` FROM `cms_article` ORDER BY time desc LIMIT 0,6   [ RunTime:0.0071s ]
INFO: [ view_parse ] --START--
INFO: [ template_filter ] --START--
INFO: Run Behavior\ContentReplaceBehavior [ RunTime:0.000112s ]
INFO: [ template_filter ] --END-- [ RunTime:0.000187s ]
NOTIC: [8] Undefined index: id E:\PHP\UPUPW_AP5.5-1510\UPUPW_AP5.5\vhosts\www.cms.com\Application\Runtime\Cache\Home\2a94b8bda04ff446dcedd42276fc99ee.php 第 87 行.
NOTIC: [8] Undefined index: id E:\PHP\UPUPW_AP5.5-1510\UPUPW_AP5.5\vhosts\www.cms.com\Application\Runtime\Cache\Home\2a94b8bda04ff446dcedd42276fc99ee.php 第 87 行.
NOTIC: [8] Undefined index: id E:\PHP\UPUPW_AP5.5-1510\UPUPW_AP5.5\vhosts\www.cms.com\Application\Runtime\Cache\Home\2a94b8bda04ff446dcedd42276fc99ee.php 第 87 行.
NOTIC: [8] Undefined index: id E:\PHP\UPUPW_AP5.5-1510\UPUPW_AP5.5\vhosts\www.cms.com\Application\Runtime\Cache\Home\2a94b8bda04ff446dcedd42276fc99ee.php 第 87 行.
NOTIC: [8] Undefined index: id E:\PHP\UPUPW_AP5.5-1510\UPUPW_AP5.5\vhosts\www.cms.com\Application\Runtime\Cache\Home\2a94b8bda04ff446dcedd42276fc99ee.php 第 87 行.
NOTIC: [8] Undefined index: id E:\PHP\UPUPW_AP5.5-1510\UPUPW_AP5.5\vhosts\www.cms.com\Application\Runtime\Cache\Home\2a94b8bda04ff446dcedd42276fc99ee.php 第 87 行.
INFO: Run Behavior\ParseTemplateBehavior [ RunTime:0.157468s ]
INFO: [ view_parse ] --END-- [ RunTime:0.157546s ]
INFO: [ view_filter ] --START--
INFO: Run Behavior\WriteHtmlCacheBehavior [ RunTime:0.001958s ]
INFO: [ view_filter ] --END-- [ RunTime:0.001983s ]
INFO: [ app_end ] --START--
INFO: Run Behavior\ShowPageTraceBehavior [ RunTime:0.001970s ]
INFO: [ app_end ] --END-- [ RunTime:0.002002s ]

[ 2019-11-03T19:13:45+08:00 ] 127.0.0.1 /home/public/image/logo.png
INFO: [ app_init ] --START--
INFO: Run Behavior\BuildLiteBehavior [ RunTime:0.000017s ]
INFO: [ app_init ] --END-- [ RunTime:0.000643s ]

[ 2019-11-03T19:13:46+08:00 ] 127.0.0.1 /home/upload/2016-05/16/ed27a1ba3b93801cde7a4d0f2ff26958.png
INFO: [ app_init ] --START--
INFO: Run Behavior\BuildLiteBehavior [ RunTime:0.000014s ]
INFO: [ app_init ] --END-- [ RunTime:0.000655s ]

[ 2019-11-03T19:13:46+08:00 ] 127.0.0.1 /home/upload/
INFO: [ app_init ] --START--
INFO: Run Behavior\BuildLiteBehavior [ RunTime:0.000014s ]
INFO: [ app_init ] --END-- [ RunTime:0.000726s ]
INFO: [ app_begin ] --START--
INFO: Run Behavior\ReadHtmlCacheBehavior [ RunTime:0.003483s ]
INFO: [ app_begin ] --END-- [ RunTime:0.003559s ]
ERR: 无法加载控制器:Upload

[ 2019-11-03T19:14:53+08:00 ] 127.0.0.1 /home/index/index2
INFO: [ app_init ] --START--
INFO: Run Behavior\BuildLiteBehavior [ RunTime:0.000008s ]
INFO: [ app_init ] --END-- [ RunTime:0.000400s ]
INFO: [ app_begin ] --START--
INFO: Run Behavior\ReadHtmlCacheBehavior [ RunTime:0.001958s ]
INFO: [ app_begin ] --END-- [ RunTime:0.002002s ]
NOTIC: [2048] Declaration of Home\Controller\IndexController::show() should be compatible with Think\Controller::show($content, $charset = '', $contentType = '', $prefix = '') E:\PHP\UPUPW_AP5.5-1510\UPUPW_AP5.5\vhosts\www.cms.com\Application\Home\Controller\IndexController.class.php 第 7 行.
SQL: SHOW COLUMNS FROM `cms_category` [ RunTime:0.0788s ]
SQL: SELECT * FROM `cms_category` WHERE ( pid=0 )  [ RunTime:0.0003s ]
SQL: SHOW COLUMNS FROM `cms_article` [ RunTime:0.0085s ]
SQL: SELECT * FROM `cms_article` LIMIT 0,5   [ RunTime:0.0003s ]
SQL: SHOW COLUMNS FROM `cms_article` [ RunTime:0.0050s ]
SQL: SELECT COUNT(*) AS tp_count FROM `cms_article` LIMIT 1   [ RunTime:0.0002s ]
INFO: [ view_parse ] --START--
INFO: [ template_filter ] --START--
INFO: Run Behavior\ContentReplaceBehavior [ RunTime:0.000041s ]
INFO: [ template_filter ] --END-- [ RunTime:0.000093s ]
INFO: Run Behavior\ParseTemplateBehavior [ RunTime:0.023641s ]
INFO: [ view_parse ] --END-- [ RunTime:0.023710s ]
INFO: [ view_filter ] --START--
INFO: Run Behavior\WriteHtmlCacheBehavior [ RunTime:0.001989s ]
INFO: [ view_filter ] --END-- [ RunTime:0.002015s ]
INFO: [ app_end ] --START--
INFO: Run Behavior\ShowPageTraceBehavior [ RunTime:0.001960s ]
INFO: [ app_end ] --END-- [ RunTime:0.001984s ]

[ 2019-11-03T19:15:16+08:00 ] 127.0.0.1 /home/index/index2
INFO: [ app_init ] --START--
INFO: Run Behavior\BuildLiteBehavior [ RunTime:0.000013s ]
INFO: [ app_init ] --END-- [ RunTime:0.000435s ]
INFO: [ app_begin ] --START--
INFO: Run Behavior\ReadHtmlCacheBehavior [ RunTime:0.009322s ]
INFO: [ app_begin ] --END-- [ RunTime:0.009500s ]
NOTIC: [2048] Declaration of Home\Controller\IndexController::show() should be compatible with Think\Controller::show($content, $charset = '', $contentType = '', $prefix = '') E:\PHP\UPUPW_AP5.5-1510\UPUPW_AP5.5\vhosts\www.cms.com\Application\Home\Controller\IndexController.class.php 第 7 行.
SQL: SHOW COLUMNS FROM `cms_category` [ RunTime:0.1955s ]
SQL: SELECT * FROM `cms_category` WHERE ( pid=0 )  [ RunTime:0.0004s ]
SQL: SHOW COLUMNS FROM `cms_article` [ RunTime:0.0159s ]
SQL: SELECT * FROM `cms_article` LIMIT 0,5   [ RunTime:0.0006s ]
SQL: SHOW COLUMNS FROM `cms_article` [ RunTime:0.0076s ]
SQL: SELECT COUNT(*) AS tp_count FROM `cms_article` LIMIT 1   [ RunTime:0.0002s ]
INFO: [ view_parse ] --START--
INFO: [ template_filter ] --START--
INFO: Run Behavior\ContentReplaceBehavior [ RunTime:0.000030s ]
INFO: [ template_filter ] --END-- [ RunTime:0.000071s ]
INFO: Run Behavior\ParseTemplateBehavior [ RunTime:0.058451s ]
INFO: [ view_parse ] --END-- [ RunTime:0.058535s ]
INFO: [ view_filter ] --START--
INFO: Run Behavior\WriteHtmlCacheBehavior [ RunTime:0.002001s ]
INFO: [ view_filter ] --END-- [ RunTime:0.002027s ]
INFO: [ app_end ] --START--
INFO: Run Behavior\ShowPageTraceBehavior [ RunTime:0.001944s ]
INFO: [ app_end ] --END-- [ RunTime:0.001970s ]

[ 2019-11-03T19:15:44+08:00 ] 127.0.0.1 /home/index/index2
INFO: [ app_init ] --START--
INFO: Run Behavior\BuildLiteBehavior [ RunTime:0.000009s ]
INFO: [ app_init ] --END-- [ RunTime:0.000573s ]
INFO: [ app_begin ] --START--
INFO: Run Behavior\ReadHtmlCacheBehavior [ RunTime:0.001986s ]
INFO: [ app_begin ] --END-- [ RunTime:0.002029s ]
NOTIC: [2048] Declaration of Home\Controller\IndexController::show() should be compatible with Think\Controller::show($content, $charset = '', $contentType = '', $prefix = '') E:\PHP\UPUPW_AP5.5-1510\UPUPW_AP5.5\vhosts\www.cms.com\Application\Home\Controller\IndexController.class.php 第 7 行.
SQL: SHOW COLUMNS FROM `cms_category` [ RunTime:0.0114s ]
SQL: SELECT * FROM `cms_category` WHERE ( pid=0 )  [ RunTime:0.0003s ]
SQL: SHOW COLUMNS FROM `cms_article` [ RunTime:0.0097s ]
SQL: SELECT * FROM `cms_article` LIMIT 0,5   [ RunTime:0.0003s ]
SQL: SHOW COLUMNS FROM `cms_article` [ RunTime:0.0050s ]
SQL: SELECT COUNT(*) AS tp_count FROM `cms_article` LIMIT 1   [ RunTime:0.0002s ]
INFO: [ view_parse ] --START--
INFO: [ template_filter ] --START--
INFO: Run Behavior\ContentReplaceBehavior [ RunTime:0.000044s ]
INFO: [ template_filter ] --END-- [ RunTime:0.000109s ]
INFO: Run Behavior\ParseTemplateBehavior [ RunTime:0.040324s ]
INFO: [ view_parse ] --END-- [ RunTime:0.040390s ]
INFO: [ view_filter ] --START--
INFO: Run Behavior\WriteHtmlCacheBehavior [ RunTime:0.002047s ]
INFO: [ view_filter ] --END-- [ RunTime:0.002077s ]
INFO: [ app_end ] --START--
INFO: Run Behavior\ShowPageTraceBehavior [ RunTime:0.001970s ]
INFO: [ app_end ] --END-- [ RunTime:0.001997s ]

[ 2019-11-03T19:16:54+08:00 ] 127.0.0.1 /home/index/index2
INFO: [ app_init ] --START--
INFO: Run Behavior\BuildLiteBehavior [ RunTime:0.000023s ]
INFO: [ app_init ] --END-- [ RunTime:0.000841s ]
INFO: [ app_begin ] --START--
INFO: Run Behavior\ReadHtmlCacheBehavior [ RunTime:0.004019s ]
INFO: [ app_begin ] --END-- [ RunTime:0.004223s ]
NOTIC: [2048] Declaration of Home\Controller\IndexController::show() should be compatible with Think\Controller::show($content, $charset = '', $contentType = '', $prefix = '') E:\PHP\UPUPW_AP5.5-1510\UPUPW_AP5.5\vhosts\www.cms.com\Application\Home\Controller\IndexController.class.php 第 7 行.
SQL: SHOW COLUMNS FROM `cms_category` [ RunTime:0.0132s ]
SQL: SELECT * FROM `cms_category` WHERE ( pid=0 )  [ RunTime:0.0004s ]
SQL: SHOW COLUMNS FROM `cms_article` [ RunTime:0.0086s ]
SQL: SELECT * FROM `cms_article` LIMIT 0,5   [ RunTime:0.0003s ]
SQL: SHOW COLUMNS FROM `cms_article` [ RunTime:0.0100s ]
SQL: SELECT COUNT(*) AS tp_count FROM `cms_article` LIMIT 1   [ RunTime:0.0002s ]
INFO: [ view_parse ] --START--
INFO: [ template_filter ] --START--
INFO: Run Behavior\ContentReplaceBehavior [ RunTime:0.000055s ]
INFO: [ template_filter ] --END-- [ RunTime:0.000117s ]
INFO: Run Behavior\ParseTemplateBehavior [ RunTime:0.286052s ]
INFO: [ view_parse ] --END-- [ RunTime:0.286109s ]
INFO: [ view_filter ] --START--
INFO: Run Behavior\WriteHtmlCacheBehavior [ RunTime:0.002058s ]
INFO: [ view_filter ] --END-- [ RunTime:0.002092s ]
INFO: [ app_end ] --START--
INFO: Run Behavior\ShowPageTraceBehavior [ RunTime:0.002484s ]
INFO: [ app_end ] --END-- [ RunTime:0.002560s ]

[ 2019-11-03T19:17:24+08:00 ] 127.0.0.1 /home/index/index2
INFO: [ app_init ] --START--
INFO: Run Behavior\BuildLiteBehavior [ RunTime:0.000008s ]
INFO: [ app_init ] --END-- [ RunTime:0.000400s ]
INFO: [ app_begin ] --START--
INFO: Run Behavior\ReadHtmlCacheBehavior [ RunTime:0.002173s ]
INFO: [ app_begin ] --END-- [ RunTime:0.002233s ]
NOTIC: [2048] Declaration of Home\Controller\IndexController::show() should be compatible with Think\Controller::show($content, $charset = '', $contentType = '', $prefix = '') E:\PHP\UPUPW_AP5.5-1510\UPUPW_AP5.5\vhosts\www.cms.com\Application\Home\Controller\IndexController.class.php 第 7 行.
SQL: SHOW COLUMNS FROM `cms_category` [ RunTime:0.0130s ]
SQL: SELECT * FROM `cms_category` WHERE ( pid=0 )  [ RunTime:0.0003s ]
SQL: SHOW COLUMNS FROM `cms_article` [ RunTime:0.0086s ]
SQL: SELECT * FROM `cms_article` LIMIT 0,5   [ RunTime:0.0004s ]
SQL: SHOW COLUMNS FROM `cms_article` [ RunTime:0.0051s ]
SQL: SELECT COUNT(*) AS tp_count FROM `cms_article` LIMIT 1   [ RunTime:0.0002s ]
INFO: [ view_parse ] --START--
INFO: [ template_filter ] --START--
INFO: Run Behavior\ContentReplaceBehavior [ RunTime:0.000031s ]
INFO: [ template_filter ] --END-- [ RunTime:0.000063s ]
INFO: Run Behavior\ParseTemplateBehavior [ RunTime:0.024929s ]
INFO: [ view_parse ] --END-- [ RunTime:0.024979s ]
INFO: [ view_filter ] --START--
INFO: Run Behavior\WriteHtmlCacheBehavior [ RunTime:0.003079s ]
INFO: [ view_filter ] --END-- [ RunTime:0.003134s ]
INFO: [ app_end ] --START--
INFO: Run Behavior\ShowPageTraceBehavior [ RunTime:0.002219s ]
INFO: [ app_end ] --END-- [ RunTime:0.002256s ]

[ 2019-11-03T19:21:58+08:00 ] 127.0.0.1 /home/index/index2
INFO: [ app_init ] --START--
INFO: Run Behavior\BuildLiteBehavior [ RunTime:0.000040s ]
INFO: [ app_init ] --END-- [ RunTime:0.001075s ]
INFO: [ app_begin ] --START--
INFO: Run Behavior\ReadHtmlCacheBehavior [ RunTime:0.001984s ]
INFO: [ app_begin ] --END-- [ RunTime:0.002041s ]
NOTIC: [2048] Declaration of Home\Controller\IndexController::show() should be compatible with Think\Controller::show($content, $charset = '', $contentType = '', $prefix = '') E:\PHP\UPUPW_AP5.5-1510\UPUPW_AP5.5\vhosts\www.cms.com\Application\Home\Controller\IndexController.class.php 第 7 行.
SQL: SHOW COLUMNS FROM `cms_category` [ RunTime:0.0106s ]
SQL: SELECT * FROM `cms_category` WHERE ( pid=0 )  [ RunTime:0.0003s ]
SQL: SHOW COLUMNS FROM `cms_article` [ RunTime:0.0110s ]
SQL: SELECT * FROM `cms_article` LIMIT 0,5   [ RunTime:0.0003s ]
SQL: SHOW COLUMNS FROM `cms_article` [ RunTime:0.0054s ]
SQL: SELECT COUNT(*) AS tp_count FROM `cms_article` LIMIT 1   [ RunTime:0.0002s ]
INFO: [ view_parse ] --START--
INFO: [ template_filter ] --START--
INFO: Run Behavior\ContentReplaceBehavior [ RunTime:0.000032s ]
INFO: [ template_filter ] --END-- [ RunTime:0.000067s ]
INFO: Run Behavior\ParseTemplateBehavior [ RunTime:0.029531s ]
INFO: [ view_parse ] --END-- [ RunTime:0.029608s ]
INFO: [ view_filter ] --START--
INFO: Run Behavior\WriteHtmlCacheBehavior [ RunTime:0.002045s ]
INFO: [ view_filter ] --END-- [ RunTime:0.002089s ]
INFO: [ app_end ] --START--
INFO: Run Behavior\ShowPageTraceBehavior [ RunTime:0.003373s ]
INFO: [ app_end ] --END-- [ RunTime:0.003419s ]

[ 2019-11-03T19:23:03+08:00 ] 127.0.0.1 /home/index/index2
INFO: [ app_init ] --START--
INFO: Run Behavior\BuildLiteBehavior [ RunTime:0.000018s ]
INFO: [ app_init ] --END-- [ RunTime:0.000970s ]
INFO: [ app_begin ] --START--
INFO: Run Behavior\ReadHtmlCacheBehavior [ RunTime:0.001959s ]
INFO: [ app_begin ] --END-- [ RunTime:0.001998s ]
NOTIC: [2048] Declaration of Home\Controller\IndexController::show() should be compatible with Think\Controller::show($content, $charset = '', $contentType = '', $prefix = '') E:\PHP\UPUPW_AP5.5-1510\UPUPW_AP5.5\vhosts\www.cms.com\Application\Home\Controller\IndexController.class.php 第 7 行.
SQL: SHOW COLUMNS FROM `cms_category` [ RunTime:0.0123s ]
SQL: SELECT * FROM `cms_category` WHERE ( pid=0 )  [ RunTime:0.0003s ]
SQL: SHOW COLUMNS FROM `cms_article` [ RunTime:0.0101s ]
SQL: SELECT * FROM `cms_article` LIMIT 0,5   [ RunTime:0.0002s ]
SQL: SHOW COLUMNS FROM `cms_article` [ RunTime:0.0048s ]
SQL: SELECT COUNT(*) AS tp_count FROM `cms_article` LIMIT 1   [ RunTime:0.0002s ]
INFO: [ view_parse ] --START--
INFO: [ template_filter ] --START--
INFO: Run Behavior\ContentReplaceBehavior [ RunTime:0.000032s ]
INFO: [ template_filter ] --END-- [ RunTime:0.000066s ]
INFO: Run Behavior\ParseTemplateBehavior [ RunTime:0.027647s ]
INFO: [ view_parse ] --END-- [ RunTime:0.027738s ]
INFO: [ view_filter ] --START--
INFO: Run Behavior\WriteHtmlCacheBehavior [ RunTime:0.002298s ]
INFO: [ view_filter ] --END-- [ RunTime:0.002330s ]
INFO: [ app_end ] --START--
INFO: Run Behavior\ShowPageTraceBehavior [ RunTime:0.002752s ]
INFO: [ app_end ] --END-- [ RunTime:0.002820s ]

[ 2019-11-03T19:24:45+08:00 ] 127.0.0.1 /home/index/index2
INFO: [ app_init ] --START--
INFO: Run Behavior\BuildLiteBehavior [ RunTime:0.000010s ]
INFO: [ app_init ] --END-- [ RunTime:0.000424s ]
INFO: [ app_begin ] --START--
INFO: Run Behavior\ReadHtmlCacheBehavior [ RunTime:0.001984s ]
INFO: [ app_begin ] --END-- [ RunTime:0.002017s ]
NOTIC: [2048] Declaration of Home\Controller\IndexController::show() should be compatible with Think\Controller::show($content, $charset = '', $contentType = '', $prefix = '') E:\PHP\UPUPW_AP5.5-1510\UPUPW_AP5.5\vhosts\www.cms.com\Application\Home\Controller\IndexController.class.php 第 7 行.
SQL: SHOW COLUMNS FROM `cms_category` [ RunTime:0.0107s ]
SQL: SELECT * FROM `cms_category` WHERE ( pid=0 )  [ RunTime:0.0003s ]
SQL: SHOW COLUMNS FROM `cms_article` [ RunTime:0.0096s ]
SQL: SELECT * FROM `cms_article` LIMIT 0,5   [ RunTime:0.0003s ]
SQL: SHOW COLUMNS FROM `cms_article` [ RunTime:0.0057s ]
SQL: SELECT COUNT(*) AS tp_count FROM `cms_article` LIMIT 1   [ RunTime:0.0002s ]
INFO: [ view_parse ] --START--
INFO: [ template_filter ] --START--
INFO: Run Behavior\ContentReplaceBehavior [ RunTime:0.000033s ]
INFO: [ template_filter ] --END-- [ RunTime:0.000068s ]
INFO: Run Behavior\ParseTemplateBehavior [ RunTime:0.027430s ]
INFO: [ view_parse ] --END-- [ RunTime:0.027509s ]
INFO: [ view_filter ] --START--
INFO: Run Behavior\WriteHtmlCacheBehavior [ RunTime:0.001986s ]
INFO: [ view_filter ] --END-- [ RunTime:0.002011s ]
INFO: [ app_end ] --START--
INFO: Run Behavior\ShowPageTraceBehavior [ RunTime:0.002231s ]
INFO: [ app_end ] --END-- [ RunTime:0.002262s ]

[ 2019-11-03T19:26:25+08:00 ] 127.0.0.1 /home/index/index2
INFO: [ app_init ] --START--
INFO: Run Behavior\BuildLiteBehavior [ RunTime:0.000009s ]
INFO: [ app_init ] --END-- [ RunTime:0.000407s ]
INFO: [ app_begin ] --START--
INFO: Run Behavior\ReadHtmlCacheBehavior [ RunTime:0.001999s ]
INFO: [ app_begin ] --END-- [ RunTime:0.002045s ]
NOTIC: [2048] Declaration of Home\Controller\IndexController::show() should be compatible with Think\Controller::show($content, $charset = '', $contentType = '', $prefix = '') E:\PHP\UPUPW_AP5.5-1510\UPUPW_AP5.5\vhosts\www.cms.com\Application\Home\Controller\IndexController.class.php 第 7 行.
SQL: SHOW COLUMNS FROM `cms_category` [ RunTime:0.0132s ]
SQL: SELECT * FROM `cms_category` WHERE ( pid=0 )  [ RunTime:0.0002s ]
SQL: SHOW COLUMNS FROM `cms_article` [ RunTime:0.0102s ]
SQL: SELECT * FROM `cms_article` LIMIT 0,5   [ RunTime:0.0003s ]
SQL: SHOW COLUMNS FROM `cms_article` [ RunTime:0.0048s ]
SQL: SELECT COUNT(*) AS tp_count FROM `cms_article` LIMIT 1   [ RunTime:0.0002s ]
INFO: [ view_parse ] --START--
INFO: [ template_filter ] --START--
INFO: Run Behavior\ContentReplaceBehavior [ RunTime:0.000034s ]
INFO: [ template_filter ] --END-- [ RunTime:0.000068s ]
INFO: Run Behavior\ParseTemplateBehavior [ RunTime:0.029722s ]
INFO: [ view_parse ] --END-- [ RunTime:0.029778s ]
INFO: [ view_filter ] --START--
INFO: Run Behavior\WriteHtmlCacheBehavior [ RunTime:0.001994s ]
INFO: [ view_filter ] --END-- [ RunTime:0.002019s ]
INFO: [ app_end ] --START--
INFO: Run Behavior\ShowPageTraceBehavior [ RunTime:0.001954s ]
INFO: [ app_end ] --END-- [ RunTime:0.001978s ]

[ 2019-11-03T19:30:21+08:00 ] 127.0.0.1 /home/index/index2
INFO: [ app_init ] --START--
INFO: Run Behavior\BuildLiteBehavior [ RunTime:0.000008s ]
INFO: [ app_init ] --END-- [ RunTime:0.000405s ]
INFO: [ app_begin ] --START--
INFO: Run Behavior\ReadHtmlCacheBehavior [ RunTime:0.002137s ]
INFO: [ app_begin ] --END-- [ RunTime:0.002180s ]
NOTIC: [2048] Declaration of Home\Controller\IndexController::show() should be compatible with Think\Controller::show($content, $charset = '', $contentType = '', $prefix = '') E:\PHP\UPUPW_AP5.5-1510\UPUPW_AP5.5\vhosts\www.cms.com\Application\Home\Controller\IndexController.class.php 第 7 行.
SQL: SHOW COLUMNS FROM `cms_category` [ RunTime:0.0129s ]
SQL: SELECT * FROM `cms_category` WHERE ( pid=0 )  [ RunTime:0.0003s ]
SQL: SHOW COLUMNS FROM `cms_article` [ RunTime:0.0088s ]
SQL: SELECT * FROM `cms_article` LIMIT 0,5   [ RunTime:0.0005s ]
SQL: SHOW COLUMNS FROM `cms_article` [ RunTime:0.0058s ]
SQL: SELECT COUNT(*) AS tp_count FROM `cms_article` LIMIT 1   [ RunTime:0.0002s ]
INFO: [ view_parse ] --START--
INFO: [ template_filter ] --START--
INFO: Run Behavior\ContentReplaceBehavior [ RunTime:0.000059s ]
INFO: [ template_filter ] --END-- [ RunTime:0.000128s ]
INFO: Run Behavior\ParseTemplateBehavior [ RunTime:0.028217s ]
INFO: [ view_parse ] --END-- [ RunTime:0.028280s ]
INFO: [ view_filter ] --START--
INFO: Run Behavior\WriteHtmlCacheBehavior [ RunTime:0.001983s ]
INFO: [ view_filter ] --END-- [ RunTime:0.002010s ]
INFO: [ app_end ] --START--
INFO: Run Behavior\ShowPageTraceBehavior [ RunTime:0.002021s ]
INFO: [ app_end ] --END-- [ RunTime:0.002047s ]

[ 2019-11-03T19:31:32+08:00 ] 127.0.0.1 /home/index/index2
INFO: [ app_init ] --START--
INFO: Run Behavior\BuildLiteBehavior [ RunTime:0.000009s ]
INFO: [ app_init ] --END-- [ RunTime:0.000395s ]
INFO: [ app_begin ] --START--
INFO: Run Behavior\ReadHtmlCacheBehavior [ RunTime:0.001969s ]
INFO: [ app_begin ] --END-- [ RunTime:0.002017s ]
NOTIC: [2048] Declaration of Home\Controller\IndexController::show() should be compatible with Think\Controller::show($content, $charset = '', $contentType = '', $prefix = '') E:\PHP\UPUPW_AP5.5-1510\UPUPW_AP5.5\vhosts\www.cms.com\Application\Home\Controller\IndexController.class.php 第 7 行.
SQL: SHOW COLUMNS FROM `cms_category` [ RunTime:0.0714s ]
SQL: SELECT * FROM `cms_category` WHERE ( pid=0 )  [ RunTime:0.0003s ]
SQL: SHOW COLUMNS FROM `cms_article` [ RunTime:0.1438s ]
SQL: SELECT * FROM `cms_article` LIMIT 0,5   [ RunTime:0.0004s ]
SQL: SHOW COLUMNS FROM `cms_article` [ RunTime:0.0068s ]
SQL: SELECT COUNT(*) AS tp_count FROM `cms_article` LIMIT 1   [ RunTime:0.0002s ]
INFO: [ view_parse ] --START--
INFO: [ template_filter ] --START--
INFO: Run Behavior\ContentReplaceBehavior [ RunTime:0.000032s ]
INFO: [ template_filter ] --END-- [ RunTime:0.000071s ]
INFO: Run Behavior\ParseTemplateBehavior [ RunTime:0.036036s ]
INFO: [ view_parse ] --END-- [ RunTime:0.036127s ]
INFO: [ view_filter ] --START--
INFO: Run Behavior\WriteHtmlCacheBehavior [ RunTime:0.003145s ]
INFO: [ view_filter ] --END-- [ RunTime:0.003188s ]
INFO: [ app_end ] --START--
INFO: Run Behavior\ShowPageTraceBehavior [ RunTime:0.001984s ]
INFO: [ app_end ] --END-- [ RunTime:0.002010s ]

[ 2019-11-03T19:32:28+08:00 ] 127.0.0.1 /home/index/index2
INFO: [ app_init ] --START--
INFO: Run Behavior\BuildLiteBehavior [ RunTime:0.000009s ]
INFO: [ app_init ] --END-- [ RunTime:0.000393s ]
INFO: [ app_begin ] --START--
INFO: Run Behavior\ReadHtmlCacheBehavior [ RunTime:0.002021s ]
INFO: [ app_begin ] --END-- [ RunTime:0.002067s ]
NOTIC: [2048] Declaration of Home\Controller\IndexController::show() should be compatible with Think\Controller::show($content, $charset = '', $contentType = '', $prefix = '') E:\PHP\UPUPW_AP5.5-1510\UPUPW_AP5.5\vhosts\www.cms.com\Application\Home\Controller\IndexController.class.php 第 7 行.
SQL: SHOW COLUMNS FROM `cms_category` [ RunTime:0.0481s ]
SQL: SELECT * FROM `cms_category` WHERE ( pid=0 )  [ RunTime:0.0031s ]
SQL: SHOW COLUMNS FROM `cms_article` [ RunTime:0.0110s ]
SQL: SELECT * FROM `cms_article` LIMIT 0,5   [ RunTime:0.0003s ]
SQL: SHOW COLUMNS FROM `cms_article` [ RunTime:0.0049s ]
SQL: SELECT COUNT(*) AS tp_count FROM `cms_article` LIMIT 1   [ RunTime:0.0001s ]
INFO: [ view_parse ] --START--
INFO: [ template_filter ] --START--
INFO: Run Behavior\ContentReplaceBehavior [ RunTime:0.000077s ]
INFO: [ template_filter ] --END-- [ RunTime:0.000184s ]
INFO: Run Behavior\ParseTemplateBehavior [ RunTime:0.031634s ]
INFO: [ view_parse ] --END-- [ RunTime:0.031704s ]
INFO: [ view_filter ] --START--
INFO: Run Behavior\WriteHtmlCacheBehavior [ RunTime:0.002261s ]
INFO: [ view_filter ] --END-- [ RunTime:0.002304s ]
INFO: [ app_end ] --START--
INFO: Run Behavior\ShowPageTraceBehavior [ RunTime:0.001959s ]
INFO: [ app_end ] --END-- [ RunTime:0.001984s ]

[ 2019-11-03T19:32:29+08:00 ] 127.0.0.1 /home/index/index2
INFO: [ app_init ] --START--
INFO: Run Behavior\BuildLiteBehavior [ RunTime:0.000009s ]
INFO: [ app_init ] --END-- [ RunTime:0.000398s ]
INFO: [ app_begin ] --START--
INFO: Run Behavior\ReadHtmlCacheBehavior [ RunTime:0.001956s ]
INFO: [ app_begin ] --END-- [ RunTime:0.001999s ]
NOTIC: [2048] Declaration of Home\Controller\IndexController::show() should be compatible with Think\Controller::show($content, $charset = '', $contentType = '', $prefix = '') E:\PHP\UPUPW_AP5.5-1510\UPUPW_AP5.5\vhosts\www.cms.com\Application\Home\Controller\IndexController.class.php 第 7 行.
SQL: SHOW COLUMNS FROM `cms_category` [ RunTime:0.0117s ]
SQL: SELECT * FROM `cms_category` WHERE ( pid=0 )  [ RunTime:0.0003s ]
SQL: SHOW COLUMNS FROM `cms_article` [ RunTime:0.0078s ]
SQL: SELECT * FROM `cms_article` LIMIT 0,5   [ RunTime:0.0003s ]
SQL: SHOW COLUMNS FROM `cms_article` [ RunTime:0.0060s ]
SQL: SELECT COUNT(*) AS tp_count FROM `cms_article` LIMIT 1   [ RunTime:0.0001s ]
INFO: [ view_parse ] --START--
INFO: [ template_filter ] --START--
INFO: Run Behavior\ContentReplaceBehavior [ RunTime:0.000030s ]
INFO: [ template_filter ] --END-- [ RunTime:0.000064s ]
INFO: Run Behavior\ParseTemplateBehavior [ RunTime:0.012002s ]
INFO: [ view_parse ] --END-- [ RunTime:0.012060s ]
INFO: [ view_filter ] --START--
INFO: Run Behavior\WriteHtmlCacheBehavior [ RunTime:0.002514s ]
INFO: [ view_filter ] --END-- [ RunTime:0.056881s ]
INFO: [ app_end ] --START--
INFO: Run Behavior\ShowPageTraceBehavior [ RunTime:0.002462s ]
INFO: [ app_end ] --END-- [ RunTime:0.002504s ]

[ 2019-11-03T19:32:30+08:00 ] 127.0.0.1 /home/index/index2
INFO: [ app_init ] --START--
INFO: Run Behavior\BuildLiteBehavior [ RunTime:0.000027s ]
INFO: [ app_init ] --END-- [ RunTime:0.003329s ]
INFO: [ app_begin ] --START--
INFO: Run Behavior\ReadHtmlCacheBehavior [ RunTime:0.004698s ]
INFO: [ app_begin ] --END-- [ RunTime:0.004971s ]
NOTIC: [2048] Declaration of Home\Controller\IndexController::show() should be compatible with Think\Controller::show($content, $charset = '', $contentType = '', $prefix = '') E:\PHP\UPUPW_AP5.5-1510\UPUPW_AP5.5\vhosts\www.cms.com\Application\Home\Controller\IndexController.class.php 第 7 行.
SQL: SHOW COLUMNS FROM `cms_category` [ RunTime:0.1649s ]
SQL: SELECT * FROM `cms_category` WHERE ( pid=0 )  [ RunTime:0.0009s ]
SQL: SHOW COLUMNS FROM `cms_article` [ RunTime:0.0270s ]
SQL: SELECT * FROM `cms_article` LIMIT 0,5   [ RunTime:0.0004s ]
SQL: SHOW COLUMNS FROM `cms_article` [ RunTime:0.0067s ]
SQL: SELECT COUNT(*) AS tp_count FROM `cms_article` LIMIT 1   [ RunTime:0.0001s ]
INFO: [ view_parse ] --START--
INFO: [ template_filter ] --START--
INFO: Run Behavior\ContentReplaceBehavior [ RunTime:0.000113s ]
INFO: [ template_filter ] --END-- [ RunTime:0.000359s ]
INFO: Run Behavior\ParseTemplateBehavior [ RunTime:0.027233s ]
INFO: [ view_parse ] --END-- [ RunTime:0.027314s ]
INFO: [ view_filter ] --START--
INFO: Run Behavior\WriteHtmlCacheBehavior [ RunTime:0.002062s ]
INFO: [ view_filter ] --END-- [ RunTime:0.002096s ]
INFO: [ app_end ] --START--
INFO: Run Behavior\ShowPageTraceBehavior [ RunTime:0.002472s ]
INFO: [ app_end ] --END-- [ RunTime:0.002516s ]

[ 2019-11-03T19:33:00+08:00 ] 127.0.0.1 /home/index/index2
INFO: [ app_init ] --START--
INFO: Run Behavior\BuildLiteBehavior [ RunTime:0.000009s ]
INFO: [ app_init ] --END-- [ RunTime:0.000875s ]
INFO: [ app_begin ] --START--
INFO: Run Behavior\ReadHtmlCacheBehavior [ RunTime:0.001933s ]
INFO: [ app_begin ] --END-- [ RunTime:0.001978s ]
NOTIC: [2048] Declaration of Home\Controller\IndexController::show() should be compatible with Think\Controller::show($content, $charset = '', $contentType = '', $prefix = '') E:\PHP\UPUPW_AP5.5-1510\UPUPW_AP5.5\vhosts\www.cms.com\Application\Home\Controller\IndexController.class.php 第 7 行.
SQL: SHOW COLUMNS FROM `cms_category` [ RunTime:0.0108s ]
SQL: SELECT * FROM `cms_category` WHERE ( pid=0 )  [ RunTime:0.0003s ]
SQL: SHOW COLUMNS FROM `cms_article` [ RunTime:0.0091s ]
SQL: SELECT * FROM `cms_article` LIMIT 0,5   [ RunTime:0.0003s ]
SQL: SHOW COLUMNS FROM `cms_article` [ RunTime:0.0054s ]
SQL: SELECT COUNT(*) AS tp_count FROM `cms_article` LIMIT 1   [ RunTime:0.0002s ]
INFO: [ view_parse ] --START--
INFO: [ template_filter ] --START--
INFO: Run Behavior\ContentReplaceBehavior [ RunTime:0.000032s ]
INFO: [ template_filter ] --END-- [ RunTime:0.000069s ]
INFO: Run Behavior\ParseTemplateBehavior [ RunTime:0.028758s ]
INFO: [ view_parse ] --END-- [ RunTime:0.028821s ]
INFO: [ view_filter ] --START--
INFO: Run Behavior\WriteHtmlCacheBehavior [ RunTime:0.002300s ]
INFO: [ view_filter ] --END-- [ RunTime:0.002331s ]
INFO: [ app_end ] --START--
INFO: Run Behavior\ShowPageTraceBehavior [ RunTime:0.001967s ]
INFO: [ app_end ] --END-- [ RunTime:0.001993s ]

[ 2019-11-03T19:34:05+08:00 ] 127.0.0.1 /home/index/index2
INFO: [ app_init ] --START--
INFO: Run Behavior\BuildLiteBehavior [ RunTime:0.000010s ]
INFO: [ app_init ] --END-- [ RunTime:0.000435s ]
INFO: [ app_begin ] --START--
INFO: Run Behavior\ReadHtmlCacheBehavior [ RunTime:0.002634s ]
INFO: [ app_begin ] --END-- [ RunTime:0.002693s ]
NOTIC: [2048] Declaration of Home\Controller\IndexController::show() should be compatible with Think\Controller::show($content, $charset = '', $contentType = '', $prefix = '') E:\PHP\UPUPW_AP5.5-1510\UPUPW_AP5.5\vhosts\www.cms.com\Application\Home\Controller\IndexController.class.php 第 7 行.
SQL: SHOW COLUMNS FROM `cms_category` [ RunTime:0.0122s ]
SQL: SELECT * FROM `cms_category` WHERE ( pid=0 )  [ RunTime:0.0002s ]
SQL: SHOW COLUMNS FROM `cms_article` [ RunTime:0.0070s ]
SQL: SELECT * FROM `cms_article` LIMIT 0,5   [ RunTime:0.0002s ]
SQL: SHOW COLUMNS FROM `cms_article` [ RunTime:0.0054s ]
SQL: SELECT COUNT(*) AS tp_count FROM `cms_article` LIMIT 1   [ RunTime:0.0001s ]
INFO: [ view_parse ] --START--
INFO: [ template_filter ] --START--
INFO: Run Behavior\ContentReplaceBehavior [ RunTime:0.000031s ]
INFO: [ template_filter ] --END-- [ RunTime:0.000067s ]
INFO: Run Behavior\ParseTemplateBehavior [ RunTime:0.026569s ]
INFO: [ view_parse ] --END-- [ RunTime:0.026648s ]
INFO: [ view_filter ] --START--
INFO: Run Behavior\WriteHtmlCacheBehavior [ RunTime:0.002139s ]
INFO: [ view_filter ] --END-- [ RunTime:0.002186s ]
INFO: [ app_end ] --START--
INFO: Run Behavior\ShowPageTraceBehavior [ RunTime:0.002810s ]
INFO: [ app_end ] --END-- [ RunTime:0.002860s ]

[ 2019-11-03T19:34:29+08:00 ] 127.0.0.1 /home/index/index2
INFO: [ app_init ] --START--
INFO: Run Behavior\BuildLiteBehavior [ RunTime:0.000009s ]
INFO: [ app_init ] --END-- [ RunTime:0.000397s ]
INFO: [ app_begin ] --START--
INFO: Run Behavior\ReadHtmlCacheBehavior [ RunTime:0.001963s ]
INFO: [ app_begin ] --END-- [ RunTime:0.002008s ]
NOTIC: [2048] Declaration of Home\Controller\IndexController::show() should be compatible with Think\Controller::show($content, $charset = '', $contentType = '', $prefix = '') E:\PHP\UPUPW_AP5.5-1510\UPUPW_AP5.5\vhosts\www.cms.com\Application\Home\Controller\IndexController.class.php 第 7 行.
SQL: SHOW COLUMNS FROM `cms_category` [ RunTime:0.0132s ]
SQL: SELECT * FROM `cms_category` WHERE ( pid=0 )  [ RunTime:0.0003s ]
SQL: SHOW COLUMNS FROM `cms_article` [ RunTime:0.0102s ]
SQL: SELECT * FROM `cms_article` LIMIT 0,5   [ RunTime:0.0003s ]
SQL: SHOW COLUMNS FROM `cms_article` [ RunTime:0.0052s ]
SQL: SELECT COUNT(*) AS tp_count FROM `cms_article` LIMIT 1   [ RunTime:0.0002s ]
INFO: [ view_parse ] --START--
INFO: [ template_filter ] --START--
INFO: Run Behavior\ContentReplaceBehavior [ RunTime:0.000032s ]
INFO: [ template_filter ] --END-- [ RunTime:0.000069s ]
INFO: Run Behavior\ParseTemplateBehavior [ RunTime:0.030686s ]
INFO: [ view_parse ] --END-- [ RunTime:0.030737s ]
INFO: [ view_filter ] --START--
INFO: Run Behavior\WriteHtmlCacheBehavior [ RunTime:0.002054s ]
INFO: [ view_filter ] --END-- [ RunTime:0.002083s ]
INFO: [ app_end ] --START--
INFO: Run Behavior\ShowPageTraceBehavior [ RunTime:0.002117s ]
INFO: [ app_end ] --END-- [ RunTime:0.002147s ]

[ 2019-11-03T19:35:14+08:00 ] 127.0.0.1 /home/index/index2
INFO: [ app_init ] --START--
INFO: Run Behavior\BuildLiteBehavior [ RunTime:0.000009s ]
INFO: [ app_init ] --END-- [ RunTime:0.000422s ]
INFO: [ app_begin ] --START--
INFO: Run Behavior\ReadHtmlCacheBehavior [ RunTime:0.002961s ]
INFO: [ app_begin ] --END-- [ RunTime:0.003042s ]
NOTIC: [2048] Declaration of Home\Controller\IndexController::show() should be compatible with Think\Controller::show($content, $charset = '', $contentType = '', $prefix = '') E:\PHP\UPUPW_AP5.5-1510\UPUPW_AP5.5\vhosts\www.cms.com\Application\Home\Controller\IndexController.class.php 第 7 行.
SQL: SHOW COLUMNS FROM `cms_category` [ RunTime:0.0140s ]
SQL: SELECT * FROM `cms_category` WHERE ( pid=0 )  [ RunTime:0.0003s ]
SQL: SHOW COLUMNS FROM `cms_article` [ RunTime:0.0095s ]
SQL: SELECT * FROM `cms_article` LIMIT 0,5   [ RunTime:0.0003s ]
SQL: SHOW COLUMNS FROM `cms_article` [ RunTime:0.0057s ]
SQL: SELECT COUNT(*) AS tp_count FROM `cms_article` LIMIT 1   [ RunTime:0.0002s ]
INFO: [ view_parse ] --START--
INFO: [ template_filter ] --START--
INFO: Run Behavior\ContentReplaceBehavior [ RunTime:0.000031s ]
INFO: [ template_filter ] --END-- [ RunTime:0.000067s ]
INFO: Run Behavior\ParseTemplateBehavior [ RunTime:0.028246s ]
INFO: [ view_parse ] --END-- [ RunTime:0.028294s ]
INFO: [ view_filter ] --START--
INFO: Run Behavior\WriteHtmlCacheBehavior [ RunTime:0.001988s ]
INFO: [ view_filter ] --END-- [ RunTime:0.002013s ]
INFO: [ app_end ] --START--
INFO: Run Behavior\ShowPageTraceBehavior [ RunTime:0.001956s ]
INFO: [ app_end ] --END-- [ RunTime:0.001980s ]

[ 2019-11-03T19:36:04+08:00 ] 127.0.0.1 /home/index/index2
INFO: [ app_init ] --START--
INFO: Run Behavior\BuildLiteBehavior [ RunTime:0.000008s ]
INFO: [ app_init ] --END-- [ RunTime:0.000397s ]
INFO: [ app_begin ] --START--
INFO: Run Behavior\ReadHtmlCacheBehavior [ RunTime:0.002118s ]
INFO: [ app_begin ] --END-- [ RunTime:0.002181s ]
NOTIC: [2048] Declaration of Home\Controller\IndexController::show() should be compatible with Think\Controller::show($content, $charset = '', $contentType = '', $prefix = '') E:\PHP\UPUPW_AP5.5-1510\UPUPW_AP5.5\vhosts\www.cms.com\Application\Home\Controller\IndexController.class.php 第 7 行.
SQL: SHOW COLUMNS FROM `cms_category` [ RunTime:0.0116s ]
SQL: SELECT * FROM `cms_category` WHERE ( pid=0 )  [ RunTime:0.0003s ]
SQL: SHOW COLUMNS FROM `cms_article` [ RunTime:0.0104s ]
SQL: SELECT * FROM `cms_article` LIMIT 0,5   [ RunTime:0.0003s ]
SQL: SHOW COLUMNS FROM `cms_article` [ RunTime:0.0054s ]
SQL: SELECT COUNT(*) AS tp_count FROM `cms_article` LIMIT 1   [ RunTime:0.0002s ]
INFO: [ view_parse ] --START--
INFO: [ template_filter ] --START--
INFO: Run Behavior\ContentReplaceBehavior [ RunTime:0.000029s ]
INFO: [ template_filter ] --END-- [ RunTime:0.000065s ]
INFO: Run Behavior\ParseTemplateBehavior [ RunTime:0.029539s ]
INFO: [ view_parse ] --END-- [ RunTime:0.029590s ]
INFO: [ view_filter ] --START--
INFO: Run Behavior\WriteHtmlCacheBehavior [ RunTime:0.001989s ]
INFO: [ view_filter ] --END-- [ RunTime:0.002014s ]
INFO: [ app_end ] --START--
INFO: Run Behavior\ShowPageTraceBehavior [ RunTime:0.002003s ]
INFO: [ app_end ] --END-- [ RunTime:0.002032s ]

[ 2019-11-03T19:36:36+08:00 ] 127.0.0.1 /home/index/index2
INFO: [ app_init ] --START--
INFO: Run Behavior\BuildLiteBehavior [ RunTime:0.000009s ]
INFO: [ app_init ] --END-- [ RunTime:0.000396s ]
INFO: [ app_begin ] --START--
INFO: Run Behavior\ReadHtmlCacheBehavior [ RunTime:0.002279s ]
INFO: [ app_begin ] --END-- [ RunTime:0.002373s ]
NOTIC: [2048] Declaration of Home\Controller\IndexController::show() should be compatible with Think\Controller::show($content, $charset = '', $contentType = '', $prefix = '') E:\PHP\UPUPW_AP5.5-1510\UPUPW_AP5.5\vhosts\www.cms.com\Application\Home\Controller\IndexController.class.php 第 7 行.
SQL: SHOW COLUMNS FROM `cms_category` [ RunTime:0.0981s ]
SQL: SELECT * FROM `cms_category` WHERE ( pid=0 )  [ RunTime:0.0003s ]
SQL: SHOW COLUMNS FROM `cms_article` [ RunTime:0.0084s ]
SQL: SELECT * FROM `cms_article` LIMIT 0,5   [ RunTime:0.0003s ]
SQL: SHOW COLUMNS FROM `cms_article` [ RunTime:0.0056s ]
SQL: SELECT COUNT(*) AS tp_count FROM `cms_article` LIMIT 1   [ RunTime:0.0002s ]
INFO: [ view_parse ] --START--
INFO: [ template_filter ] --START--
INFO: Run Behavior\ContentReplaceBehavior [ RunTime:0.000059s ]
INFO: [ template_filter ] --END-- [ RunTime:0.000094s ]
INFO: Run Behavior\ParseTemplateBehavior [ RunTime:0.028509s ]
INFO: [ view_parse ] --END-- [ RunTime:0.028558s ]
INFO: [ view_filter ] --START--
INFO: Run Behavior\WriteHtmlCacheBehavior [ RunTime:0.001978s ]
INFO: [ view_filter ] --END-- [ RunTime:0.002005s ]
INFO: [ app_end ] --START--
INFO: Run Behavior\ShowPageTraceBehavior [ RunTime:0.001931s ]
INFO: [ app_end ] --END-- [ RunTime:0.001955s ]

[ 2019-11-03T19:37:05+08:00 ] 127.0.0.1 /home/index/index2
INFO: [ app_init ] --START--
INFO: Run Behavior\BuildLiteBehavior [ RunTime:0.000009s ]
INFO: [ app_init ] --END-- [ RunTime:0.000439s ]
INFO: [ app_begin ] --START--
INFO: Run Behavior\ReadHtmlCacheBehavior [ RunTime:0.004130s ]
INFO: [ app_begin ] --END-- [ RunTime:0.004194s ]
NOTIC: [2048] Declaration of Home\Controller\IndexController::show() should be compatible with Think\Controller::show($content, $charset = '', $contentType = '', $prefix = '') E:\PHP\UPUPW_AP5.5-1510\UPUPW_AP5.5\vhosts\www.cms.com\Application\Home\Controller\IndexController.class.php 第 7 行.
SQL: SHOW COLUMNS FROM `cms_category` [ RunTime:0.0251s ]
SQL: SELECT * FROM `cms_category` WHERE ( pid=0 )  [ RunTime:0.0002s ]
SQL: SHOW COLUMNS FROM `cms_article` [ RunTime:0.0085s ]
SQL: SELECT * FROM `cms_article` LIMIT 0,5   [ RunTime:0.0002s ]
SQL: SHOW COLUMNS FROM `cms_article` [ RunTime:0.0072s ]
SQL: SELECT COUNT(*) AS tp_count FROM `cms_article` LIMIT 1   [ RunTime:0.0002s ]
INFO: [ view_parse ] --START--
INFO: [ template_filter ] --START--
INFO: Run Behavior\ContentReplaceBehavior [ RunTime:0.000055s ]
INFO: [ template_filter ] --END-- [ RunTime:0.000126s ]
INFO: Run Behavior\ParseTemplateBehavior [ RunTime:0.028789s ]
INFO: [ view_parse ] --END-- [ RunTime:0.028841s ]
INFO: [ view_filter ] --START--
INFO: Run Behavior\WriteHtmlCacheBehavior [ RunTime:0.002226s ]
INFO: [ view_filter ] --END-- [ RunTime:0.002261s ]
INFO: [ app_end ] --START--
INFO: Run Behavior\ShowPageTraceBehavior [ RunTime:0.001940s ]
INFO: [ app_end ] --END-- [ RunTime:0.001965s ]

[ 2019-11-03T19:41:01+08:00 ] 127.0.0.1 /home/index/index2
INFO: [ app_init ] --START--
INFO: Run Behavior\BuildLiteBehavior [ RunTime:0.000009s ]
INFO: [ app_init ] --END-- [ RunTime:0.000430s ]
INFO: [ app_begin ] --START--
INFO: Run Behavior\ReadHtmlCacheBehavior [ RunTime:0.001966s ]
INFO: [ app_begin ] --END-- [ RunTime:0.002010s ]
NOTIC: [2048] Declaration of Home\Controller\IndexController::show() should be compatible with Think\Controller::show($content, $charset = '', $contentType = '', $prefix = '') E:\PHP\UPUPW_AP5.5-1510\UPUPW_AP5.5\vhosts\www.cms.com\Application\Home\Controller\IndexController.class.php 第 7 行.
SQL: SHOW COLUMNS FROM `cms_category` [ RunTime:0.0121s ]
SQL: SELECT * FROM `cms_category` WHERE ( pid=0 )  [ RunTime:0.0003s ]
SQL: SHOW COLUMNS FROM `cms_article` [ RunTime:0.0085s ]
SQL: SELECT * FROM `cms_article` LIMIT 0,5   [ RunTime:0.0003s ]
SQL: SHOW COLUMNS FROM `cms_article` [ RunTime:0.0056s ]
SQL: SELECT COUNT(*) AS tp_count FROM `cms_article` LIMIT 1   [ RunTime:0.0002s ]
INFO: [ view_parse ] --START--
INFO: [ template_filter ] --START--
INFO: Run Behavior\ContentReplaceBehavior [ RunTime:0.000033s ]
INFO: [ template_filter ] --END-- [ RunTime:0.000069s ]
INFO: Run Behavior\ParseTemplateBehavior [ RunTime:0.012860s ]
INFO: [ view_parse ] --END-- [ RunTime:0.012910s ]
INFO: [ view_filter ] --START--
INFO: Run Behavior\WriteHtmlCacheBehavior [ RunTime:0.002217s ]
INFO: [ view_filter ] --END-- [ RunTime:0.002251s ]
INFO: [ app_end ] --START--
INFO: Run Behavior\ShowPageTraceBehavior [ RunTime:0.002634s ]
INFO: [ app_end ] --END-- [ RunTime:0.002689s ]

[ 2019-11-03T19:41:07+08:00 ] 127.0.0.1 /home/index/list.php?cid=1
INFO: [ app_init ] --START--
INFO: Run Behavior\BuildLiteBehavior [ RunTime:0.000016s ]
INFO: [ app_init ] --END-- [ RunTime:0.000714s ]
INFO: [ app_begin ] --START--
INFO: Run Behavior\ReadHtmlCacheBehavior [ RunTime:0.002758s ]
INFO: [ app_begin ] --END-- [ RunTime:0.002824s ]
NOTIC: [2048] Declaration of Home\Controller\IndexController::show() should be compatible with Think\Controller::show($content, $charset = '', $contentType = '', $prefix = '') E:\PHP\UPUPW_AP5.5-1510\UPUPW_AP5.5\vhosts\www.cms.com\Application\Home\Controller\IndexController.class.php 第 7 行.
ERR: 非法操作:list.php

