[ 2019-12-23T10:49:59+08:00 ] 127.0.0.1 /
INFO: [ app_init ] --START--
INFO: Run Behavior\BuildLiteBehavior [ RunTime:0.000038s ]
INFO: [ app_init ] --END-- [ RunTime:0.005543s ]
INFO: [ app_begin ] --START--
INFO: Run Behavior\ReadHtmlCacheBehavior [ RunTime:0.004024s ]
INFO: [ app_begin ] --END-- [ RunTime:0.004074s ]
NOTIC: [2048] Declaration of Home\Controller\IndexController::show() should be compatible with Think\Controller::show($content, $charset = '', $contentType = '', $prefix = '') D:\UPUPW_AP5.5\vhosts\www.cms.com\Application\Home\Controller\IndexController.class.php 第 7 行.
SQL: SHOW COLUMNS FROM `cms_category` [ RunTime:0.1802s ]
SQL: SELECT * FROM `cms_category` WHERE ( pid=0 )  [ RunTime:0.0019s ]
SQL: SHOW COLUMNS FROM `cms_article` [ RunTime:0.0367s ]
SQL: SELECT * FROM `cms_article` LIMIT 0,5   [ RunTime:0.0064s ]
SQL: SHOW COLUMNS FROM `cms_article` [ RunTime:0.0051s ]
SQL: SELECT COUNT(*) AS tp_count FROM `cms_article` LIMIT 1   [ RunTime:0.0073s ]
SQL: SHOW COLUMNS FROM `cms_article` [ RunTime:0.0046s ]
SQL: SELECT * FROM `cms_article` ORDER BY views desc LIMIT 0,6   [ RunTime:0.0017s ]
INFO: [ view_parse ] --START--
INFO: [ template_filter ] --START--
INFO: Run Behavior\ContentReplaceBehavior [ RunTime:0.000628s ]
INFO: [ template_filter ] --END-- [ RunTime:0.000688s ]
INFO: Run Behavior\ParseTemplateBehavior [ RunTime:0.130742s ]
INFO: [ view_parse ] --END-- [ RunTime:0.130804s ]
INFO: [ view_filter ] --START--
INFO: Run Behavior\WriteHtmlCacheBehavior [ RunTime:0.008094s ]
INFO: [ view_filter ] --END-- [ RunTime:0.008143s ]
INFO: [ app_end ] --START--
INFO: Run Behavior\ShowPageTraceBehavior [ RunTime:0.005843s ]
INFO: [ app_end ] --END-- [ RunTime:0.005916s ]

