[ 2019-10-15T13:49:26+08:00 ] 127.0.0.1 /
INFO: [ app_init ] --START--
INFO: Run Behavior\BuildLiteBehavior [ RunTime:0.000021s ]
INFO: [ app_init ] --END-- [ RunTime:0.000930s ]
INFO: [ app_begin ] --START--
INFO: Run Behavior\ReadHtmlCacheBehavior [ RunTime:0.041173s ]
INFO: [ app_begin ] --END-- [ RunTime:0.041239s ]
ERR: SQLSTATE[HY000] [1049] Unknown database 'lyb'

[ 2019-10-15T13:51:50+08:00 ] 127.0.0.1 /
INFO: [ app_init ] --START--
INFO: Run Behavior\BuildLiteBehavior [ RunTime:0.000023s ]
INFO: [ app_init ] --END-- [ RunTime:0.000944s ]
INFO: [ app_begin ] --START--
INFO: Run Behavior\ReadHtmlCacheBehavior [ RunTime:0.007788s ]
INFO: [ app_begin ] --END-- [ RunTime:0.007884s ]
ERR: 1146:Table 'lyb.xbdm' doesn't exist
 [ SQL语句 ] : SHOW COLUMNS FROM `xbdm`
ERR: 1146:Table 'lyb.xbdm' doesn't exist
 [ SQL语句 ] : SHOW COLUMNS FROM `xbdm`

[ 2019-10-15T14:38:26+08:00 ] 127.0.0.1 /
INFO: [ app_init ] --START--
INFO: Run Behavior\BuildLiteBehavior [ RunTime:0.000026s ]
INFO: [ app_init ] --END-- [ RunTime:0.000716s ]
INFO: [ app_begin ] --START--
INFO: Run Behavior\ReadHtmlCacheBehavior [ RunTime:0.024993s ]
INFO: [ app_begin ] --END-- [ RunTime:0.025106s ]
SQL: select xbdm,xbmc from xbdm [ RunTime:0.0645s ]
NOTIC: [2] Missing argument 1 for Think\Controller::show(), called in E:\PHP\UPUPW_AP5.5-1510\UPUPW_AP5.5\vhosts\www.tp.com\Application\Home\Controller\IndexController.class.php on line 14 and defined E:\PHP\UPUPW_AP5.5-1510\UPUPW_AP5.5\vhosts\www.tp.com\ThinkPHP\Library\Think\Controller.class.php 第 68 行.
NOTIC: [8] Undefined variable: content E:\PHP\UPUPW_AP5.5-1510\UPUPW_AP5.5\vhosts\www.tp.com\ThinkPHP\Library\Think\Controller.class.php 第 69 行.
INFO: [ view_parse ] --START--
INFO: [ template_filter ] --START--
INFO: Run Behavior\ContentReplaceBehavior [ RunTime:0.000050s ]
INFO: [ template_filter ] --END-- [ RunTime:0.000115s ]
INFO: Run Behavior\ParseTemplateBehavior [ RunTime:0.575608s ]
INFO: [ view_parse ] --END-- [ RunTime:0.575715s ]
INFO: [ view_filter ] --START--
INFO: Run Behavior\WriteHtmlCacheBehavior [ RunTime:0.050306s ]
INFO: [ view_filter ] --END-- [ RunTime:0.050388s ]
INFO: [ app_end ] --START--
INFO: Run Behavior\ShowPageTraceBehavior [ RunTime:0.033681s ]
INFO: [ app_end ] --END-- [ RunTime:0.033756s ]

[ 2019-10-15T14:38:30+08:00 ] 127.0.0.1 /home/index/bj/xbdm/01
INFO: [ app_init ] --START--
INFO: Run Behavior\BuildLiteBehavior [ RunTime:0.000018s ]
INFO: [ app_init ] --END-- [ RunTime:0.000918s ]
INFO: [ app_begin ] --START--
INFO: Run Behavior\ReadHtmlCacheBehavior [ RunTime:0.005294s ]
INFO: [ app_begin ] --END-- [ RunTime:0.005381s ]
SQL: SHOW COLUMNS FROM `bj` [ RunTime:1.6272s ]
SQL: SELECT COUNT(*) AS tp_count FROM `bj` WHERE ( bj.xbdm=01 ) LIMIT 1   [ RunTime:0.0009s ]
SQL: SHOW COLUMNS FROM `bj` [ RunTime:0.0209s ]
SQL: SELECT `xbmc`,`bh`,`bj`,`xz`,`nj` FROM `bj` INNER JOIN xbdm on bj.xbdm=xbdm.xbdm  WHERE ( bj.xbdm=01 ) LIMIT 0,10   [ RunTime:0.0883s ]
INFO: [ view_parse ] --START--
INFO: [ template_filter ] --START--
INFO: Run Behavior\ContentReplaceBehavior [ RunTime:0.000156s ]
INFO: [ template_filter ] --END-- [ RunTime:0.000358s ]
INFO: Run Behavior\ParseTemplateBehavior [ RunTime:0.151095s ]
INFO: [ view_parse ] --END-- [ RunTime:0.151330s ]
INFO: [ view_filter ] --START--
INFO: Run Behavior\WriteHtmlCacheBehavior [ RunTime:0.009815s ]
INFO: [ view_filter ] --END-- [ RunTime:0.009935s ]
INFO: [ app_end ] --START--
INFO: Run Behavior\ShowPageTraceBehavior [ RunTime:0.007181s ]
INFO: [ app_end ] --END-- [ RunTime:0.007289s ]

[ 2019-10-15T14:38:32+08:00 ] 127.0.0.1 /home/index/xs/bh/09010002
INFO: [ app_init ] --START--
INFO: Run Behavior\BuildLiteBehavior [ RunTime:0.000016s ]
INFO: [ app_init ] --END-- [ RunTime:0.000860s ]
INFO: [ app_begin ] --START--
INFO: Run Behavior\ReadHtmlCacheBehavior [ RunTime:0.006356s ]
INFO: [ app_begin ] --END-- [ RunTime:0.006445s ]
SQL: SHOW COLUMNS FROM `xs` [ RunTime:0.3740s ]
SQL: SELECT COUNT(*) AS tp_count FROM `xs` WHERE ( bh=09010002 ) LIMIT 1   [ RunTime:0.0747s ]
SQL: SHOW COLUMNS FROM `xs` [ RunTime:0.0104s ]
SQL: SELECT `bj`,`xh`,`xm`,`xb`,`mz` FROM `xs` INNER JOIN bj on xs.bh=bj.bh  WHERE ( bj.bh=09010002 ) LIMIT 0,10   [ RunTime:0.0149s ]
INFO: [ view_parse ] --START--
INFO: [ template_filter ] --START--
INFO: Run Behavior\ContentReplaceBehavior [ RunTime:0.000055s ]
INFO: [ template_filter ] --END-- [ RunTime:0.000119s ]
INFO: Run Behavior\ParseTemplateBehavior [ RunTime:0.027958s ]
INFO: [ view_parse ] --END-- [ RunTime:0.028107s ]
INFO: [ view_filter ] --START--
INFO: Run Behavior\WriteHtmlCacheBehavior [ RunTime:0.005144s ]
INFO: [ view_filter ] --END-- [ RunTime:0.005218s ]
INFO: [ app_end ] --START--
INFO: Run Behavior\ShowPageTraceBehavior [ RunTime:0.004564s ]
INFO: [ app_end ] --END-- [ RunTime:0.004626s ]

[ 2019-10-15T14:38:35+08:00 ] 127.0.0.1 /home/index/xssave/xh/0901000204
INFO: [ app_init ] --START--
INFO: Run Behavior\BuildLiteBehavior [ RunTime:0.000094s ]
INFO: [ app_init ] --END-- [ RunTime:0.001584s ]
INFO: [ app_begin ] --START--
INFO: Run Behavior\ReadHtmlCacheBehavior [ RunTime:0.006693s ]
INFO: [ app_begin ] --END-- [ RunTime:0.006789s ]
SQL: select * from xs where xh='0901000204' [ RunTime:0.0056s ]
INFO: [ view_parse ] --START--
INFO: [ template_filter ] --START--
INFO: Run Behavior\ContentReplaceBehavior [ RunTime:0.000110s ]
INFO: [ template_filter ] --END-- [ RunTime:0.000258s ]
INFO: Run Behavior\ParseTemplateBehavior [ RunTime:0.962952s ]
INFO: [ view_parse ] --END-- [ RunTime:0.963184s ]
INFO: [ view_filter ] --START--
INFO: Run Behavior\WriteHtmlCacheBehavior [ RunTime:0.031096s ]
INFO: [ view_filter ] --END-- [ RunTime:0.031412s ]
INFO: [ app_end ] --START--
INFO: Run Behavior\ShowPageTraceBehavior [ RunTime:0.024073s ]
INFO: [ app_end ] --END-- [ RunTime:0.024793s ]

[ 2019-10-15T14:38:42+08:00 ] 127.0.0.1 /home/index/xssavedata
INFO: [ app_init ] --START--
INFO: Run Behavior\BuildLiteBehavior [ RunTime:0.000020s ]
INFO: [ app_init ] --END-- [ RunTime:0.000939s ]
INFO: [ app_begin ] --START--
INFO: Run Behavior\ReadHtmlCacheBehavior [ RunTime:0.004972s ]
INFO: [ app_begin ] --END-- [ RunTime:0.005136s ]
SQL: SHOW COLUMNS FROM `xs` [ RunTime:0.2293s ]
SQL: update xs set xm='陈啸',xb='女',mz='汉族' where xh='0901000204' [ RunTime:0.2003s ]
INFO: [ view_parse ] --START--
INFO: [ template_filter ] --START--
INFO: Run Behavior\ContentReplaceBehavior [ RunTime:0.000145s ]
INFO: [ template_filter ] --END-- [ RunTime:0.000350s ]
INFO: Run Behavior\ParseTemplateBehavior [ RunTime:0.228537s ]
INFO: [ view_parse ] --END-- [ RunTime:0.228742s ]
INFO: [ view_filter ] --START--
INFO: Run Behavior\WriteHtmlCacheBehavior [ RunTime:0.010951s ]
INFO: [ view_filter ] --END-- [ RunTime:0.011122s ]
INFO: [ app_end ] --START--
INFO: Run Behavior\ShowPageTraceBehavior [ RunTime:0.007817s ]
INFO: [ app_end ] --END-- [ RunTime:0.007909s ]

[ 2019-10-15T14:38:44+08:00 ] 127.0.0.1 /home/index/xs/bh/09010002
INFO: [ app_init ] --START--
INFO: Run Behavior\BuildLiteBehavior [ RunTime:0.000017s ]
INFO: [ app_init ] --END-- [ RunTime:0.000893s ]
INFO: [ app_begin ] --START--
INFO: Run Behavior\ReadHtmlCacheBehavior [ RunTime:0.004689s ]
INFO: [ app_begin ] --END-- [ RunTime:0.004773s ]
SQL: SHOW COLUMNS FROM `xs` [ RunTime:0.0199s ]
SQL: SELECT COUNT(*) AS tp_count FROM `xs` WHERE ( bh=09010002 ) LIMIT 1   [ RunTime:0.0075s ]
SQL: SHOW COLUMNS FROM `xs` [ RunTime:0.0091s ]
SQL: SELECT `bj`,`xh`,`xm`,`xb`,`mz` FROM `xs` INNER JOIN bj on xs.bh=bj.bh  WHERE ( bj.bh=09010002 ) LIMIT 0,10   [ RunTime:0.0096s ]
INFO: [ view_parse ] --START--
INFO: [ template_filter ] --START--
INFO: Run Behavior\ContentReplaceBehavior [ RunTime:0.000029s ]
INFO: [ template_filter ] --END-- [ RunTime:0.000066s ]
INFO: Run Behavior\ParseTemplateBehavior [ RunTime:0.012779s ]
INFO: [ view_parse ] --END-- [ RunTime:0.012832s ]
INFO: [ view_filter ] --START--
INFO: Run Behavior\WriteHtmlCacheBehavior [ RunTime:0.002058s ]
INFO: [ view_filter ] --END-- [ RunTime:0.002087s ]
INFO: [ app_end ] --START--
INFO: Run Behavior\ShowPageTraceBehavior [ RunTime:0.004127s ]
INFO: [ app_end ] --END-- [ RunTime:0.004184s ]

[ 2019-10-15T14:38:47+08:00 ] 127.0.0.1 /home/index/xssave/xh/0901000204
INFO: [ app_init ] --START--
INFO: Run Behavior\BuildLiteBehavior [ RunTime:0.000023s ]
INFO: [ app_init ] --END-- [ RunTime:0.000712s ]
INFO: [ app_begin ] --START--
INFO: Run Behavior\ReadHtmlCacheBehavior [ RunTime:0.005757s ]
INFO: [ app_begin ] --END-- [ RunTime:0.005853s ]
SQL: select * from xs where xh='0901000204' [ RunTime:0.0057s ]
INFO: [ view_parse ] --START--
INFO: [ template_filter ] --START--
INFO: Run Behavior\ContentReplaceBehavior [ RunTime:0.000113s ]
INFO: [ template_filter ] --END-- [ RunTime:0.000201s ]
INFO: Run Behavior\ParseTemplateBehavior [ RunTime:0.013919s ]
INFO: [ view_parse ] --END-- [ RunTime:0.014010s ]
INFO: [ view_filter ] --START--
INFO: Run Behavior\WriteHtmlCacheBehavior [ RunTime:0.002840s ]
INFO: [ view_filter ] --END-- [ RunTime:0.002880s ]
INFO: [ app_end ] --START--
INFO: Run Behavior\ShowPageTraceBehavior [ RunTime:0.001970s ]
INFO: [ app_end ] --END-- [ RunTime:0.001996s ]

[ 2019-10-15T14:38:52+08:00 ] 127.0.0.1 /home/index/xssavedata
INFO: [ app_init ] --START--
INFO: Run Behavior\BuildLiteBehavior [ RunTime:0.000018s ]
INFO: [ app_init ] --END-- [ RunTime:0.000859s ]
INFO: [ app_begin ] --START--
INFO: Run Behavior\ReadHtmlCacheBehavior [ RunTime:0.002986s ]
INFO: [ app_begin ] --END-- [ RunTime:0.003072s ]
SQL: SHOW COLUMNS FROM `xs` [ RunTime:0.0181s ]
SQL: update xs set xm='a',xb='女',mz='汉族' where xh='0901000204' [ RunTime:0.1189s ]
INFO: [ view_parse ] --START--
INFO: [ template_filter ] --START--
INFO: Run Behavior\ContentReplaceBehavior [ RunTime:0.000047s ]
INFO: [ template_filter ] --END-- [ RunTime:0.000118s ]
INFO: Run Behavior\ParseTemplateBehavior [ RunTime:0.018477s ]
INFO: [ view_parse ] --END-- [ RunTime:0.018539s ]
INFO: [ view_filter ] --START--
INFO: Run Behavior\WriteHtmlCacheBehavior [ RunTime:0.002393s ]
INFO: [ view_filter ] --END-- [ RunTime:0.002428s ]
INFO: [ app_end ] --START--
INFO: Run Behavior\ShowPageTraceBehavior [ RunTime:0.002007s ]
INFO: [ app_end ] --END-- [ RunTime:0.002035s ]

[ 2019-10-15T14:38:53+08:00 ] 127.0.0.1 /home/index/xs/bh/09010002
INFO: [ app_init ] --START--
INFO: Run Behavior\BuildLiteBehavior [ RunTime:0.000020s ]
INFO: [ app_init ] --END-- [ RunTime:0.000923s ]
INFO: [ app_begin ] --START--
INFO: Run Behavior\ReadHtmlCacheBehavior [ RunTime:0.005980s ]
INFO: [ app_begin ] --END-- [ RunTime:0.006156s ]
SQL: SHOW COLUMNS FROM `xs` [ RunTime:0.0222s ]
SQL: SELECT COUNT(*) AS tp_count FROM `xs` WHERE ( bh=09010002 ) LIMIT 1   [ RunTime:0.0113s ]
SQL: SHOW COLUMNS FROM `xs` [ RunTime:0.0110s ]
SQL: SELECT `bj`,`xh`,`xm`,`xb`,`mz` FROM `xs` INNER JOIN bj on xs.bh=bj.bh  WHERE ( bj.bh=09010002 ) LIMIT 0,10   [ RunTime:0.0143s ]
INFO: [ view_parse ] --START--
INFO: [ template_filter ] --START--
INFO: Run Behavior\ContentReplaceBehavior [ RunTime:0.000043s ]
INFO: [ template_filter ] --END-- [ RunTime:0.000094s ]
INFO: Run Behavior\ParseTemplateBehavior [ RunTime:0.020423s ]
INFO: [ view_parse ] --END-- [ RunTime:0.020504s ]
INFO: [ view_filter ] --START--
INFO: Run Behavior\WriteHtmlCacheBehavior [ RunTime:0.002342s ]
INFO: [ view_filter ] --END-- [ RunTime:0.002374s ]
INFO: [ app_end ] --START--
INFO: Run Behavior\ShowPageTraceBehavior [ RunTime:0.002177s ]
INFO: [ app_end ] --END-- [ RunTime:0.002204s ]

