[ 2020-02-23T21:14:55+08:00 ] 127.0.0.1 /
INFO: [ app_init ] --START--
INFO: Run Behavior\BuildLiteBehavior [ RunTime:0.000012s ]
INFO: [ app_init ] --END-- [ RunTime:0.000498s ]
INFO: [ app_begin ] --START--
INFO: Run Behavior\ReadHtmlCacheBehavior [ RunTime:0.001745s ]
INFO: [ app_begin ] --END-- [ RunTime:0.001800s ]
NOTIC: [2048] Declaration of Home\Controller\IndexController::show() should be compatible with Think\Controller::show($content, $charset = '', $contentType = '', $prefix = '') D:\UPUPW_AP5.5-1510\UPUPW_AP5.5\vhosts\www.news.com\Application\Home\Controller\IndexController.class.php 第 7 行.
SQL: SHOW COLUMNS FROM `news_article` [ RunTime:0.0138s ]
SQL: SELECT * FROM `news_article` LIMIT 0,5   [ RunTime:0.0003s ]
SQL: SHOW COLUMNS FROM `news_article` [ RunTime:0.0022s ]
SQL: SELECT COUNT(*) AS tp_count FROM `news_article` LIMIT 1   [ RunTime:0.0001s ]
SQL: SHOW COLUMNS FROM `news_article` [ RunTime:0.0024s ]
SQL: SELECT * FROM `news_article` ORDER BY views desc LIMIT 0,6   [ RunTime:0.0004s ]
INFO: [ view_parse ] --START--
INFO: [ template_filter ] --START--
INFO: Run Behavior\ContentReplaceBehavior [ RunTime:0.000057s ]
INFO: [ template_filter ] --END-- [ RunTime:0.000103s ]
NOTIC: [8] Undefined variable: list D:\UPUPW_AP5.5-1510\UPUPW_AP5.5\vhosts\www.news.com\Application\Runtime\Cache\Home\2a94b8bda04ff446dcedd42276fc99ee.php 第 34 行.
NOTIC: [8] Undefined index: thumb D:\UPUPW_AP5.5-1510\UPUPW_AP5.5\vhosts\www.news.com\Application\Runtime\Cache\Home\2a94b8bda04ff446dcedd42276fc99ee.php 第 60 行.
NOTIC: [8] Undefined index: thumb D:\UPUPW_AP5.5-1510\UPUPW_AP5.5\vhosts\www.news.com\Application\Runtime\Cache\Home\2a94b8bda04ff446dcedd42276fc99ee.php 第 60 行.
NOTIC: [8] Undefined index: thumb D:\UPUPW_AP5.5-1510\UPUPW_AP5.5\vhosts\www.news.com\Application\Runtime\Cache\Home\2a94b8bda04ff446dcedd42276fc99ee.php 第 60 行.
NOTIC: [8] Undefined index: thumb D:\UPUPW_AP5.5-1510\UPUPW_AP5.5\vhosts\www.news.com\Application\Runtime\Cache\Home\2a94b8bda04ff446dcedd42276fc99ee.php 第 60 行.
NOTIC: [8] Undefined index: thumb D:\UPUPW_AP5.5-1510\UPUPW_AP5.5\vhosts\www.news.com\Application\Runtime\Cache\Home\2a94b8bda04ff446dcedd42276fc99ee.php 第 60 行.
NOTIC: [8] Undefined variable: list D:\UPUPW_AP5.5-1510\UPUPW_AP5.5\vhosts\www.news.com\Application\Runtime\Cache\Home\2a94b8bda04ff446dcedd42276fc99ee.php 第 87 行.
INFO: Run Behavior\ParseTemplateBehavior [ RunTime:0.030370s ]
INFO: [ view_parse ] --END-- [ RunTime:0.030413s ]
INFO: [ view_filter ] --START--
INFO: Run Behavior\WriteHtmlCacheBehavior [ RunTime:0.001932s ]
INFO: [ view_filter ] --END-- [ RunTime:0.001958s ]
INFO: [ app_end ] --START--
INFO: Run Behavior\ShowPageTraceBehavior [ RunTime:0.001768s ]
INFO: [ app_end ] --END-- [ RunTime:0.001795s ]

[ 2020-02-23T21:15:07+08:00 ] 127.0.0.1 /home/admin/index
INFO: [ app_init ] --START--
INFO: Run Behavior\BuildLiteBehavior [ RunTime:0.000009s ]
INFO: [ app_init ] --END-- [ RunTime:0.000365s ]
INFO: [ app_begin ] --START--
INFO: Run Behavior\ReadHtmlCacheBehavior [ RunTime:0.002506s ]
INFO: [ app_begin ] --END-- [ RunTime:0.002556s ]

[ 2020-02-23T21:15:07+08:00 ] 127.0.0.1 /index.php/home/admin/login.html
INFO: [ app_init ] --START--
INFO: Run Behavior\BuildLiteBehavior [ RunTime:0.000012s ]
INFO: [ app_init ] --END-- [ RunTime:0.000522s ]
INFO: [ app_begin ] --START--
INFO: Run Behavior\ReadHtmlCacheBehavior [ RunTime:0.002031s ]
INFO: [ app_begin ] --END-- [ RunTime:0.002076s ]
INFO: [ view_parse ] --START--
INFO: [ template_filter ] --START--
INFO: Run Behavior\ContentReplaceBehavior [ RunTime:0.000045s ]
INFO: [ template_filter ] --END-- [ RunTime:0.000084s ]
NOTIC: [8] Undefined variable: msg D:\UPUPW_AP5.5-1510\UPUPW_AP5.5\vhosts\www.news.com\Application\Runtime\Cache\Home\c738ce3f76a31820b13902acb02df87d.php 第 30 行.
INFO: Run Behavior\ParseTemplateBehavior [ RunTime:0.009244s ]
INFO: [ view_parse ] --END-- [ RunTime:0.009275s ]
INFO: [ view_filter ] --START--
INFO: Run Behavior\WriteHtmlCacheBehavior [ RunTime:0.002001s ]
INFO: [ view_filter ] --END-- [ RunTime:0.002031s ]
INFO: [ app_end ] --START--
INFO: Run Behavior\ShowPageTraceBehavior [ RunTime:0.001796s ]
INFO: [ app_end ] --END-- [ RunTime:0.001822s ]

[ 2020-02-23T21:15:07+08:00 ] 127.0.0.1 /home/admin/yzm
INFO: [ app_init ] --START--
INFO: Run Behavior\BuildLiteBehavior [ RunTime:0.000012s ]
INFO: [ app_init ] --END-- [ RunTime:0.000536s ]
INFO: [ app_begin ] --START--
INFO: Run Behavior\ReadHtmlCacheBehavior [ RunTime:0.003452s ]
INFO: [ app_begin ] --END-- [ RunTime:0.003553s ]
INFO: [ app_end ] --START--
INFO: Run Behavior\ShowPageTraceBehavior [ RunTime:0.003006s ]
INFO: [ app_end ] --END-- [ RunTime:0.003069s ]

[ 2020-02-23T21:16:34+08:00 ] 127.0.0.1 /home/admin/login
INFO: [ app_init ] --START--
INFO: Run Behavior\BuildLiteBehavior [ RunTime:0.000008s ]
INFO: [ app_init ] --END-- [ RunTime:0.000387s ]
INFO: [ app_begin ] --START--
INFO: Run Behavior\ReadHtmlCacheBehavior [ RunTime:0.002354s ]
INFO: [ app_begin ] --END-- [ RunTime:0.002404s ]
SQL: SHOW COLUMNS FROM `news_admin` [ RunTime:0.0020s ]
SQL: SELECT * FROM `news_admin` WHERE ( username='admin' )  [ RunTime:0.0003s ]

[ 2020-02-23T21:16:35+08:00 ] 127.0.0.1 /index.php/Home/Admin/index.html
INFO: [ app_init ] --START--
INFO: Run Behavior\BuildLiteBehavior [ RunTime:0.000015s ]
INFO: [ app_init ] --END-- [ RunTime:0.000514s ]
INFO: [ app_begin ] --START--
INFO: Run Behavior\ReadHtmlCacheBehavior [ RunTime:0.001986s ]
INFO: [ app_begin ] --END-- [ RunTime:0.002027s ]
INFO: [ view_parse ] --START--
INFO: [ template_filter ] --START--
INFO: Run Behavior\ContentReplaceBehavior [ RunTime:0.000054s ]
INFO: [ template_filter ] --END-- [ RunTime:0.000091s ]
INFO: Run Behavior\ParseTemplateBehavior [ RunTime:0.011194s ]
INFO: [ view_parse ] --END-- [ RunTime:0.011234s ]
INFO: [ view_filter ] --START--
INFO: Run Behavior\WriteHtmlCacheBehavior [ RunTime:0.001753s ]
INFO: [ view_filter ] --END-- [ RunTime:0.001781s ]
INFO: [ app_end ] --START--
INFO: Run Behavior\ShowPageTraceBehavior [ RunTime:0.001714s ]
INFO: [ app_end ] --END-- [ RunTime:0.001743s ]

[ 2020-02-23T21:16:35+08:00 ] 127.0.0.1 /index.php/Home/Admin/welcome.html
INFO: [ app_init ] --START--
INFO: Run Behavior\BuildLiteBehavior [ RunTime:0.000011s ]
INFO: [ app_init ] --END-- [ RunTime:0.000486s ]
INFO: [ app_begin ] --START--
INFO: Run Behavior\ReadHtmlCacheBehavior [ RunTime:0.003040s ]
INFO: [ app_begin ] --END-- [ RunTime:0.003105s ]
INFO: [ view_parse ] --START--
INFO: [ template_filter ] --START--
INFO: Run Behavior\ContentReplaceBehavior [ RunTime:0.000024s ]
INFO: [ template_filter ] --END-- [ RunTime:0.000063s ]
INFO: Run Behavior\ParseTemplateBehavior [ RunTime:0.012470s ]
INFO: [ view_parse ] --END-- [ RunTime:0.012531s ]
INFO: [ view_filter ] --START--
INFO: Run Behavior\WriteHtmlCacheBehavior [ RunTime:0.002910s ]
INFO: [ view_filter ] --END-- [ RunTime:0.002968s ]
INFO: [ app_end ] --START--
INFO: Run Behavior\ShowPageTraceBehavior [ RunTime:0.004897s ]
INFO: [ app_end ] --END-- [ RunTime:0.004953s ]

[ 2020-02-23T21:16:37+08:00 ] 127.0.0.1 /home/admin/news
INFO: [ app_init ] --START--
INFO: Run Behavior\BuildLiteBehavior [ RunTime:0.000008s ]
INFO: [ app_init ] --END-- [ RunTime:0.000352s ]
INFO: [ app_begin ] --START--
INFO: Run Behavior\ReadHtmlCacheBehavior [ RunTime:0.002358s ]
INFO: [ app_begin ] --END-- [ RunTime:0.002408s ]
SQL: select id,name from news_type [ RunTime:0.0003s ]
INFO: [ view_parse ] --START--
INFO: [ template_filter ] --START--
INFO: Run Behavior\ContentReplaceBehavior [ RunTime:0.000085s ]
INFO: [ template_filter ] --END-- [ RunTime:0.000132s ]
NOTIC: [8] Undefined variable: list D:\UPUPW_AP5.5-1510\UPUPW_AP5.5\vhosts\www.news.com\Application\Runtime\Cache\Home\a915ee3ab96f29e5eac29b1a7d7b9d67.php 第 63 行.
INFO: Run Behavior\ParseTemplateBehavior [ RunTime:0.016267s ]
INFO: [ view_parse ] --END-- [ RunTime:0.016308s ]
INFO: [ view_filter ] --START--
INFO: Run Behavior\WriteHtmlCacheBehavior [ RunTime:0.002434s ]
INFO: [ view_filter ] --END-- [ RunTime:0.002497s ]
INFO: [ app_end ] --START--
INFO: Run Behavior\ShowPageTraceBehavior [ RunTime:0.002163s ]
INFO: [ app_end ] --END-- [ RunTime:0.002213s ]

[ 2020-02-23T21:16:39+08:00 ] 127.0.0.1 /home/admin/newslist
INFO: [ app_init ] --START--
INFO: Run Behavior\BuildLiteBehavior [ RunTime:0.000008s ]
INFO: [ app_init ] --END-- [ RunTime:0.000365s ]
INFO: [ app_begin ] --START--
INFO: Run Behavior\ReadHtmlCacheBehavior [ RunTime:0.001661s ]
INFO: [ app_begin ] --END-- [ RunTime:0.001692s ]
SQL: select id,name from news_type  [ RunTime:0.0002s ]
SQL: select news_article.id as id,name,title,author,time from news_article left join news_type on news_type.id=news_article.cid  [ RunTime:0.0004s ]
INFO: [ view_parse ] --START--
INFO: [ template_filter ] --START--
INFO: Run Behavior\ContentReplaceBehavior [ RunTime:0.000033s ]
INFO: [ template_filter ] --END-- [ RunTime:0.000065s ]
NOTIC: [8] Undefined variable: c D:\UPUPW_AP5.5-1510\UPUPW_AP5.5\vhosts\www.news.com\Application\Runtime\Cache\Home\077d9af853f3e0bb551d70f559d082e1.php 第 23 行.
INFO: Run Behavior\ParseTemplateBehavior [ RunTime:0.009916s ]
INFO: [ view_parse ] --END-- [ RunTime:0.009948s ]
INFO: [ view_filter ] --START--
INFO: Run Behavior\WriteHtmlCacheBehavior [ RunTime:0.001718s ]
INFO: [ view_filter ] --END-- [ RunTime:0.001750s ]
INFO: [ app_end ] --START--
INFO: Run Behavior\ShowPageTraceBehavior [ RunTime:0.002390s ]
INFO: [ app_end ] --END-- [ RunTime:0.002427s ]

[ 2020-02-23T21:16:42+08:00 ] 127.0.0.1 /home/admin/menulist
INFO: [ app_init ] --START--
INFO: Run Behavior\BuildLiteBehavior [ RunTime:0.000009s ]
INFO: [ app_init ] --END-- [ RunTime:0.000388s ]
INFO: [ app_begin ] --START--
INFO: Run Behavior\ReadHtmlCacheBehavior [ RunTime:0.002924s ]
INFO: [ app_begin ] --END-- [ RunTime:0.002990s ]
SQL: select * from news_type [ RunTime:0.0002s ]
INFO: [ view_parse ] --START--
INFO: [ template_filter ] --START--
INFO: Run Behavior\ContentReplaceBehavior [ RunTime:0.000074s ]
INFO: [ template_filter ] --END-- [ RunTime:0.000110s ]
INFO: Run Behavior\ParseTemplateBehavior [ RunTime:0.012644s ]
INFO: [ view_parse ] --END-- [ RunTime:0.012685s ]
INFO: [ view_filter ] --START--
INFO: Run Behavior\WriteHtmlCacheBehavior [ RunTime:0.001720s ]
INFO: [ view_filter ] --END-- [ RunTime:0.001745s ]
INFO: [ app_end ] --START--
INFO: Run Behavior\ShowPageTraceBehavior [ RunTime:0.001717s ]
INFO: [ app_end ] --END-- [ RunTime:0.001745s ]

[ 2020-02-23T21:16:45+08:00 ] 127.0.0.1 /home/admin/newslist
INFO: [ app_init ] --START--
INFO: Run Behavior\BuildLiteBehavior [ RunTime:0.000009s ]
INFO: [ app_init ] --END-- [ RunTime:0.000398s ]
INFO: [ app_begin ] --START--
INFO: Run Behavior\ReadHtmlCacheBehavior [ RunTime:0.001726s ]
INFO: [ app_begin ] --END-- [ RunTime:0.001763s ]
SQL: select id,name from news_type  [ RunTime:0.0002s ]
SQL: select news_article.id as id,name,title,author,time from news_article left join news_type on news_type.id=news_article.cid  [ RunTime:0.0002s ]
INFO: [ view_parse ] --START--
INFO: [ template_filter ] --START--
INFO: Run Behavior\ContentReplaceBehavior [ RunTime:0.000034s ]
INFO: [ template_filter ] --END-- [ RunTime:0.000067s ]
NOTIC: [8] Undefined variable: c D:\UPUPW_AP5.5-1510\UPUPW_AP5.5\vhosts\www.news.com\Application\Runtime\Cache\Home\077d9af853f3e0bb551d70f559d082e1.php 第 23 行.
INFO: Run Behavior\ParseTemplateBehavior [ RunTime:0.011228s ]
INFO: [ view_parse ] --END-- [ RunTime:0.011266s ]
INFO: [ view_filter ] --START--
INFO: Run Behavior\WriteHtmlCacheBehavior [ RunTime:0.001763s ]
INFO: [ view_filter ] --END-- [ RunTime:0.001790s ]
INFO: [ app_end ] --START--
INFO: Run Behavior\ShowPageTraceBehavior [ RunTime:0.001981s ]
INFO: [ app_end ] --END-- [ RunTime:0.002016s ]

[ 2020-02-23T21:16:50+08:00 ] 127.0.0.1 /home/admin/newsdelete/id/6
INFO: [ app_init ] --START--
INFO: Run Behavior\BuildLiteBehavior [ RunTime:0.000008s ]
INFO: [ app_init ] --END-- [ RunTime:0.000364s ]
INFO: [ app_begin ] --START--
INFO: Run Behavior\ReadHtmlCacheBehavior [ RunTime:0.001798s ]
INFO: [ app_begin ] --END-- [ RunTime:0.001876s ]
SQL: SHOW COLUMNS FROM `news_article` [ RunTime:0.0041s ]
SQL: DELETE FROM `news_article` WHERE ( id=6 ) [ RunTime:0.0003s ]
INFO: [ view_parse ] --START--
INFO: [ template_filter ] --START--
INFO: Run Behavior\ContentReplaceBehavior [ RunTime:0.000026s ]
INFO: [ template_filter ] --END-- [ RunTime:0.000062s ]
INFO: Run Behavior\ParseTemplateBehavior [ RunTime:0.010871s ]
INFO: [ view_parse ] --END-- [ RunTime:0.010921s ]
INFO: [ view_filter ] --START--
INFO: Run Behavior\WriteHtmlCacheBehavior [ RunTime:0.002622s ]
INFO: [ view_filter ] --END-- [ RunTime:0.002662s ]
INFO: [ app_end ] --START--
INFO: Run Behavior\ShowPageTraceBehavior [ RunTime:0.002333s ]
INFO: [ app_end ] --END-- [ RunTime:0.002368s ]

[ 2020-02-23T21:16:51+08:00 ] 127.0.0.1 /home/admin/newslist
INFO: [ app_init ] --START--
INFO: Run Behavior\BuildLiteBehavior [ RunTime:0.000008s ]
INFO: [ app_init ] --END-- [ RunTime:0.000391s ]
INFO: [ app_begin ] --START--
INFO: Run Behavior\ReadHtmlCacheBehavior [ RunTime:0.002327s ]
INFO: [ app_begin ] --END-- [ RunTime:0.002376s ]
SQL: select id,name from news_type  [ RunTime:0.0002s ]
SQL: select news_article.id as id,name,title,author,time from news_article left join news_type on news_type.id=news_article.cid  [ RunTime:0.0002s ]
INFO: [ view_parse ] --START--
INFO: [ template_filter ] --START--
INFO: Run Behavior\ContentReplaceBehavior [ RunTime:0.000046s ]
INFO: [ template_filter ] --END-- [ RunTime:0.000091s ]
NOTIC: [8] Undefined variable: c D:\UPUPW_AP5.5-1510\UPUPW_AP5.5\vhosts\www.news.com\Application\Runtime\Cache\Home\077d9af853f3e0bb551d70f559d082e1.php 第 23 行.
INFO: Run Behavior\ParseTemplateBehavior [ RunTime:0.013839s ]
INFO: [ view_parse ] --END-- [ RunTime:0.013883s ]
INFO: [ view_filter ] --START--
INFO: Run Behavior\WriteHtmlCacheBehavior [ RunTime:0.002395s ]
INFO: [ view_filter ] --END-- [ RunTime:0.002431s ]
INFO: [ app_end ] --START--
INFO: Run Behavior\ShowPageTraceBehavior [ RunTime:0.002347s ]
INFO: [ app_end ] --END-- [ RunTime:0.002383s ]

[ 2020-02-23T21:16:55+08:00 ] 127.0.0.1 /home/admin/newsdelete/id/9
INFO: [ app_init ] --START--
INFO: Run Behavior\BuildLiteBehavior [ RunTime:0.000008s ]
INFO: [ app_init ] --END-- [ RunTime:0.000354s ]
INFO: [ app_begin ] --START--
INFO: Run Behavior\ReadHtmlCacheBehavior [ RunTime:0.002577s ]
INFO: [ app_begin ] --END-- [ RunTime:0.002652s ]
SQL: SHOW COLUMNS FROM `news_article` [ RunTime:0.0043s ]
SQL: DELETE FROM `news_article` WHERE ( id=9 ) [ RunTime:0.0004s ]
INFO: [ view_parse ] --START--
INFO: [ template_filter ] --START--
INFO: Run Behavior\ContentReplaceBehavior [ RunTime:0.000026s ]
INFO: [ template_filter ] --END-- [ RunTime:0.000058s ]
INFO: Run Behavior\ParseTemplateBehavior [ RunTime:0.009159s ]
INFO: [ view_parse ] --END-- [ RunTime:0.009226s ]
INFO: [ view_filter ] --START--
INFO: Run Behavior\WriteHtmlCacheBehavior [ RunTime:0.001936s ]
INFO: [ view_filter ] --END-- [ RunTime:0.001970s ]
INFO: [ app_end ] --START--
INFO: Run Behavior\ShowPageTraceBehavior [ RunTime:0.001763s ]
INFO: [ app_end ] --END-- [ RunTime:0.001803s ]

[ 2020-02-23T21:16:56+08:00 ] 127.0.0.1 /home/admin/newslist
INFO: [ app_init ] --START--
INFO: Run Behavior\BuildLiteBehavior [ RunTime:0.000012s ]
INFO: [ app_init ] --END-- [ RunTime:0.000491s ]
INFO: [ app_begin ] --START--
INFO: Run Behavior\ReadHtmlCacheBehavior [ RunTime:0.002362s ]
INFO: [ app_begin ] --END-- [ RunTime:0.002418s ]
SQL: select id,name from news_type  [ RunTime:0.0003s ]
SQL: select news_article.id as id,name,title,author,time from news_article left join news_type on news_type.id=news_article.cid  [ RunTime:0.0002s ]
INFO: [ view_parse ] --START--
INFO: [ template_filter ] --START--
INFO: Run Behavior\ContentReplaceBehavior [ RunTime:0.000046s ]
INFO: [ template_filter ] --END-- [ RunTime:0.000088s ]
NOTIC: [8] Undefined variable: c D:\UPUPW_AP5.5-1510\UPUPW_AP5.5\vhosts\www.news.com\Application\Runtime\Cache\Home\077d9af853f3e0bb551d70f559d082e1.php 第 23 行.
INFO: Run Behavior\ParseTemplateBehavior [ RunTime:0.012387s ]
INFO: [ view_parse ] --END-- [ RunTime:0.012434s ]
INFO: [ view_filter ] --START--
INFO: Run Behavior\WriteHtmlCacheBehavior [ RunTime:0.001879s ]
INFO: [ view_filter ] --END-- [ RunTime:0.001911s ]
INFO: [ app_end ] --START--
INFO: Run Behavior\ShowPageTraceBehavior [ RunTime:0.001850s ]
INFO: [ app_end ] --END-- [ RunTime:0.001901s ]

