[ 2020-01-19T14:13:10+08:00 ] 127.0.0.1 /home/admin/login
INFO: [ app_init ] --START--
INFO: Run Behavior\BuildLiteBehavior [ RunTime:0.000012s ]
INFO: [ app_init ] --END-- [ RunTime:0.000720s ]
INFO: [ app_begin ] --START--
INFO: Run Behavior\ReadHtmlCacheBehavior [ RunTime:0.002192s ]
INFO: [ app_begin ] --END-- [ RunTime:0.002246s ]
INFO: [ view_parse ] --START--
INFO: [ template_filter ] --START--
INFO: Run Behavior\ContentReplaceBehavior [ RunTime:0.000086s ]
INFO: [ template_filter ] --END-- [ RunTime:0.000203s ]
NOTIC: [8] Undefined variable: msg D:\UPUPW_AP5.5-1510\UPUPW_AP5.5\vhosts\www.news.com\Application\Runtime\Cache\Home\c738ce3f76a31820b13902acb02df87d.php 第 30 行.
INFO: Run Behavior\ParseTemplateBehavior [ RunTime:0.045104s ]
INFO: [ view_parse ] --END-- [ RunTime:0.045220s ]
INFO: [ view_filter ] --START--
INFO: Run Behavior\WriteHtmlCacheBehavior [ RunTime:0.007629s ]
INFO: [ view_filter ] --END-- [ RunTime:0.007757s ]
INFO: [ app_end ] --START--
INFO: Run Behavior\ShowPageTraceBehavior [ RunTime:0.005385s ]
INFO: [ app_end ] --END-- [ RunTime:0.005517s ]

[ 2020-01-19T14:13:10+08:00 ] 127.0.0.1 /home/admin/yzm
INFO: [ app_init ] --START--
INFO: Run Behavior\BuildLiteBehavior [ RunTime:0.000021s ]
INFO: [ app_init ] --END-- [ RunTime:0.001052s ]
INFO: [ app_begin ] --START--
INFO: Run Behavior\ReadHtmlCacheBehavior [ RunTime:0.006316s ]
INFO: [ app_begin ] --END-- [ RunTime:0.006442s ]
INFO: [ app_end ] --START--
INFO: Run Behavior\ShowPageTraceBehavior [ RunTime:0.012428s ]
INFO: [ app_end ] --END-- [ RunTime:0.012586s ]

[ 2020-01-19T14:13:27+08:00 ] 127.0.0.1 /home/admin/yzm?_=0.95880319960295
INFO: [ app_init ] --START--
INFO: Run Behavior\BuildLiteBehavior [ RunTime:0.000009s ]
INFO: [ app_init ] --END-- [ RunTime:0.000372s ]
INFO: [ app_begin ] --START--
INFO: Run Behavior\ReadHtmlCacheBehavior [ RunTime:0.002076s ]
INFO: [ app_begin ] --END-- [ RunTime:0.002111s ]
INFO: [ app_end ] --START--
INFO: Run Behavior\ShowPageTraceBehavior [ RunTime:0.004872s ]
INFO: [ app_end ] --END-- [ RunTime:0.004969s ]

[ 2020-01-19T14:13:28+08:00 ] 127.0.0.1 /home/admin/yzm?_=0.952019950326084
INFO: [ app_init ] --START--
INFO: Run Behavior\BuildLiteBehavior [ RunTime:0.000009s ]
INFO: [ app_init ] --END-- [ RunTime:0.000420s ]
INFO: [ app_begin ] --START--
INFO: Run Behavior\ReadHtmlCacheBehavior [ RunTime:0.001967s ]
INFO: [ app_begin ] --END-- [ RunTime:0.002018s ]
INFO: [ app_end ] --START--
INFO: Run Behavior\ShowPageTraceBehavior [ RunTime:0.004639s ]
INFO: [ app_end ] --END-- [ RunTime:0.004737s ]

[ 2020-01-19T14:13:34+08:00 ] 127.0.0.1 /home/admin/login
INFO: [ app_init ] --START--
INFO: Run Behavior\BuildLiteBehavior [ RunTime:0.000016s ]
INFO: [ app_init ] --END-- [ RunTime:0.000734s ]
INFO: [ app_begin ] --START--
INFO: Run Behavior\ReadHtmlCacheBehavior [ RunTime:0.003998s ]
INFO: [ app_begin ] --END-- [ RunTime:0.004097s ]
SQL: SHOW COLUMNS FROM `news_admin` [ RunTime:0.0443s ]
SQL: SELECT * FROM `news_admin` WHERE ( username='admin' )  [ RunTime:0.0013s ]

[ 2020-01-19T14:13:34+08:00 ] 127.0.0.1 /index.php/Home/Admin/index.html
INFO: [ app_init ] --START--
INFO: Run Behavior\BuildLiteBehavior [ RunTime:0.000018s ]
INFO: [ app_init ] --END-- [ RunTime:0.000935s ]
INFO: [ app_begin ] --START--
INFO: Run Behavior\ReadHtmlCacheBehavior [ RunTime:0.004939s ]
INFO: [ app_begin ] --END-- [ RunTime:0.005015s ]
INFO: [ view_parse ] --START--
INFO: [ template_filter ] --START--
INFO: Run Behavior\ContentReplaceBehavior [ RunTime:0.000191s ]
INFO: [ template_filter ] --END-- [ RunTime:0.000292s ]
INFO: Run Behavior\ParseTemplateBehavior [ RunTime:0.039264s ]
INFO: [ view_parse ] --END-- [ RunTime:0.039350s ]
INFO: [ view_filter ] --START--
INFO: Run Behavior\WriteHtmlCacheBehavior [ RunTime:0.006130s ]
INFO: [ view_filter ] --END-- [ RunTime:0.006195s ]
INFO: [ app_end ] --START--
INFO: Run Behavior\ShowPageTraceBehavior [ RunTime:0.006785s ]
INFO: [ app_end ] --END-- [ RunTime:0.006865s ]

[ 2020-01-19T14:13:35+08:00 ] 127.0.0.1 /index.php/Home/Admin/welcome.html
INFO: [ app_init ] --START--
INFO: Run Behavior\BuildLiteBehavior [ RunTime:0.000019s ]
INFO: [ app_init ] --END-- [ RunTime:0.000925s ]
INFO: [ app_begin ] --START--
INFO: Run Behavior\ReadHtmlCacheBehavior [ RunTime:0.006527s ]
INFO: [ app_begin ] --END-- [ RunTime:0.006633s ]
INFO: [ view_parse ] --START--
INFO: [ template_filter ] --START--
INFO: Run Behavior\ContentReplaceBehavior [ RunTime:0.000035s ]
INFO: [ template_filter ] --END-- [ RunTime:0.000088s ]
INFO: Run Behavior\ParseTemplateBehavior [ RunTime:0.023161s ]
INFO: [ view_parse ] --END-- [ RunTime:0.023268s ]
INFO: [ view_filter ] --START--
INFO: Run Behavior\WriteHtmlCacheBehavior [ RunTime:0.005743s ]
INFO: [ view_filter ] --END-- [ RunTime:0.005808s ]
INFO: [ app_end ] --START--
INFO: Run Behavior\ShowPageTraceBehavior [ RunTime:0.005042s ]
INFO: [ app_end ] --END-- [ RunTime:0.005104s ]

[ 2020-01-19T14:13:45+08:00 ] 127.0.0.1 /index.php/Home/Admin/system-base.html
INFO: [ app_init ] --START--
INFO: Run Behavior\BuildLiteBehavior [ RunTime:0.000055s ]
INFO: [ app_init ] --END-- [ RunTime:0.002164s ]
INFO: [ app_begin ] --START--
INFO: Run Behavior\ReadHtmlCacheBehavior [ RunTime:0.004663s ]
INFO: [ app_begin ] --END-- [ RunTime:0.004751s ]
INFO: [ view_parse ] --START--
INFO: [ template_filter ] --START--
INFO: Run Behavior\ContentReplaceBehavior [ RunTime:0.000048s ]
INFO: [ template_filter ] --END-- [ RunTime:0.000119s ]
INFO: Run Behavior\ParseTemplateBehavior [ RunTime:0.021041s ]
INFO: [ view_parse ] --END-- [ RunTime:0.021143s ]
INFO: [ view_filter ] --START--
INFO: Run Behavior\WriteHtmlCacheBehavior [ RunTime:0.004097s ]
INFO: [ view_filter ] --END-- [ RunTime:0.004149s ]
INFO: [ app_end ] --START--
INFO: Run Behavior\ShowPageTraceBehavior [ RunTime:0.004201s ]
INFO: [ app_end ] --END-- [ RunTime:0.004262s ]

[ 2020-01-19T14:13:46+08:00 ] 127.0.0.1 /home/admin/news
INFO: [ app_init ] --START--
INFO: Run Behavior\BuildLiteBehavior [ RunTime:0.000009s ]
INFO: [ app_init ] --END-- [ RunTime:0.000419s ]
INFO: [ app_begin ] --START--
INFO: Run Behavior\ReadHtmlCacheBehavior [ RunTime:0.004129s ]
INFO: [ app_begin ] --END-- [ RunTime:0.004201s ]
SQL: select id,name from news_type [ RunTime:0.0031s ]
INFO: [ view_parse ] --START--
INFO: [ template_filter ] --START--
INFO: Run Behavior\ContentReplaceBehavior [ RunTime:0.000150s ]
INFO: [ template_filter ] --END-- [ RunTime:0.000229s ]
INFO: Run Behavior\ParseTemplateBehavior [ RunTime:0.045453s ]
INFO: [ view_parse ] --END-- [ RunTime:0.045589s ]
INFO: [ view_filter ] --START--
INFO: Run Behavior\WriteHtmlCacheBehavior [ RunTime:0.006899s ]
INFO: [ view_filter ] --END-- [ RunTime:0.007012s ]
INFO: [ app_end ] --START--
INFO: Run Behavior\ShowPageTraceBehavior [ RunTime:0.006338s ]
INFO: [ app_end ] --END-- [ RunTime:0.006466s ]

