[ 2020-05-26T14:19:47+08:00 ] 127.0.0.1 /
INFO: [ app_init ] --START--
INFO: Run Behavior\BuildLiteBehavior [ RunTime:0.000111s ]
INFO: [ app_init ] --END-- [ RunTime:0.004459s ]
INFO: [ app_begin ] --START--
INFO: Run Behavior\ReadHtmlCacheBehavior [ RunTime:0.005741s ]
INFO: [ app_begin ] --END-- [ RunTime:0.005843s ]
NOTIC: [2048] Declaration of Home\Controller\IndexController::show() should be compatible with Think\Controller::show($content, $charset = '', $contentType = '', $prefix = '') D:\UPUPW_AP5.5-1510\UPUPW_AP5.5\vhosts\www.news.com\Application\Home\Controller\IndexController.class.php 第 7 行.
SQL: select id from news_type where name='学校要闻' [ RunTime:0.0381s ]
SQL: select id,cid,title,time from news_article where cid=1 order by time desc limit 7 [ RunTime:0.0247s ]
SQL: select id from news_type where name='媒体聚焦' [ RunTime:0.0007s ]
SQL: select id,cid,title,time from news_article where cid=2 order by time desc limit 10 [ RunTime:0.0010s ]
SQL: select id from news_type where name='校园快讯' [ RunTime:0.0006s ]
SQL: select id,cid,title,time from news_article where cid=3 order by time desc limit 10 [ RunTime:0.0015s ]
SQL: select id from news_type where name='通知公告' [ RunTime:0.0007s ]
SQL: select id,cid,title,time from news_article where cid=4 order by time desc limit 10 [ RunTime:0.0010s ]
INFO: [ view_parse ] --START--
INFO: [ template_filter ] --START--
INFO: Run Behavior\ContentReplaceBehavior [ RunTime:0.034054s ]
INFO: [ template_filter ] --END-- [ RunTime:0.034165s ]
INFO: Run Behavior\ParseTemplateBehavior [ RunTime:0.231411s ]
INFO: [ view_parse ] --END-- [ RunTime:0.231523s ]
INFO: [ view_filter ] --START--
INFO: Run Behavior\WriteHtmlCacheBehavior [ RunTime:0.019651s ]
INFO: [ view_filter ] --END-- [ RunTime:0.019791s ]
INFO: [ app_end ] --START--
INFO: Run Behavior\ShowPageTraceBehavior [ RunTime:0.016939s ]
INFO: [ app_end ] --END-- [ RunTime:0.017064s ]

[ 2020-05-26T14:20:02+08:00 ] 127.0.0.1 /home/admin
INFO: [ app_init ] --START--
INFO: Run Behavior\BuildLiteBehavior [ RunTime:0.000037s ]
INFO: [ app_init ] --END-- [ RunTime:0.001719s ]
INFO: [ app_begin ] --START--
INFO: Run Behavior\ReadHtmlCacheBehavior [ RunTime:0.004876s ]
INFO: [ app_begin ] --END-- [ RunTime:0.004969s ]

[ 2020-05-26T14:20:02+08:00 ] 127.0.0.1 /index.php/home/admin/login.html
INFO: [ app_init ] --START--
INFO: Run Behavior\BuildLiteBehavior [ RunTime:0.000072s ]
INFO: [ app_init ] --END-- [ RunTime:0.002062s ]
INFO: [ app_begin ] --START--
INFO: Run Behavior\ReadHtmlCacheBehavior [ RunTime:0.008635s ]
INFO: [ app_begin ] --END-- [ RunTime:0.008785s ]
INFO: [ view_parse ] --START--
INFO: [ template_filter ] --START--
INFO: Run Behavior\ContentReplaceBehavior [ RunTime:0.001022s ]
INFO: [ template_filter ] --END-- [ RunTime:0.001280s ]
NOTIC: [8] Undefined variable: msg D:\UPUPW_AP5.5-1510\UPUPW_AP5.5\vhosts\www.news.com\Application\Runtime\Cache\Home\c738ce3f76a31820b13902acb02df87d.php 第 41 行.
INFO: Run Behavior\ParseTemplateBehavior [ RunTime:0.151225s ]
INFO: [ view_parse ] --END-- [ RunTime:0.151392s ]
INFO: [ view_filter ] --START--
INFO: Run Behavior\WriteHtmlCacheBehavior [ RunTime:0.010232s ]
INFO: [ view_filter ] --END-- [ RunTime:0.010343s ]
INFO: [ app_end ] --START--
INFO: Run Behavior\ShowPageTraceBehavior [ RunTime:0.010549s ]
INFO: [ app_end ] --END-- [ RunTime:0.010666s ]

[ 2020-05-26T14:20:03+08:00 ] 127.0.0.1 /home/admin/yzm
INFO: [ app_init ] --START--
INFO: Run Behavior\BuildLiteBehavior [ RunTime:0.000091s ]
INFO: [ app_init ] --END-- [ RunTime:0.005423s ]
INFO: [ app_begin ] --START--
INFO: Run Behavior\ReadHtmlCacheBehavior [ RunTime:0.003823s ]
INFO: [ app_begin ] --END-- [ RunTime:0.003892s ]
INFO: [ app_end ] --START--
INFO: Run Behavior\ShowPageTraceBehavior [ RunTime:0.020086s ]
INFO: [ app_end ] --END-- [ RunTime:0.020444s ]

[ 2020-05-26T14:20:50+08:00 ] 127.0.0.1 /home/index/newslist/cid/1
INFO: [ app_init ] --START--
INFO: Run Behavior\BuildLiteBehavior [ RunTime:0.000018s ]
INFO: [ app_init ] --END-- [ RunTime:0.000882s ]
INFO: [ app_begin ] --START--
INFO: Run Behavior\ReadHtmlCacheBehavior [ RunTime:0.005764s ]
INFO: [ app_begin ] --END-- [ RunTime:0.005854s ]
NOTIC: [2048] Declaration of Home\Controller\IndexController::show() should be compatible with Think\Controller::show($content, $charset = '', $contentType = '', $prefix = '') D:\UPUPW_AP5.5-1510\UPUPW_AP5.5\vhosts\www.news.com\Application\Home\Controller\IndexController.class.php 第 7 行.
SQL: SHOW COLUMNS FROM `news_type` [ RunTime:0.3458s ]
SQL: SELECT * FROM `news_type` LIMIT 0,4   [ RunTime:0.0031s ]
SQL: SHOW COLUMNS FROM `news_type` [ RunTime:0.0098s ]
SQL: SELECT * FROM `news_type` WHERE ( id=1 )  [ RunTime:0.0628s ]
SQL: SHOW COLUMNS FROM `news_article` [ RunTime:0.0206s ]
SQL: SELECT `id`,`cid`,`title`,`time` FROM `news_article` WHERE ( cid=1 ) ORDER BY time desc LIMIT 0,10   [ RunTime:0.0029s ]
SQL: SHOW COLUMNS FROM `news_article` [ RunTime:0.0275s ]
SQL: SELECT COUNT(*) AS tp_count FROM `news_article` WHERE ( cid=1 ) LIMIT 1   [ RunTime:0.0175s ]
INFO: [ view_parse ] --START--
INFO: [ template_filter ] --START--
INFO: Run Behavior\ContentReplaceBehavior [ RunTime:0.000356s ]
INFO: [ template_filter ] --END-- [ RunTime:0.000562s ]
INFO: Run Behavior\ParseTemplateBehavior [ RunTime:0.145974s ]
INFO: [ view_parse ] --END-- [ RunTime:0.146252s ]
INFO: [ view_filter ] --START--
INFO: Run Behavior\WriteHtmlCacheBehavior [ RunTime:0.015323s ]
INFO: [ view_filter ] --END-- [ RunTime:0.015568s ]
INFO: [ app_end ] --START--
INFO: Run Behavior\ShowPageTraceBehavior [ RunTime:0.020302s ]
INFO: [ app_end ] --END-- [ RunTime:0.020834s ]

[ 2020-05-26T14:21:09+08:00 ] 127.0.0.1 /home/index/show/id/55
INFO: [ app_init ] --START--
INFO: Run Behavior\BuildLiteBehavior [ RunTime:0.000020s ]
INFO: [ app_init ] --END-- [ RunTime:0.000901s ]
INFO: [ app_begin ] --START--
INFO: Run Behavior\ReadHtmlCacheBehavior [ RunTime:0.003385s ]
INFO: [ app_begin ] --END-- [ RunTime:0.003452s ]
NOTIC: [2048] Declaration of Home\Controller\IndexController::show() should be compatible with Think\Controller::show($content, $charset = '', $contentType = '', $prefix = '') D:\UPUPW_AP5.5-1510\UPUPW_AP5.5\vhosts\www.news.com\Application\Home\Controller\IndexController.class.php 第 7 行.
SQL: SHOW COLUMNS FROM `news_article` [ RunTime:0.0046s ]
SQL: SELECT news_article.id as id,`cid`,`name`,`title`,`author`,`content`,`imagepath`,`views`,`time` FROM `news_article` INNER JOIN news_type on news_type.id=news_article.cid  WHERE ( news_article.id=55 )  [ RunTime:0.1249s ]
SQL: SHOW COLUMNS FROM `news_article` [ RunTime:0.0169s ]
SQL: UPDATE `news_article` SET `views`=views+1 WHERE ( id=55 ) [ RunTime:0.0232s ]
SQL: SHOW COLUMNS FROM `news_article` [ RunTime:0.0035s ]
SQL: SELECT * FROM `news_article` WHERE ( id<55 ) ORDER BY id desc LIMIT 0,1   [ RunTime:0.0025s ]
SQL: SHOW COLUMNS FROM `news_article` [ RunTime:0.0046s ]
SQL: SELECT * FROM `news_article` WHERE ( id>55 ) ORDER BY id asc LIMIT 0,1   [ RunTime:0.0004s ]
INFO: [ view_parse ] --START--
INFO: [ template_filter ] --START--
INFO: Run Behavior\ContentReplaceBehavior [ RunTime:0.000131s ]
INFO: [ template_filter ] --END-- [ RunTime:0.000250s ]
INFO: Run Behavior\ParseTemplateBehavior [ RunTime:0.057507s ]
INFO: [ view_parse ] --END-- [ RunTime:0.057738s ]
INFO: [ view_filter ] --START--
INFO: Run Behavior\WriteHtmlCacheBehavior [ RunTime:0.004782s ]
INFO: [ view_filter ] --END-- [ RunTime:0.004862s ]
INFO: [ app_end ] --START--
INFO: Run Behavior\ShowPageTraceBehavior [ RunTime:0.004190s ]
INFO: [ app_end ] --END-- [ RunTime:0.004262s ]

[ 2020-05-26T14:26:04+08:00 ] 127.0.0.1 /home/admin/login
INFO: [ app_init ] --START--
INFO: Run Behavior\BuildLiteBehavior [ RunTime:0.000021s ]
INFO: [ app_init ] --END-- [ RunTime:0.001827s ]
INFO: [ app_begin ] --START--
INFO: Run Behavior\ReadHtmlCacheBehavior [ RunTime:0.005017s ]
INFO: [ app_begin ] --END-- [ RunTime:0.005111s ]
SQL: SHOW COLUMNS FROM `news_admin` [ RunTime:0.0160s ]
SQL: SELECT * FROM `news_admin` WHERE ( username='admin' and password='123456' )  [ RunTime:0.0005s ]

[ 2020-05-26T14:26:04+08:00 ] 127.0.0.1 /index.php/Home/Admin/index.html
INFO: [ app_init ] --START--
INFO: Run Behavior\BuildLiteBehavior [ RunTime:0.000022s ]
INFO: [ app_init ] --END-- [ RunTime:0.000994s ]
INFO: [ app_begin ] --START--
INFO: Run Behavior\ReadHtmlCacheBehavior [ RunTime:0.005607s ]
INFO: [ app_begin ] --END-- [ RunTime:0.005695s ]
INFO: [ view_parse ] --START--
INFO: [ template_filter ] --START--
INFO: Run Behavior\ContentReplaceBehavior [ RunTime:0.000120s ]
INFO: [ template_filter ] --END-- [ RunTime:0.000201s ]
INFO: Run Behavior\ParseTemplateBehavior [ RunTime:0.037895s ]
INFO: [ view_parse ] --END-- [ RunTime:0.038040s ]
INFO: [ view_filter ] --START--
INFO: Run Behavior\WriteHtmlCacheBehavior [ RunTime:0.005089s ]
INFO: [ view_filter ] --END-- [ RunTime:0.005157s ]
INFO: [ app_end ] --START--
INFO: Run Behavior\ShowPageTraceBehavior [ RunTime:0.005624s ]
INFO: [ app_end ] --END-- [ RunTime:0.005749s ]

[ 2020-05-26T14:26:05+08:00 ] 127.0.0.1 /index.php/Home/Admin/welcome.html
INFO: [ app_init ] --START--
INFO: Run Behavior\BuildLiteBehavior [ RunTime:0.000013s ]
INFO: [ app_init ] --END-- [ RunTime:0.001205s ]
INFO: [ app_begin ] --START--
INFO: Run Behavior\ReadHtmlCacheBehavior [ RunTime:0.003626s ]
INFO: [ app_begin ] --END-- [ RunTime:0.003686s ]
INFO: [ view_parse ] --START--
INFO: [ template_filter ] --START--
INFO: Run Behavior\ContentReplaceBehavior [ RunTime:0.000039s ]
INFO: [ template_filter ] --END-- [ RunTime:0.000100s ]
INFO: Run Behavior\ParseTemplateBehavior [ RunTime:0.036191s ]
INFO: [ view_parse ] --END-- [ RunTime:0.036401s ]
INFO: [ view_filter ] --START--
INFO: Run Behavior\WriteHtmlCacheBehavior [ RunTime:0.004197s ]
INFO: [ view_filter ] --END-- [ RunTime:0.004263s ]
INFO: [ app_end ] --START--
INFO: Run Behavior\ShowPageTraceBehavior [ RunTime:0.004281s ]
INFO: [ app_end ] --END-- [ RunTime:0.004349s ]

[ 2020-05-26T14:28:01+08:00 ] 127.0.0.1 /home/admin/news
INFO: [ app_init ] --START--
INFO: Run Behavior\BuildLiteBehavior [ RunTime:0.000031s ]
INFO: [ app_init ] --END-- [ RunTime:0.001591s ]
INFO: [ app_begin ] --START--
INFO: Run Behavior\ReadHtmlCacheBehavior [ RunTime:0.004419s ]
INFO: [ app_begin ] --END-- [ RunTime:0.004507s ]
SQL: select id,name from news_type [ RunTime:0.0007s ]
SQL: select * from news_article where id='' [ RunTime:0.3242s ]
INFO: [ view_parse ] --START--
INFO: [ template_filter ] --START--
INFO: Run Behavior\ContentReplaceBehavior [ RunTime:0.000106s ]
INFO: [ template_filter ] --END-- [ RunTime:0.000156s ]
NOTIC: [8] Undefined offset: 0 D:\UPUPW_AP5.5-1510\UPUPW_AP5.5\vhosts\www.news.com\Application\Runtime\Cache\Home\a915ee3ab96f29e5eac29b1a7d7b9d67.php 第 104 行.
NOTIC: [8] Undefined offset: 0 D:\UPUPW_AP5.5-1510\UPUPW_AP5.5\vhosts\www.news.com\Application\Runtime\Cache\Home\a915ee3ab96f29e5eac29b1a7d7b9d67.php 第 108 行.
NOTIC: [8] Undefined offset: 0 D:\UPUPW_AP5.5-1510\UPUPW_AP5.5\vhosts\www.news.com\Application\Runtime\Cache\Home\a915ee3ab96f29e5eac29b1a7d7b9d67.php 第 126 行.
NOTIC: [8] Undefined offset: 0 D:\UPUPW_AP5.5-1510\UPUPW_AP5.5\vhosts\www.news.com\Application\Runtime\Cache\Home\a915ee3ab96f29e5eac29b1a7d7b9d67.php 第 132 行.
NOTIC: [8] Undefined offset: 0 D:\UPUPW_AP5.5-1510\UPUPW_AP5.5\vhosts\www.news.com\Application\Runtime\Cache\Home\a915ee3ab96f29e5eac29b1a7d7b9d67.php 第 139 行.
NOTIC: [8] Undefined offset: 0 D:\UPUPW_AP5.5-1510\UPUPW_AP5.5\vhosts\www.news.com\Application\Runtime\Cache\Home\a915ee3ab96f29e5eac29b1a7d7b9d67.php 第 147 行.
NOTIC: [8] Undefined offset: 0 D:\UPUPW_AP5.5-1510\UPUPW_AP5.5\vhosts\www.news.com\Application\Runtime\Cache\Home\a915ee3ab96f29e5eac29b1a7d7b9d67.php 第 155 行.
INFO: Run Behavior\ParseTemplateBehavior [ RunTime:0.048850s ]
INFO: [ view_parse ] --END-- [ RunTime:0.048999s ]
INFO: [ view_filter ] --START--
INFO: Run Behavior\WriteHtmlCacheBehavior [ RunTime:0.005133s ]
INFO: [ view_filter ] --END-- [ RunTime:0.005205s ]
INFO: [ app_end ] --START--
INFO: Run Behavior\ShowPageTraceBehavior [ RunTime:0.004964s ]
INFO: [ app_end ] --END-- [ RunTime:0.005040s ]

[ 2020-05-26T14:28:07+08:00 ] 127.0.0.1 /home/admin/newslist
INFO: [ app_init ] --START--
INFO: Run Behavior\BuildLiteBehavior [ RunTime:0.000018s ]
INFO: [ app_init ] --END-- [ RunTime:0.000869s ]
INFO: [ app_begin ] --START--
INFO: Run Behavior\ReadHtmlCacheBehavior [ RunTime:0.004448s ]
INFO: [ app_begin ] --END-- [ RunTime:0.004530s ]
SQL: select id,name from news_type  [ RunTime:0.0005s ]
NOTIC: [8] Undefined variable: str D:\UPUPW_AP5.5-1510\UPUPW_AP5.5\vhosts\www.news.com\Application\Home\Controller\AdminController.class.php 第 174 行.
SQL: SHOW COLUMNS FROM `news_article` [ RunTime:0.0041s ]
SQL: SELECT COUNT(*) AS tp_count FROM `news_article` LIMIT 1   [ RunTime:0.0003s ]
SQL: SHOW COLUMNS FROM `news_article` [ RunTime:0.0100s ]
SQL: SELECT news_article.id as id,`name`,`title`,`author`,`time` FROM `news_article` INNER JOIN news_type on news_type.id=news_article.cid  ORDER BY time desc LIMIT 0,10   [ RunTime:0.0922s ]
INFO: [ view_parse ] --START--
INFO: [ template_filter ] --START--
INFO: Run Behavior\ContentReplaceBehavior [ RunTime:0.000051s ]
INFO: [ template_filter ] --END-- [ RunTime:0.000102s ]
NOTIC: [8] Undefined index: cid D:\UPUPW_AP5.5-1510\UPUPW_AP5.5\vhosts\www.news.com\Application\Runtime\Cache\Home\077d9af853f3e0bb551d70f559d082e1.php 第 49 行.
NOTIC: [8] Undefined index: cid D:\UPUPW_AP5.5-1510\UPUPW_AP5.5\vhosts\www.news.com\Application\Runtime\Cache\Home\077d9af853f3e0bb551d70f559d082e1.php 第 49 行.
NOTIC: [8] Undefined index: cid D:\UPUPW_AP5.5-1510\UPUPW_AP5.5\vhosts\www.news.com\Application\Runtime\Cache\Home\077d9af853f3e0bb551d70f559d082e1.php 第 49 行.
NOTIC: [8] Undefined index: cid D:\UPUPW_AP5.5-1510\UPUPW_AP5.5\vhosts\www.news.com\Application\Runtime\Cache\Home\077d9af853f3e0bb551d70f559d082e1.php 第 49 行.
NOTIC: [8] Undefined index: cid D:\UPUPW_AP5.5-1510\UPUPW_AP5.5\vhosts\www.news.com\Application\Runtime\Cache\Home\077d9af853f3e0bb551d70f559d082e1.php 第 49 行.
NOTIC: [8] Undefined index: cid D:\UPUPW_AP5.5-1510\UPUPW_AP5.5\vhosts\www.news.com\Application\Runtime\Cache\Home\077d9af853f3e0bb551d70f559d082e1.php 第 49 行.
NOTIC: [8] Undefined index: cid D:\UPUPW_AP5.5-1510\UPUPW_AP5.5\vhosts\www.news.com\Application\Runtime\Cache\Home\077d9af853f3e0bb551d70f559d082e1.php 第 49 行.
NOTIC: [8] Undefined index: cid D:\UPUPW_AP5.5-1510\UPUPW_AP5.5\vhosts\www.news.com\Application\Runtime\Cache\Home\077d9af853f3e0bb551d70f559d082e1.php 第 49 行.
NOTIC: [8] Undefined index: cid D:\UPUPW_AP5.5-1510\UPUPW_AP5.5\vhosts\www.news.com\Application\Runtime\Cache\Home\077d9af853f3e0bb551d70f559d082e1.php 第 49 行.
NOTIC: [8] Undefined index: cid D:\UPUPW_AP5.5-1510\UPUPW_AP5.5\vhosts\www.news.com\Application\Runtime\Cache\Home\077d9af853f3e0bb551d70f559d082e1.php 第 49 行.
INFO: Run Behavior\ParseTemplateBehavior [ RunTime:0.029702s ]
INFO: [ view_parse ] --END-- [ RunTime:0.029777s ]
INFO: [ view_filter ] --START--
INFO: Run Behavior\WriteHtmlCacheBehavior [ RunTime:0.002655s ]
INFO: [ view_filter ] --END-- [ RunTime:0.002690s ]
INFO: [ app_end ] --START--
INFO: Run Behavior\ShowPageTraceBehavior [ RunTime:0.002009s ]
INFO: [ app_end ] --END-- [ RunTime:0.002042s ]

[ 2020-05-26T14:28:09+08:00 ] 127.0.0.1 /home/admin/adminlist
INFO: [ app_init ] --START--
INFO: Run Behavior\BuildLiteBehavior [ RunTime:0.000019s ]
INFO: [ app_init ] --END-- [ RunTime:0.001002s ]
INFO: [ app_begin ] --START--
INFO: Run Behavior\ReadHtmlCacheBehavior [ RunTime:0.005701s ]
INFO: [ app_begin ] --END-- [ RunTime:0.005799s ]
SQL: select news_admin.id as id,username,password,email,name from news_admin left join news_right on news_admin.right_id=news_right.id [ RunTime:0.1484s ]
INFO: [ view_parse ] --START--
INFO: [ template_filter ] --START--
INFO: Run Behavior\ContentReplaceBehavior [ RunTime:0.000111s ]
INFO: [ template_filter ] --END-- [ RunTime:0.000190s ]
INFO: Run Behavior\ParseTemplateBehavior [ RunTime:0.072998s ]
INFO: [ view_parse ] --END-- [ RunTime:0.073145s ]
INFO: [ view_filter ] --START--
INFO: Run Behavior\WriteHtmlCacheBehavior [ RunTime:0.006548s ]
INFO: [ view_filter ] --END-- [ RunTime:0.006625s ]
INFO: [ app_end ] --START--
INFO: Run Behavior\ShowPageTraceBehavior [ RunTime:0.004235s ]
INFO: [ app_end ] --END-- [ RunTime:0.004309s ]

[ 2020-05-26T14:28:10+08:00 ] 127.0.0.1 /home/admin/menulist
INFO: [ app_init ] --START--
INFO: Run Behavior\BuildLiteBehavior [ RunTime:0.000010s ]
INFO: [ app_init ] --END-- [ RunTime:0.000451s ]
INFO: [ app_begin ] --START--
INFO: Run Behavior\ReadHtmlCacheBehavior [ RunTime:0.006610s ]
INFO: [ app_begin ] --END-- [ RunTime:0.006728s ]
SQL: select * from news_type [ RunTime:0.0004s ]
INFO: [ view_parse ] --START--
INFO: [ template_filter ] --START--
INFO: Run Behavior\ContentReplaceBehavior [ RunTime:0.000063s ]
INFO: [ template_filter ] --END-- [ RunTime:0.000107s ]
INFO: Run Behavior\ParseTemplateBehavior [ RunTime:0.018658s ]
INFO: [ view_parse ] --END-- [ RunTime:0.018718s ]
INFO: [ view_filter ] --START--
INFO: Run Behavior\WriteHtmlCacheBehavior [ RunTime:0.002681s ]
INFO: [ view_filter ] --END-- [ RunTime:0.002725s ]
INFO: [ app_end ] --START--
INFO: Run Behavior\ShowPageTraceBehavior [ RunTime:0.002712s ]
INFO: [ app_end ] --END-- [ RunTime:0.002773s ]

[ 2020-05-26T14:28:13+08:00 ] 127.0.0.1 /index.php/Home/Admin/system-base.html
INFO: [ app_init ] --START--
INFO: Run Behavior\BuildLiteBehavior [ RunTime:0.000018s ]
INFO: [ app_init ] --END-- [ RunTime:0.000837s ]
INFO: [ app_begin ] --START--
INFO: Run Behavior\ReadHtmlCacheBehavior [ RunTime:0.004091s ]
INFO: [ app_begin ] --END-- [ RunTime:0.004201s ]
INFO: [ view_parse ] --START--
INFO: [ template_filter ] --START--
INFO: Run Behavior\ContentReplaceBehavior [ RunTime:0.000049s ]
INFO: [ template_filter ] --END-- [ RunTime:0.000156s ]
INFO: Run Behavior\ParseTemplateBehavior [ RunTime:0.018749s ]
INFO: [ view_parse ] --END-- [ RunTime:0.018837s ]
INFO: [ view_filter ] --START--
INFO: Run Behavior\WriteHtmlCacheBehavior [ RunTime:0.006140s ]
INFO: [ view_filter ] --END-- [ RunTime:0.006196s ]
INFO: [ app_end ] --START--
INFO: Run Behavior\ShowPageTraceBehavior [ RunTime:0.004106s ]
INFO: [ app_end ] --END-- [ RunTime:0.004174s ]

[ 2020-05-26T14:28:39+08:00 ] 127.0.0.1 /index.php/Home/Admin/system-base.html
INFO: [ app_init ] --START--
INFO: Run Behavior\BuildLiteBehavior [ RunTime:0.000024s ]
INFO: [ app_init ] --END-- [ RunTime:0.000854s ]
INFO: [ app_begin ] --START--
INFO: Run Behavior\ReadHtmlCacheBehavior [ RunTime:0.004339s ]
INFO: [ app_begin ] --END-- [ RunTime:0.004425s ]
INFO: [ view_parse ] --START--
INFO: [ template_filter ] --START--
INFO: Run Behavior\ContentReplaceBehavior [ RunTime:0.000050s ]
INFO: [ template_filter ] --END-- [ RunTime:0.000127s ]
INFO: Run Behavior\ParseTemplateBehavior [ RunTime:0.021793s ]
INFO: [ view_parse ] --END-- [ RunTime:0.021873s ]
INFO: [ view_filter ] --START--
INFO: Run Behavior\WriteHtmlCacheBehavior [ RunTime:0.005487s ]
INFO: [ view_filter ] --END-- [ RunTime:0.005557s ]
INFO: [ app_end ] --START--
INFO: Run Behavior\ShowPageTraceBehavior [ RunTime:0.004735s ]
INFO: [ app_end ] --END-- [ RunTime:0.004810s ]

[ 2020-05-26T14:33:03+08:00 ] 127.0.0.1 /home/index/show/id/55
INFO: [ app_init ] --START--
INFO: Run Behavior\BuildLiteBehavior [ RunTime:0.000026s ]
INFO: [ app_init ] --END-- [ RunTime:0.001076s ]
INFO: [ app_begin ] --START--
INFO: Run Behavior\ReadHtmlCacheBehavior [ RunTime:0.005757s ]
INFO: [ app_begin ] --END-- [ RunTime:0.005949s ]
NOTIC: [2048] Declaration of Home\Controller\IndexController::show() should be compatible with Think\Controller::show($content, $charset = '', $contentType = '', $prefix = '') D:\UPUPW_AP5.5-1510\UPUPW_AP5.5\vhosts\www.news.com\Application\Home\Controller\IndexController.class.php 第 7 行.
SQL: SHOW COLUMNS FROM `news_article` [ RunTime:0.0070s ]
SQL: SELECT news_article.id as id,`cid`,`name`,`title`,`author`,`content`,`imagepath`,`views`,`time` FROM `news_article` INNER JOIN news_type on news_type.id=news_article.cid  WHERE ( news_article.id=55 )  [ RunTime:0.0005s ]
SQL: SHOW COLUMNS FROM `news_article` [ RunTime:0.0039s ]
SQL: UPDATE `news_article` SET `views`=views+1 WHERE ( id=55 ) [ RunTime:0.0010s ]
SQL: SHOW COLUMNS FROM `news_article` [ RunTime:0.0042s ]
SQL: SELECT * FROM `news_article` WHERE ( id<55 ) ORDER BY id desc LIMIT 0,1   [ RunTime:0.0007s ]
SQL: SHOW COLUMNS FROM `news_article` [ RunTime:0.0045s ]
SQL: SELECT * FROM `news_article` WHERE ( id>55 ) ORDER BY id asc LIMIT 0,1   [ RunTime:0.0006s ]
INFO: [ view_parse ] --START--
INFO: [ template_filter ] --START--
INFO: Run Behavior\ContentReplaceBehavior [ RunTime:0.000075s ]
INFO: [ template_filter ] --END-- [ RunTime:0.000156s ]
INFO: Run Behavior\ParseTemplateBehavior [ RunTime:0.037457s ]
INFO: [ view_parse ] --END-- [ RunTime:0.037724s ]
INFO: [ view_filter ] --START--
INFO: Run Behavior\WriteHtmlCacheBehavior [ RunTime:0.007073s ]
INFO: [ view_filter ] --END-- [ RunTime:0.007167s ]
INFO: [ app_end ] --START--
INFO: Run Behavior\ShowPageTraceBehavior [ RunTime:0.005574s ]
INFO: [ app_end ] --END-- [ RunTime:0.005705s ]

[ 2020-05-26T14:33:05+08:00 ] 127.0.0.1 /home/index/show/id/55
INFO: [ app_init ] --START--
INFO: Run Behavior\BuildLiteBehavior [ RunTime:0.000018s ]
INFO: [ app_init ] --END-- [ RunTime:0.000955s ]
INFO: [ app_begin ] --START--
INFO: Run Behavior\ReadHtmlCacheBehavior [ RunTime:0.005727s ]
INFO: [ app_begin ] --END-- [ RunTime:0.005820s ]
NOTIC: [2048] Declaration of Home\Controller\IndexController::show() should be compatible with Think\Controller::show($content, $charset = '', $contentType = '', $prefix = '') D:\UPUPW_AP5.5-1510\UPUPW_AP5.5\vhosts\www.news.com\Application\Home\Controller\IndexController.class.php 第 7 行.
SQL: SHOW COLUMNS FROM `news_article` [ RunTime:0.0032s ]
SQL: SELECT news_article.id as id,`cid`,`name`,`title`,`author`,`content`,`imagepath`,`views`,`time` FROM `news_article` INNER JOIN news_type on news_type.id=news_article.cid  WHERE ( news_article.id=55 )  [ RunTime:0.0005s ]
SQL: SHOW COLUMNS FROM `news_article` [ RunTime:0.0029s ]
SQL: UPDATE `news_article` SET `views`=views+1 WHERE ( id=55 ) [ RunTime:0.0004s ]
SQL: SHOW COLUMNS FROM `news_article` [ RunTime:0.0027s ]
SQL: SELECT * FROM `news_article` WHERE ( id<55 ) ORDER BY id desc LIMIT 0,1   [ RunTime:0.0004s ]
SQL: SHOW COLUMNS FROM `news_article` [ RunTime:0.0026s ]
SQL: SELECT * FROM `news_article` WHERE ( id>55 ) ORDER BY id asc LIMIT 0,1   [ RunTime:0.0004s ]
INFO: [ view_parse ] --START--
INFO: [ template_filter ] --START--
INFO: Run Behavior\ContentReplaceBehavior [ RunTime:0.000109s ]
INFO: [ template_filter ] --END-- [ RunTime:0.000171s ]
INFO: Run Behavior\ParseTemplateBehavior [ RunTime:0.013393s ]
INFO: [ view_parse ] --END-- [ RunTime:0.013445s ]
INFO: [ view_filter ] --START--
INFO: Run Behavior\WriteHtmlCacheBehavior [ RunTime:0.003043s ]
INFO: [ view_filter ] --END-- [ RunTime:0.003082s ]
INFO: [ app_end ] --START--
INFO: Run Behavior\ShowPageTraceBehavior [ RunTime:0.002061s ]
INFO: [ app_end ] --END-- [ RunTime:0.002100s ]

[ 2020-05-26T14:33:06+08:00 ] 127.0.0.1 /home/index/show/id/55
INFO: [ app_init ] --START--
INFO: Run Behavior\BuildLiteBehavior [ RunTime:0.000023s ]
INFO: [ app_init ] --END-- [ RunTime:0.000889s ]
INFO: [ app_begin ] --START--
INFO: Run Behavior\ReadHtmlCacheBehavior [ RunTime:0.005379s ]
INFO: [ app_begin ] --END-- [ RunTime:0.005480s ]
NOTIC: [2048] Declaration of Home\Controller\IndexController::show() should be compatible with Think\Controller::show($content, $charset = '', $contentType = '', $prefix = '') D:\UPUPW_AP5.5-1510\UPUPW_AP5.5\vhosts\www.news.com\Application\Home\Controller\IndexController.class.php 第 7 行.
SQL: SHOW COLUMNS FROM `news_article` [ RunTime:0.0057s ]
SQL: SELECT news_article.id as id,`cid`,`name`,`title`,`author`,`content`,`imagepath`,`views`,`time` FROM `news_article` INNER JOIN news_type on news_type.id=news_article.cid  WHERE ( news_article.id=55 )  [ RunTime:0.0014s ]
SQL: SHOW COLUMNS FROM `news_article` [ RunTime:0.0031s ]
SQL: UPDATE `news_article` SET `views`=views+1 WHERE ( id=55 ) [ RunTime:0.0002s ]
SQL: SHOW COLUMNS FROM `news_article` [ RunTime:0.0025s ]
SQL: SELECT * FROM `news_article` WHERE ( id<55 ) ORDER BY id desc LIMIT 0,1   [ RunTime:0.0003s ]
SQL: SHOW COLUMNS FROM `news_article` [ RunTime:0.0021s ]
SQL: SELECT * FROM `news_article` WHERE ( id>55 ) ORDER BY id asc LIMIT 0,1   [ RunTime:0.0003s ]
INFO: [ view_parse ] --START--
INFO: [ template_filter ] --START--
INFO: Run Behavior\ContentReplaceBehavior [ RunTime:0.000032s ]
INFO: [ template_filter ] --END-- [ RunTime:0.000067s ]
INFO: Run Behavior\ParseTemplateBehavior [ RunTime:0.014227s ]
INFO: [ view_parse ] --END-- [ RunTime:0.014301s ]
INFO: [ view_filter ] --START--
INFO: Run Behavior\WriteHtmlCacheBehavior [ RunTime:0.004487s ]
INFO: [ view_filter ] --END-- [ RunTime:0.004548s ]
INFO: [ app_end ] --START--
INFO: Run Behavior\ShowPageTraceBehavior [ RunTime:0.006163s ]
INFO: [ app_end ] --END-- [ RunTime:0.006238s ]

[ 2020-05-26T14:33:06+08:00 ] 127.0.0.1 /home/index/show/id/55
INFO: [ app_init ] --START--
INFO: Run Behavior\BuildLiteBehavior [ RunTime:0.000018s ]
INFO: [ app_init ] --END-- [ RunTime:0.000898s ]
INFO: [ app_begin ] --START--
INFO: Run Behavior\ReadHtmlCacheBehavior [ RunTime:0.004593s ]
INFO: [ app_begin ] --END-- [ RunTime:0.004671s ]
NOTIC: [2048] Declaration of Home\Controller\IndexController::show() should be compatible with Think\Controller::show($content, $charset = '', $contentType = '', $prefix = '') D:\UPUPW_AP5.5-1510\UPUPW_AP5.5\vhosts\www.news.com\Application\Home\Controller\IndexController.class.php 第 7 行.
SQL: SHOW COLUMNS FROM `news_article` [ RunTime:0.0054s ]
SQL: SELECT news_article.id as id,`cid`,`name`,`title`,`author`,`content`,`imagepath`,`views`,`time` FROM `news_article` INNER JOIN news_type on news_type.id=news_article.cid  WHERE ( news_article.id=55 )  [ RunTime:0.0004s ]
SQL: SHOW COLUMNS FROM `news_article` [ RunTime:0.0033s ]
SQL: UPDATE `news_article` SET `views`=views+1 WHERE ( id=55 ) [ RunTime:0.0003s ]
SQL: SHOW COLUMNS FROM `news_article` [ RunTime:0.0022s ]
SQL: SELECT * FROM `news_article` WHERE ( id<55 ) ORDER BY id desc LIMIT 0,1   [ RunTime:0.0003s ]
SQL: SHOW COLUMNS FROM `news_article` [ RunTime:0.0028s ]
SQL: SELECT * FROM `news_article` WHERE ( id>55 ) ORDER BY id asc LIMIT 0,1   [ RunTime:0.0014s ]
INFO: [ view_parse ] --START--
INFO: [ template_filter ] --START--
INFO: Run Behavior\ContentReplaceBehavior [ RunTime:0.000031s ]
INFO: [ template_filter ] --END-- [ RunTime:0.000062s ]
INFO: Run Behavior\ParseTemplateBehavior [ RunTime:0.017028s ]
INFO: [ view_parse ] --END-- [ RunTime:0.017200s ]
INFO: [ view_filter ] --START--
INFO: Run Behavior\WriteHtmlCacheBehavior [ RunTime:0.005626s ]
INFO: [ view_filter ] --END-- [ RunTime:0.005708s ]
INFO: [ app_end ] --START--
INFO: Run Behavior\ShowPageTraceBehavior [ RunTime:0.004227s ]
INFO: [ app_end ] --END-- [ RunTime:0.004287s ]

[ 2020-05-26T14:33:08+08:00 ] 127.0.0.1 /home/index/index
INFO: [ app_init ] --START--
INFO: Run Behavior\BuildLiteBehavior [ RunTime:0.000010s ]
INFO: [ app_init ] --END-- [ RunTime:0.000915s ]
INFO: [ app_begin ] --START--
INFO: Run Behavior\ReadHtmlCacheBehavior [ RunTime:0.003825s ]
INFO: [ app_begin ] --END-- [ RunTime:0.003908s ]
NOTIC: [2048] Declaration of Home\Controller\IndexController::show() should be compatible with Think\Controller::show($content, $charset = '', $contentType = '', $prefix = '') D:\UPUPW_AP5.5-1510\UPUPW_AP5.5\vhosts\www.news.com\Application\Home\Controller\IndexController.class.php 第 7 行.
SQL: select id from news_type where name='学校要闻' [ RunTime:0.0003s ]
SQL: select id,cid,title,time from news_article where cid=1 order by time desc limit 7 [ RunTime:0.0004s ]
SQL: select id from news_type where name='媒体聚焦' [ RunTime:0.0003s ]
SQL: select id,cid,title,time from news_article where cid=2 order by time desc limit 10 [ RunTime:0.0004s ]
SQL: select id from news_type where name='校园快讯' [ RunTime:0.0002s ]
SQL: select id,cid,title,time from news_article where cid=3 order by time desc limit 10 [ RunTime:0.0003s ]
SQL: select id from news_type where name='通知公告' [ RunTime:0.0003s ]
SQL: select id,cid,title,time from news_article where cid=4 order by time desc limit 10 [ RunTime:0.0003s ]
INFO: [ view_parse ] --START--
INFO: [ template_filter ] --START--
INFO: Run Behavior\ContentReplaceBehavior [ RunTime:0.000065s ]
INFO: [ template_filter ] --END-- [ RunTime:0.000104s ]
INFO: Run Behavior\ParseTemplateBehavior [ RunTime:0.017669s ]
INFO: [ view_parse ] --END-- [ RunTime:0.017719s ]
INFO: [ view_filter ] --START--
INFO: Run Behavior\WriteHtmlCacheBehavior [ RunTime:0.002666s ]
INFO: [ view_filter ] --END-- [ RunTime:0.002720s ]
INFO: [ app_end ] --START--
INFO: Run Behavior\ShowPageTraceBehavior [ RunTime:0.005214s ]
INFO: [ app_end ] --END-- [ RunTime:0.005299s ]

[ 2020-05-26T14:35:19+08:00 ] 127.0.0.1 /home/index/newslist/cid/4
INFO: [ app_init ] --START--
INFO: Run Behavior\BuildLiteBehavior [ RunTime:0.000031s ]
INFO: [ app_init ] --END-- [ RunTime:0.001286s ]
INFO: [ app_begin ] --START--
INFO: Run Behavior\ReadHtmlCacheBehavior [ RunTime:0.004381s ]
INFO: [ app_begin ] --END-- [ RunTime:0.004452s ]
NOTIC: [2048] Declaration of Home\Controller\IndexController::show() should be compatible with Think\Controller::show($content, $charset = '', $contentType = '', $prefix = '') D:\UPUPW_AP5.5-1510\UPUPW_AP5.5\vhosts\www.news.com\Application\Home\Controller\IndexController.class.php 第 7 行.
SQL: SHOW COLUMNS FROM `news_type` [ RunTime:0.0046s ]
SQL: SELECT * FROM `news_type` LIMIT 0,4   [ RunTime:0.0003s ]
SQL: SHOW COLUMNS FROM `news_type` [ RunTime:0.0024s ]
SQL: SELECT * FROM `news_type` WHERE ( id=4 )  [ RunTime:0.0003s ]
SQL: SHOW COLUMNS FROM `news_article` [ RunTime:0.0025s ]
SQL: SELECT `id`,`cid`,`title`,`time` FROM `news_article` WHERE ( cid=4 ) ORDER BY time desc LIMIT 0,10   [ RunTime:0.0004s ]
SQL: SHOW COLUMNS FROM `news_article` [ RunTime:0.0046s ]
SQL: SELECT COUNT(*) AS tp_count FROM `news_article` WHERE ( cid=4 ) LIMIT 1   [ RunTime:0.0004s ]
INFO: [ view_parse ] --START--
INFO: [ template_filter ] --START--
INFO: Run Behavior\ContentReplaceBehavior [ RunTime:0.000084s ]
INFO: [ template_filter ] --END-- [ RunTime:0.000157s ]
INFO: Run Behavior\ParseTemplateBehavior [ RunTime:0.025280s ]
INFO: [ view_parse ] --END-- [ RunTime:0.025507s ]
INFO: [ view_filter ] --START--
INFO: Run Behavior\WriteHtmlCacheBehavior [ RunTime:0.005100s ]
INFO: [ view_filter ] --END-- [ RunTime:0.005211s ]
INFO: [ app_end ] --START--
INFO: Run Behavior\ShowPageTraceBehavior [ RunTime:0.004357s ]
INFO: [ app_end ] --END-- [ RunTime:0.004422s ]

[ 2020-05-26T15:17:21+08:00 ] 127.0.0.1 /home/index
INFO: [ app_init ] --START--
INFO: Run Behavior\BuildLiteBehavior [ RunTime:0.000019s ]
INFO: [ app_init ] --END-- [ RunTime:0.000928s ]
INFO: [ app_begin ] --START--
INFO: Run Behavior\ReadHtmlCacheBehavior [ RunTime:0.006516s ]
INFO: [ app_begin ] --END-- [ RunTime:0.006631s ]
NOTIC: [2048] Declaration of Home\Controller\IndexController::show() should be compatible with Think\Controller::show($content, $charset = '', $contentType = '', $prefix = '') D:\UPUPW_AP5.5-1510\UPUPW_AP5.5\vhosts\www.news.com\Application\Home\Controller\IndexController.class.php 第 7 行.
SQL: select id from news_type where name='学校要闻' [ RunTime:0.0006s ]
SQL: select id,cid,title,time from news_article where cid=1 order by time desc limit 7 [ RunTime:0.0006s ]
SQL: select id from news_type where name='媒体聚焦' [ RunTime:0.0003s ]
SQL: select id,cid,title,time from news_article where cid=2 order by time desc limit 10 [ RunTime:0.0006s ]
SQL: select id from news_type where name='校园快讯' [ RunTime:0.0004s ]
SQL: select id,cid,title,time from news_article where cid=3 order by time desc limit 10 [ RunTime:0.0006s ]
SQL: select id from news_type where name='通知公告' [ RunTime:0.0004s ]
SQL: select id,cid,title,time from news_article where cid=4 order by time desc limit 10 [ RunTime:0.0004s ]
INFO: [ view_parse ] --START--
INFO: [ template_filter ] --START--
INFO: Run Behavior\ContentReplaceBehavior [ RunTime:0.000078s ]
INFO: [ template_filter ] --END-- [ RunTime:0.000126s ]
INFO: Run Behavior\ParseTemplateBehavior [ RunTime:0.019836s ]
INFO: [ view_parse ] --END-- [ RunTime:0.019897s ]
INFO: [ view_filter ] --START--
INFO: Run Behavior\WriteHtmlCacheBehavior [ RunTime:0.002092s ]
INFO: [ view_filter ] --END-- [ RunTime:0.002120s ]
INFO: [ app_end ] --START--
INFO: Run Behavior\ShowPageTraceBehavior [ RunTime:0.002864s ]
INFO: [ app_end ] --END-- [ RunTime:0.002903s ]

[ 2020-05-26T15:27:10+08:00 ] 127.0.0.1 /home/index/show/id/55
INFO: [ app_init ] --START--
INFO: Run Behavior\BuildLiteBehavior [ RunTime:0.000044s ]
INFO: [ app_init ] --END-- [ RunTime:0.001990s ]
INFO: [ app_begin ] --START--
INFO: Run Behavior\ReadHtmlCacheBehavior [ RunTime:0.006168s ]
INFO: [ app_begin ] --END-- [ RunTime:0.006278s ]
NOTIC: [2048] Declaration of Home\Controller\IndexController::show() should be compatible with Think\Controller::show($content, $charset = '', $contentType = '', $prefix = '') D:\UPUPW_AP5.5-1510\UPUPW_AP5.5\vhosts\www.news.com\Application\Home\Controller\IndexController.class.php 第 7 行.
SQL: SHOW COLUMNS FROM `news_article` [ RunTime:0.0083s ]
SQL: SELECT news_article.id as id,`cid`,`name`,`title`,`author`,`content`,`imagepath`,`views`,`time` FROM `news_article` INNER JOIN news_type on news_type.id=news_article.cid  WHERE ( news_article.id=55 )  [ RunTime:0.0007s ]
SQL: SHOW COLUMNS FROM `news_article` [ RunTime:0.0036s ]
SQL: UPDATE `news_article` SET `views`=views+1 WHERE ( id=55 ) [ RunTime:0.0006s ]
SQL: SHOW COLUMNS FROM `news_article` [ RunTime:0.0040s ]
SQL: SELECT * FROM `news_article` WHERE ( id<55 ) ORDER BY id desc LIMIT 0,1   [ RunTime:0.0006s ]
SQL: SHOW COLUMNS FROM `news_article` [ RunTime:0.0043s ]
SQL: SELECT * FROM `news_article` WHERE ( id>55 ) ORDER BY id asc LIMIT 0,1   [ RunTime:0.0005s ]
INFO: [ view_parse ] --START--
INFO: [ template_filter ] --START--
INFO: Run Behavior\ContentReplaceBehavior [ RunTime:0.000074s ]
INFO: [ template_filter ] --END-- [ RunTime:0.000153s ]
INFO: Run Behavior\ParseTemplateBehavior [ RunTime:0.033464s ]
INFO: [ view_parse ] --END-- [ RunTime:0.033561s ]
INFO: [ view_filter ] --START--
INFO: Run Behavior\WriteHtmlCacheBehavior [ RunTime:0.004996s ]
INFO: [ view_filter ] --END-- [ RunTime:0.005059s ]
INFO: [ app_end ] --START--
INFO: Run Behavior\ShowPageTraceBehavior [ RunTime:0.006650s ]
INFO: [ app_end ] --END-- [ RunTime:0.006740s ]

[ 2020-05-26T15:27:13+08:00 ] 127.0.0.1 /home/index/show/id/56
INFO: [ app_init ] --START--
INFO: Run Behavior\BuildLiteBehavior [ RunTime:0.000025s ]
INFO: [ app_init ] --END-- [ RunTime:0.001260s ]
INFO: [ app_begin ] --START--
INFO: Run Behavior\ReadHtmlCacheBehavior [ RunTime:0.007250s ]
INFO: [ app_begin ] --END-- [ RunTime:0.007385s ]
NOTIC: [2048] Declaration of Home\Controller\IndexController::show() should be compatible with Think\Controller::show($content, $charset = '', $contentType = '', $prefix = '') D:\UPUPW_AP5.5-1510\UPUPW_AP5.5\vhosts\www.news.com\Application\Home\Controller\IndexController.class.php 第 7 行.
SQL: SHOW COLUMNS FROM `news_article` [ RunTime:0.0026s ]
SQL: SELECT news_article.id as id,`cid`,`name`,`title`,`author`,`content`,`imagepath`,`views`,`time` FROM `news_article` INNER JOIN news_type on news_type.id=news_article.cid  WHERE ( news_article.id=56 )  [ RunTime:0.0181s ]
SQL: SHOW COLUMNS FROM `news_article` [ RunTime:0.0046s ]
SQL: UPDATE `news_article` SET `views`=views+1 WHERE ( id=56 ) [ RunTime:0.0004s ]
SQL: SHOW COLUMNS FROM `news_article` [ RunTime:0.0040s ]
SQL: SELECT * FROM `news_article` WHERE ( id<56 ) ORDER BY id desc LIMIT 0,1   [ RunTime:0.0004s ]
SQL: SHOW COLUMNS FROM `news_article` [ RunTime:0.0031s ]
SQL: SELECT * FROM `news_article` WHERE ( id>56 ) ORDER BY id asc LIMIT 0,1   [ RunTime:0.0003s ]
INFO: [ view_parse ] --START--
INFO: [ template_filter ] --START--
INFO: Run Behavior\ContentReplaceBehavior [ RunTime:0.000063s ]
INFO: [ template_filter ] --END-- [ RunTime:0.000101s ]
INFO: Run Behavior\ParseTemplateBehavior [ RunTime:0.015341s ]
INFO: [ view_parse ] --END-- [ RunTime:0.015412s ]
INFO: [ view_filter ] --START--
INFO: Run Behavior\WriteHtmlCacheBehavior [ RunTime:0.003091s ]
INFO: [ view_filter ] --END-- [ RunTime:0.003142s ]
INFO: [ app_end ] --START--
INFO: Run Behavior\ShowPageTraceBehavior [ RunTime:0.003756s ]
INFO: [ app_end ] --END-- [ RunTime:0.003818s ]

[ 2020-05-26T15:27:15+08:00 ] 127.0.0.1 /home/index/show/id/55
INFO: [ app_init ] --START--
INFO: Run Behavior\BuildLiteBehavior [ RunTime:0.000020s ]
INFO: [ app_init ] --END-- [ RunTime:0.000952s ]
INFO: [ app_begin ] --START--
INFO: Run Behavior\ReadHtmlCacheBehavior [ RunTime:0.005518s ]
INFO: [ app_begin ] --END-- [ RunTime:0.005604s ]
NOTIC: [2048] Declaration of Home\Controller\IndexController::show() should be compatible with Think\Controller::show($content, $charset = '', $contentType = '', $prefix = '') D:\UPUPW_AP5.5-1510\UPUPW_AP5.5\vhosts\www.news.com\Application\Home\Controller\IndexController.class.php 第 7 行.
SQL: SHOW COLUMNS FROM `news_article` [ RunTime:0.0043s ]
SQL: SELECT news_article.id as id,`cid`,`name`,`title`,`author`,`content`,`imagepath`,`views`,`time` FROM `news_article` INNER JOIN news_type on news_type.id=news_article.cid  WHERE ( news_article.id=55 )  [ RunTime:0.0004s ]
SQL: SHOW COLUMNS FROM `news_article` [ RunTime:0.0021s ]
SQL: UPDATE `news_article` SET `views`=views+1 WHERE ( id=55 ) [ RunTime:0.0004s ]
SQL: SHOW COLUMNS FROM `news_article` [ RunTime:0.0024s ]
SQL: SELECT * FROM `news_article` WHERE ( id<55 ) ORDER BY id desc LIMIT 0,1   [ RunTime:0.0004s ]
SQL: SHOW COLUMNS FROM `news_article` [ RunTime:0.0030s ]
SQL: SELECT * FROM `news_article` WHERE ( id>55 ) ORDER BY id asc LIMIT 0,1   [ RunTime:0.0004s ]
INFO: [ view_parse ] --START--
INFO: [ template_filter ] --START--
INFO: Run Behavior\ContentReplaceBehavior [ RunTime:0.000070s ]
INFO: [ template_filter ] --END-- [ RunTime:0.000164s ]
INFO: Run Behavior\ParseTemplateBehavior [ RunTime:0.027073s ]
INFO: [ view_parse ] --END-- [ RunTime:0.027155s ]
INFO: [ view_filter ] --START--
INFO: Run Behavior\WriteHtmlCacheBehavior [ RunTime:0.004404s ]
INFO: [ view_filter ] --END-- [ RunTime:0.004475s ]
INFO: [ app_end ] --START--
INFO: Run Behavior\ShowPageTraceBehavior [ RunTime:0.005829s ]
INFO: [ app_end ] --END-- [ RunTime:0.005950s ]

[ 2020-05-26T15:27:16+08:00 ] 127.0.0.1 /home/index/show/id/54
INFO: [ app_init ] --START--
INFO: Run Behavior\BuildLiteBehavior [ RunTime:0.000019s ]
INFO: [ app_init ] --END-- [ RunTime:0.000874s ]
INFO: [ app_begin ] --START--
INFO: Run Behavior\ReadHtmlCacheBehavior [ RunTime:0.004292s ]
INFO: [ app_begin ] --END-- [ RunTime:0.004373s ]
NOTIC: [2048] Declaration of Home\Controller\IndexController::show() should be compatible with Think\Controller::show($content, $charset = '', $contentType = '', $prefix = '') D:\UPUPW_AP5.5-1510\UPUPW_AP5.5\vhosts\www.news.com\Application\Home\Controller\IndexController.class.php 第 7 行.
SQL: SHOW COLUMNS FROM `news_article` [ RunTime:0.0031s ]
SQL: SELECT news_article.id as id,`cid`,`name`,`title`,`author`,`content`,`imagepath`,`views`,`time` FROM `news_article` INNER JOIN news_type on news_type.id=news_article.cid  WHERE ( news_article.id=54 )  [ RunTime:0.0003s ]
SQL: SHOW COLUMNS FROM `news_article` [ RunTime:0.0022s ]
SQL: UPDATE `news_article` SET `views`=views+1 WHERE ( id=54 ) [ RunTime:0.0003s ]
SQL: SHOW COLUMNS FROM `news_article` [ RunTime:0.0024s ]
SQL: SELECT * FROM `news_article` WHERE ( id<54 ) ORDER BY id desc LIMIT 0,1   [ RunTime:0.0004s ]
SQL: SHOW COLUMNS FROM `news_article` [ RunTime:0.0020s ]
SQL: SELECT * FROM `news_article` WHERE ( id>54 ) ORDER BY id asc LIMIT 0,1   [ RunTime:0.0003s ]
INFO: [ view_parse ] --START--
INFO: [ template_filter ] --START--
INFO: Run Behavior\ContentReplaceBehavior [ RunTime:0.000034s ]
INFO: [ template_filter ] --END-- [ RunTime:0.000070s ]
INFO: Run Behavior\ParseTemplateBehavior [ RunTime:0.015106s ]
INFO: [ view_parse ] --END-- [ RunTime:0.015251s ]
INFO: [ view_filter ] --START--
INFO: Run Behavior\WriteHtmlCacheBehavior [ RunTime:0.004257s ]
INFO: [ view_filter ] --END-- [ RunTime:0.004342s ]
INFO: [ app_end ] --START--
INFO: Run Behavior\ShowPageTraceBehavior [ RunTime:0.005195s ]
INFO: [ app_end ] --END-- [ RunTime:0.005268s ]

[ 2020-05-26T15:27:21+08:00 ] 127.0.0.1 /home/index/show/id/55
INFO: [ app_init ] --START--
INFO: Run Behavior\BuildLiteBehavior [ RunTime:0.000019s ]
INFO: [ app_init ] --END-- [ RunTime:0.000849s ]
INFO: [ app_begin ] --START--
INFO: Run Behavior\ReadHtmlCacheBehavior [ RunTime:0.003370s ]
INFO: [ app_begin ] --END-- [ RunTime:0.003471s ]
NOTIC: [2048] Declaration of Home\Controller\IndexController::show() should be compatible with Think\Controller::show($content, $charset = '', $contentType = '', $prefix = '') D:\UPUPW_AP5.5-1510\UPUPW_AP5.5\vhosts\www.news.com\Application\Home\Controller\IndexController.class.php 第 7 行.
SQL: SHOW COLUMNS FROM `news_article` [ RunTime:0.0158s ]
SQL: SELECT news_article.id as id,`cid`,`name`,`title`,`author`,`content`,`imagepath`,`views`,`time` FROM `news_article` INNER JOIN news_type on news_type.id=news_article.cid  WHERE ( news_article.id=55 )  [ RunTime:0.0002s ]
SQL: SHOW COLUMNS FROM `news_article` [ RunTime:0.0018s ]
SQL: UPDATE `news_article` SET `views`=views+1 WHERE ( id=55 ) [ RunTime:0.0002s ]
SQL: SHOW COLUMNS FROM `news_article` [ RunTime:0.0017s ]
SQL: SELECT * FROM `news_article` WHERE ( id<55 ) ORDER BY id desc LIMIT 0,1   [ RunTime:0.0003s ]
SQL: SHOW COLUMNS FROM `news_article` [ RunTime:0.0017s ]
SQL: SELECT * FROM `news_article` WHERE ( id>55 ) ORDER BY id asc LIMIT 0,1   [ RunTime:0.0003s ]
INFO: [ view_parse ] --START--
INFO: [ template_filter ] --START--
INFO: Run Behavior\ContentReplaceBehavior [ RunTime:0.000035s ]
INFO: [ template_filter ] --END-- [ RunTime:0.000074s ]
INFO: Run Behavior\ParseTemplateBehavior [ RunTime:0.012033s ]
INFO: [ view_parse ] --END-- [ RunTime:0.012113s ]
INFO: [ view_filter ] --START--
INFO: Run Behavior\WriteHtmlCacheBehavior [ RunTime:0.004968s ]
INFO: [ view_filter ] --END-- [ RunTime:0.005073s ]
INFO: [ app_end ] --START--
INFO: Run Behavior\ShowPageTraceBehavior [ RunTime:0.003130s ]
INFO: [ app_end ] --END-- [ RunTime:0.003208s ]

[ 2020-05-26T15:27:24+08:00 ] 127.0.0.1 /home/index/newslist/cid/1
INFO: [ app_init ] --START--
INFO: Run Behavior\BuildLiteBehavior [ RunTime:0.000031s ]
INFO: [ app_init ] --END-- [ RunTime:0.003197s ]
INFO: [ app_begin ] --START--
INFO: Run Behavior\ReadHtmlCacheBehavior [ RunTime:0.005196s ]
INFO: [ app_begin ] --END-- [ RunTime:0.005285s ]
NOTIC: [2048] Declaration of Home\Controller\IndexController::show() should be compatible with Think\Controller::show($content, $charset = '', $contentType = '', $prefix = '') D:\UPUPW_AP5.5-1510\UPUPW_AP5.5\vhosts\www.news.com\Application\Home\Controller\IndexController.class.php 第 7 行.
SQL: SHOW COLUMNS FROM `news_type` [ RunTime:0.0062s ]
SQL: SELECT * FROM `news_type` LIMIT 0,4   [ RunTime:0.0004s ]
SQL: SHOW COLUMNS FROM `news_type` [ RunTime:0.0023s ]
SQL: SELECT * FROM `news_type` WHERE ( id=1 )  [ RunTime:0.0003s ]
SQL: SHOW COLUMNS FROM `news_article` [ RunTime:0.0022s ]
SQL: SELECT `id`,`cid`,`title`,`time` FROM `news_article` WHERE ( cid=1 ) ORDER BY time desc LIMIT 0,10   [ RunTime:0.0007s ]
SQL: SHOW COLUMNS FROM `news_article` [ RunTime:0.0035s ]
SQL: SELECT COUNT(*) AS tp_count FROM `news_article` WHERE ( cid=1 ) LIMIT 1   [ RunTime:0.0004s ]
INFO: [ view_parse ] --START--
INFO: [ template_filter ] --START--
INFO: Run Behavior\ContentReplaceBehavior [ RunTime:0.000041s ]
INFO: [ template_filter ] --END-- [ RunTime:0.000079s ]
INFO: Run Behavior\ParseTemplateBehavior [ RunTime:0.014466s ]
INFO: [ view_parse ] --END-- [ RunTime:0.014568s ]
INFO: [ view_filter ] --START--
INFO: Run Behavior\WriteHtmlCacheBehavior [ RunTime:0.002222s ]
INFO: [ view_filter ] --END-- [ RunTime:0.002277s ]
INFO: [ app_end ] --START--
INFO: Run Behavior\ShowPageTraceBehavior [ RunTime:0.002612s ]
INFO: [ app_end ] --END-- [ RunTime:0.002652s ]

[ 2020-05-26T15:27:26+08:00 ] 127.0.0.1 /home/index/newslist/cid/4
INFO: [ app_init ] --START--
INFO: Run Behavior\BuildLiteBehavior [ RunTime:0.000018s ]
INFO: [ app_init ] --END-- [ RunTime:0.000873s ]
INFO: [ app_begin ] --START--
INFO: Run Behavior\ReadHtmlCacheBehavior [ RunTime:0.005771s ]
INFO: [ app_begin ] --END-- [ RunTime:0.005870s ]
NOTIC: [2048] Declaration of Home\Controller\IndexController::show() should be compatible with Think\Controller::show($content, $charset = '', $contentType = '', $prefix = '') D:\UPUPW_AP5.5-1510\UPUPW_AP5.5\vhosts\www.news.com\Application\Home\Controller\IndexController.class.php 第 7 行.
SQL: SHOW COLUMNS FROM `news_type` [ RunTime:0.0167s ]
SQL: SELECT * FROM `news_type` LIMIT 0,4   [ RunTime:0.0004s ]
SQL: SHOW COLUMNS FROM `news_type` [ RunTime:0.0051s ]
SQL: SELECT * FROM `news_type` WHERE ( id=4 )  [ RunTime:0.0004s ]
SQL: SHOW COLUMNS FROM `news_article` [ RunTime:0.0048s ]
SQL: SELECT `id`,`cid`,`title`,`time` FROM `news_article` WHERE ( cid=4 ) ORDER BY time desc LIMIT 0,10   [ RunTime:0.0006s ]
SQL: SHOW COLUMNS FROM `news_article` [ RunTime:0.0039s ]
SQL: SELECT COUNT(*) AS tp_count FROM `news_article` WHERE ( cid=4 ) LIMIT 1   [ RunTime:0.0006s ]
INFO: [ view_parse ] --START--
INFO: [ template_filter ] --START--
INFO: Run Behavior\ContentReplaceBehavior [ RunTime:0.000067s ]
INFO: [ template_filter ] --END-- [ RunTime:0.000129s ]
INFO: Run Behavior\ParseTemplateBehavior [ RunTime:0.027229s ]
INFO: [ view_parse ] --END-- [ RunTime:0.027328s ]
INFO: [ view_filter ] --START--
INFO: Run Behavior\WriteHtmlCacheBehavior [ RunTime:0.004415s ]
INFO: [ view_filter ] --END-- [ RunTime:0.004525s ]
INFO: [ app_end ] --START--
INFO: Run Behavior\ShowPageTraceBehavior [ RunTime:0.003771s ]
INFO: [ app_end ] --END-- [ RunTime:0.003843s ]

[ 2020-05-26T15:27:27+08:00 ] 127.0.0.1 /home/index/show/id/14
INFO: [ app_init ] --START--
INFO: Run Behavior\BuildLiteBehavior [ RunTime:0.000018s ]
INFO: [ app_init ] --END-- [ RunTime:0.000830s ]
INFO: [ app_begin ] --START--
INFO: Run Behavior\ReadHtmlCacheBehavior [ RunTime:0.004270s ]
INFO: [ app_begin ] --END-- [ RunTime:0.004428s ]
NOTIC: [2048] Declaration of Home\Controller\IndexController::show() should be compatible with Think\Controller::show($content, $charset = '', $contentType = '', $prefix = '') D:\UPUPW_AP5.5-1510\UPUPW_AP5.5\vhosts\www.news.com\Application\Home\Controller\IndexController.class.php 第 7 行.
SQL: SHOW COLUMNS FROM `news_article` [ RunTime:0.0061s ]
SQL: SELECT news_article.id as id,`cid`,`name`,`title`,`author`,`content`,`imagepath`,`views`,`time` FROM `news_article` INNER JOIN news_type on news_type.id=news_article.cid  WHERE ( news_article.id=14 )  [ RunTime:0.0005s ]
SQL: SHOW COLUMNS FROM `news_article` [ RunTime:0.0037s ]
SQL: UPDATE `news_article` SET `views`=views+1 WHERE ( id=14 ) [ RunTime:0.0004s ]
SQL: SHOW COLUMNS FROM `news_article` [ RunTime:0.0043s ]
SQL: SELECT * FROM `news_article` WHERE ( id<14 ) ORDER BY id desc LIMIT 0,1   [ RunTime:0.0006s ]
SQL: SHOW COLUMNS FROM `news_article` [ RunTime:0.0039s ]
SQL: SELECT * FROM `news_article` WHERE ( id>14 ) ORDER BY id asc LIMIT 0,1   [ RunTime:0.0005s ]
INFO: [ view_parse ] --START--
INFO: [ template_filter ] --START--
INFO: Run Behavior\ContentReplaceBehavior [ RunTime:0.000069s ]
INFO: [ template_filter ] --END-- [ RunTime:0.000146s ]
INFO: Run Behavior\ParseTemplateBehavior [ RunTime:0.026124s ]
INFO: [ view_parse ] --END-- [ RunTime:0.026210s ]
INFO: [ view_filter ] --START--
INFO: Run Behavior\WriteHtmlCacheBehavior [ RunTime:0.004050s ]
INFO: [ view_filter ] --END-- [ RunTime:0.004107s ]
INFO: [ app_end ] --START--
INFO: Run Behavior\ShowPageTraceBehavior [ RunTime:0.004277s ]
INFO: [ app_end ] --END-- [ RunTime:0.004338s ]

