[ 2020-04-06T20:41:53+08:00 ] 127.0.0.1 /
INFO: [ app_init ] --START--
INFO: Run Behavior\BuildLiteBehavior [ RunTime:0.000103s ]
INFO: [ app_init ] --END-- [ RunTime:0.054449s ]
INFO: [ app_begin ] --START--
INFO: Run Behavior\ReadHtmlCacheBehavior [ RunTime:0.006527s ]
INFO: [ app_begin ] --END-- [ RunTime:0.006975s ]
NOTIC: [2048] Declaration of Home\Controller\IndexController::show() should be compatible with Think\Controller::show($content, $charset = '', $contentType = '', $prefix = '') D:\UPUPW_AP5.5-1510\UPUPW_AP5.5\vhosts\www.news.com\Application\Home\Controller\IndexController.class.php 第 7 行.
SQL: select id from news_type where name='学校要闻' [ RunTime:0.1621s ]
SQL: select id,cid,title,time from news_article where cid=1 order by time desc limit 7 [ RunTime:0.1217s ]
SQL: select id from news_type where name='媒体聚焦' [ RunTime:0.0007s ]
SQL: select id,cid,title,time from news_article where cid=2 order by time desc limit 10 [ RunTime:0.0007s ]
SQL: select id from news_type where name='校园快讯' [ RunTime:0.0003s ]
SQL: select id,cid,title,time from news_article where cid=3 order by time desc limit 10 [ RunTime:0.0004s ]
SQL: select id from news_type where name='通知公告' [ RunTime:0.0003s ]
SQL: select id,cid,title,time from news_article where cid=4 order by time desc limit 10 [ RunTime:0.0004s ]
INFO: [ view_parse ] --START--
INFO: [ template_filter ] --START--
INFO: Run Behavior\ContentReplaceBehavior [ RunTime:0.000216s ]
INFO: [ template_filter ] --END-- [ RunTime:0.000336s ]
INFO: Run Behavior\ParseTemplateBehavior [ RunTime:0.917575s ]
INFO: [ view_parse ] --END-- [ RunTime:0.917665s ]
INFO: [ view_filter ] --START--
INFO: Run Behavior\WriteHtmlCacheBehavior [ RunTime:0.041559s ]
INFO: [ view_filter ] --END-- [ RunTime:0.041762s ]
INFO: [ app_end ] --START--
INFO: Run Behavior\ShowPageTraceBehavior [ RunTime:0.043674s ]
INFO: [ app_end ] --END-- [ RunTime:0.043794s ]

