[ 2021-05-19T19:56:46+08:00 ] 127.0.0.1 /
INFO: [ app_init ] --START--
INFO: Run Behavior\BuildLiteBehavior [ RunTime:0.000038s ]
INFO: [ app_init ] --END-- [ RunTime:0.002107s ]
INFO: [ app_begin ] --START--
INFO: Run Behavior\ReadHtmlCacheBehavior [ RunTime:0.019409s ]
INFO: [ app_begin ] --END-- [ RunTime:0.019528s ]
NOTIC: [2048] Declaration of Home\Controller\IndexController::show() should be compatible with Think\Controller::show($content, $charset = '', $contentType = '', $prefix = '') D:\UPUPW_AP5.5-1510\UPUPW_AP5.5\vhosts\www.news.com\Application\Home\Controller\IndexController.class.php 第 7 行.
SQL: select id from news_type where name='学校要闻' [ RunTime:0.0215s ]
SQL: select id,cid,title,time from news_article where cid=1 order by time desc limit 7 [ RunTime:0.0413s ]
SQL: select id from news_type where name='媒体聚焦' [ RunTime:0.0003s ]
SQL: select id,cid,title,time from news_article where cid=2 order by time desc limit 10 [ RunTime:0.0002s ]
SQL: select id from news_type where name='校园快讯' [ RunTime:0.0001s ]
SQL: select id,cid,title,time from news_article where cid=3 order by time desc limit 10 [ RunTime:0.0002s ]
SQL: select id from news_type where name='通知公告' [ RunTime:0.0001s ]
SQL: select id,cid,title,time from news_article where cid=4 order by time desc limit 10 [ RunTime:0.0002s ]
INFO: [ view_parse ] --START--
INFO: [ template_filter ] --START--
INFO: Run Behavior\ContentReplaceBehavior [ RunTime:0.001631s ]
INFO: [ template_filter ] --END-- [ RunTime:0.001708s ]
INFO: Run Behavior\ParseTemplateBehavior [ RunTime:0.107474s ]
INFO: [ view_parse ] --END-- [ RunTime:0.107543s ]
INFO: [ view_filter ] --START--
INFO: Run Behavior\WriteHtmlCacheBehavior [ RunTime:0.038079s ]
INFO: [ view_filter ] --END-- [ RunTime:0.038122s ]
INFO: [ app_end ] --START--
INFO: Run Behavior\ShowPageTraceBehavior [ RunTime:0.012591s ]
INFO: [ app_end ] --END-- [ RunTime:0.012691s ]

[ 2021-05-19T19:56:55+08:00 ] 127.0.0.1 /home/index/newslist/cid/2
INFO: [ app_init ] --START--
INFO: Run Behavior\BuildLiteBehavior [ RunTime:0.000008s ]
INFO: [ app_init ] --END-- [ RunTime:0.000369s ]
INFO: [ app_begin ] --START--
INFO: Run Behavior\ReadHtmlCacheBehavior [ RunTime:0.001782s ]
INFO: [ app_begin ] --END-- [ RunTime:0.001817s ]
NOTIC: [2048] Declaration of Home\Controller\IndexController::show() should be compatible with Think\Controller::show($content, $charset = '', $contentType = '', $prefix = '') D:\UPUPW_AP5.5-1510\UPUPW_AP5.5\vhosts\www.news.com\Application\Home\Controller\IndexController.class.php 第 7 行.
SQL: SHOW COLUMNS FROM `news_type` [ RunTime:0.0115s ]
SQL: SELECT * FROM `news_type` LIMIT 0,4   [ RunTime:0.0002s ]
SQL: SHOW COLUMNS FROM `news_type` [ RunTime:0.0048s ]
SQL: SELECT * FROM `news_type` WHERE ( id=2 )  [ RunTime:0.0006s ]
SQL: SHOW COLUMNS FROM `news_article` [ RunTime:0.0030s ]
SQL: SELECT `id`,`cid`,`title`,`time` FROM `news_article` WHERE ( cid=2 ) ORDER BY time desc LIMIT 0,10   [ RunTime:0.0003s ]
SQL: SHOW COLUMNS FROM `news_article` [ RunTime:0.0028s ]
SQL: SELECT COUNT(*) AS tp_count FROM `news_article` WHERE ( cid=2 ) LIMIT 1   [ RunTime:0.0005s ]
INFO: [ view_parse ] --START--
INFO: [ template_filter ] --START--
INFO: Run Behavior\ContentReplaceBehavior [ RunTime:0.000100s ]
INFO: [ template_filter ] --END-- [ RunTime:0.000173s ]
INFO: Run Behavior\ParseTemplateBehavior [ RunTime:0.021371s ]
INFO: [ view_parse ] --END-- [ RunTime:0.021428s ]
INFO: [ view_filter ] --START--
INFO: Run Behavior\WriteHtmlCacheBehavior [ RunTime:0.001947s ]
INFO: [ view_filter ] --END-- [ RunTime:0.001973s ]
INFO: [ app_end ] --START--
INFO: Run Behavior\ShowPageTraceBehavior [ RunTime:0.001933s ]
INFO: [ app_end ] --END-- [ RunTime:0.001961s ]

[ 2021-05-19T19:57:12+08:00 ] 127.0.0.1 /home/index/show/id/44
INFO: [ app_init ] --START--
INFO: Run Behavior\BuildLiteBehavior [ RunTime:0.000009s ]
INFO: [ app_init ] --END-- [ RunTime:0.000415s ]
INFO: [ app_begin ] --START--
INFO: Run Behavior\ReadHtmlCacheBehavior [ RunTime:0.002218s ]
INFO: [ app_begin ] --END-- [ RunTime:0.002269s ]
NOTIC: [2048] Declaration of Home\Controller\IndexController::show() should be compatible with Think\Controller::show($content, $charset = '', $contentType = '', $prefix = '') D:\UPUPW_AP5.5-1510\UPUPW_AP5.5\vhosts\www.news.com\Application\Home\Controller\IndexController.class.php 第 7 行.
SQL: SHOW COLUMNS FROM `news_article` [ RunTime:0.0019s ]
SQL: SELECT news_article.id as id,`cid`,`name`,`title`,`author`,`content`,`imagepath`,`views`,`time` FROM `news_article` INNER JOIN news_type on news_type.id=news_article.cid  WHERE ( news_article.id=44 )  [ RunTime:0.0003s ]
SQL: SHOW COLUMNS FROM `news_article` [ RunTime:0.0022s ]
SQL: UPDATE `news_article` SET `views`=views+1 WHERE ( id=44 ) [ RunTime:0.0007s ]
SQL: SHOW COLUMNS FROM `news_article` [ RunTime:0.0019s ]
SQL: SELECT * FROM `news_article` WHERE ( id<44 ) ORDER BY id desc LIMIT 0,1   [ RunTime:0.0002s ]
SQL: SHOW COLUMNS FROM `news_article` [ RunTime:0.0019s ]
SQL: SELECT * FROM `news_article` WHERE ( id>44 ) ORDER BY id asc LIMIT 0,1   [ RunTime:0.0002s ]
INFO: [ view_parse ] --START--
INFO: [ template_filter ] --START--
INFO: Run Behavior\ContentReplaceBehavior [ RunTime:0.000061s ]
INFO: [ template_filter ] --END-- [ RunTime:0.000133s ]
INFO: Run Behavior\ParseTemplateBehavior [ RunTime:0.049684s ]
INFO: [ view_parse ] --END-- [ RunTime:0.049756s ]
INFO: [ view_filter ] --START--
INFO: Run Behavior\WriteHtmlCacheBehavior [ RunTime:0.001871s ]
INFO: [ view_filter ] --END-- [ RunTime:0.001897s ]
INFO: [ app_end ] --START--
INFO: Run Behavior\ShowPageTraceBehavior [ RunTime:0.002157s ]
INFO: [ app_end ] --END-- [ RunTime:0.002188s ]

[ 2021-05-19T19:58:19+08:00 ] 127.0.0.1 /home/index/show/id/44
INFO: [ app_init ] --START--
INFO: Run Behavior\BuildLiteBehavior [ RunTime:0.000016s ]
INFO: [ app_init ] --END-- [ RunTime:0.000389s ]
INFO: [ app_begin ] --START--
INFO: Run Behavior\ReadHtmlCacheBehavior [ RunTime:0.003099s ]
INFO: [ app_begin ] --END-- [ RunTime:0.003153s ]
NOTIC: [2048] Declaration of Home\Controller\IndexController::show() should be compatible with Think\Controller::show($content, $charset = '', $contentType = '', $prefix = '') D:\UPUPW_AP5.5-1510\UPUPW_AP5.5\vhosts\www.news.com\Application\Home\Controller\IndexController.class.php 第 7 行.
SQL: SHOW COLUMNS FROM `news_article` [ RunTime:0.0123s ]
SQL: SELECT news_article.id as id,`cid`,`name`,`title`,`author`,`content`,`imagepath`,`views`,`time` FROM `news_article` INNER JOIN news_type on news_type.id=news_article.cid  WHERE ( news_article.id=44 )  [ RunTime:0.0002s ]
SQL: SHOW COLUMNS FROM `news_article` [ RunTime:0.0017s ]
SQL: UPDATE `news_article` SET `views`=views+1 WHERE ( id=44 ) [ RunTime:0.0002s ]
SQL: SHOW COLUMNS FROM `news_article` [ RunTime:0.0016s ]
SQL: SELECT * FROM `news_article` WHERE ( id<44 ) ORDER BY id desc LIMIT 0,1   [ RunTime:0.0003s ]
SQL: SHOW COLUMNS FROM `news_article` [ RunTime:0.0033s ]
SQL: SELECT * FROM `news_article` WHERE ( id>44 ) ORDER BY id asc LIMIT 0,1   [ RunTime:0.0003s ]
INFO: [ view_parse ] --START--
INFO: [ template_filter ] --START--
INFO: Run Behavior\ContentReplaceBehavior [ RunTime:0.000030s ]
INFO: [ template_filter ] --END-- [ RunTime:0.000065s ]
INFO: Run Behavior\ParseTemplateBehavior [ RunTime:0.013187s ]
INFO: [ view_parse ] --END-- [ RunTime:0.013252s ]
INFO: [ view_filter ] --START--
INFO: Run Behavior\WriteHtmlCacheBehavior [ RunTime:0.001940s ]
INFO: [ view_filter ] --END-- [ RunTime:0.001964s ]
INFO: [ app_end ] --START--
INFO: Run Behavior\ShowPageTraceBehavior [ RunTime:0.002995s ]
INFO: [ app_end ] --END-- [ RunTime:0.003036s ]

[ 2021-05-19T19:58:21+08:00 ] 127.0.0.1 /home/index/index
INFO: [ app_init ] --START--
INFO: Run Behavior\BuildLiteBehavior [ RunTime:0.000009s ]
INFO: [ app_init ] --END-- [ RunTime:0.000397s ]
INFO: [ app_begin ] --START--
INFO: Run Behavior\ReadHtmlCacheBehavior [ RunTime:0.001827s ]
INFO: [ app_begin ] --END-- [ RunTime:0.001866s ]
NOTIC: [2048] Declaration of Home\Controller\IndexController::show() should be compatible with Think\Controller::show($content, $charset = '', $contentType = '', $prefix = '') D:\UPUPW_AP5.5-1510\UPUPW_AP5.5\vhosts\www.news.com\Application\Home\Controller\IndexController.class.php 第 7 行.
SQL: select id from news_type where name='学校要闻' [ RunTime:0.0002s ]
SQL: select id,cid,title,time from news_article where cid=1 order by time desc limit 7 [ RunTime:0.0003s ]
SQL: select id from news_type where name='媒体聚焦' [ RunTime:0.0002s ]
SQL: select id,cid,title,time from news_article where cid=2 order by time desc limit 10 [ RunTime:0.0003s ]
SQL: select id from news_type where name='校园快讯' [ RunTime:0.0002s ]
SQL: select id,cid,title,time from news_article where cid=3 order by time desc limit 10 [ RunTime:0.0002s ]
SQL: select id from news_type where name='通知公告' [ RunTime:0.0001s ]
SQL: select id,cid,title,time from news_article where cid=4 order by time desc limit 10 [ RunTime:0.0003s ]
INFO: [ view_parse ] --START--
INFO: [ template_filter ] --START--
INFO: Run Behavior\ContentReplaceBehavior [ RunTime:0.000057s ]
INFO: [ template_filter ] --END-- [ RunTime:0.000092s ]
INFO: Run Behavior\ParseTemplateBehavior [ RunTime:0.014719s ]
INFO: [ view_parse ] --END-- [ RunTime:0.014770s ]
INFO: [ view_filter ] --START--
INFO: Run Behavior\WriteHtmlCacheBehavior [ RunTime:0.002421s ]
INFO: [ view_filter ] --END-- [ RunTime:0.002461s ]
INFO: [ app_end ] --START--
INFO: Run Behavior\ShowPageTraceBehavior [ RunTime:0.001855s ]
INFO: [ app_end ] --END-- [ RunTime:0.001884s ]

[ 2021-05-19T19:59:05+08:00 ] 127.0.0.1 /home/index/newslist/cid/3
INFO: [ app_init ] --START--
INFO: Run Behavior\BuildLiteBehavior [ RunTime:0.000009s ]
INFO: [ app_init ] --END-- [ RunTime:0.000414s ]
INFO: [ app_begin ] --START--
INFO: Run Behavior\ReadHtmlCacheBehavior [ RunTime:0.001828s ]
INFO: [ app_begin ] --END-- [ RunTime:0.001871s ]
NOTIC: [2048] Declaration of Home\Controller\IndexController::show() should be compatible with Think\Controller::show($content, $charset = '', $contentType = '', $prefix = '') D:\UPUPW_AP5.5-1510\UPUPW_AP5.5\vhosts\www.news.com\Application\Home\Controller\IndexController.class.php 第 7 行.
SQL: SHOW COLUMNS FROM `news_type` [ RunTime:0.0035s ]
SQL: SELECT * FROM `news_type` LIMIT 0,4   [ RunTime:0.0002s ]
SQL: SHOW COLUMNS FROM `news_type` [ RunTime:0.0017s ]
SQL: SELECT * FROM `news_type` WHERE ( id=3 )  [ RunTime:0.0002s ]
SQL: SHOW COLUMNS FROM `news_article` [ RunTime:0.0018s ]
SQL: SELECT `id`,`cid`,`title`,`time` FROM `news_article` WHERE ( cid=3 ) ORDER BY time desc LIMIT 0,10   [ RunTime:0.0003s ]
SQL: SHOW COLUMNS FROM `news_article` [ RunTime:0.0024s ]
SQL: SELECT COUNT(*) AS tp_count FROM `news_article` WHERE ( cid=3 ) LIMIT 1   [ RunTime:0.0002s ]
INFO: [ view_parse ] --START--
INFO: [ template_filter ] --START--
INFO: Run Behavior\ContentReplaceBehavior [ RunTime:0.000035s ]
INFO: [ template_filter ] --END-- [ RunTime:0.000069s ]
INFO: Run Behavior\ParseTemplateBehavior [ RunTime:0.012508s ]
INFO: [ view_parse ] --END-- [ RunTime:0.012554s ]
INFO: [ view_filter ] --START--
INFO: Run Behavior\WriteHtmlCacheBehavior [ RunTime:0.003934s ]
INFO: [ view_filter ] --END-- [ RunTime:0.003981s ]
INFO: [ app_end ] --START--
INFO: Run Behavior\ShowPageTraceBehavior [ RunTime:0.002610s ]
INFO: [ app_end ] --END-- [ RunTime:0.002660s ]

[ 2021-05-19T19:59:07+08:00 ] 127.0.0.1 /home/index/newslist/cid/1
INFO: [ app_init ] --START--
INFO: Run Behavior\BuildLiteBehavior [ RunTime:0.000014s ]
INFO: [ app_init ] --END-- [ RunTime:0.000746s ]
INFO: [ app_begin ] --START--
INFO: Run Behavior\ReadHtmlCacheBehavior [ RunTime:0.002008s ]
INFO: [ app_begin ] --END-- [ RunTime:0.002062s ]
NOTIC: [2048] Declaration of Home\Controller\IndexController::show() should be compatible with Think\Controller::show($content, $charset = '', $contentType = '', $prefix = '') D:\UPUPW_AP5.5-1510\UPUPW_AP5.5\vhosts\www.news.com\Application\Home\Controller\IndexController.class.php 第 7 行.
SQL: SHOW COLUMNS FROM `news_type` [ RunTime:0.0127s ]
SQL: SELECT * FROM `news_type` LIMIT 0,4   [ RunTime:0.0002s ]
SQL: SHOW COLUMNS FROM `news_type` [ RunTime:0.0022s ]
SQL: SELECT * FROM `news_type` WHERE ( id=1 )  [ RunTime:0.0002s ]
SQL: SHOW COLUMNS FROM `news_article` [ RunTime:0.0022s ]
SQL: SELECT `id`,`cid`,`title`,`time` FROM `news_article` WHERE ( cid=1 ) ORDER BY time desc LIMIT 0,10   [ RunTime:0.0004s ]
SQL: SHOW COLUMNS FROM `news_article` [ RunTime:0.0022s ]
SQL: SELECT COUNT(*) AS tp_count FROM `news_article` WHERE ( cid=1 ) LIMIT 1   [ RunTime:0.0003s ]
INFO: [ view_parse ] --START--
INFO: [ template_filter ] --START--
INFO: Run Behavior\ContentReplaceBehavior [ RunTime:0.000035s ]
INFO: [ template_filter ] --END-- [ RunTime:0.000069s ]
INFO: Run Behavior\ParseTemplateBehavior [ RunTime:0.012457s ]
INFO: [ view_parse ] --END-- [ RunTime:0.012521s ]
INFO: [ view_filter ] --START--
INFO: Run Behavior\WriteHtmlCacheBehavior [ RunTime:0.002431s ]
INFO: [ view_filter ] --END-- [ RunTime:0.002470s ]
INFO: [ app_end ] --START--
INFO: Run Behavior\ShowPageTraceBehavior [ RunTime:0.003690s ]
INFO: [ app_end ] --END-- [ RunTime:0.003739s ]

[ 2021-05-19T19:59:07+08:00 ] 127.0.0.1 /home/index/newslist/cid/2
INFO: [ app_init ] --START--
INFO: Run Behavior\BuildLiteBehavior [ RunTime:0.000009s ]
INFO: [ app_init ] --END-- [ RunTime:0.000375s ]
INFO: [ app_begin ] --START--
INFO: Run Behavior\ReadHtmlCacheBehavior [ RunTime:0.002416s ]
INFO: [ app_begin ] --END-- [ RunTime:0.002472s ]
NOTIC: [2048] Declaration of Home\Controller\IndexController::show() should be compatible with Think\Controller::show($content, $charset = '', $contentType = '', $prefix = '') D:\UPUPW_AP5.5-1510\UPUPW_AP5.5\vhosts\www.news.com\Application\Home\Controller\IndexController.class.php 第 7 行.
SQL: SHOW COLUMNS FROM `news_type` [ RunTime:0.0024s ]
SQL: SELECT * FROM `news_type` LIMIT 0,4   [ RunTime:0.0001s ]
SQL: SHOW COLUMNS FROM `news_type` [ RunTime:0.0017s ]
SQL: SELECT * FROM `news_type` WHERE ( id=2 )  [ RunTime:0.0002s ]
SQL: SHOW COLUMNS FROM `news_article` [ RunTime:0.0020s ]
SQL: SELECT `id`,`cid`,`title`,`time` FROM `news_article` WHERE ( cid=2 ) ORDER BY time desc LIMIT 0,10   [ RunTime:0.0004s ]
SQL: SHOW COLUMNS FROM `news_article` [ RunTime:0.0032s ]
SQL: SELECT COUNT(*) AS tp_count FROM `news_article` WHERE ( cid=2 ) LIMIT 1   [ RunTime:0.0003s ]
INFO: [ view_parse ] --START--
INFO: [ template_filter ] --START--
INFO: Run Behavior\ContentReplaceBehavior [ RunTime:0.000036s ]
INFO: [ template_filter ] --END-- [ RunTime:0.000070s ]
INFO: Run Behavior\ParseTemplateBehavior [ RunTime:0.011464s ]
INFO: [ view_parse ] --END-- [ RunTime:0.011505s ]
INFO: [ view_filter ] --START--
INFO: Run Behavior\WriteHtmlCacheBehavior [ RunTime:0.001844s ]
INFO: [ view_filter ] --END-- [ RunTime:0.001868s ]
INFO: [ app_end ] --START--
INFO: Run Behavior\ShowPageTraceBehavior [ RunTime:0.002551s ]
INFO: [ app_end ] --END-- [ RunTime:0.002604s ]

[ 2021-05-19T19:59:09+08:00 ] 127.0.0.1 /home/index/newslist/cid/3
INFO: [ app_init ] --START--
INFO: Run Behavior\BuildLiteBehavior [ RunTime:0.000008s ]
INFO: [ app_init ] --END-- [ RunTime:0.000373s ]
INFO: [ app_begin ] --START--
INFO: Run Behavior\ReadHtmlCacheBehavior [ RunTime:0.002801s ]
INFO: [ app_begin ] --END-- [ RunTime:0.002874s ]
NOTIC: [2048] Declaration of Home\Controller\IndexController::show() should be compatible with Think\Controller::show($content, $charset = '', $contentType = '', $prefix = '') D:\UPUPW_AP5.5-1510\UPUPW_AP5.5\vhosts\www.news.com\Application\Home\Controller\IndexController.class.php 第 7 行.
SQL: SHOW COLUMNS FROM `news_type` [ RunTime:0.0035s ]
SQL: SELECT * FROM `news_type` LIMIT 0,4   [ RunTime:0.0002s ]
SQL: SHOW COLUMNS FROM `news_type` [ RunTime:0.0028s ]
SQL: SELECT * FROM `news_type` WHERE ( id=3 )  [ RunTime:0.0002s ]
SQL: SHOW COLUMNS FROM `news_article` [ RunTime:0.0021s ]
SQL: SELECT `id`,`cid`,`title`,`time` FROM `news_article` WHERE ( cid=3 ) ORDER BY time desc LIMIT 0,10   [ RunTime:0.0003s ]
SQL: SHOW COLUMNS FROM `news_article` [ RunTime:0.0020s ]
SQL: SELECT COUNT(*) AS tp_count FROM `news_article` WHERE ( cid=3 ) LIMIT 1   [ RunTime:0.0002s ]
INFO: [ view_parse ] --START--
INFO: [ template_filter ] --START--
INFO: Run Behavior\ContentReplaceBehavior [ RunTime:0.000035s ]
INFO: [ template_filter ] --END-- [ RunTime:0.000068s ]
INFO: Run Behavior\ParseTemplateBehavior [ RunTime:0.014356s ]
INFO: [ view_parse ] --END-- [ RunTime:0.014392s ]
INFO: [ view_filter ] --START--
INFO: Run Behavior\WriteHtmlCacheBehavior [ RunTime:0.002075s ]
INFO: [ view_filter ] --END-- [ RunTime:0.002121s ]
INFO: [ app_end ] --START--
INFO: Run Behavior\ShowPageTraceBehavior [ RunTime:0.002404s ]
INFO: [ app_end ] --END-- [ RunTime:0.002467s ]

[ 2021-05-19T19:59:16+08:00 ] 127.0.0.1 /home/index/show/id/34
INFO: [ app_init ] --START--
INFO: Run Behavior\BuildLiteBehavior [ RunTime:0.000018s ]
INFO: [ app_init ] --END-- [ RunTime:0.000816s ]
INFO: [ app_begin ] --START--
INFO: Run Behavior\ReadHtmlCacheBehavior [ RunTime:0.003830s ]
INFO: [ app_begin ] --END-- [ RunTime:0.003947s ]
NOTIC: [2048] Declaration of Home\Controller\IndexController::show() should be compatible with Think\Controller::show($content, $charset = '', $contentType = '', $prefix = '') D:\UPUPW_AP5.5-1510\UPUPW_AP5.5\vhosts\www.news.com\Application\Home\Controller\IndexController.class.php 第 7 行.
SQL: SHOW COLUMNS FROM `news_article` [ RunTime:0.0137s ]
SQL: SELECT news_article.id as id,`cid`,`name`,`title`,`author`,`content`,`imagepath`,`views`,`time` FROM `news_article` INNER JOIN news_type on news_type.id=news_article.cid  WHERE ( news_article.id=34 )  [ RunTime:0.0003s ]
SQL: SHOW COLUMNS FROM `news_article` [ RunTime:0.0027s ]
SQL: UPDATE `news_article` SET `views`=views+1 WHERE ( id=34 ) [ RunTime:0.0004s ]
SQL: SHOW COLUMNS FROM `news_article` [ RunTime:0.0022s ]
SQL: SELECT * FROM `news_article` WHERE ( id<34 ) ORDER BY id desc LIMIT 0,1   [ RunTime:0.0003s ]
SQL: SHOW COLUMNS FROM `news_article` [ RunTime:0.0023s ]
SQL: SELECT * FROM `news_article` WHERE ( id>34 ) ORDER BY id asc LIMIT 0,1   [ RunTime:0.0003s ]
INFO: [ view_parse ] --START--
INFO: [ template_filter ] --START--
INFO: Run Behavior\ContentReplaceBehavior [ RunTime:0.000030s ]
INFO: [ template_filter ] --END-- [ RunTime:0.000065s ]
INFO: Run Behavior\ParseTemplateBehavior [ RunTime:0.010881s ]
INFO: [ view_parse ] --END-- [ RunTime:0.010917s ]
INFO: [ view_filter ] --START--
INFO: Run Behavior\WriteHtmlCacheBehavior [ RunTime:0.002593s ]
INFO: [ view_filter ] --END-- [ RunTime:0.002643s ]
INFO: [ app_end ] --START--
INFO: Run Behavior\ShowPageTraceBehavior [ RunTime:0.003417s ]
INFO: [ app_end ] --END-- [ RunTime:0.003469s ]

[ 2021-05-19T19:59:25+08:00 ] 127.0.0.1 /home/index/newslist/cid/3
INFO: [ app_init ] --START--
INFO: Run Behavior\BuildLiteBehavior [ RunTime:0.000008s ]
INFO: [ app_init ] --END-- [ RunTime:0.000422s ]
INFO: [ app_begin ] --START--
INFO: Run Behavior\ReadHtmlCacheBehavior [ RunTime:0.004509s ]
INFO: [ app_begin ] --END-- [ RunTime:0.004600s ]
NOTIC: [2048] Declaration of Home\Controller\IndexController::show() should be compatible with Think\Controller::show($content, $charset = '', $contentType = '', $prefix = '') D:\UPUPW_AP5.5-1510\UPUPW_AP5.5\vhosts\www.news.com\Application\Home\Controller\IndexController.class.php 第 7 行.
SQL: SHOW COLUMNS FROM `news_type` [ RunTime:0.0044s ]
SQL: SELECT * FROM `news_type` LIMIT 0,4   [ RunTime:0.0002s ]
SQL: SHOW COLUMNS FROM `news_type` [ RunTime:0.0019s ]
SQL: SELECT * FROM `news_type` WHERE ( id=3 )  [ RunTime:0.0002s ]
SQL: SHOW COLUMNS FROM `news_article` [ RunTime:0.0019s ]
SQL: SELECT `id`,`cid`,`title`,`time` FROM `news_article` WHERE ( cid=3 ) ORDER BY time desc LIMIT 0,10   [ RunTime:0.0003s ]
SQL: SHOW COLUMNS FROM `news_article` [ RunTime:0.0027s ]
SQL: SELECT COUNT(*) AS tp_count FROM `news_article` WHERE ( cid=3 ) LIMIT 1   [ RunTime:0.0002s ]
INFO: [ view_parse ] --START--
INFO: [ template_filter ] --START--
INFO: Run Behavior\ContentReplaceBehavior [ RunTime:0.000036s ]
INFO: [ template_filter ] --END-- [ RunTime:0.000070s ]
INFO: Run Behavior\ParseTemplateBehavior [ RunTime:0.013899s ]
INFO: [ view_parse ] --END-- [ RunTime:0.013958s ]
INFO: [ view_filter ] --START--
INFO: Run Behavior\WriteHtmlCacheBehavior [ RunTime:0.001871s ]
INFO: [ view_filter ] --END-- [ RunTime:0.001895s ]
INFO: [ app_end ] --START--
INFO: Run Behavior\ShowPageTraceBehavior [ RunTime:0.002671s ]
INFO: [ app_end ] --END-- [ RunTime:0.002711s ]

[ 2021-05-19T19:59:29+08:00 ] 127.0.0.1 /home/index/newslist/cid/1
INFO: [ app_init ] --START--
INFO: Run Behavior\BuildLiteBehavior [ RunTime:0.000008s ]
INFO: [ app_init ] --END-- [ RunTime:0.000373s ]
INFO: [ app_begin ] --START--
INFO: Run Behavior\ReadHtmlCacheBehavior [ RunTime:0.001841s ]
INFO: [ app_begin ] --END-- [ RunTime:0.001884s ]
NOTIC: [2048] Declaration of Home\Controller\IndexController::show() should be compatible with Think\Controller::show($content, $charset = '', $contentType = '', $prefix = '') D:\UPUPW_AP5.5-1510\UPUPW_AP5.5\vhosts\www.news.com\Application\Home\Controller\IndexController.class.php 第 7 行.
SQL: SHOW COLUMNS FROM `news_type` [ RunTime:0.0053s ]
SQL: SELECT * FROM `news_type` LIMIT 0,4   [ RunTime:0.0003s ]
SQL: SHOW COLUMNS FROM `news_type` [ RunTime:0.0021s ]
SQL: SELECT * FROM `news_type` WHERE ( id=1 )  [ RunTime:0.0002s ]
SQL: SHOW COLUMNS FROM `news_article` [ RunTime:0.0022s ]
SQL: SELECT `id`,`cid`,`title`,`time` FROM `news_article` WHERE ( cid=1 ) ORDER BY time desc LIMIT 0,10   [ RunTime:0.0003s ]
SQL: SHOW COLUMNS FROM `news_article` [ RunTime:0.0022s ]
SQL: SELECT COUNT(*) AS tp_count FROM `news_article` WHERE ( cid=1 ) LIMIT 1   [ RunTime:0.0003s ]
INFO: [ view_parse ] --START--
INFO: [ template_filter ] --START--
INFO: Run Behavior\ContentReplaceBehavior [ RunTime:0.000073s ]
INFO: [ template_filter ] --END-- [ RunTime:0.000140s ]
INFO: Run Behavior\ParseTemplateBehavior [ RunTime:0.019676s ]
INFO: [ view_parse ] --END-- [ RunTime:0.019722s ]
INFO: [ view_filter ] --START--
INFO: Run Behavior\WriteHtmlCacheBehavior [ RunTime:0.002500s ]
INFO: [ view_filter ] --END-- [ RunTime:0.002538s ]
INFO: [ app_end ] --START--
INFO: Run Behavior\ShowPageTraceBehavior [ RunTime:0.001872s ]
INFO: [ app_end ] --END-- [ RunTime:0.001898s ]

[ 2021-05-19T19:59:32+08:00 ] 127.0.0.1 /home/index/newslist/cid/3
INFO: [ app_init ] --START--
INFO: Run Behavior\BuildLiteBehavior [ RunTime:0.000014s ]
INFO: [ app_init ] --END-- [ RunTime:0.000723s ]
INFO: [ app_begin ] --START--
INFO: Run Behavior\ReadHtmlCacheBehavior [ RunTime:0.001829s ]
INFO: [ app_begin ] --END-- [ RunTime:0.001872s ]
NOTIC: [2048] Declaration of Home\Controller\IndexController::show() should be compatible with Think\Controller::show($content, $charset = '', $contentType = '', $prefix = '') D:\UPUPW_AP5.5-1510\UPUPW_AP5.5\vhosts\www.news.com\Application\Home\Controller\IndexController.class.php 第 7 行.
SQL: SHOW COLUMNS FROM `news_type` [ RunTime:0.0039s ]
SQL: SELECT * FROM `news_type` LIMIT 0,4   [ RunTime:0.0003s ]
SQL: SHOW COLUMNS FROM `news_type` [ RunTime:0.0018s ]
SQL: SELECT * FROM `news_type` WHERE ( id=3 )  [ RunTime:0.0002s ]
SQL: SHOW COLUMNS FROM `news_article` [ RunTime:0.0019s ]
SQL: SELECT `id`,`cid`,`title`,`time` FROM `news_article` WHERE ( cid=3 ) ORDER BY time desc LIMIT 0,10   [ RunTime:0.0002s ]
SQL: SHOW COLUMNS FROM `news_article` [ RunTime:0.0022s ]
SQL: SELECT COUNT(*) AS tp_count FROM `news_article` WHERE ( cid=3 ) LIMIT 1   [ RunTime:0.0002s ]
INFO: [ view_parse ] --START--
INFO: [ template_filter ] --START--
INFO: Run Behavior\ContentReplaceBehavior [ RunTime:0.000040s ]
INFO: [ template_filter ] --END-- [ RunTime:0.000078s ]
INFO: Run Behavior\ParseTemplateBehavior [ RunTime:0.013946s ]
INFO: [ view_parse ] --END-- [ RunTime:0.014017s ]
INFO: [ view_filter ] --START--
INFO: Run Behavior\WriteHtmlCacheBehavior [ RunTime:0.002752s ]
INFO: [ view_filter ] --END-- [ RunTime:0.002800s ]
INFO: [ app_end ] --START--
INFO: Run Behavior\ShowPageTraceBehavior [ RunTime:0.001831s ]
INFO: [ app_end ] --END-- [ RunTime:0.001855s ]

[ 2021-05-19T19:59:34+08:00 ] 127.0.0.1 /home/index
INFO: [ app_init ] --START--
INFO: Run Behavior\BuildLiteBehavior [ RunTime:0.000020s ]
INFO: [ app_init ] --END-- [ RunTime:0.000840s ]
INFO: [ app_begin ] --START--
INFO: Run Behavior\ReadHtmlCacheBehavior [ RunTime:0.003225s ]
INFO: [ app_begin ] --END-- [ RunTime:0.003291s ]
NOTIC: [2048] Declaration of Home\Controller\IndexController::show() should be compatible with Think\Controller::show($content, $charset = '', $contentType = '', $prefix = '') D:\UPUPW_AP5.5-1510\UPUPW_AP5.5\vhosts\www.news.com\Application\Home\Controller\IndexController.class.php 第 7 行.
SQL: select id from news_type where name='学校要闻' [ RunTime:0.0003s ]
SQL: select id,cid,title,time from news_article where cid=1 order by time desc limit 7 [ RunTime:0.0003s ]
SQL: select id from news_type where name='媒体聚焦' [ RunTime:0.0002s ]
SQL: select id,cid,title,time from news_article where cid=2 order by time desc limit 10 [ RunTime:0.0003s ]
SQL: select id from news_type where name='校园快讯' [ RunTime:0.0001s ]
SQL: select id,cid,title,time from news_article where cid=3 order by time desc limit 10 [ RunTime:0.0003s ]
SQL: select id from news_type where name='通知公告' [ RunTime:0.0003s ]
SQL: select id,cid,title,time from news_article where cid=4 order by time desc limit 10 [ RunTime:0.0006s ]
INFO: [ view_parse ] --START--
INFO: [ template_filter ] --START--
INFO: Run Behavior\ContentReplaceBehavior [ RunTime:0.000119s ]
INFO: [ template_filter ] --END-- [ RunTime:0.000194s ]
INFO: Run Behavior\ParseTemplateBehavior [ RunTime:0.028084s ]
INFO: [ view_parse ] --END-- [ RunTime:0.028153s ]
INFO: [ view_filter ] --START--
INFO: Run Behavior\WriteHtmlCacheBehavior [ RunTime:0.003910s ]
INFO: [ view_filter ] --END-- [ RunTime:0.003969s ]
INFO: [ app_end ] --START--
INFO: Run Behavior\ShowPageTraceBehavior [ RunTime:0.003175s ]
INFO: [ app_end ] --END-- [ RunTime:0.003246s ]

[ 2021-05-19T19:59:53+08:00 ] 127.0.0.1 /home/index/newslist/cid/3
INFO: [ app_init ] --START--
INFO: Run Behavior\BuildLiteBehavior [ RunTime:0.000012s ]
INFO: [ app_init ] --END-- [ RunTime:0.000910s ]
INFO: [ app_begin ] --START--
INFO: Run Behavior\ReadHtmlCacheBehavior [ RunTime:0.002281s ]
INFO: [ app_begin ] --END-- [ RunTime:0.002374s ]
NOTIC: [2048] Declaration of Home\Controller\IndexController::show() should be compatible with Think\Controller::show($content, $charset = '', $contentType = '', $prefix = '') D:\UPUPW_AP5.5-1510\UPUPW_AP5.5\vhosts\www.news.com\Application\Home\Controller\IndexController.class.php 第 7 行.
SQL: SHOW COLUMNS FROM `news_type` [ RunTime:0.0043s ]
SQL: SELECT * FROM `news_type` LIMIT 0,4   [ RunTime:0.0003s ]
SQL: SHOW COLUMNS FROM `news_type` [ RunTime:0.0031s ]
SQL: SELECT * FROM `news_type` WHERE ( id=3 )  [ RunTime:0.0002s ]
SQL: SHOW COLUMNS FROM `news_article` [ RunTime:0.0031s ]
SQL: SELECT `id`,`cid`,`title`,`time` FROM `news_article` WHERE ( cid=3 ) ORDER BY time desc LIMIT 0,10   [ RunTime:0.0003s ]
SQL: SHOW COLUMNS FROM `news_article` [ RunTime:0.0019s ]
SQL: SELECT COUNT(*) AS tp_count FROM `news_article` WHERE ( cid=3 ) LIMIT 1   [ RunTime:0.0002s ]
INFO: [ view_parse ] --START--
INFO: [ template_filter ] --START--
INFO: Run Behavior\ContentReplaceBehavior [ RunTime:0.000075s ]
INFO: [ template_filter ] --END-- [ RunTime:0.000203s ]
INFO: Run Behavior\ParseTemplateBehavior [ RunTime:0.013948s ]
INFO: [ view_parse ] --END-- [ RunTime:0.013991s ]
INFO: [ view_filter ] --START--
INFO: Run Behavior\WriteHtmlCacheBehavior [ RunTime:0.001887s ]
INFO: [ view_filter ] --END-- [ RunTime:0.001913s ]
INFO: [ app_end ] --START--
INFO: Run Behavior\ShowPageTraceBehavior [ RunTime:0.001824s ]
INFO: [ app_end ] --END-- [ RunTime:0.001849s ]

[ 2021-05-19T20:00:04+08:00 ] 127.0.0.1 /home/index/newslist/cid/3
INFO: [ app_init ] --START--
INFO: Run Behavior\BuildLiteBehavior [ RunTime:0.000016s ]
INFO: [ app_init ] --END-- [ RunTime:0.000754s ]
INFO: [ app_begin ] --START--
INFO: Run Behavior\ReadHtmlCacheBehavior [ RunTime:0.001947s ]
INFO: [ app_begin ] --END-- [ RunTime:0.002001s ]
NOTIC: [2048] Declaration of Home\Controller\IndexController::show() should be compatible with Think\Controller::show($content, $charset = '', $contentType = '', $prefix = '') D:\UPUPW_AP5.5-1510\UPUPW_AP5.5\vhosts\www.news.com\Application\Home\Controller\IndexController.class.php 第 7 行.
SQL: SHOW COLUMNS FROM `news_type` [ RunTime:0.0136s ]
SQL: SELECT * FROM `news_type` LIMIT 0,4   [ RunTime:0.0002s ]
SQL: SHOW COLUMNS FROM `news_type` [ RunTime:0.0017s ]
SQL: SELECT * FROM `news_type` WHERE ( id=3 )  [ RunTime:0.0002s ]
SQL: SHOW COLUMNS FROM `news_article` [ RunTime:0.0018s ]
SQL: SELECT `id`,`cid`,`title`,`time` FROM `news_article` WHERE ( cid=3 ) ORDER BY time desc LIMIT 0,10   [ RunTime:0.0003s ]
SQL: SHOW COLUMNS FROM `news_article` [ RunTime:0.0018s ]
SQL: SELECT COUNT(*) AS tp_count FROM `news_article` WHERE ( cid=3 ) LIMIT 1   [ RunTime:0.0003s ]
INFO: [ view_parse ] --START--
INFO: [ template_filter ] --START--
INFO: Run Behavior\ContentReplaceBehavior [ RunTime:0.000036s ]
INFO: [ template_filter ] --END-- [ RunTime:0.000069s ]
INFO: Run Behavior\ParseTemplateBehavior [ RunTime:0.012599s ]
INFO: [ view_parse ] --END-- [ RunTime:0.012648s ]
INFO: [ view_filter ] --START--
INFO: Run Behavior\WriteHtmlCacheBehavior [ RunTime:0.002082s ]
INFO: [ view_filter ] --END-- [ RunTime:0.002161s ]
INFO: [ app_end ] --START--
INFO: Run Behavior\ShowPageTraceBehavior [ RunTime:0.002695s ]
INFO: [ app_end ] --END-- [ RunTime:0.002763s ]

[ 2021-05-19T20:00:13+08:00 ] 127.0.0.1 /home/index/newslist/cid/3
INFO: [ app_init ] --START--
INFO: Run Behavior\BuildLiteBehavior [ RunTime:0.000008s ]
INFO: [ app_init ] --END-- [ RunTime:0.000376s ]
INFO: [ app_begin ] --START--
INFO: Run Behavior\ReadHtmlCacheBehavior [ RunTime:0.002273s ]
INFO: [ app_begin ] --END-- [ RunTime:0.002326s ]
NOTIC: [2048] Declaration of Home\Controller\IndexController::show() should be compatible with Think\Controller::show($content, $charset = '', $contentType = '', $prefix = '') D:\UPUPW_AP5.5-1510\UPUPW_AP5.5\vhosts\www.news.com\Application\Home\Controller\IndexController.class.php 第 7 行.
SQL: SHOW COLUMNS FROM `news_type` [ RunTime:0.0051s ]
SQL: SELECT * FROM `news_type` LIMIT 0,4   [ RunTime:0.0003s ]
SQL: SHOW COLUMNS FROM `news_type` [ RunTime:0.0028s ]
SQL: SELECT * FROM `news_type` WHERE ( id=3 )  [ RunTime:0.0003s ]
SQL: SHOW COLUMNS FROM `news_article` [ RunTime:0.0025s ]
SQL: SELECT `id`,`cid`,`title`,`time` FROM `news_article` WHERE ( cid=3 ) ORDER BY time desc LIMIT 0,10   [ RunTime:0.0004s ]
SQL: SHOW COLUMNS FROM `news_article` [ RunTime:0.0023s ]
SQL: SELECT COUNT(*) AS tp_count FROM `news_article` WHERE ( cid=3 ) LIMIT 1   [ RunTime:0.0003s ]
INFO: [ view_parse ] --START--
INFO: [ template_filter ] --START--
INFO: Run Behavior\ContentReplaceBehavior [ RunTime:0.000053s ]
INFO: [ template_filter ] --END-- [ RunTime:0.000130s ]
INFO: Run Behavior\ParseTemplateBehavior [ RunTime:0.013948s ]
INFO: [ view_parse ] --END-- [ RunTime:0.013992s ]
INFO: [ view_filter ] --START--
INFO: Run Behavior\WriteHtmlCacheBehavior [ RunTime:0.001873s ]
INFO: [ view_filter ] --END-- [ RunTime:0.001899s ]
INFO: [ app_end ] --START--
INFO: Run Behavior\ShowPageTraceBehavior [ RunTime:0.003674s ]
INFO: [ app_end ] --END-- [ RunTime:0.003751s ]

[ 2021-05-19T20:00:15+08:00 ] 127.0.0.1 /home/index
INFO: [ app_init ] --START--
INFO: Run Behavior\BuildLiteBehavior [ RunTime:0.000007s ]
INFO: [ app_init ] --END-- [ RunTime:0.000372s ]
INFO: [ app_begin ] --START--
INFO: Run Behavior\ReadHtmlCacheBehavior [ RunTime:0.002354s ]
INFO: [ app_begin ] --END-- [ RunTime:0.002401s ]
NOTIC: [2048] Declaration of Home\Controller\IndexController::show() should be compatible with Think\Controller::show($content, $charset = '', $contentType = '', $prefix = '') D:\UPUPW_AP5.5-1510\UPUPW_AP5.5\vhosts\www.news.com\Application\Home\Controller\IndexController.class.php 第 7 行.
SQL: select id from news_type where name='学校要闻' [ RunTime:0.0003s ]
SQL: select id,cid,title,time from news_article where cid=1 order by time desc limit 7 [ RunTime:0.0007s ]
SQL: select id from news_type where name='媒体聚焦' [ RunTime:0.0002s ]
SQL: select id,cid,title,time from news_article where cid=2 order by time desc limit 10 [ RunTime:0.0002s ]
SQL: select id from news_type where name='校园快讯' [ RunTime:0.0001s ]
SQL: select id,cid,title,time from news_article where cid=3 order by time desc limit 10 [ RunTime:0.0002s ]
SQL: select id from news_type where name='通知公告' [ RunTime:0.0001s ]
SQL: select id,cid,title,time from news_article where cid=4 order by time desc limit 10 [ RunTime:0.0002s ]
INFO: [ view_parse ] --START--
INFO: [ template_filter ] --START--
INFO: Run Behavior\ContentReplaceBehavior [ RunTime:0.000056s ]
INFO: [ template_filter ] --END-- [ RunTime:0.000089s ]
INFO: Run Behavior\ParseTemplateBehavior [ RunTime:0.017173s ]
INFO: [ view_parse ] --END-- [ RunTime:0.017214s ]
INFO: [ view_filter ] --START--
INFO: Run Behavior\WriteHtmlCacheBehavior [ RunTime:0.001860s ]
INFO: [ view_filter ] --END-- [ RunTime:0.001886s ]
INFO: [ app_end ] --START--
INFO: Run Behavior\ShowPageTraceBehavior [ RunTime:0.001841s ]
INFO: [ app_end ] --END-- [ RunTime:0.001869s ]

[ 2021-05-19T20:00:38+08:00 ] 127.0.0.1 /home/index/newslist/cid/3
INFO: [ app_init ] --START--
INFO: Run Behavior\BuildLiteBehavior [ RunTime:0.000008s ]
INFO: [ app_init ] --END-- [ RunTime:0.000390s ]
INFO: [ app_begin ] --START--
INFO: Run Behavior\ReadHtmlCacheBehavior [ RunTime:0.001881s ]
INFO: [ app_begin ] --END-- [ RunTime:0.001916s ]
NOTIC: [2048] Declaration of Home\Controller\IndexController::show() should be compatible with Think\Controller::show($content, $charset = '', $contentType = '', $prefix = '') D:\UPUPW_AP5.5-1510\UPUPW_AP5.5\vhosts\www.news.com\Application\Home\Controller\IndexController.class.php 第 7 行.
SQL: SHOW COLUMNS FROM `news_type` [ RunTime:0.0047s ]
SQL: SELECT * FROM `news_type` LIMIT 0,4   [ RunTime:0.0002s ]
SQL: SHOW COLUMNS FROM `news_type` [ RunTime:0.0031s ]
SQL: SELECT * FROM `news_type` WHERE ( id=3 )  [ RunTime:0.0003s ]
SQL: SHOW COLUMNS FROM `news_article` [ RunTime:0.0029s ]
SQL: SELECT `id`,`cid`,`title`,`time` FROM `news_article` WHERE ( cid=3 ) ORDER BY time desc LIMIT 0,10   [ RunTime:0.0004s ]
SQL: SHOW COLUMNS FROM `news_article` [ RunTime:0.0022s ]
SQL: SELECT COUNT(*) AS tp_count FROM `news_article` WHERE ( cid=3 ) LIMIT 1   [ RunTime:0.0003s ]
INFO: [ view_parse ] --START--
INFO: [ template_filter ] --START--
INFO: Run Behavior\ContentReplaceBehavior [ RunTime:0.000060s ]
INFO: [ template_filter ] --END-- [ RunTime:0.000122s ]
INFO: Run Behavior\ParseTemplateBehavior [ RunTime:0.014437s ]
INFO: [ view_parse ] --END-- [ RunTime:0.014495s ]
INFO: [ view_filter ] --START--
INFO: Run Behavior\WriteHtmlCacheBehavior [ RunTime:0.002125s ]
INFO: [ view_filter ] --END-- [ RunTime:0.002153s ]
INFO: [ app_end ] --START--
INFO: Run Behavior\ShowPageTraceBehavior [ RunTime:0.001837s ]
INFO: [ app_end ] --END-- [ RunTime:0.001863s ]

[ 2021-05-19T20:00:41+08:00 ] 127.0.0.1 /home/index/newslist/cid/2
INFO: [ app_init ] --START--
INFO: Run Behavior\BuildLiteBehavior [ RunTime:0.000016s ]
INFO: [ app_init ] --END-- [ RunTime:0.000722s ]
INFO: [ app_begin ] --START--
INFO: Run Behavior\ReadHtmlCacheBehavior [ RunTime:0.002324s ]
INFO: [ app_begin ] --END-- [ RunTime:0.002373s ]
NOTIC: [2048] Declaration of Home\Controller\IndexController::show() should be compatible with Think\Controller::show($content, $charset = '', $contentType = '', $prefix = '') D:\UPUPW_AP5.5-1510\UPUPW_AP5.5\vhosts\www.news.com\Application\Home\Controller\IndexController.class.php 第 7 行.
SQL: SHOW COLUMNS FROM `news_type` [ RunTime:0.0135s ]
SQL: SELECT * FROM `news_type` LIMIT 0,4   [ RunTime:0.0002s ]
SQL: SHOW COLUMNS FROM `news_type` [ RunTime:0.0019s ]
SQL: SELECT * FROM `news_type` WHERE ( id=2 )  [ RunTime:0.0002s ]
SQL: SHOW COLUMNS FROM `news_article` [ RunTime:0.0040s ]
SQL: SELECT `id`,`cid`,`title`,`time` FROM `news_article` WHERE ( cid=2 ) ORDER BY time desc LIMIT 0,10   [ RunTime:0.0005s ]
SQL: SHOW COLUMNS FROM `news_article` [ RunTime:0.0027s ]
SQL: SELECT COUNT(*) AS tp_count FROM `news_article` WHERE ( cid=2 ) LIMIT 1   [ RunTime:0.0003s ]
INFO: [ view_parse ] --START--
INFO: [ template_filter ] --START--
INFO: Run Behavior\ContentReplaceBehavior [ RunTime:0.000073s ]
INFO: [ template_filter ] --END-- [ RunTime:0.000146s ]
INFO: Run Behavior\ParseTemplateBehavior [ RunTime:0.022136s ]
INFO: [ view_parse ] --END-- [ RunTime:0.022218s ]
INFO: [ view_filter ] --START--
INFO: Run Behavior\WriteHtmlCacheBehavior [ RunTime:0.004269s ]
INFO: [ view_filter ] --END-- [ RunTime:0.004317s ]
INFO: [ app_end ] --START--
INFO: Run Behavior\ShowPageTraceBehavior [ RunTime:0.002109s ]
INFO: [ app_end ] --END-- [ RunTime:0.002140s ]

[ 2021-05-19T20:00:43+08:00 ] 127.0.0.1 /home/index/newslist/cid/1
INFO: [ app_init ] --START--
INFO: Run Behavior\BuildLiteBehavior [ RunTime:0.000016s ]
INFO: [ app_init ] --END-- [ RunTime:0.000736s ]
INFO: [ app_begin ] --START--
INFO: Run Behavior\ReadHtmlCacheBehavior [ RunTime:0.003534s ]
INFO: [ app_begin ] --END-- [ RunTime:0.003611s ]
NOTIC: [2048] Declaration of Home\Controller\IndexController::show() should be compatible with Think\Controller::show($content, $charset = '', $contentType = '', $prefix = '') D:\UPUPW_AP5.5-1510\UPUPW_AP5.5\vhosts\www.news.com\Application\Home\Controller\IndexController.class.php 第 7 行.
SQL: SHOW COLUMNS FROM `news_type` [ RunTime:0.0045s ]
SQL: SELECT * FROM `news_type` LIMIT 0,4   [ RunTime:0.0003s ]
SQL: SHOW COLUMNS FROM `news_type` [ RunTime:0.0026s ]
SQL: SELECT * FROM `news_type` WHERE ( id=1 )  [ RunTime:0.0002s ]
SQL: SHOW COLUMNS FROM `news_article` [ RunTime:0.0019s ]
SQL: SELECT `id`,`cid`,`title`,`time` FROM `news_article` WHERE ( cid=1 ) ORDER BY time desc LIMIT 0,10   [ RunTime:0.0003s ]
SQL: SHOW COLUMNS FROM `news_article` [ RunTime:0.0019s ]
SQL: SELECT COUNT(*) AS tp_count FROM `news_article` WHERE ( cid=1 ) LIMIT 1   [ RunTime:0.0002s ]
INFO: [ view_parse ] --START--
INFO: [ template_filter ] --START--
INFO: Run Behavior\ContentReplaceBehavior [ RunTime:0.000037s ]
INFO: [ template_filter ] --END-- [ RunTime:0.000072s ]
INFO: Run Behavior\ParseTemplateBehavior [ RunTime:0.014696s ]
INFO: [ view_parse ] --END-- [ RunTime:0.014733s ]
INFO: [ view_filter ] --START--
INFO: Run Behavior\WriteHtmlCacheBehavior [ RunTime:0.001837s ]
INFO: [ view_filter ] --END-- [ RunTime:0.001861s ]
INFO: [ app_end ] --START--
INFO: Run Behavior\ShowPageTraceBehavior [ RunTime:0.002138s ]
INFO: [ app_end ] --END-- [ RunTime:0.002195s ]

[ 2021-05-19T20:00:44+08:00 ] 127.0.0.1 /home/index/newslist/cid/4
INFO: [ app_init ] --START--
INFO: Run Behavior\BuildLiteBehavior [ RunTime:0.000031s ]
INFO: [ app_init ] --END-- [ RunTime:0.000748s ]
INFO: [ app_begin ] --START--
INFO: Run Behavior\ReadHtmlCacheBehavior [ RunTime:0.003792s ]
INFO: [ app_begin ] --END-- [ RunTime:0.003901s ]
NOTIC: [2048] Declaration of Home\Controller\IndexController::show() should be compatible with Think\Controller::show($content, $charset = '', $contentType = '', $prefix = '') D:\UPUPW_AP5.5-1510\UPUPW_AP5.5\vhosts\www.news.com\Application\Home\Controller\IndexController.class.php 第 7 行.
SQL: SHOW COLUMNS FROM `news_type` [ RunTime:0.0043s ]
SQL: SELECT * FROM `news_type` LIMIT 0,4   [ RunTime:0.0002s ]
SQL: SHOW COLUMNS FROM `news_type` [ RunTime:0.0031s ]
SQL: SELECT * FROM `news_type` WHERE ( id=4 )  [ RunTime:0.0002s ]
SQL: SHOW COLUMNS FROM `news_article` [ RunTime:0.0018s ]
SQL: SELECT `id`,`cid`,`title`,`time` FROM `news_article` WHERE ( cid=4 ) ORDER BY time desc LIMIT 0,10   [ RunTime:0.0002s ]
SQL: SHOW COLUMNS FROM `news_article` [ RunTime:0.0017s ]
SQL: SELECT COUNT(*) AS tp_count FROM `news_article` WHERE ( cid=4 ) LIMIT 1   [ RunTime:0.0002s ]
INFO: [ view_parse ] --START--
INFO: [ template_filter ] --START--
INFO: Run Behavior\ContentReplaceBehavior [ RunTime:0.000069s ]
INFO: [ template_filter ] --END-- [ RunTime:0.000135s ]
INFO: Run Behavior\ParseTemplateBehavior [ RunTime:0.020696s ]
INFO: [ view_parse ] --END-- [ RunTime:0.020762s ]
INFO: [ view_filter ] --START--
INFO: Run Behavior\WriteHtmlCacheBehavior [ RunTime:0.003748s ]
INFO: [ view_filter ] --END-- [ RunTime:0.003812s ]
INFO: [ app_end ] --START--
INFO: Run Behavior\ShowPageTraceBehavior [ RunTime:0.003709s ]
INFO: [ app_end ] --END-- [ RunTime:0.003762s ]

[ 2021-05-19T20:00:45+08:00 ] 127.0.0.1 /home/index/newslist/cid/1
INFO: [ app_init ] --START--
INFO: Run Behavior\BuildLiteBehavior [ RunTime:0.000019s ]
INFO: [ app_init ] --END-- [ RunTime:0.000722s ]
INFO: [ app_begin ] --START--
INFO: Run Behavior\ReadHtmlCacheBehavior [ RunTime:0.001892s ]
INFO: [ app_begin ] --END-- [ RunTime:0.001939s ]
NOTIC: [2048] Declaration of Home\Controller\IndexController::show() should be compatible with Think\Controller::show($content, $charset = '', $contentType = '', $prefix = '') D:\UPUPW_AP5.5-1510\UPUPW_AP5.5\vhosts\www.news.com\Application\Home\Controller\IndexController.class.php 第 7 行.
SQL: SHOW COLUMNS FROM `news_type` [ RunTime:0.0027s ]
SQL: SELECT * FROM `news_type` LIMIT 0,4   [ RunTime:0.0002s ]
SQL: SHOW COLUMNS FROM `news_type` [ RunTime:0.0030s ]
SQL: SELECT * FROM `news_type` WHERE ( id=1 )  [ RunTime:0.0002s ]
SQL: SHOW COLUMNS FROM `news_article` [ RunTime:0.0023s ]
SQL: SELECT `id`,`cid`,`title`,`time` FROM `news_article` WHERE ( cid=1 ) ORDER BY time desc LIMIT 0,10   [ RunTime:0.0004s ]
SQL: SHOW COLUMNS FROM `news_article` [ RunTime:0.0023s ]
SQL: SELECT COUNT(*) AS tp_count FROM `news_article` WHERE ( cid=1 ) LIMIT 1   [ RunTime:0.0003s ]
INFO: [ view_parse ] --START--
INFO: [ template_filter ] --START--
INFO: Run Behavior\ContentReplaceBehavior [ RunTime:0.000036s ]
INFO: [ template_filter ] --END-- [ RunTime:0.000070s ]
INFO: Run Behavior\ParseTemplateBehavior [ RunTime:0.014830s ]
INFO: [ view_parse ] --END-- [ RunTime:0.014909s ]
INFO: [ view_filter ] --START--
INFO: Run Behavior\WriteHtmlCacheBehavior [ RunTime:0.003558s ]
INFO: [ view_filter ] --END-- [ RunTime:0.003606s ]
INFO: [ app_end ] --START--
INFO: Run Behavior\ShowPageTraceBehavior [ RunTime:0.001824s ]
INFO: [ app_end ] --END-- [ RunTime:0.001853s ]

