[ 2021-12-30T16:55:10+08:00 ] 127.0.0.1 /home/admin
INFO: [ app_init ] --START--
INFO: Run Behavior\BuildLiteBehavior [ RunTime:0.000010s ]
INFO: [ app_init ] --END-- [ RunTime:0.000386s ]
INFO: [ app_begin ] --START--
INFO: Run Behavior\ReadHtmlCacheBehavior [ RunTime:0.014858s ]
INFO: [ app_begin ] --END-- [ RunTime:0.014971s ]

[ 2021-12-30T16:55:10+08:00 ] 127.0.0.1 /index.php/home/admin/login.html
INFO: [ app_init ] --START--
INFO: Run Behavior\BuildLiteBehavior [ RunTime:0.000011s ]
INFO: [ app_init ] --END-- [ RunTime:0.000429s ]
INFO: [ app_begin ] --START--
INFO: Run Behavior\ReadHtmlCacheBehavior [ RunTime:0.001930s ]
INFO: [ app_begin ] --END-- [ RunTime:0.001967s ]
INFO: [ view_parse ] --START--
INFO: [ template_filter ] --START--
INFO: Run Behavior\ContentReplaceBehavior [ RunTime:0.017257s ]
INFO: [ template_filter ] --END-- [ RunTime:0.017310s ]
NOTIC: [8] Undefined variable: msg D:\UPUPW_AP5.5-1510\UPUPW_AP5.5\vhosts\www.news.com\Application\Runtime\Cache\Home\c738ce3f76a31820b13902acb02df87d.php 第 41 行.
INFO: Run Behavior\ParseTemplateBehavior [ RunTime:0.114463s ]
INFO: [ view_parse ] --END-- [ RunTime:0.114546s ]
INFO: [ view_filter ] --START--
INFO: Run Behavior\WriteHtmlCacheBehavior [ RunTime:0.015156s ]
INFO: [ view_filter ] --END-- [ RunTime:0.015213s ]
INFO: [ app_end ] --START--
INFO: Run Behavior\ShowPageTraceBehavior [ RunTime:0.010255s ]
INFO: [ app_end ] --END-- [ RunTime:0.010292s ]

[ 2021-12-30T16:55:11+08:00 ] 127.0.0.1 /home/admin/yzm
INFO: [ app_init ] --START--
INFO: Run Behavior\BuildLiteBehavior [ RunTime:0.000008s ]
INFO: [ app_init ] --END-- [ RunTime:0.000388s ]
INFO: [ app_begin ] --START--
INFO: Run Behavior\ReadHtmlCacheBehavior [ RunTime:0.001904s ]
INFO: [ app_begin ] --END-- [ RunTime:0.001942s ]
INFO: [ app_end ] --START--
INFO: Run Behavior\ShowPageTraceBehavior [ RunTime:0.002365s ]
INFO: [ app_end ] --END-- [ RunTime:0.002410s ]

[ 2021-12-30T17:06:41+08:00 ] 127.0.0.1 /
INFO: [ app_init ] --START--
INFO: Run Behavior\BuildLiteBehavior [ RunTime:0.000008s ]
INFO: [ app_init ] --END-- [ RunTime:0.000400s ]
INFO: [ app_begin ] --START--
INFO: Run Behavior\ReadHtmlCacheBehavior [ RunTime:0.009217s ]
INFO: [ app_begin ] --END-- [ RunTime:0.009299s ]
NOTIC: [2048] Declaration of Home\Controller\IndexController::show() should be compatible with Think\Controller::show($content, $charset = '', $contentType = '', $prefix = '') D:\UPUPW_AP5.5-1510\UPUPW_AP5.5\vhosts\www.news.com\Application\Home\Controller\IndexController.class.php 第 7 行.
SQL: select id from news_type where name='学校要闻' [ RunTime:0.0004s ]
SQL: select id,cid,title,time from news_article where cid=1 order by time desc limit 7 [ RunTime:0.0006s ]
SQL: select id from news_type where name='媒体聚焦' [ RunTime:0.0003s ]
SQL: select id,cid,title,time from news_article where cid=2 order by time desc limit 10 [ RunTime:0.0007s ]
SQL: select id from news_type where name='校园快讯' [ RunTime:0.0004s ]
SQL: select id,cid,title,time from news_article where cid=3 order by time desc limit 10 [ RunTime:0.0003s ]
SQL: select id from news_type where name='通知公告' [ RunTime:0.0001s ]
SQL: select id,cid,title,time from news_article where cid=4 order by time desc limit 10 [ RunTime:0.0002s ]
INFO: [ view_parse ] --START--
INFO: [ template_filter ] --START--
INFO: Run Behavior\ContentReplaceBehavior [ RunTime:0.000053s ]
INFO: [ template_filter ] --END-- [ RunTime:0.000088s ]
INFO: Run Behavior\ParseTemplateBehavior [ RunTime:0.074577s ]
INFO: [ view_parse ] --END-- [ RunTime:0.074697s ]
INFO: [ view_filter ] --START--
INFO: Run Behavior\WriteHtmlCacheBehavior [ RunTime:0.005761s ]
INFO: [ view_filter ] --END-- [ RunTime:0.005798s ]
INFO: [ app_end ] --START--
INFO: Run Behavior\ShowPageTraceBehavior [ RunTime:0.004376s ]
INFO: [ app_end ] --END-- [ RunTime:0.004409s ]

