[ 2022-03-26T17:06:02+08:00 ] 127.0.0.1 /home/user/add
ERR: Call to undefined function Home\Controller\SendMail()

[ 2022-03-26T17:06:58+08:00 ] 127.0.0.1 /home/user/add
ERR: Call to undefined function Home\Controller\SendMail()

[ 2022-03-26T17:06:58+08:00 ] 127.0.0.1 /home/user/add
ERR: Call to undefined function Home\Controller\SendMail()

[ 2022-03-26T17:06:59+08:00 ] 127.0.0.1 /home/user/add
ERR: Call to undefined function Home\Controller\SendMail()

[ 2022-03-26T17:06:59+08:00 ] 127.0.0.1 /home/user/add
ERR: Call to undefined function Home\Controller\SendMail()

[ 2022-03-26T17:06:59+08:00 ] 127.0.0.1 /home/user/add
ERR: Call to undefined function Home\Controller\SendMail()

[ 2022-03-26T17:06:59+08:00 ] 127.0.0.1 /home/user/add
ERR: Call to undefined function Home\Controller\SendMail()

[ 2022-03-26T17:06:59+08:00 ] 127.0.0.1 /home/user/add
ERR: Call to undefined function Home\Controller\SendMail()

[ 2022-03-26T17:06:59+08:00 ] 127.0.0.1 /home/user/add
ERR: Call to undefined function Home\Controller\SendMail()

[ 2022-03-26T17:06:59+08:00 ] 127.0.0.1 /home/user/add
ERR: Call to undefined function Home\Controller\SendMail()

[ 2022-03-26T17:07:00+08:00 ] 127.0.0.1 /home/user/add
ERR: Call to undefined function Home\Controller\SendMail()

[ 2022-03-26T17:07:00+08:00 ] 127.0.0.1 /home/user/add
ERR: Call to undefined function Home\Controller\SendMail()

[ 2022-03-26T17:09:45+08:00 ] 127.0.0.1 /home/user/add
ERR: Call to undefined function Home\Controller\SendMail()

[ 2022-03-26T17:16:24+08:00 ] 127.0.0.1 /home/user/add
ERR: Call to undefined function Home\Controller\SendMail()

[ 2022-03-26T17:16:24+08:00 ] 127.0.0.1 /home/user/add
ERR: Call to undefined function Home\Controller\SendMail()

[ 2022-03-26T17:16:24+08:00 ] 127.0.0.1 /home/user/add
ERR: Call to undefined function Home\Controller\SendMail()

[ 2022-03-26T17:16:24+08:00 ] 127.0.0.1 /home/user/add
ERR: Call to undefined function Home\Controller\SendMail()

[ 2022-03-26T17:16:25+08:00 ] 127.0.0.1 /home/user/add
ERR: Call to undefined function Home\Controller\SendMail()

[ 2022-03-26T17:16:25+08:00 ] 127.0.0.1 /home/user/add
ERR: Call to undefined function Home\Controller\SendMail()

[ 2022-03-26T17:17:32+08:00 ] 127.0.0.1 /home/user/add
ERR: Call to undefined function Home\Controller\SendMail()

[ 2022-03-26T17:17:33+08:00 ] 127.0.0.1 /home/user/add
ERR: Call to undefined function Home\Controller\SendMail()

[ 2022-03-26T17:17:33+08:00 ] 127.0.0.1 /home/user/add
ERR: Call to undefined function Home\Controller\SendMail()

[ 2022-03-26T17:17:33+08:00 ] 127.0.0.1 /home/user/add
ERR: Call to undefined function Home\Controller\SendMail()

[ 2022-03-26T17:17:33+08:00 ] 127.0.0.1 /home/user/add
ERR: Call to undefined function Home\Controller\SendMail()

[ 2022-03-26T17:17:33+08:00 ] 127.0.0.1 /home/user/add
ERR: Call to undefined function Home\Controller\SendMail()

[ 2022-03-26T17:17:34+08:00 ] 127.0.0.1 /home/user/add
ERR: Call to undefined function Home\Controller\SendMail()

[ 2022-03-26T17:19:29+08:00 ] 127.0.0.1 /home/user/add
ERR: Call to undefined function Home\Controller\SendMail()

[ 2022-03-26T17:19:29+08:00 ] 127.0.0.1 /home/user/add
ERR: Call to undefined function Home\Controller\SendMail()

[ 2022-03-26T17:19:29+08:00 ] 127.0.0.1 /home/user/add
ERR: Call to undefined function Home\Controller\SendMail()

[ 2022-03-26T17:19:29+08:00 ] 127.0.0.1 /home/user/add
ERR: Call to undefined function Home\Controller\SendMail()

[ 2022-03-26T17:28:27+08:00 ] 127.0.0.1 /home/user/add
ERR: syntax error, unexpected '=>' (T_DOUBLE_ARROW)

[ 2022-03-26T17:56:45+08:00 ] 127.0.0.1 /index.php/Home/User/adddata
ERR: 非法操作:adddata

[ 2022-03-26T19:40:19+08:00 ] 127.0.0.1 /home/PHPMailer2
ERR: 无法加载控制器:PHPMailer2

[ 2022-03-26T19:40:34+08:00 ] 127.0.0.1 /home/PHPMailer2/index.php
ERR: 无法加载控制器:PHPMailer2

[ 2022-03-26T19:40:42+08:00 ] 127.0.0.1 /home/public/PHPMailer2/index.php
ERR: 无法加载控制器:Public

[ 2022-03-26T19:41:36+08:00 ] 127.0.0.1 /home/user/index.php
ERR: 非法操作:index.php

[ 2022-03-26T20:05:37+08:00 ] 127.0.0.1 /home/user/add
INFO: [ app_init ] --START--
INFO: Run Behavior\BuildLiteBehavior [ RunTime:0.000010s ]
INFO: [ app_init ] --END-- [ RunTime:0.000110s ]
NOTIC: [8] Constant APP_DEBUG already defined E:\UPUPW_AP7.2_1910_64\UPUPW_AP7.2_64\vhosts\www.blog.com\Application\Home\Conf\config.php 第 4 行.
INFO: [ app_begin ] --START--
INFO: Run Behavior\ReadHtmlCacheBehavior [ RunTime:0.000139s ]
INFO: [ app_begin ] --END-- [ RunTime:0.000184s ]
INFO: [ view_parse ] --START--
INFO: [ template_filter ] --START--
INFO: Run Behavior\ContentReplaceBehavior [ RunTime:0.000019s ]
INFO: [ template_filter ] --END-- [ RunTime:0.000049s ]
INFO: Run Behavior\ParseTemplateBehavior [ RunTime:0.001608s ]
INFO: [ view_parse ] --END-- [ RunTime:0.001655s ]
INFO: [ view_filter ] --START--
INFO: Run Behavior\WriteHtmlCacheBehavior [ RunTime:0.000089s ]
INFO: [ view_filter ] --END-- [ RunTime:0.000112s ]
INFO: [ app_end ] --START--
INFO: Run Behavior\ShowPageTraceBehavior [ RunTime:0.000060s ]
INFO: [ app_end ] --END-- [ RunTime:0.000073s ]

[ 2022-03-26T20:05:38+08:00 ] 127.0.0.1 /home/user/add
INFO: [ app_init ] --START--
INFO: Run Behavior\BuildLiteBehavior [ RunTime:0.000006s ]
INFO: [ app_init ] --END-- [ RunTime:0.000052s ]
NOTIC: [8] Constant APP_DEBUG already defined E:\UPUPW_AP7.2_1910_64\UPUPW_AP7.2_64\vhosts\www.blog.com\Application\Home\Conf\config.php 第 4 行.
INFO: [ app_begin ] --START--
INFO: Run Behavior\ReadHtmlCacheBehavior [ RunTime:0.000073s ]
INFO: [ app_begin ] --END-- [ RunTime:0.000103s ]
INFO: [ view_parse ] --START--
INFO: [ template_filter ] --START--
INFO: Run Behavior\ContentReplaceBehavior [ RunTime:0.000033s ]
INFO: [ template_filter ] --END-- [ RunTime:0.000083s ]
INFO: Run Behavior\ParseTemplateBehavior [ RunTime:0.001607s ]
INFO: [ view_parse ] --END-- [ RunTime:0.001639s ]
INFO: [ view_filter ] --START--
INFO: Run Behavior\WriteHtmlCacheBehavior [ RunTime:0.000058s ]
INFO: [ view_filter ] --END-- [ RunTime:0.000069s ]
INFO: [ app_end ] --START--
INFO: Run Behavior\ShowPageTraceBehavior [ RunTime:0.000048s ]
INFO: [ app_end ] --END-- [ RunTime:0.000064s ]

[ 2022-03-26T20:05:38+08:00 ] 127.0.0.1 /home/user/add
INFO: [ app_init ] --START--
INFO: Run Behavior\BuildLiteBehavior [ RunTime:0.000005s ]
INFO: [ app_init ] --END-- [ RunTime:0.000030s ]
NOTIC: [8] Constant APP_DEBUG already defined E:\UPUPW_AP7.2_1910_64\UPUPW_AP7.2_64\vhosts\www.blog.com\Application\Home\Conf\config.php 第 4 行.
INFO: [ app_begin ] --START--
INFO: Run Behavior\ReadHtmlCacheBehavior [ RunTime:0.000039s ]
INFO: [ app_begin ] --END-- [ RunTime:0.000052s ]
INFO: [ view_parse ] --START--
INFO: [ template_filter ] --START--
INFO: Run Behavior\ContentReplaceBehavior [ RunTime:0.000013s ]
INFO: [ template_filter ] --END-- [ RunTime:0.000030s ]
INFO: Run Behavior\ParseTemplateBehavior [ RunTime:0.001106s ]
INFO: [ view_parse ] --END-- [ RunTime:0.001133s ]
INFO: [ view_filter ] --START--
INFO: Run Behavior\WriteHtmlCacheBehavior [ RunTime:0.000048s ]
INFO: [ view_filter ] --END-- [ RunTime:0.000058s ]
INFO: [ app_end ] --START--
INFO: Run Behavior\ShowPageTraceBehavior [ RunTime:0.000040s ]
INFO: [ app_end ] --END-- [ RunTime:0.000050s ]

[ 2022-03-26T20:05:39+08:00 ] 127.0.0.1 /home/user/add
INFO: [ app_init ] --START--
INFO: Run Behavior\BuildLiteBehavior [ RunTime:0.000004s ]
INFO: [ app_init ] --END-- [ RunTime:0.000029s ]
NOTIC: [8] Constant APP_DEBUG already defined E:\UPUPW_AP7.2_1910_64\UPUPW_AP7.2_64\vhosts\www.blog.com\Application\Home\Conf\config.php 第 4 行.
INFO: [ app_begin ] --START--
INFO: Run Behavior\ReadHtmlCacheBehavior [ RunTime:0.000038s ]
INFO: [ app_begin ] --END-- [ RunTime:0.000053s ]
INFO: [ view_parse ] --START--
INFO: [ template_filter ] --START--
INFO: Run Behavior\ContentReplaceBehavior [ RunTime:0.000022s ]
INFO: [ template_filter ] --END-- [ RunTime:0.000058s ]
INFO: Run Behavior\ParseTemplateBehavior [ RunTime:0.001708s ]
INFO: [ view_parse ] --END-- [ RunTime:0.001763s ]
INFO: [ view_filter ] --START--
INFO: Run Behavior\WriteHtmlCacheBehavior [ RunTime:0.000231s ]
INFO: [ view_filter ] --END-- [ RunTime:0.000288s ]
INFO: [ app_end ] --START--
INFO: Run Behavior\ShowPageTraceBehavior [ RunTime:0.000250s ]
INFO: [ app_end ] --END-- [ RunTime:0.000281s ]

[ 2022-03-26T20:05:39+08:00 ] 127.0.0.1 /home/user/add
INFO: [ app_init ] --START--
INFO: Run Behavior\BuildLiteBehavior [ RunTime:0.000014s ]
INFO: [ app_init ] --END-- [ RunTime:0.000081s ]
NOTIC: [8] Constant APP_DEBUG already defined E:\UPUPW_AP7.2_1910_64\UPUPW_AP7.2_64\vhosts\www.blog.com\Application\Home\Conf\config.php 第 4 行.
INFO: [ app_begin ] --START--
INFO: Run Behavior\ReadHtmlCacheBehavior [ RunTime:0.000087s ]
INFO: [ app_begin ] --END-- [ RunTime:0.000118s ]
INFO: [ view_parse ] --START--
INFO: [ template_filter ] --START--
INFO: Run Behavior\ContentReplaceBehavior [ RunTime:0.000027s ]
INFO: [ template_filter ] --END-- [ RunTime:0.000065s ]
INFO: Run Behavior\ParseTemplateBehavior [ RunTime:0.001772s ]
INFO: [ view_parse ] --END-- [ RunTime:0.001802s ]
INFO: [ view_filter ] --START--
INFO: Run Behavior\WriteHtmlCacheBehavior [ RunTime:0.000056s ]
INFO: [ view_filter ] --END-- [ RunTime:0.000067s ]
INFO: [ app_end ] --START--
INFO: Run Behavior\ShowPageTraceBehavior [ RunTime:0.000041s ]
INFO: [ app_end ] --END-- [ RunTime:0.000051s ]

[ 2022-03-26T20:05:39+08:00 ] 127.0.0.1 /home/user/add
INFO: [ app_init ] --START--
INFO: Run Behavior\BuildLiteBehavior [ RunTime:0.000005s ]
INFO: [ app_init ] --END-- [ RunTime:0.000030s ]
NOTIC: [8] Constant APP_DEBUG already defined E:\UPUPW_AP7.2_1910_64\UPUPW_AP7.2_64\vhosts\www.blog.com\Application\Home\Conf\config.php 第 4 行.
INFO: [ app_begin ] --START--
INFO: Run Behavior\ReadHtmlCacheBehavior [ RunTime:0.000038s ]
INFO: [ app_begin ] --END-- [ RunTime:0.000052s ]
INFO: [ view_parse ] --START--
INFO: [ template_filter ] --START--
INFO: Run Behavior\ContentReplaceBehavior [ RunTime:0.000013s ]
INFO: [ template_filter ] --END-- [ RunTime:0.000028s ]
INFO: Run Behavior\ParseTemplateBehavior [ RunTime:0.001035s ]
INFO: [ view_parse ] --END-- [ RunTime:0.001054s ]
INFO: [ view_filter ] --START--
INFO: Run Behavior\WriteHtmlCacheBehavior [ RunTime:0.000049s ]
INFO: [ view_filter ] --END-- [ RunTime:0.000060s ]
INFO: [ app_end ] --START--
INFO: Run Behavior\ShowPageTraceBehavior [ RunTime:0.000041s ]
INFO: [ app_end ] --END-- [ RunTime:0.000051s ]

[ 2022-03-26T20:05:39+08:00 ] 127.0.0.1 /home/user/add
INFO: [ app_init ] --START--
INFO: Run Behavior\BuildLiteBehavior [ RunTime:0.000007s ]
INFO: [ app_init ] --END-- [ RunTime:0.000042s ]
NOTIC: [8] Constant APP_DEBUG already defined E:\UPUPW_AP7.2_1910_64\UPUPW_AP7.2_64\vhosts\www.blog.com\Application\Home\Conf\config.php 第 4 行.
INFO: [ app_begin ] --START--
INFO: Run Behavior\ReadHtmlCacheBehavior [ RunTime:0.000063s ]
INFO: [ app_begin ] --END-- [ RunTime:0.000085s ]
INFO: [ view_parse ] --START--
INFO: [ template_filter ] --START--
INFO: Run Behavior\ContentReplaceBehavior [ RunTime:0.000018s ]
INFO: [ template_filter ] --END-- [ RunTime:0.000043s ]
INFO: Run Behavior\ParseTemplateBehavior [ RunTime:0.001286s ]
INFO: [ view_parse ] --END-- [ RunTime:0.001314s ]
INFO: [ view_filter ] --START--
INFO: Run Behavior\WriteHtmlCacheBehavior [ RunTime:0.000076s ]
INFO: [ view_filter ] --END-- [ RunTime:0.000093s ]
INFO: [ app_end ] --START--
INFO: Run Behavior\ShowPageTraceBehavior [ RunTime:0.000068s ]
INFO: [ app_end ] --END-- [ RunTime:0.000086s ]

[ 2022-03-26T20:05:45+08:00 ] 127.0.0.1 /home/user/add
INFO: [ app_init ] --START--
INFO: Run Behavior\BuildLiteBehavior [ RunTime:0.000008s ]
INFO: [ app_init ] --END-- [ RunTime:0.000059s ]
NOTIC: [8] Constant APP_DEBUG already defined E:\UPUPW_AP7.2_1910_64\UPUPW_AP7.2_64\vhosts\www.blog.com\Application\Home\Conf\config.php 第 4 行.
INFO: [ app_begin ] --START--
INFO: Run Behavior\ReadHtmlCacheBehavior [ RunTime:0.000071s ]
INFO: [ app_begin ] --END-- [ RunTime:0.000096s ]
INFO: [ view_parse ] --START--
INFO: [ template_filter ] --START--
INFO: Run Behavior\ContentReplaceBehavior [ RunTime:0.000024s ]
INFO: [ template_filter ] --END-- [ RunTime:0.000057s ]
INFO: Run Behavior\ParseTemplateBehavior [ RunTime:0.001555s ]
INFO: [ view_parse ] --END-- [ RunTime:0.001580s ]
INFO: [ view_filter ] --START--
INFO: Run Behavior\WriteHtmlCacheBehavior [ RunTime:0.000052s ]
INFO: [ view_filter ] --END-- [ RunTime:0.000064s ]
INFO: [ app_end ] --START--
INFO: Run Behavior\ShowPageTraceBehavior [ RunTime:0.000051s ]
INFO: [ app_end ] --END-- [ RunTime:0.000064s ]

[ 2022-03-26T20:05:46+08:00 ] 127.0.0.1 /home/user/add
INFO: [ app_init ] --START--
INFO: Run Behavior\BuildLiteBehavior [ RunTime:0.000005s ]
INFO: [ app_init ] --END-- [ RunTime:0.000030s ]
NOTIC: [8] Constant APP_DEBUG already defined E:\UPUPW_AP7.2_1910_64\UPUPW_AP7.2_64\vhosts\www.blog.com\Application\Home\Conf\config.php 第 4 行.
INFO: [ app_begin ] --START--
INFO: Run Behavior\ReadHtmlCacheBehavior [ RunTime:0.000038s ]
INFO: [ app_begin ] --END-- [ RunTime:0.000052s ]
INFO: [ view_parse ] --START--
INFO: [ template_filter ] --START--
INFO: Run Behavior\ContentReplaceBehavior [ RunTime:0.000012s ]
INFO: [ template_filter ] --END-- [ RunTime:0.000028s ]
INFO: Run Behavior\ParseTemplateBehavior [ RunTime:0.000901s ]
INFO: [ view_parse ] --END-- [ RunTime:0.000918s ]
INFO: [ view_filter ] --START--
INFO: Run Behavior\WriteHtmlCacheBehavior [ RunTime:0.000046s ]
INFO: [ view_filter ] --END-- [ RunTime:0.000056s ]
INFO: [ app_end ] --START--
INFO: Run Behavior\ShowPageTraceBehavior [ RunTime:0.000039s ]
INFO: [ app_end ] --END-- [ RunTime:0.000049s ]

[ 2022-03-26T20:05:46+08:00 ] 127.0.0.1 /home/user/add
INFO: [ app_init ] --START--
INFO: Run Behavior\BuildLiteBehavior [ RunTime:0.000003s ]
INFO: [ app_init ] --END-- [ RunTime:0.000025s ]
NOTIC: [8] Constant APP_DEBUG already defined E:\UPUPW_AP7.2_1910_64\UPUPW_AP7.2_64\vhosts\www.blog.com\Application\Home\Conf\config.php 第 4 行.
INFO: [ app_begin ] --START--
INFO: Run Behavior\ReadHtmlCacheBehavior [ RunTime:0.000031s ]
INFO: [ app_begin ] --END-- [ RunTime:0.000042s ]
INFO: [ view_parse ] --START--
INFO: [ template_filter ] --START--
INFO: Run Behavior\ContentReplaceBehavior [ RunTime:0.000010s ]
INFO: [ template_filter ] --END-- [ RunTime:0.000023s ]
INFO: Run Behavior\ParseTemplateBehavior [ RunTime:0.000892s ]
INFO: [ view_parse ] --END-- [ RunTime:0.000908s ]
INFO: [ view_filter ] --START--
INFO: Run Behavior\WriteHtmlCacheBehavior [ RunTime:0.000038s ]
INFO: [ view_filter ] --END-- [ RunTime:0.000046s ]
INFO: [ app_end ] --START--
INFO: Run Behavior\ShowPageTraceBehavior [ RunTime:0.000032s ]
INFO: [ app_end ] --END-- [ RunTime:0.000040s ]

[ 2022-03-26T20:05:46+08:00 ] 127.0.0.1 /home/user/add
INFO: [ app_init ] --START--
INFO: Run Behavior\BuildLiteBehavior [ RunTime:0.000004s ]
INFO: [ app_init ] --END-- [ RunTime:0.000040s ]
NOTIC: [8] Constant APP_DEBUG already defined E:\UPUPW_AP7.2_1910_64\UPUPW_AP7.2_64\vhosts\www.blog.com\Application\Home\Conf\config.php 第 4 行.
INFO: [ app_begin ] --START--
INFO: Run Behavior\ReadHtmlCacheBehavior [ RunTime:0.000038s ]
INFO: [ app_begin ] --END-- [ RunTime:0.000052s ]
INFO: [ view_parse ] --START--
INFO: [ template_filter ] --START--
INFO: Run Behavior\ContentReplaceBehavior [ RunTime:0.000013s ]
INFO: [ template_filter ] --END-- [ RunTime:0.000028s ]
INFO: Run Behavior\ParseTemplateBehavior [ RunTime:0.000979s ]
INFO: [ view_parse ] --END-- [ RunTime:0.001000s ]
INFO: [ view_filter ] --START--
INFO: Run Behavior\WriteHtmlCacheBehavior [ RunTime:0.000050s ]
INFO: [ view_filter ] --END-- [ RunTime:0.000061s ]
INFO: [ app_end ] --START--
INFO: Run Behavior\ShowPageTraceBehavior [ RunTime:0.000039s ]
INFO: [ app_end ] --END-- [ RunTime:0.000050s ]

[ 2022-03-26T20:05:47+08:00 ] 127.0.0.1 /home/user/add
INFO: [ app_init ] --START--
INFO: Run Behavior\BuildLiteBehavior [ RunTime:0.000004s ]
INFO: [ app_init ] --END-- [ RunTime:0.000030s ]
NOTIC: [8] Constant APP_DEBUG already defined E:\UPUPW_AP7.2_1910_64\UPUPW_AP7.2_64\vhosts\www.blog.com\Application\Home\Conf\config.php 第 4 行.
INFO: [ app_begin ] --START--
INFO: Run Behavior\ReadHtmlCacheBehavior [ RunTime:0.000038s ]
INFO: [ app_begin ] --END-- [ RunTime:0.000051s ]
INFO: [ view_parse ] --START--
INFO: [ template_filter ] --START--
INFO: Run Behavior\ContentReplaceBehavior [ RunTime:0.000012s ]
INFO: [ template_filter ] --END-- [ RunTime:0.000027s ]
INFO: Run Behavior\ParseTemplateBehavior [ RunTime:0.000918s ]
INFO: [ view_parse ] --END-- [ RunTime:0.000936s ]
INFO: [ view_filter ] --START--
INFO: Run Behavior\WriteHtmlCacheBehavior [ RunTime:0.000047s ]
INFO: [ view_filter ] --END-- [ RunTime:0.000057s ]
INFO: [ app_end ] --START--
INFO: Run Behavior\ShowPageTraceBehavior [ RunTime:0.000039s ]
INFO: [ app_end ] --END-- [ RunTime:0.000050s ]

[ 2022-03-26T20:05:53+08:00 ] 127.0.0.1 /index.php/Home/User/addData
INFO: [ app_init ] --START--
INFO: Run Behavior\BuildLiteBehavior [ RunTime:0.000010s ]
INFO: [ app_init ] --END-- [ RunTime:0.000115s ]
NOTIC: [8] Constant APP_DEBUG already defined E:\UPUPW_AP7.2_1910_64\UPUPW_AP7.2_64\vhosts\www.blog.com\Application\Home\Conf\config.php 第 4 行.
INFO: [ app_begin ] --START--
INFO: Run Behavior\ReadHtmlCacheBehavior [ RunTime:0.000072s ]
INFO: [ app_begin ] --END-- [ RunTime:0.000104s ]
INFO: [ view_parse ] --START--
INFO: [ template_filter ] --START--
INFO: Run Behavior\ContentReplaceBehavior [ RunTime:0.000017s ]
INFO: [ template_filter ] --END-- [ RunTime:0.000038s ]
INFO: Run Behavior\ParseTemplateBehavior [ RunTime:0.001842s ]
INFO: [ view_parse ] --END-- [ RunTime:0.001868s ]
INFO: [ view_filter ] --START--
INFO: Run Behavior\WriteHtmlCacheBehavior [ RunTime:0.000132s ]
INFO: [ view_filter ] --END-- [ RunTime:0.000146s ]

[ 2022-03-26T20:05:56+08:00 ] 127.0.0.1 /home/user/add
INFO: [ app_init ] --START--
INFO: Run Behavior\BuildLiteBehavior [ RunTime:0.000043s ]
INFO: [ app_init ] --END-- [ RunTime:0.000245s ]
NOTIC: [8] Constant APP_DEBUG already defined E:\UPUPW_AP7.2_1910_64\UPUPW_AP7.2_64\vhosts\www.blog.com\Application\Home\Conf\config.php 第 4 行.
INFO: [ app_begin ] --START--
INFO: Run Behavior\ReadHtmlCacheBehavior [ RunTime:0.000465s ]
INFO: [ app_begin ] --END-- [ RunTime:0.000611s ]
INFO: [ view_parse ] --START--
INFO: [ template_filter ] --START--
INFO: Run Behavior\ContentReplaceBehavior [ RunTime:0.000056s ]
INFO: [ template_filter ] --END-- [ RunTime:0.000145s ]
INFO: Run Behavior\ParseTemplateBehavior [ RunTime:0.005311s ]
INFO: [ view_parse ] --END-- [ RunTime:0.005546s ]
INFO: [ view_filter ] --START--
INFO: Run Behavior\WriteHtmlCacheBehavior [ RunTime:0.000168s ]
INFO: [ view_filter ] --END-- [ RunTime:0.000200s ]
INFO: [ app_end ] --START--
INFO: Run Behavior\ShowPageTraceBehavior [ RunTime:0.000245s ]
INFO: [ app_end ] --END-- [ RunTime:0.000304s ]

[ 2022-03-26T20:28:34+08:00 ] 127.0.0.1 /index.php/Home/User/addData
ERR: Class 'PHPMailer' not found

[ 2022-03-26T20:29:14+08:00 ] 127.0.0.1 /index.php/Home/User/addData
ERR: Class 'PHPMailer' not found

[ 2022-03-26T20:29:32+08:00 ] 127.0.0.1 /index.php/Home/User/addData
ERR: Class 'PHPMailer' not found

