[ 2022-02-02T22:13:00+08:00 ] 127.0.0.1 /
INFO: [ app_init ] --START--
INFO: Run Behavior\BuildLiteBehavior [ RunTime:0.000018s ]
INFO: [ app_init ] --END-- [ RunTime:0.000809s ]
NOTIC: [8] Constant APP_DEBUG already defined E:\UPUPW_AP5.5-1510\UPUPW_AP5.5\vhosts\www.blog.com\Application\Home\Conf\config.php 第 4 行.
INFO: [ app_begin ] --START--
INFO: Run Behavior\ReadHtmlCacheBehavior [ RunTime:0.002063s ]
INFO: [ app_begin ] --END-- [ RunTime:0.002112s ]
NOTIC: [2048] Declaration of Home\Controller\IndexController::show() should be compatible with Think\Controller::show($content, $charset = '', $contentType = '', $prefix = '') E:\UPUPW_AP5.5-1510\UPUPW_AP5.5\vhosts\www.blog.com\Application\Home\Controller\IndexController.class.php 第 1382 行.
SQL: select blog_article.id as id, title,name,content,nickname,views,likes from blog_article  left join blog_user on blog_article.user_id= blog_user.id left join blog_type on blog_article.type_id = blog_type.id order by time desc [ RunTime:0.0007s ]
INFO: [ view_parse ] --START--
INFO: [ template_filter ] --START--
INFO: Run Behavior\ContentReplaceBehavior [ RunTime:0.000069s ]
INFO: [ template_filter ] --END-- [ RunTime:0.000132s ]
INFO: Run Behavior\ParseTemplateBehavior [ RunTime:0.035957s ]
INFO: [ view_parse ] --END-- [ RunTime:0.036009s ]
INFO: [ view_filter ] --START--
INFO: Run Behavior\WriteHtmlCacheBehavior [ RunTime:0.003308s ]
INFO: [ view_filter ] --END-- [ RunTime:0.003357s ]
INFO: [ app_end ] --START--
INFO: Run Behavior\ShowPageTraceBehavior [ RunTime:0.002822s ]
INFO: [ app_end ] --END-- [ RunTime:0.002860s ]

[ 2022-02-02T22:13:03+08:00 ] 127.0.0.1 /home/index/showblog/id/166
INFO: [ app_init ] --START--
INFO: Run Behavior\BuildLiteBehavior [ RunTime:0.000014s ]
INFO: [ app_init ] --END-- [ RunTime:0.000675s ]
NOTIC: [8] Constant APP_DEBUG already defined E:\UPUPW_AP5.5-1510\UPUPW_AP5.5\vhosts\www.blog.com\Application\Home\Conf\config.php 第 4 行.
INFO: [ app_begin ] --START--
INFO: Run Behavior\ReadHtmlCacheBehavior [ RunTime:0.005684s ]
INFO: [ app_begin ] --END-- [ RunTime:0.005774s ]
NOTIC: [2048] Declaration of Home\Controller\IndexController::show() should be compatible with Think\Controller::show($content, $charset = '', $contentType = '', $prefix = '') E:\UPUPW_AP5.5-1510\UPUPW_AP5.5\vhosts\www.blog.com\Application\Home\Controller\IndexController.class.php 第 1382 行.
ERR: 1054:Unknown column 'id，title' in 'field list'
 [ SQL语句 ] : select id，title,content,views,time from blog_article where id=166
ERR: 1054:Unknown column 'id，title' in 'field list'
 [ SQL语句 ] : select id，title,content,views,time from blog_article where id=166

[ 2022-02-02T22:14:39+08:00 ] 127.0.0.1 /home/index/showblog/id/166
INFO: [ app_init ] --START--
INFO: Run Behavior\BuildLiteBehavior [ RunTime:0.000009s ]
INFO: [ app_init ] --END-- [ RunTime:0.000417s ]
NOTIC: [8] Constant APP_DEBUG already defined E:\UPUPW_AP5.5-1510\UPUPW_AP5.5\vhosts\www.blog.com\Application\Home\Conf\config.php 第 4 行.
INFO: [ app_begin ] --START--
INFO: Run Behavior\ReadHtmlCacheBehavior [ RunTime:0.002081s ]
INFO: [ app_begin ] --END-- [ RunTime:0.002116s ]
NOTIC: [2048] Declaration of Home\Controller\IndexController::show() should be compatible with Think\Controller::show($content, $charset = '', $contentType = '', $prefix = '') E:\UPUPW_AP5.5-1510\UPUPW_AP5.5\vhosts\www.blog.com\Application\Home\Controller\IndexController.class.php 第 1382 行.
SQL: SHOW COLUMNS FROM `blog_article` [ RunTime:0.0052s ]
ERR: 1054:Unknown column 'id，title' in 'field list'
 [ SQL语句 ] : select id，title,content,views,time from blog_article where id=166
ERR: 1054:Unknown column 'id，title' in 'field list'
 [ SQL语句 ] : select id，title,content,views,time from blog_article where id=166

[ 2022-02-02T22:14:43+08:00 ] 127.0.0.1 /home/index/showblog/id/166
INFO: [ app_init ] --START--
INFO: Run Behavior\BuildLiteBehavior [ RunTime:0.000008s ]
INFO: [ app_init ] --END-- [ RunTime:0.000413s ]
NOTIC: [8] Constant APP_DEBUG already defined E:\UPUPW_AP5.5-1510\UPUPW_AP5.5\vhosts\www.blog.com\Application\Home\Conf\config.php 第 4 行.
INFO: [ app_begin ] --START--
INFO: Run Behavior\ReadHtmlCacheBehavior [ RunTime:0.002018s ]
INFO: [ app_begin ] --END-- [ RunTime:0.002056s ]
NOTIC: [2048] Declaration of Home\Controller\IndexController::show() should be compatible with Think\Controller::show($content, $charset = '', $contentType = '', $prefix = '') E:\UPUPW_AP5.5-1510\UPUPW_AP5.5\vhosts\www.blog.com\Application\Home\Controller\IndexController.class.php 第 1382 行.
SQL: SHOW COLUMNS FROM `blog_article` [ RunTime:0.0031s ]
ERR: 1054:Unknown column 'id，title' in 'field list'
 [ SQL语句 ] : select id，title,content,views,time from blog_article where id=166
ERR: 1054:Unknown column 'id，title' in 'field list'
 [ SQL语句 ] : select id，title,content,views,time from blog_article where id=166

[ 2022-02-02T22:17:26+08:00 ] 127.0.0.1 /home/index/showblog/id/166
INFO: [ app_init ] --START--
INFO: Run Behavior\BuildLiteBehavior [ RunTime:0.000014s ]
INFO: [ app_init ] --END-- [ RunTime:0.000776s ]
NOTIC: [8] Constant APP_DEBUG already defined E:\UPUPW_AP5.5-1510\UPUPW_AP5.5\vhosts\www.blog.com\Application\Home\Conf\config.php 第 4 行.
INFO: [ app_begin ] --START--
INFO: Run Behavior\ReadHtmlCacheBehavior [ RunTime:0.001989s ]
INFO: [ app_begin ] --END-- [ RunTime:0.002022s ]
NOTIC: [2048] Declaration of Home\Controller\IndexController::show() should be compatible with Think\Controller::show($content, $charset = '', $contentType = '', $prefix = '') E:\UPUPW_AP5.5-1510\UPUPW_AP5.5\vhosts\www.blog.com\Application\Home\Controller\IndexController.class.php 第 1382 行.
SQL: SHOW COLUMNS FROM `blog_article` [ RunTime:0.0026s ]
SQL: select title,content,views,time from blog_article where id=166 [ RunTime:0.0003s ]
INFO: [ view_parse ] --START--
INFO: [ template_filter ] --START--
INFO: Run Behavior\ContentReplaceBehavior [ RunTime:0.000043s ]
INFO: [ template_filter ] --END-- [ RunTime:0.000078s ]
NOTIC: [8] Undefined variable: data E:\UPUPW_AP5.5-1510\UPUPW_AP5.5\vhosts\www.blog.com\Application\Runtime\Cache\Home\9202b8a559e0239229284b7a3a9b1b39.php 第 55 行.
INFO: Run Behavior\ParseTemplateBehavior [ RunTime:0.012265s ]
INFO: [ view_parse ] --END-- [ RunTime:0.012299s ]
INFO: [ view_filter ] --START--
INFO: Run Behavior\WriteHtmlCacheBehavior [ RunTime:0.002015s ]
INFO: [ view_filter ] --END-- [ RunTime:0.002040s ]
INFO: [ app_end ] --START--
INFO: Run Behavior\ShowPageTraceBehavior [ RunTime:0.001979s ]
INFO: [ app_end ] --END-- [ RunTime:0.002002s ]

[ 2022-02-02T22:23:02+08:00 ] 127.0.0.1 /home/index/showblog/id/166
INFO: [ app_init ] --START--
INFO: Run Behavior\BuildLiteBehavior [ RunTime:0.000008s ]
INFO: [ app_init ] --END-- [ RunTime:0.000412s ]
NOTIC: [8] Constant APP_DEBUG already defined E:\UPUPW_AP5.5-1510\UPUPW_AP5.5\vhosts\www.blog.com\Application\Home\Conf\config.php 第 4 行.
INFO: [ app_begin ] --START--
INFO: Run Behavior\ReadHtmlCacheBehavior [ RunTime:0.003152s ]
INFO: [ app_begin ] --END-- [ RunTime:0.003196s ]
NOTIC: [2048] Declaration of Home\Controller\IndexController::show() should be compatible with Think\Controller::show($content, $charset = '', $contentType = '', $prefix = '') E:\UPUPW_AP5.5-1510\UPUPW_AP5.5\vhosts\www.blog.com\Application\Home\Controller\IndexController.class.php 第 1382 行.
SQL: select title,content from blog_article where id=166 [ RunTime:0.0003s ]
INFO: [ view_parse ] --START--
INFO: [ template_filter ] --START--
INFO: Run Behavior\ContentReplaceBehavior [ RunTime:0.000032s ]
INFO: [ template_filter ] --END-- [ RunTime:0.000062s ]
NOTIC: [8] Undefined index: nickname E:\UPUPW_AP5.5-1510\UPUPW_AP5.5\vhosts\www.blog.com\Application\Runtime\Cache\Home\9202b8a559e0239229284b7a3a9b1b39.php 第 60 行.
NOTIC: [8] Undefined index: views E:\UPUPW_AP5.5-1510\UPUPW_AP5.5\vhosts\www.blog.com\Application\Runtime\Cache\Home\9202b8a559e0239229284b7a3a9b1b39.php 第 62 行.
NOTIC: [8] Undefined variable: pre E:\UPUPW_AP5.5-1510\UPUPW_AP5.5\vhosts\www.blog.com\Application\Runtime\Cache\Home\9202b8a559e0239229284b7a3a9b1b39.php 第 69 行.
NOTIC: [8] Undefined variable: pre E:\UPUPW_AP5.5-1510\UPUPW_AP5.5\vhosts\www.blog.com\Application\Runtime\Cache\Home\9202b8a559e0239229284b7a3a9b1b39.php 第 69 行.
NOTIC: [8] Undefined variable: next E:\UPUPW_AP5.5-1510\UPUPW_AP5.5\vhosts\www.blog.com\Application\Runtime\Cache\Home\9202b8a559e0239229284b7a3a9b1b39.php 第 70 行.
NOTIC: [8] Undefined variable: next E:\UPUPW_AP5.5-1510\UPUPW_AP5.5\vhosts\www.blog.com\Application\Runtime\Cache\Home\9202b8a559e0239229284b7a3a9b1b39.php 第 70 行.
INFO: Run Behavior\ParseTemplateBehavior [ RunTime:0.011166s ]
INFO: [ view_parse ] --END-- [ RunTime:0.011199s ]
INFO: [ view_filter ] --START--
INFO: Run Behavior\WriteHtmlCacheBehavior [ RunTime:0.002034s ]
INFO: [ view_filter ] --END-- [ RunTime:0.002059s ]
INFO: [ app_end ] --START--
INFO: Run Behavior\ShowPageTraceBehavior [ RunTime:0.002965s ]
INFO: [ app_end ] --END-- [ RunTime:0.003000s ]

[ 2022-02-02T22:23:59+08:00 ] 127.0.0.1 /home/index/showblog/id/166
INFO: [ app_init ] --START--
INFO: Run Behavior\BuildLiteBehavior [ RunTime:0.000008s ]
INFO: [ app_init ] --END-- [ RunTime:0.000415s ]
NOTIC: [8] Constant APP_DEBUG already defined E:\UPUPW_AP5.5-1510\UPUPW_AP5.5\vhosts\www.blog.com\Application\Home\Conf\config.php 第 4 行.
INFO: [ app_begin ] --START--
INFO: Run Behavior\ReadHtmlCacheBehavior [ RunTime:0.002217s ]
INFO: [ app_begin ] --END-- [ RunTime:0.002260s ]
NOTIC: [2048] Declaration of Home\Controller\IndexController::show() should be compatible with Think\Controller::show($content, $charset = '', $contentType = '', $prefix = '') E:\UPUPW_AP5.5-1510\UPUPW_AP5.5\vhosts\www.blog.com\Application\Home\Controller\IndexController.class.php 第 1382 行.
SQL: SHOW COLUMNS FROM `blog_article` [ RunTime:0.0031s ]
SQL: SHOW COLUMNS FROM `blog_article` [ RunTime:0.0022s ]
SQL: SELECT blog_article.id as id,`title`,`nickname`,`content`,`views` FROM `blog_article` INNER JOIN blog_user on blog_article.user_id=blog_user.id  WHERE ( blog_article.id=166 )  [ RunTime:0.0003s ]
INFO: [ view_parse ] --START--
INFO: [ template_filter ] --START--
INFO: Run Behavior\ContentReplaceBehavior [ RunTime:0.000035s ]
INFO: [ template_filter ] --END-- [ RunTime:0.000089s ]
NOTIC: [8] Undefined variable: data E:\UPUPW_AP5.5-1510\UPUPW_AP5.5\vhosts\www.blog.com\Application\Runtime\Cache\Home\9202b8a559e0239229284b7a3a9b1b39.php 第 55 行.
INFO: Run Behavior\ParseTemplateBehavior [ RunTime:0.012132s ]
INFO: [ view_parse ] --END-- [ RunTime:0.012167s ]
INFO: [ view_filter ] --START--
INFO: Run Behavior\WriteHtmlCacheBehavior [ RunTime:0.002411s ]
INFO: [ view_filter ] --END-- [ RunTime:0.002446s ]
INFO: [ app_end ] --START--
INFO: Run Behavior\ShowPageTraceBehavior [ RunTime:0.001989s ]
INFO: [ app_end ] --END-- [ RunTime:0.002015s ]

[ 2022-02-02T22:23:59+08:00 ] 127.0.0.1 /home/index/showblog/id/166
INFO: [ app_init ] --START--
INFO: Run Behavior\BuildLiteBehavior [ RunTime:0.000009s ]
INFO: [ app_init ] --END-- [ RunTime:0.000406s ]
NOTIC: [8] Constant APP_DEBUG already defined E:\UPUPW_AP5.5-1510\UPUPW_AP5.5\vhosts\www.blog.com\Application\Home\Conf\config.php 第 4 行.
INFO: [ app_begin ] --START--
INFO: Run Behavior\ReadHtmlCacheBehavior [ RunTime:0.002678s ]
INFO: [ app_begin ] --END-- [ RunTime:0.002799s ]
NOTIC: [2048] Declaration of Home\Controller\IndexController::show() should be compatible with Think\Controller::show($content, $charset = '', $contentType = '', $prefix = '') E:\UPUPW_AP5.5-1510\UPUPW_AP5.5\vhosts\www.blog.com\Application\Home\Controller\IndexController.class.php 第 1382 行.
SQL: SHOW COLUMNS FROM `blog_article` [ RunTime:0.0030s ]
SQL: SHOW COLUMNS FROM `blog_article` [ RunTime:0.0022s ]
SQL: SELECT blog_article.id as id,`title`,`nickname`,`content`,`views` FROM `blog_article` INNER JOIN blog_user on blog_article.user_id=blog_user.id  WHERE ( blog_article.id=166 )  [ RunTime:0.0002s ]
INFO: [ view_parse ] --START--
INFO: [ template_filter ] --START--
INFO: Run Behavior\ContentReplaceBehavior [ RunTime:0.000030s ]
INFO: [ template_filter ] --END-- [ RunTime:0.000062s ]
NOTIC: [8] Undefined variable: data E:\UPUPW_AP5.5-1510\UPUPW_AP5.5\vhosts\www.blog.com\Application\Runtime\Cache\Home\9202b8a559e0239229284b7a3a9b1b39.php 第 55 行.
INFO: Run Behavior\ParseTemplateBehavior [ RunTime:0.011678s ]
INFO: [ view_parse ] --END-- [ RunTime:0.011761s ]
INFO: [ view_filter ] --START--
INFO: Run Behavior\WriteHtmlCacheBehavior [ RunTime:0.002061s ]
INFO: [ view_filter ] --END-- [ RunTime:0.002097s ]
INFO: [ app_end ] --START--
INFO: Run Behavior\ShowPageTraceBehavior [ RunTime:0.002328s ]
INFO: [ app_end ] --END-- [ RunTime:0.002361s ]

[ 2022-02-02T22:24:00+08:00 ] 127.0.0.1 /home/index/showblog/id/166
INFO: [ app_init ] --START--
INFO: Run Behavior\BuildLiteBehavior [ RunTime:0.000008s ]
INFO: [ app_init ] --END-- [ RunTime:0.000411s ]
NOTIC: [8] Constant APP_DEBUG already defined E:\UPUPW_AP5.5-1510\UPUPW_AP5.5\vhosts\www.blog.com\Application\Home\Conf\config.php 第 4 行.
INFO: [ app_begin ] --START--
INFO: Run Behavior\ReadHtmlCacheBehavior [ RunTime:0.002065s ]
INFO: [ app_begin ] --END-- [ RunTime:0.002103s ]
NOTIC: [2048] Declaration of Home\Controller\IndexController::show() should be compatible with Think\Controller::show($content, $charset = '', $contentType = '', $prefix = '') E:\UPUPW_AP5.5-1510\UPUPW_AP5.5\vhosts\www.blog.com\Application\Home\Controller\IndexController.class.php 第 1382 行.
SQL: SHOW COLUMNS FROM `blog_article` [ RunTime:0.0044s ]
SQL: SHOW COLUMNS FROM `blog_article` [ RunTime:0.0025s ]
SQL: SELECT blog_article.id as id,`title`,`nickname`,`content`,`views` FROM `blog_article` INNER JOIN blog_user on blog_article.user_id=blog_user.id  WHERE ( blog_article.id=166 )  [ RunTime:0.0003s ]
INFO: [ view_parse ] --START--
INFO: [ template_filter ] --START--
INFO: Run Behavior\ContentReplaceBehavior [ RunTime:0.000030s ]
INFO: [ template_filter ] --END-- [ RunTime:0.000063s ]
NOTIC: [8] Undefined variable: data E:\UPUPW_AP5.5-1510\UPUPW_AP5.5\vhosts\www.blog.com\Application\Runtime\Cache\Home\9202b8a559e0239229284b7a3a9b1b39.php 第 55 行.
INFO: Run Behavior\ParseTemplateBehavior [ RunTime:0.011254s ]
INFO: [ view_parse ] --END-- [ RunTime:0.011291s ]
INFO: [ view_filter ] --START--
INFO: Run Behavior\WriteHtmlCacheBehavior [ RunTime:0.002010s ]
INFO: [ view_filter ] --END-- [ RunTime:0.002036s ]
INFO: [ app_end ] --START--
INFO: Run Behavior\ShowPageTraceBehavior [ RunTime:0.002457s ]
INFO: [ app_end ] --END-- [ RunTime:0.002491s ]

[ 2022-02-02T22:26:05+08:00 ] 127.0.0.1 /home/index/showblog/id/166
INFO: [ app_init ] --START--
INFO: Run Behavior\BuildLiteBehavior [ RunTime:0.000010s ]
INFO: [ app_init ] --END-- [ RunTime:0.000430s ]
NOTIC: [8] Constant APP_DEBUG already defined E:\UPUPW_AP5.5-1510\UPUPW_AP5.5\vhosts\www.blog.com\Application\Home\Conf\config.php 第 4 行.
INFO: [ app_begin ] --START--
INFO: Run Behavior\ReadHtmlCacheBehavior [ RunTime:0.001974s ]
INFO: [ app_begin ] --END-- [ RunTime:0.002013s ]
NOTIC: [2048] Declaration of Home\Controller\IndexController::show() should be compatible with Think\Controller::show($content, $charset = '', $contentType = '', $prefix = '') E:\UPUPW_AP5.5-1510\UPUPW_AP5.5\vhosts\www.blog.com\Application\Home\Controller\IndexController.class.php 第 1382 行.
SQL: select nickname,title,content,views,time from blog_article left join blog_user on blog_article.user_id=blog_user.id where  blog_article.id=166 [ RunTime:0.0002s ]
INFO: [ view_parse ] --START--
INFO: [ template_filter ] --START--
INFO: Run Behavior\ContentReplaceBehavior [ RunTime:0.000032s ]
INFO: [ template_filter ] --END-- [ RunTime:0.000075s ]
NOTIC: [8] Undefined variable: pre E:\UPUPW_AP5.5-1510\UPUPW_AP5.5\vhosts\www.blog.com\Application\Runtime\Cache\Home\9202b8a559e0239229284b7a3a9b1b39.php 第 69 行.
NOTIC: [8] Undefined variable: pre E:\UPUPW_AP5.5-1510\UPUPW_AP5.5\vhosts\www.blog.com\Application\Runtime\Cache\Home\9202b8a559e0239229284b7a3a9b1b39.php 第 69 行.
NOTIC: [8] Undefined variable: next E:\UPUPW_AP5.5-1510\UPUPW_AP5.5\vhosts\www.blog.com\Application\Runtime\Cache\Home\9202b8a559e0239229284b7a3a9b1b39.php 第 70 行.
NOTIC: [8] Undefined variable: next E:\UPUPW_AP5.5-1510\UPUPW_AP5.5\vhosts\www.blog.com\Application\Runtime\Cache\Home\9202b8a559e0239229284b7a3a9b1b39.php 第 70 行.
INFO: Run Behavior\ParseTemplateBehavior [ RunTime:0.012527s ]
INFO: [ view_parse ] --END-- [ RunTime:0.012561s ]
INFO: [ view_filter ] --START--
INFO: Run Behavior\WriteHtmlCacheBehavior [ RunTime:0.002106s ]
INFO: [ view_filter ] --END-- [ RunTime:0.002131s ]
INFO: [ app_end ] --START--
INFO: Run Behavior\ShowPageTraceBehavior [ RunTime:0.002027s ]
INFO: [ app_end ] --END-- [ RunTime:0.002053s ]

[ 2022-02-02T22:26:15+08:00 ] 127.0.0.1 /home/index/showblog/id/163
INFO: [ app_init ] --START--
INFO: Run Behavior\BuildLiteBehavior [ RunTime:0.000008s ]
INFO: [ app_init ] --END-- [ RunTime:0.000413s ]
NOTIC: [8] Constant APP_DEBUG already defined E:\UPUPW_AP5.5-1510\UPUPW_AP5.5\vhosts\www.blog.com\Application\Home\Conf\config.php 第 4 行.
INFO: [ app_begin ] --START--
INFO: Run Behavior\ReadHtmlCacheBehavior [ RunTime:0.002055s ]
INFO: [ app_begin ] --END-- [ RunTime:0.002101s ]
NOTIC: [2048] Declaration of Home\Controller\IndexController::show() should be compatible with Think\Controller::show($content, $charset = '', $contentType = '', $prefix = '') E:\UPUPW_AP5.5-1510\UPUPW_AP5.5\vhosts\www.blog.com\Application\Home\Controller\IndexController.class.php 第 1382 行.
SQL: select nickname,title,content,views,time from blog_article left join blog_user on blog_article.user_id=blog_user.id where  blog_article.id=163 [ RunTime:0.0004s ]
INFO: [ view_parse ] --START--
INFO: [ template_filter ] --START--
INFO: Run Behavior\ContentReplaceBehavior [ RunTime:0.000031s ]
INFO: [ template_filter ] --END-- [ RunTime:0.000065s ]
NOTIC: [8] Undefined variable: pre E:\UPUPW_AP5.5-1510\UPUPW_AP5.5\vhosts\www.blog.com\Application\Runtime\Cache\Home\9202b8a559e0239229284b7a3a9b1b39.php 第 69 行.
NOTIC: [8] Undefined variable: pre E:\UPUPW_AP5.5-1510\UPUPW_AP5.5\vhosts\www.blog.com\Application\Runtime\Cache\Home\9202b8a559e0239229284b7a3a9b1b39.php 第 69 行.
NOTIC: [8] Undefined variable: next E:\UPUPW_AP5.5-1510\UPUPW_AP5.5\vhosts\www.blog.com\Application\Runtime\Cache\Home\9202b8a559e0239229284b7a3a9b1b39.php 第 70 行.
NOTIC: [8] Undefined variable: next E:\UPUPW_AP5.5-1510\UPUPW_AP5.5\vhosts\www.blog.com\Application\Runtime\Cache\Home\9202b8a559e0239229284b7a3a9b1b39.php 第 70 行.
INFO: Run Behavior\ParseTemplateBehavior [ RunTime:0.012752s ]
INFO: [ view_parse ] --END-- [ RunTime:0.012789s ]
INFO: [ view_filter ] --START--
INFO: Run Behavior\WriteHtmlCacheBehavior [ RunTime:0.002050s ]
INFO: [ view_filter ] --END-- [ RunTime:0.002076s ]
INFO: [ app_end ] --START--
INFO: Run Behavior\ShowPageTraceBehavior [ RunTime:0.002069s ]
INFO: [ app_end ] --END-- [ RunTime:0.002103s ]

[ 2022-02-02T22:32:54+08:00 ] 127.0.0.1 /home/index/showblog/id/163
INFO: [ app_init ] --START--
INFO: Run Behavior\BuildLiteBehavior [ RunTime:0.000009s ]
INFO: [ app_init ] --END-- [ RunTime:0.000405s ]
NOTIC: [8] Constant APP_DEBUG already defined E:\UPUPW_AP5.5-1510\UPUPW_AP5.5\vhosts\www.blog.com\Application\Home\Conf\config.php 第 4 行.
INFO: [ app_begin ] --START--
INFO: Run Behavior\ReadHtmlCacheBehavior [ RunTime:0.001991s ]
INFO: [ app_begin ] --END-- [ RunTime:0.002029s ]
NOTIC: [2048] Declaration of Home\Controller\IndexController::show() should be compatible with Think\Controller::show($content, $charset = '', $contentType = '', $prefix = '') E:\UPUPW_AP5.5-1510\UPUPW_AP5.5\vhosts\www.blog.com\Application\Home\Controller\IndexController.class.php 第 1382 行.
SQL: select nickname,title,content,views,time from blog_article left join blog_user on blog_article.user_id=blog_user.id where  blog_article.id=163 [ RunTime:0.0004s ]
INFO: [ view_parse ] --START--
INFO: [ template_filter ] --START--
INFO: Run Behavior\ContentReplaceBehavior [ RunTime:0.000031s ]
INFO: [ template_filter ] --END-- [ RunTime:0.000063s ]
NOTIC: [8] Undefined variable: pre E:\UPUPW_AP5.5-1510\UPUPW_AP5.5\vhosts\www.blog.com\Application\Runtime\Cache\Home\9202b8a559e0239229284b7a3a9b1b39.php 第 72 行.
NOTIC: [8] Undefined variable: pre E:\UPUPW_AP5.5-1510\UPUPW_AP5.5\vhosts\www.blog.com\Application\Runtime\Cache\Home\9202b8a559e0239229284b7a3a9b1b39.php 第 72 行.
NOTIC: [8] Undefined variable: next E:\UPUPW_AP5.5-1510\UPUPW_AP5.5\vhosts\www.blog.com\Application\Runtime\Cache\Home\9202b8a559e0239229284b7a3a9b1b39.php 第 73 行.
NOTIC: [8] Undefined variable: next E:\UPUPW_AP5.5-1510\UPUPW_AP5.5\vhosts\www.blog.com\Application\Runtime\Cache\Home\9202b8a559e0239229284b7a3a9b1b39.php 第 73 行.
INFO: Run Behavior\ParseTemplateBehavior [ RunTime:0.013477s ]
INFO: [ view_parse ] --END-- [ RunTime:0.013510s ]
INFO: [ view_filter ] --START--
INFO: Run Behavior\WriteHtmlCacheBehavior [ RunTime:0.002025s ]
INFO: [ view_filter ] --END-- [ RunTime:0.002050s ]
INFO: [ app_end ] --START--
INFO: Run Behavior\ShowPageTraceBehavior [ RunTime:0.001999s ]
INFO: [ app_end ] --END-- [ RunTime:0.002024s ]

[ 2022-02-02T22:40:24+08:00 ] 127.0.0.1 /home/index/showblog/id/163
INFO: [ app_init ] --START--
INFO: Run Behavior\BuildLiteBehavior [ RunTime:0.000017s ]
INFO: [ app_init ] --END-- [ RunTime:0.000615s ]
NOTIC: [8] Constant APP_DEBUG already defined E:\UPUPW_AP5.5-1510\UPUPW_AP5.5\vhosts\www.blog.com\Application\Home\Conf\config.php 第 4 行.
INFO: [ app_begin ] --START--
INFO: Run Behavior\ReadHtmlCacheBehavior [ RunTime:0.001969s ]
INFO: [ app_begin ] --END-- [ RunTime:0.002002s ]
NOTIC: [2048] Declaration of Home\Controller\IndexController::show() should be compatible with Think\Controller::show($content, $charset = '', $contentType = '', $prefix = '') E:\UPUPW_AP5.5-1510\UPUPW_AP5.5\vhosts\www.blog.com\Application\Home\Controller\IndexController.class.php 第 1382 行.
SQL: select nickname,title,content,views,time from blog_article left join blog_user on blog_article.user_id=blog_user.id where  blog_article.id=163 [ RunTime:0.0015s ]
INFO: [ view_parse ] --START--
INFO: [ template_filter ] --START--
INFO: Run Behavior\ContentReplaceBehavior [ RunTime:0.000046s ]
INFO: [ template_filter ] --END-- [ RunTime:0.000096s ]
NOTIC: [8] Undefined variable: pre E:\UPUPW_AP5.5-1510\UPUPW_AP5.5\vhosts\www.blog.com\Application\Runtime\Cache\Home\9202b8a559e0239229284b7a3a9b1b39.php 第 70 行.
NOTIC: [8] Undefined variable: pre E:\UPUPW_AP5.5-1510\UPUPW_AP5.5\vhosts\www.blog.com\Application\Runtime\Cache\Home\9202b8a559e0239229284b7a3a9b1b39.php 第 70 行.
NOTIC: [8] Undefined variable: next E:\UPUPW_AP5.5-1510\UPUPW_AP5.5\vhosts\www.blog.com\Application\Runtime\Cache\Home\9202b8a559e0239229284b7a3a9b1b39.php 第 71 行.
NOTIC: [8] Undefined variable: next E:\UPUPW_AP5.5-1510\UPUPW_AP5.5\vhosts\www.blog.com\Application\Runtime\Cache\Home\9202b8a559e0239229284b7a3a9b1b39.php 第 71 行.
INFO: Run Behavior\ParseTemplateBehavior [ RunTime:0.024123s ]
INFO: [ view_parse ] --END-- [ RunTime:0.024213s ]
INFO: [ view_filter ] --START--
INFO: Run Behavior\WriteHtmlCacheBehavior [ RunTime:0.002370s ]
INFO: [ view_filter ] --END-- [ RunTime:0.002399s ]
INFO: [ app_end ] --START--
INFO: Run Behavior\ShowPageTraceBehavior [ RunTime:0.002238s ]
INFO: [ app_end ] --END-- [ RunTime:0.002266s ]

[ 2022-02-02T22:40:31+08:00 ] 127.0.0.1 /home/index/showblog/id/164
INFO: [ app_init ] --START--
INFO: Run Behavior\BuildLiteBehavior [ RunTime:0.000008s ]
INFO: [ app_init ] --END-- [ RunTime:0.000419s ]
NOTIC: [8] Constant APP_DEBUG already defined E:\UPUPW_AP5.5-1510\UPUPW_AP5.5\vhosts\www.blog.com\Application\Home\Conf\config.php 第 4 行.
INFO: [ app_begin ] --START--
INFO: Run Behavior\ReadHtmlCacheBehavior [ RunTime:0.002022s ]
INFO: [ app_begin ] --END-- [ RunTime:0.002057s ]
NOTIC: [2048] Declaration of Home\Controller\IndexController::show() should be compatible with Think\Controller::show($content, $charset = '', $contentType = '', $prefix = '') E:\UPUPW_AP5.5-1510\UPUPW_AP5.5\vhosts\www.blog.com\Application\Home\Controller\IndexController.class.php 第 1382 行.
SQL: select nickname,title,content,views,time from blog_article left join blog_user on blog_article.user_id=blog_user.id where  blog_article.id=164 [ RunTime:0.0003s ]
INFO: [ view_parse ] --START--
INFO: [ template_filter ] --START--
INFO: Run Behavior\ContentReplaceBehavior [ RunTime:0.000032s ]
INFO: [ template_filter ] --END-- [ RunTime:0.000069s ]
NOTIC: [8] Undefined variable: pre E:\UPUPW_AP5.5-1510\UPUPW_AP5.5\vhosts\www.blog.com\Application\Runtime\Cache\Home\9202b8a559e0239229284b7a3a9b1b39.php 第 70 行.
NOTIC: [8] Undefined variable: pre E:\UPUPW_AP5.5-1510\UPUPW_AP5.5\vhosts\www.blog.com\Application\Runtime\Cache\Home\9202b8a559e0239229284b7a3a9b1b39.php 第 70 行.
NOTIC: [8] Undefined variable: next E:\UPUPW_AP5.5-1510\UPUPW_AP5.5\vhosts\www.blog.com\Application\Runtime\Cache\Home\9202b8a559e0239229284b7a3a9b1b39.php 第 71 行.
NOTIC: [8] Undefined variable: next E:\UPUPW_AP5.5-1510\UPUPW_AP5.5\vhosts\www.blog.com\Application\Runtime\Cache\Home\9202b8a559e0239229284b7a3a9b1b39.php 第 71 行.
INFO: Run Behavior\ParseTemplateBehavior [ RunTime:0.012498s ]
INFO: [ view_parse ] --END-- [ RunTime:0.012537s ]
INFO: [ view_filter ] --START--
INFO: Run Behavior\WriteHtmlCacheBehavior [ RunTime:0.002059s ]
INFO: [ view_filter ] --END-- [ RunTime:0.002095s ]
INFO: [ app_end ] --START--
INFO: Run Behavior\ShowPageTraceBehavior [ RunTime:0.002039s ]
INFO: [ app_end ] --END-- [ RunTime:0.002086s ]

[ 2022-02-02T22:40:36+08:00 ] 127.0.0.1 /home/index/showblog/id/165
INFO: [ app_init ] --START--
INFO: Run Behavior\BuildLiteBehavior [ RunTime:0.000008s ]
INFO: [ app_init ] --END-- [ RunTime:0.000413s ]
NOTIC: [8] Constant APP_DEBUG already defined E:\UPUPW_AP5.5-1510\UPUPW_AP5.5\vhosts\www.blog.com\Application\Home\Conf\config.php 第 4 行.
INFO: [ app_begin ] --START--
INFO: Run Behavior\ReadHtmlCacheBehavior [ RunTime:0.002014s ]
INFO: [ app_begin ] --END-- [ RunTime:0.002045s ]
NOTIC: [2048] Declaration of Home\Controller\IndexController::show() should be compatible with Think\Controller::show($content, $charset = '', $contentType = '', $prefix = '') E:\UPUPW_AP5.5-1510\UPUPW_AP5.5\vhosts\www.blog.com\Application\Home\Controller\IndexController.class.php 第 1382 行.
SQL: select nickname,title,content,views,time from blog_article left join blog_user on blog_article.user_id=blog_user.id where  blog_article.id=165 [ RunTime:0.0003s ]
INFO: [ view_parse ] --START--
INFO: [ template_filter ] --START--
INFO: Run Behavior\ContentReplaceBehavior [ RunTime:0.000029s ]
INFO: [ template_filter ] --END-- [ RunTime:0.000062s ]
NOTIC: [8] Undefined variable: pre E:\UPUPW_AP5.5-1510\UPUPW_AP5.5\vhosts\www.blog.com\Application\Runtime\Cache\Home\9202b8a559e0239229284b7a3a9b1b39.php 第 70 行.
NOTIC: [8] Undefined variable: pre E:\UPUPW_AP5.5-1510\UPUPW_AP5.5\vhosts\www.blog.com\Application\Runtime\Cache\Home\9202b8a559e0239229284b7a3a9b1b39.php 第 70 行.
NOTIC: [8] Undefined variable: next E:\UPUPW_AP5.5-1510\UPUPW_AP5.5\vhosts\www.blog.com\Application\Runtime\Cache\Home\9202b8a559e0239229284b7a3a9b1b39.php 第 71 行.
NOTIC: [8] Undefined variable: next E:\UPUPW_AP5.5-1510\UPUPW_AP5.5\vhosts\www.blog.com\Application\Runtime\Cache\Home\9202b8a559e0239229284b7a3a9b1b39.php 第 71 行.
INFO: Run Behavior\ParseTemplateBehavior [ RunTime:0.011249s ]
INFO: [ view_parse ] --END-- [ RunTime:0.011291s ]
INFO: [ view_filter ] --START--
INFO: Run Behavior\WriteHtmlCacheBehavior [ RunTime:0.003180s ]
INFO: [ view_filter ] --END-- [ RunTime:0.003215s ]
INFO: [ app_end ] --START--
INFO: Run Behavior\ShowPageTraceBehavior [ RunTime:0.001999s ]
INFO: [ app_end ] --END-- [ RunTime:0.002025s ]

[ 2022-02-02T22:41:16+08:00 ] 127.0.0.1 /home/index/showblog/id/165
INFO: [ app_init ] --START--
INFO: Run Behavior\BuildLiteBehavior [ RunTime:0.000008s ]
INFO: [ app_init ] --END-- [ RunTime:0.000404s ]
NOTIC: [8] Constant APP_DEBUG already defined E:\UPUPW_AP5.5-1510\UPUPW_AP5.5\vhosts\www.blog.com\Application\Home\Conf\config.php 第 4 行.
INFO: [ app_begin ] --START--
INFO: Run Behavior\ReadHtmlCacheBehavior [ RunTime:0.001986s ]
INFO: [ app_begin ] --END-- [ RunTime:0.002026s ]
NOTIC: [2048] Declaration of Home\Controller\IndexController::show() should be compatible with Think\Controller::show($content, $charset = '', $contentType = '', $prefix = '') E:\UPUPW_AP5.5-1510\UPUPW_AP5.5\vhosts\www.blog.com\Application\Home\Controller\IndexController.class.php 第 1382 行.
SQL: select nickname,title,content,views,time from blog_article left join blog_user on blog_article.user_id=blog_user.id where  blog_article.id=165 [ RunTime:0.0006s ]
INFO: [ view_parse ] --START--
INFO: [ template_filter ] --START--
INFO: Run Behavior\ContentReplaceBehavior [ RunTime:0.000031s ]
INFO: [ template_filter ] --END-- [ RunTime:0.000065s ]
NOTIC: [8] Undefined variable: pre E:\UPUPW_AP5.5-1510\UPUPW_AP5.5\vhosts\www.blog.com\Application\Runtime\Cache\Home\9202b8a559e0239229284b7a3a9b1b39.php 第 71 行.
NOTIC: [8] Undefined variable: pre E:\UPUPW_AP5.5-1510\UPUPW_AP5.5\vhosts\www.blog.com\Application\Runtime\Cache\Home\9202b8a559e0239229284b7a3a9b1b39.php 第 71 行.
NOTIC: [8] Undefined variable: next E:\UPUPW_AP5.5-1510\UPUPW_AP5.5\vhosts\www.blog.com\Application\Runtime\Cache\Home\9202b8a559e0239229284b7a3a9b1b39.php 第 72 行.
NOTIC: [8] Undefined variable: next E:\UPUPW_AP5.5-1510\UPUPW_AP5.5\vhosts\www.blog.com\Application\Runtime\Cache\Home\9202b8a559e0239229284b7a3a9b1b39.php 第 72 行.
INFO: Run Behavior\ParseTemplateBehavior [ RunTime:0.011602s ]
INFO: [ view_parse ] --END-- [ RunTime:0.011641s ]
INFO: [ view_filter ] --START--
INFO: Run Behavior\WriteHtmlCacheBehavior [ RunTime:0.002633s ]
INFO: [ view_filter ] --END-- [ RunTime:0.002680s ]
INFO: [ app_end ] --START--
INFO: Run Behavior\ShowPageTraceBehavior [ RunTime:0.002248s ]
INFO: [ app_end ] --END-- [ RunTime:0.002302s ]

[ 2022-02-02T22:41:39+08:00 ] 127.0.0.1 /home/index/showblog/id/166
INFO: [ app_init ] --START--
INFO: Run Behavior\BuildLiteBehavior [ RunTime:0.000009s ]
INFO: [ app_init ] --END-- [ RunTime:0.000428s ]
NOTIC: [8] Constant APP_DEBUG already defined E:\UPUPW_AP5.5-1510\UPUPW_AP5.5\vhosts\www.blog.com\Application\Home\Conf\config.php 第 4 行.
INFO: [ app_begin ] --START--
INFO: Run Behavior\ReadHtmlCacheBehavior [ RunTime:0.002986s ]
INFO: [ app_begin ] --END-- [ RunTime:0.003044s ]
NOTIC: [2048] Declaration of Home\Controller\IndexController::show() should be compatible with Think\Controller::show($content, $charset = '', $contentType = '', $prefix = '') E:\UPUPW_AP5.5-1510\UPUPW_AP5.5\vhosts\www.blog.com\Application\Home\Controller\IndexController.class.php 第 1382 行.
SQL: select nickname,title,content,views,time from blog_article left join blog_user on blog_article.user_id=blog_user.id where  blog_article.id=166 [ RunTime:0.0003s ]
INFO: [ view_parse ] --START--
INFO: [ template_filter ] --START--
INFO: Run Behavior\ContentReplaceBehavior [ RunTime:0.000104s ]
INFO: [ template_filter ] --END-- [ RunTime:0.000215s ]
NOTIC: [8] Undefined variable: pre E:\UPUPW_AP5.5-1510\UPUPW_AP5.5\vhosts\www.blog.com\Application\Runtime\Cache\Home\9202b8a559e0239229284b7a3a9b1b39.php 第 71 行.
NOTIC: [8] Undefined variable: pre E:\UPUPW_AP5.5-1510\UPUPW_AP5.5\vhosts\www.blog.com\Application\Runtime\Cache\Home\9202b8a559e0239229284b7a3a9b1b39.php 第 71 行.
NOTIC: [8] Undefined variable: next E:\UPUPW_AP5.5-1510\UPUPW_AP5.5\vhosts\www.blog.com\Application\Runtime\Cache\Home\9202b8a559e0239229284b7a3a9b1b39.php 第 72 行.
NOTIC: [8] Undefined variable: next E:\UPUPW_AP5.5-1510\UPUPW_AP5.5\vhosts\www.blog.com\Application\Runtime\Cache\Home\9202b8a559e0239229284b7a3a9b1b39.php 第 72 行.
INFO: Run Behavior\ParseTemplateBehavior [ RunTime:0.016277s ]
INFO: [ view_parse ] --END-- [ RunTime:0.016321s ]
INFO: [ view_filter ] --START--
INFO: Run Behavior\WriteHtmlCacheBehavior [ RunTime:0.002376s ]
INFO: [ view_filter ] --END-- [ RunTime:0.002409s ]
INFO: [ app_end ] --START--
INFO: Run Behavior\ShowPageTraceBehavior [ RunTime:0.002044s ]
INFO: [ app_end ] --END-- [ RunTime:0.002074s ]

[ 2022-02-02T22:42:40+08:00 ] 127.0.0.1 /home/index/showblog/id/166
INFO: [ app_init ] --START--
INFO: Run Behavior\BuildLiteBehavior [ RunTime:0.000009s ]
INFO: [ app_init ] --END-- [ RunTime:0.000405s ]
NOTIC: [8] Constant APP_DEBUG already defined E:\UPUPW_AP5.5-1510\UPUPW_AP5.5\vhosts\www.blog.com\Application\Home\Conf\config.php 第 4 行.
INFO: [ app_begin ] --START--
INFO: Run Behavior\ReadHtmlCacheBehavior [ RunTime:0.001990s ]
INFO: [ app_begin ] --END-- [ RunTime:0.002032s ]
NOTIC: [2048] Declaration of Home\Controller\IndexController::show() should be compatible with Think\Controller::show($content, $charset = '', $contentType = '', $prefix = '') E:\UPUPW_AP5.5-1510\UPUPW_AP5.5\vhosts\www.blog.com\Application\Home\Controller\IndexController.class.php 第 1382 行.
SQL: select nickname,title,content,views,time from blog_article left join blog_user on blog_article.user_id=blog_user.id where  blog_article.id=166 [ RunTime:0.0017s ]
INFO: [ view_parse ] --START--
INFO: [ template_filter ] --START--
INFO: Run Behavior\ContentReplaceBehavior [ RunTime:0.000042s ]
INFO: [ template_filter ] --END-- [ RunTime:0.000088s ]
NOTIC: [8] Undefined variable: pre E:\UPUPW_AP5.5-1510\UPUPW_AP5.5\vhosts\www.blog.com\Application\Runtime\Cache\Home\9202b8a559e0239229284b7a3a9b1b39.php 第 71 行.
NOTIC: [8] Undefined variable: pre E:\UPUPW_AP5.5-1510\UPUPW_AP5.5\vhosts\www.blog.com\Application\Runtime\Cache\Home\9202b8a559e0239229284b7a3a9b1b39.php 第 71 行.
NOTIC: [8] Undefined variable: next E:\UPUPW_AP5.5-1510\UPUPW_AP5.5\vhosts\www.blog.com\Application\Runtime\Cache\Home\9202b8a559e0239229284b7a3a9b1b39.php 第 72 行.
NOTIC: [8] Undefined variable: next E:\UPUPW_AP5.5-1510\UPUPW_AP5.5\vhosts\www.blog.com\Application\Runtime\Cache\Home\9202b8a559e0239229284b7a3a9b1b39.php 第 72 行.
INFO: Run Behavior\ParseTemplateBehavior [ RunTime:0.023131s ]
INFO: [ view_parse ] --END-- [ RunTime:0.023200s ]
INFO: [ view_filter ] --START--
INFO: Run Behavior\WriteHtmlCacheBehavior [ RunTime:0.002369s ]
INFO: [ view_filter ] --END-- [ RunTime:0.002399s ]
INFO: [ app_end ] --START--
INFO: Run Behavior\ShowPageTraceBehavior [ RunTime:0.002219s ]
INFO: [ app_end ] --END-- [ RunTime:0.002245s ]

[ 2022-02-02T22:42:42+08:00 ] 127.0.0.1 /home/index/showblog/id/166
INFO: [ app_init ] --START--
INFO: Run Behavior\BuildLiteBehavior [ RunTime:0.000008s ]
INFO: [ app_init ] --END-- [ RunTime:0.000404s ]
NOTIC: [8] Constant APP_DEBUG already defined E:\UPUPW_AP5.5-1510\UPUPW_AP5.5\vhosts\www.blog.com\Application\Home\Conf\config.php 第 4 行.
INFO: [ app_begin ] --START--
INFO: Run Behavior\ReadHtmlCacheBehavior [ RunTime:0.002067s ]
INFO: [ app_begin ] --END-- [ RunTime:0.002118s ]
NOTIC: [2048] Declaration of Home\Controller\IndexController::show() should be compatible with Think\Controller::show($content, $charset = '', $contentType = '', $prefix = '') E:\UPUPW_AP5.5-1510\UPUPW_AP5.5\vhosts\www.blog.com\Application\Home\Controller\IndexController.class.php 第 1382 行.
SQL: select nickname,title,content,views,time from blog_article left join blog_user on blog_article.user_id=blog_user.id where  blog_article.id=166 [ RunTime:0.0004s ]
INFO: [ view_parse ] --START--
INFO: [ template_filter ] --START--
INFO: Run Behavior\ContentReplaceBehavior [ RunTime:0.000034s ]
INFO: [ template_filter ] --END-- [ RunTime:0.000073s ]
NOTIC: [8] Undefined variable: pre E:\UPUPW_AP5.5-1510\UPUPW_AP5.5\vhosts\www.blog.com\Application\Runtime\Cache\Home\9202b8a559e0239229284b7a3a9b1b39.php 第 71 行.
NOTIC: [8] Undefined variable: pre E:\UPUPW_AP5.5-1510\UPUPW_AP5.5\vhosts\www.blog.com\Application\Runtime\Cache\Home\9202b8a559e0239229284b7a3a9b1b39.php 第 71 行.
NOTIC: [8] Undefined variable: next E:\UPUPW_AP5.5-1510\UPUPW_AP5.5\vhosts\www.blog.com\Application\Runtime\Cache\Home\9202b8a559e0239229284b7a3a9b1b39.php 第 72 行.
NOTIC: [8] Undefined variable: next E:\UPUPW_AP5.5-1510\UPUPW_AP5.5\vhosts\www.blog.com\Application\Runtime\Cache\Home\9202b8a559e0239229284b7a3a9b1b39.php 第 72 行.
INFO: Run Behavior\ParseTemplateBehavior [ RunTime:0.011977s ]
INFO: [ view_parse ] --END-- [ RunTime:0.012011s ]
INFO: [ view_filter ] --START--
INFO: Run Behavior\WriteHtmlCacheBehavior [ RunTime:0.002257s ]
INFO: [ view_filter ] --END-- [ RunTime:0.002286s ]
INFO: [ app_end ] --START--
INFO: Run Behavior\ShowPageTraceBehavior [ RunTime:0.001968s ]
INFO: [ app_end ] --END-- [ RunTime:0.001994s ]

[ 2022-02-02T22:42:43+08:00 ] 127.0.0.1 /home/index/showblog/id/166
INFO: [ app_init ] --START--
INFO: Run Behavior\BuildLiteBehavior [ RunTime:0.000008s ]
INFO: [ app_init ] --END-- [ RunTime:0.000419s ]
NOTIC: [8] Constant APP_DEBUG already defined E:\UPUPW_AP5.5-1510\UPUPW_AP5.5\vhosts\www.blog.com\Application\Home\Conf\config.php 第 4 行.
INFO: [ app_begin ] --START--
INFO: Run Behavior\ReadHtmlCacheBehavior [ RunTime:0.002159s ]
INFO: [ app_begin ] --END-- [ RunTime:0.002210s ]
NOTIC: [2048] Declaration of Home\Controller\IndexController::show() should be compatible with Think\Controller::show($content, $charset = '', $contentType = '', $prefix = '') E:\UPUPW_AP5.5-1510\UPUPW_AP5.5\vhosts\www.blog.com\Application\Home\Controller\IndexController.class.php 第 1382 行.
SQL: select nickname,title,content,views,time from blog_article left join blog_user on blog_article.user_id=blog_user.id where  blog_article.id=166 [ RunTime:0.0003s ]
INFO: [ view_parse ] --START--
INFO: [ template_filter ] --START--
INFO: Run Behavior\ContentReplaceBehavior [ RunTime:0.000031s ]
INFO: [ template_filter ] --END-- [ RunTime:0.000066s ]
NOTIC: [8] Undefined variable: pre E:\UPUPW_AP5.5-1510\UPUPW_AP5.5\vhosts\www.blog.com\Application\Runtime\Cache\Home\9202b8a559e0239229284b7a3a9b1b39.php 第 71 行.
NOTIC: [8] Undefined variable: pre E:\UPUPW_AP5.5-1510\UPUPW_AP5.5\vhosts\www.blog.com\Application\Runtime\Cache\Home\9202b8a559e0239229284b7a3a9b1b39.php 第 71 行.
NOTIC: [8] Undefined variable: next E:\UPUPW_AP5.5-1510\UPUPW_AP5.5\vhosts\www.blog.com\Application\Runtime\Cache\Home\9202b8a559e0239229284b7a3a9b1b39.php 第 72 行.
NOTIC: [8] Undefined variable: next E:\UPUPW_AP5.5-1510\UPUPW_AP5.5\vhosts\www.blog.com\Application\Runtime\Cache\Home\9202b8a559e0239229284b7a3a9b1b39.php 第 72 行.
INFO: Run Behavior\ParseTemplateBehavior [ RunTime:0.011811s ]
INFO: [ view_parse ] --END-- [ RunTime:0.011843s ]
INFO: [ view_filter ] --START--
INFO: Run Behavior\WriteHtmlCacheBehavior [ RunTime:0.002079s ]
INFO: [ view_filter ] --END-- [ RunTime:0.002105s ]
INFO: [ app_end ] --START--
INFO: Run Behavior\ShowPageTraceBehavior [ RunTime:0.001968s ]
INFO: [ app_end ] --END-- [ RunTime:0.001992s ]

[ 2022-02-02T22:43:21+08:00 ] 127.0.0.1 /home/index/showblog/id/166
INFO: [ app_init ] --START--
INFO: Run Behavior\BuildLiteBehavior [ RunTime:0.000008s ]
INFO: [ app_init ] --END-- [ RunTime:0.000404s ]
NOTIC: [8] Constant APP_DEBUG already defined E:\UPUPW_AP5.5-1510\UPUPW_AP5.5\vhosts\www.blog.com\Application\Home\Conf\config.php 第 4 行.
INFO: [ app_begin ] --START--
INFO: Run Behavior\ReadHtmlCacheBehavior [ RunTime:0.002887s ]
INFO: [ app_begin ] --END-- [ RunTime:0.002933s ]
NOTIC: [2048] Declaration of Home\Controller\IndexController::show() should be compatible with Think\Controller::show($content, $charset = '', $contentType = '', $prefix = '') E:\UPUPW_AP5.5-1510\UPUPW_AP5.5\vhosts\www.blog.com\Application\Home\Controller\IndexController.class.php 第 1382 行.
SQL: select nickname,title,content,views,time from blog_article left join blog_user on blog_article.user_id=blog_user.id where  blog_article.id=166 [ RunTime:0.0003s ]
INFO: [ view_parse ] --START--
INFO: [ template_filter ] --START--
INFO: Run Behavior\ContentReplaceBehavior [ RunTime:0.000029s ]
INFO: [ template_filter ] --END-- [ RunTime:0.000060s ]
NOTIC: [8] Undefined variable: pre E:\UPUPW_AP5.5-1510\UPUPW_AP5.5\vhosts\www.blog.com\Application\Runtime\Cache\Home\9202b8a559e0239229284b7a3a9b1b39.php 第 71 行.
NOTIC: [8] Undefined variable: pre E:\UPUPW_AP5.5-1510\UPUPW_AP5.5\vhosts\www.blog.com\Application\Runtime\Cache\Home\9202b8a559e0239229284b7a3a9b1b39.php 第 71 行.
NOTIC: [8] Undefined variable: next E:\UPUPW_AP5.5-1510\UPUPW_AP5.5\vhosts\www.blog.com\Application\Runtime\Cache\Home\9202b8a559e0239229284b7a3a9b1b39.php 第 72 行.
NOTIC: [8] Undefined variable: next E:\UPUPW_AP5.5-1510\UPUPW_AP5.5\vhosts\www.blog.com\Application\Runtime\Cache\Home\9202b8a559e0239229284b7a3a9b1b39.php 第 72 行.
INFO: Run Behavior\ParseTemplateBehavior [ RunTime:0.011689s ]
INFO: [ view_parse ] --END-- [ RunTime:0.011726s ]
INFO: [ view_filter ] --START--
INFO: Run Behavior\WriteHtmlCacheBehavior [ RunTime:0.001995s ]
INFO: [ view_filter ] --END-- [ RunTime:0.002020s ]
INFO: [ app_end ] --START--
INFO: Run Behavior\ShowPageTraceBehavior [ RunTime:0.001991s ]
INFO: [ app_end ] --END-- [ RunTime:0.002016s ]

[ 2022-02-02T22:43:42+08:00 ] 127.0.0.1 /home/index/showblog/id/176
INFO: [ app_init ] --START--
INFO: Run Behavior\BuildLiteBehavior [ RunTime:0.000015s ]
INFO: [ app_init ] --END-- [ RunTime:0.000633s ]
NOTIC: [8] Constant APP_DEBUG already defined E:\UPUPW_AP5.5-1510\UPUPW_AP5.5\vhosts\www.blog.com\Application\Home\Conf\config.php 第 4 行.
INFO: [ app_begin ] --START--
INFO: Run Behavior\ReadHtmlCacheBehavior [ RunTime:0.003832s ]
INFO: [ app_begin ] --END-- [ RunTime:0.003901s ]
NOTIC: [2048] Declaration of Home\Controller\IndexController::show() should be compatible with Think\Controller::show($content, $charset = '', $contentType = '', $prefix = '') E:\UPUPW_AP5.5-1510\UPUPW_AP5.5\vhosts\www.blog.com\Application\Home\Controller\IndexController.class.php 第 1382 行.
SQL: select nickname,title,content,views,time from blog_article left join blog_user on blog_article.user_id=blog_user.id where  blog_article.id=176 [ RunTime:0.0002s ]
NOTIC: [8] Undefined offset: 0 E:\UPUPW_AP5.5-1510\UPUPW_AP5.5\vhosts\www.blog.com\Application\Home\Controller\IndexController.class.php 第 1451 行.
INFO: [ view_parse ] --START--
INFO: [ template_filter ] --START--
INFO: Run Behavior\ContentReplaceBehavior [ RunTime:0.000049s ]
INFO: [ template_filter ] --END-- [ RunTime:0.000111s ]
INFO: Run Behavior\ParseTemplateBehavior [ RunTime:0.013047s ]
INFO: [ view_parse ] --END-- [ RunTime:0.013095s ]
INFO: [ view_filter ] --START--
INFO: Run Behavior\WriteHtmlCacheBehavior [ RunTime:0.002012s ]
INFO: [ view_filter ] --END-- [ RunTime:0.002039s ]
INFO: [ app_end ] --START--
INFO: Run Behavior\ShowPageTraceBehavior [ RunTime:0.002216s ]
INFO: [ app_end ] --END-- [ RunTime:0.002246s ]

[ 2022-02-02T22:43:56+08:00 ] 127.0.0.1 /home/index/showblog/id/172
INFO: [ app_init ] --START--
INFO: Run Behavior\BuildLiteBehavior [ RunTime:0.000016s ]
INFO: [ app_init ] --END-- [ RunTime:0.000786s ]
NOTIC: [8] Constant APP_DEBUG already defined E:\UPUPW_AP5.5-1510\UPUPW_AP5.5\vhosts\www.blog.com\Application\Home\Conf\config.php 第 4 行.
INFO: [ app_begin ] --START--
INFO: Run Behavior\ReadHtmlCacheBehavior [ RunTime:0.003092s ]
INFO: [ app_begin ] --END-- [ RunTime:0.003161s ]
NOTIC: [2048] Declaration of Home\Controller\IndexController::show() should be compatible with Think\Controller::show($content, $charset = '', $contentType = '', $prefix = '') E:\UPUPW_AP5.5-1510\UPUPW_AP5.5\vhosts\www.blog.com\Application\Home\Controller\IndexController.class.php 第 1382 行.
SQL: select nickname,title,content,views,time from blog_article left join blog_user on blog_article.user_id=blog_user.id where  blog_article.id=172 [ RunTime:0.0003s ]
INFO: [ view_parse ] --START--
INFO: [ template_filter ] --START--
INFO: Run Behavior\ContentReplaceBehavior [ RunTime:0.000033s ]
INFO: [ template_filter ] --END-- [ RunTime:0.000072s ]
NOTIC: [8] Undefined variable: pre E:\UPUPW_AP5.5-1510\UPUPW_AP5.5\vhosts\www.blog.com\Application\Runtime\Cache\Home\9202b8a559e0239229284b7a3a9b1b39.php 第 71 行.
NOTIC: [8] Undefined variable: pre E:\UPUPW_AP5.5-1510\UPUPW_AP5.5\vhosts\www.blog.com\Application\Runtime\Cache\Home\9202b8a559e0239229284b7a3a9b1b39.php 第 71 行.
NOTIC: [8] Undefined variable: next E:\UPUPW_AP5.5-1510\UPUPW_AP5.5\vhosts\www.blog.com\Application\Runtime\Cache\Home\9202b8a559e0239229284b7a3a9b1b39.php 第 72 行.
NOTIC: [8] Undefined variable: next E:\UPUPW_AP5.5-1510\UPUPW_AP5.5\vhosts\www.blog.com\Application\Runtime\Cache\Home\9202b8a559e0239229284b7a3a9b1b39.php 第 72 行.
INFO: Run Behavior\ParseTemplateBehavior [ RunTime:0.012193s ]
INFO: [ view_parse ] --END-- [ RunTime:0.012232s ]
INFO: [ view_filter ] --START--
INFO: Run Behavior\WriteHtmlCacheBehavior [ RunTime:0.002023s ]
INFO: [ view_filter ] --END-- [ RunTime:0.002051s ]
INFO: [ app_end ] --START--
INFO: Run Behavior\ShowPageTraceBehavior [ RunTime:0.001979s ]
INFO: [ app_end ] --END-- [ RunTime:0.002003s ]

[ 2022-02-02T22:44:18+08:00 ] 127.0.0.1 /home/index/showblog/id/171
INFO: [ app_init ] --START--
INFO: Run Behavior\BuildLiteBehavior [ RunTime:0.000009s ]
INFO: [ app_init ] --END-- [ RunTime:0.000456s ]
NOTIC: [8] Constant APP_DEBUG already defined E:\UPUPW_AP5.5-1510\UPUPW_AP5.5\vhosts\www.blog.com\Application\Home\Conf\config.php 第 4 行.
INFO: [ app_begin ] --START--
INFO: Run Behavior\ReadHtmlCacheBehavior [ RunTime:0.003114s ]
INFO: [ app_begin ] --END-- [ RunTime:0.003165s ]
NOTIC: [2048] Declaration of Home\Controller\IndexController::show() should be compatible with Think\Controller::show($content, $charset = '', $contentType = '', $prefix = '') E:\UPUPW_AP5.5-1510\UPUPW_AP5.5\vhosts\www.blog.com\Application\Home\Controller\IndexController.class.php 第 1382 行.
SQL: select nickname,title,content,views,time from blog_article left join blog_user on blog_article.user_id=blog_user.id where  blog_article.id=171 [ RunTime:0.0003s ]
INFO: [ view_parse ] --START--
INFO: [ template_filter ] --START--
INFO: Run Behavior\ContentReplaceBehavior [ RunTime:0.000030s ]
INFO: [ template_filter ] --END-- [ RunTime:0.000067s ]
NOTIC: [8] Undefined variable: pre E:\UPUPW_AP5.5-1510\UPUPW_AP5.5\vhosts\www.blog.com\Application\Runtime\Cache\Home\9202b8a559e0239229284b7a3a9b1b39.php 第 71 行.
NOTIC: [8] Undefined variable: pre E:\UPUPW_AP5.5-1510\UPUPW_AP5.5\vhosts\www.blog.com\Application\Runtime\Cache\Home\9202b8a559e0239229284b7a3a9b1b39.php 第 71 行.
NOTIC: [8] Undefined variable: next E:\UPUPW_AP5.5-1510\UPUPW_AP5.5\vhosts\www.blog.com\Application\Runtime\Cache\Home\9202b8a559e0239229284b7a3a9b1b39.php 第 72 行.
NOTIC: [8] Undefined variable: next E:\UPUPW_AP5.5-1510\UPUPW_AP5.5\vhosts\www.blog.com\Application\Runtime\Cache\Home\9202b8a559e0239229284b7a3a9b1b39.php 第 72 行.
INFO: Run Behavior\ParseTemplateBehavior [ RunTime:0.012987s ]
INFO: [ view_parse ] --END-- [ RunTime:0.013022s ]
INFO: [ view_filter ] --START--
INFO: Run Behavior\WriteHtmlCacheBehavior [ RunTime:0.002114s ]
INFO: [ view_filter ] --END-- [ RunTime:0.002138s ]
INFO: [ app_end ] --START--
INFO: Run Behavior\ShowPageTraceBehavior [ RunTime:0.001971s ]
INFO: [ app_end ] --END-- [ RunTime:0.002026s ]

[ 2022-02-02T22:44:31+08:00 ] 127.0.0.1 /home/index/addblog
INFO: [ app_init ] --START--
INFO: Run Behavior\BuildLiteBehavior [ RunTime:0.000008s ]
INFO: [ app_init ] --END-- [ RunTime:0.000404s ]
NOTIC: [8] Constant APP_DEBUG already defined E:\UPUPW_AP5.5-1510\UPUPW_AP5.5\vhosts\www.blog.com\Application\Home\Conf\config.php 第 4 行.
INFO: [ app_begin ] --START--
INFO: Run Behavior\ReadHtmlCacheBehavior [ RunTime:0.001978s ]
INFO: [ app_begin ] --END-- [ RunTime:0.002020s ]
NOTIC: [2048] Declaration of Home\Controller\IndexController::show() should be compatible with Think\Controller::show($content, $charset = '', $contentType = '', $prefix = '') E:\UPUPW_AP5.5-1510\UPUPW_AP5.5\vhosts\www.blog.com\Application\Home\Controller\IndexController.class.php 第 1382 行.
SQL: select id,name from blog_type [ RunTime:0.0008s ]
INFO: [ view_parse ] --START--
INFO: [ template_filter ] --START--
INFO: Run Behavior\ContentReplaceBehavior [ RunTime:0.000034s ]
INFO: [ template_filter ] --END-- [ RunTime:0.000065s ]
INFO: Run Behavior\ParseTemplateBehavior [ RunTime:0.010514s ]
INFO: [ view_parse ] --END-- [ RunTime:0.010563s ]
INFO: [ view_filter ] --START--
INFO: Run Behavior\WriteHtmlCacheBehavior [ RunTime:0.001997s ]
INFO: [ view_filter ] --END-- [ RunTime:0.002022s ]
INFO: [ app_end ] --START--
INFO: Run Behavior\ShowPageTraceBehavior [ RunTime:0.003647s ]
INFO: [ app_end ] --END-- [ RunTime:0.003683s ]

[ 2022-02-02T22:46:36+08:00 ] 127.0.0.1 /home/index/addblogdata
INFO: [ app_init ] --START--
INFO: Run Behavior\BuildLiteBehavior [ RunTime:0.000029s ]
INFO: [ app_init ] --END-- [ RunTime:0.000424s ]
NOTIC: [8] Constant APP_DEBUG already defined E:\UPUPW_AP5.5-1510\UPUPW_AP5.5\vhosts\www.blog.com\Application\Home\Conf\config.php 第 4 行.
INFO: [ app_begin ] --START--
INFO: Run Behavior\ReadHtmlCacheBehavior [ RunTime:0.001971s ]
INFO: [ app_begin ] --END-- [ RunTime:0.002004s ]
NOTIC: [2048] Declaration of Home\Controller\IndexController::show() should be compatible with Think\Controller::show($content, $charset = '', $contentType = '', $prefix = '') E:\UPUPW_AP5.5-1510\UPUPW_AP5.5\vhosts\www.blog.com\Application\Home\Controller\IndexController.class.php 第 1382 行.
SQL: insert into blog_article(type_id,title,content,keywords,time) values('1',' 未知的 ; 不详的 ',' 未知的 ; 不详的 ; 未被确认的 ; 不出名的 ; 无名的 ; 从未发生的 ; 从不存在的 ; 未知的地方 ; 无名者 ; 不出名的人 ; 不明的情
 ```php
echo \'hello php\';
```
况 ; 未知的因素 ; 未知数
column 柱 ; 圆形石柱 ; 纪念柱 ; 圆柱状物 ; 柱形物 ; 栏 ; 专栏，栏目 ; 纵行 ; 长列，纵队
title 标题 ; 名称 ; 题目 ; 一种 ; 一本 ; 称号 ; 头衔 ; 职称 ; 称谓 ; 职位名称 ; 冠军 ; 所有权，所有权凭证，房地契 ; 加标题 ; 定题目
语句 sentence ; statement
sel 单事件锁定
 ```java
System.out.println( \'hello php\');
```','未被确认的 ; 不',CURDATE()) [ RunTime:0.2637s ]
INFO: [ view_parse ] --START--
INFO: [ template_filter ] --START--
INFO: Run Behavior\ContentReplaceBehavior [ RunTime:0.000049s ]
INFO: [ template_filter ] --END-- [ RunTime:0.000115s ]
INFO: Run Behavior\ParseTemplateBehavior [ RunTime:0.058650s ]
INFO: [ view_parse ] --END-- [ RunTime:0.058830s ]
INFO: [ view_filter ] --START--
INFO: Run Behavior\WriteHtmlCacheBehavior [ RunTime:0.003471s ]
INFO: [ view_filter ] --END-- [ RunTime:0.003516s ]
INFO: [ app_end ] --START--
INFO: Run Behavior\ShowPageTraceBehavior [ RunTime:0.003433s ]
INFO: [ app_end ] --END-- [ RunTime:0.003474s ]

[ 2022-02-02T22:46:37+08:00 ] 127.0.0.1 /home/index/addblog
INFO: [ app_init ] --START--
INFO: Run Behavior\BuildLiteBehavior [ RunTime:0.000012s ]
INFO: [ app_init ] --END-- [ RunTime:0.000403s ]
NOTIC: [8] Constant APP_DEBUG already defined E:\UPUPW_AP5.5-1510\UPUPW_AP5.5\vhosts\www.blog.com\Application\Home\Conf\config.php 第 4 行.
INFO: [ app_begin ] --START--
INFO: Run Behavior\ReadHtmlCacheBehavior [ RunTime:0.002003s ]
INFO: [ app_begin ] --END-- [ RunTime:0.002043s ]
NOTIC: [2048] Declaration of Home\Controller\IndexController::show() should be compatible with Think\Controller::show($content, $charset = '', $contentType = '', $prefix = '') E:\UPUPW_AP5.5-1510\UPUPW_AP5.5\vhosts\www.blog.com\Application\Home\Controller\IndexController.class.php 第 1382 行.
SQL: select id,name from blog_type [ RunTime:0.0003s ]
INFO: [ view_parse ] --START--
INFO: [ template_filter ] --START--
INFO: Run Behavior\ContentReplaceBehavior [ RunTime:0.000036s ]
INFO: [ template_filter ] --END-- [ RunTime:0.000070s ]
INFO: Run Behavior\ParseTemplateBehavior [ RunTime:0.010568s ]
INFO: [ view_parse ] --END-- [ RunTime:0.010631s ]
INFO: [ view_filter ] --START--
INFO: Run Behavior\WriteHtmlCacheBehavior [ RunTime:0.002056s ]
INFO: [ view_filter ] --END-- [ RunTime:0.002081s ]
INFO: [ app_end ] --START--
INFO: Run Behavior\ShowPageTraceBehavior [ RunTime:0.001966s ]
INFO: [ app_end ] --END-- [ RunTime:0.001991s ]

[ 2022-02-02T22:47:05+08:00 ] 127.0.0.1 /home/index/showblog/id/174
INFO: [ app_init ] --START--
INFO: Run Behavior\BuildLiteBehavior [ RunTime:0.000010s ]
INFO: [ app_init ] --END-- [ RunTime:0.000544s ]
NOTIC: [8] Constant APP_DEBUG already defined E:\UPUPW_AP5.5-1510\UPUPW_AP5.5\vhosts\www.blog.com\Application\Home\Conf\config.php 第 4 行.
INFO: [ app_begin ] --START--
INFO: Run Behavior\ReadHtmlCacheBehavior [ RunTime:0.003207s ]
INFO: [ app_begin ] --END-- [ RunTime:0.003334s ]
NOTIC: [2048] Declaration of Home\Controller\IndexController::show() should be compatible with Think\Controller::show($content, $charset = '', $contentType = '', $prefix = '') E:\UPUPW_AP5.5-1510\UPUPW_AP5.5\vhosts\www.blog.com\Application\Home\Controller\IndexController.class.php 第 1382 行.
SQL: select nickname,title,content,views,time from blog_article left join blog_user on blog_article.user_id=blog_user.id where  blog_article.id=174 [ RunTime:0.0003s ]
INFO: [ view_parse ] --START--
INFO: [ template_filter ] --START--
INFO: Run Behavior\ContentReplaceBehavior [ RunTime:0.000030s ]
INFO: [ template_filter ] --END-- [ RunTime:0.000077s ]
NOTIC: [8] Undefined variable: pre E:\UPUPW_AP5.5-1510\UPUPW_AP5.5\vhosts\www.blog.com\Application\Runtime\Cache\Home\9202b8a559e0239229284b7a3a9b1b39.php 第 71 行.
NOTIC: [8] Undefined variable: pre E:\UPUPW_AP5.5-1510\UPUPW_AP5.5\vhosts\www.blog.com\Application\Runtime\Cache\Home\9202b8a559e0239229284b7a3a9b1b39.php 第 71 行.
NOTIC: [8] Undefined variable: next E:\UPUPW_AP5.5-1510\UPUPW_AP5.5\vhosts\www.blog.com\Application\Runtime\Cache\Home\9202b8a559e0239229284b7a3a9b1b39.php 第 72 行.
NOTIC: [8] Undefined variable: next E:\UPUPW_AP5.5-1510\UPUPW_AP5.5\vhosts\www.blog.com\Application\Runtime\Cache\Home\9202b8a559e0239229284b7a3a9b1b39.php 第 72 行.
INFO: Run Behavior\ParseTemplateBehavior [ RunTime:0.012358s ]
INFO: [ view_parse ] --END-- [ RunTime:0.012403s ]
INFO: [ view_filter ] --START--
INFO: Run Behavior\WriteHtmlCacheBehavior [ RunTime:0.002003s ]
INFO: [ view_filter ] --END-- [ RunTime:0.002028s ]
INFO: [ app_end ] --START--
INFO: Run Behavior\ShowPageTraceBehavior [ RunTime:0.003189s ]
INFO: [ app_end ] --END-- [ RunTime:0.003225s ]

[ 2022-02-02T22:50:28+08:00 ] 127.0.0.1 /home/index/addblogdata
INFO: [ app_init ] --START--
INFO: Run Behavior\BuildLiteBehavior [ RunTime:0.000009s ]
INFO: [ app_init ] --END-- [ RunTime:0.000407s ]
NOTIC: [8] Constant APP_DEBUG already defined E:\UPUPW_AP5.5-1510\UPUPW_AP5.5\vhosts\www.blog.com\Application\Home\Conf\config.php 第 4 行.
INFO: [ app_begin ] --START--
INFO: Run Behavior\ReadHtmlCacheBehavior [ RunTime:0.002041s ]
INFO: [ app_begin ] --END-- [ RunTime:0.002081s ]
NOTIC: [2048] Declaration of Home\Controller\IndexController::show() should be compatible with Think\Controller::show($content, $charset = '', $contentType = '', $prefix = '') E:\UPUPW_AP5.5-1510\UPUPW_AP5.5\vhosts\www.blog.com\Application\Home\Controller\IndexController.class.php 第 1382 行.
SQL: insert into blog_article(type_id,title,content,keywords,time) values('1','java学习','### 未知的 ; 未知的 ; 不详的 ; 未被确认的 ; 不出名的 ; 无名的 ; 从未发生的 ; 从不存在的 ; 未知的地方 ; 无名者 ; 不出名的人 ; 不明的情
```php
echo \'hello php\';
dump(&quot;你说&quot;)；
```
况 ; 未知的因素 ; 未知数
1. column 柱 ; 圆形石柱 ; 纪念柱 ; 圆柱状物 ;1.  柱形物 ; 栏 ; 专栏，栏目 ; 纵行 ;
1. 长列，纵队
title 标题 ; 名称 ; 题目 ; 一种 ; 一本 ; 称号 ; 头衔 ; 职称 ; 称谓 ; 职位名称 ; 冠军 ; 所有权，所有权凭证，房地契 ; 加标题 ; 定题目
语句* sentence ; statement
sel 单事件锁定*

System.out.println(2022-02-02 22:50:21 星期三 \'hello php\');','',CURDATE()) [ RunTime:0.0935s ]
INFO: [ view_parse ] --START--
INFO: [ template_filter ] --START--
INFO: Run Behavior\ContentReplaceBehavior [ RunTime:0.000126s ]
INFO: [ template_filter ] --END-- [ RunTime:0.000238s ]
INFO: Run Behavior\ParseTemplateBehavior [ RunTime:0.034140s ]
INFO: [ view_parse ] --END-- [ RunTime:0.034245s ]
INFO: [ view_filter ] --START--
INFO: Run Behavior\WriteHtmlCacheBehavior [ RunTime:0.003718s ]
INFO: [ view_filter ] --END-- [ RunTime:0.003761s ]
INFO: [ app_end ] --START--
INFO: Run Behavior\ShowPageTraceBehavior [ RunTime:0.003267s ]
INFO: [ app_end ] --END-- [ RunTime:0.003319s ]

[ 2022-02-02T22:50:29+08:00 ] 127.0.0.1 /home/index/addblog
INFO: [ app_init ] --START--
INFO: Run Behavior\BuildLiteBehavior [ RunTime:0.000008s ]
INFO: [ app_init ] --END-- [ RunTime:0.000407s ]
NOTIC: [8] Constant APP_DEBUG already defined E:\UPUPW_AP5.5-1510\UPUPW_AP5.5\vhosts\www.blog.com\Application\Home\Conf\config.php 第 4 行.
INFO: [ app_begin ] --START--
INFO: Run Behavior\ReadHtmlCacheBehavior [ RunTime:0.002670s ]
INFO: [ app_begin ] --END-- [ RunTime:0.002727s ]
NOTIC: [2048] Declaration of Home\Controller\IndexController::show() should be compatible with Think\Controller::show($content, $charset = '', $contentType = '', $prefix = '') E:\UPUPW_AP5.5-1510\UPUPW_AP5.5\vhosts\www.blog.com\Application\Home\Controller\IndexController.class.php 第 1382 行.
SQL: select id,name from blog_type [ RunTime:0.0005s ]
INFO: [ view_parse ] --START--
INFO: [ template_filter ] --START--
INFO: Run Behavior\ContentReplaceBehavior [ RunTime:0.000048s ]
INFO: [ template_filter ] --END-- [ RunTime:0.000096s ]
INFO: Run Behavior\ParseTemplateBehavior [ RunTime:0.019293s ]
INFO: [ view_parse ] --END-- [ RunTime:0.019368s ]
INFO: [ view_filter ] --START--
INFO: Run Behavior\WriteHtmlCacheBehavior [ RunTime:0.002360s ]
INFO: [ view_filter ] --END-- [ RunTime:0.002390s ]
INFO: [ app_end ] --START--
INFO: Run Behavior\ShowPageTraceBehavior [ RunTime:0.002146s ]
INFO: [ app_end ] --END-- [ RunTime:0.002173s ]

[ 2022-02-02T22:50:37+08:00 ] 127.0.0.1 /home/index/showblog/id/175
INFO: [ app_init ] --START--
INFO: Run Behavior\BuildLiteBehavior [ RunTime:0.000018s ]
INFO: [ app_init ] --END-- [ RunTime:0.000778s ]
NOTIC: [8] Constant APP_DEBUG already defined E:\UPUPW_AP5.5-1510\UPUPW_AP5.5\vhosts\www.blog.com\Application\Home\Conf\config.php 第 4 行.
INFO: [ app_begin ] --START--
INFO: Run Behavior\ReadHtmlCacheBehavior [ RunTime:0.004695s ]
INFO: [ app_begin ] --END-- [ RunTime:0.004770s ]
NOTIC: [2048] Declaration of Home\Controller\IndexController::show() should be compatible with Think\Controller::show($content, $charset = '', $contentType = '', $prefix = '') E:\UPUPW_AP5.5-1510\UPUPW_AP5.5\vhosts\www.blog.com\Application\Home\Controller\IndexController.class.php 第 1382 行.
SQL: select nickname,title,content,views,time from blog_article left join blog_user on blog_article.user_id=blog_user.id where  blog_article.id=175 [ RunTime:0.0012s ]
INFO: [ view_parse ] --START--
INFO: [ template_filter ] --START--
INFO: Run Behavior\ContentReplaceBehavior [ RunTime:0.000046s ]
INFO: [ template_filter ] --END-- [ RunTime:0.000099s ]
NOTIC: [8] Undefined variable: pre E:\UPUPW_AP5.5-1510\UPUPW_AP5.5\vhosts\www.blog.com\Application\Runtime\Cache\Home\9202b8a559e0239229284b7a3a9b1b39.php 第 71 行.
NOTIC: [8] Undefined variable: pre E:\UPUPW_AP5.5-1510\UPUPW_AP5.5\vhosts\www.blog.com\Application\Runtime\Cache\Home\9202b8a559e0239229284b7a3a9b1b39.php 第 71 行.
NOTIC: [8] Undefined variable: next E:\UPUPW_AP5.5-1510\UPUPW_AP5.5\vhosts\www.blog.com\Application\Runtime\Cache\Home\9202b8a559e0239229284b7a3a9b1b39.php 第 72 行.
NOTIC: [8] Undefined variable: next E:\UPUPW_AP5.5-1510\UPUPW_AP5.5\vhosts\www.blog.com\Application\Runtime\Cache\Home\9202b8a559e0239229284b7a3a9b1b39.php 第 72 行.
INFO: Run Behavior\ParseTemplateBehavior [ RunTime:0.031778s ]
INFO: [ view_parse ] --END-- [ RunTime:0.031904s ]
INFO: [ view_filter ] --START--
INFO: Run Behavior\WriteHtmlCacheBehavior [ RunTime:0.002795s ]
INFO: [ view_filter ] --END-- [ RunTime:0.002826s ]
INFO: [ app_end ] --START--
INFO: Run Behavior\ShowPageTraceBehavior [ RunTime:0.002360s ]
INFO: [ app_end ] --END-- [ RunTime:0.002388s ]

[ 2022-02-02T23:00:54+08:00 ] 127.0.0.1 /home/index/showblog/id/175
INFO: [ app_init ] --START--
INFO: Run Behavior\BuildLiteBehavior [ RunTime:0.000009s ]
INFO: [ app_init ] --END-- [ RunTime:0.000417s ]
NOTIC: [8] Constant APP_DEBUG already defined E:\UPUPW_AP5.5-1510\UPUPW_AP5.5\vhosts\www.blog.com\Application\Home\Conf\config.php 第 4 行.
INFO: [ app_begin ] --START--
INFO: Run Behavior\ReadHtmlCacheBehavior [ RunTime:0.002066s ]
INFO: [ app_begin ] --END-- [ RunTime:0.002107s ]
NOTIC: [2048] Declaration of Home\Controller\IndexController::show() should be compatible with Think\Controller::show($content, $charset = '', $contentType = '', $prefix = '') E:\UPUPW_AP5.5-1510\UPUPW_AP5.5\vhosts\www.blog.com\Application\Home\Controller\IndexController.class.php 第 1382 行.
SQL: select nickname,title,content,views,time from blog_article left join blog_user on blog_article.user_id=blog_user.id where  blog_article.id=175 [ RunTime:0.0004s ]
INFO: [ view_parse ] --START--
INFO: [ template_filter ] --START--
INFO: Run Behavior\ContentReplaceBehavior [ RunTime:0.000032s ]
INFO: [ template_filter ] --END-- [ RunTime:0.000072s ]
NOTIC: [8] Undefined variable: pre E:\UPUPW_AP5.5-1510\UPUPW_AP5.5\vhosts\www.blog.com\Application\Runtime\Cache\Home\9202b8a559e0239229284b7a3a9b1b39.php 第 71 行.
NOTIC: [8] Undefined variable: pre E:\UPUPW_AP5.5-1510\UPUPW_AP5.5\vhosts\www.blog.com\Application\Runtime\Cache\Home\9202b8a559e0239229284b7a3a9b1b39.php 第 71 行.
NOTIC: [8] Undefined variable: next E:\UPUPW_AP5.5-1510\UPUPW_AP5.5\vhosts\www.blog.com\Application\Runtime\Cache\Home\9202b8a559e0239229284b7a3a9b1b39.php 第 72 行.
NOTIC: [8] Undefined variable: next E:\UPUPW_AP5.5-1510\UPUPW_AP5.5\vhosts\www.blog.com\Application\Runtime\Cache\Home\9202b8a559e0239229284b7a3a9b1b39.php 第 72 行.
INFO: Run Behavior\ParseTemplateBehavior [ RunTime:0.012107s ]
INFO: [ view_parse ] --END-- [ RunTime:0.012144s ]
INFO: [ view_filter ] --START--
INFO: Run Behavior\WriteHtmlCacheBehavior [ RunTime:0.001980s ]
INFO: [ view_filter ] --END-- [ RunTime:0.002006s ]
INFO: [ app_end ] --START--
INFO: Run Behavior\ShowPageTraceBehavior [ RunTime:0.001936s ]
INFO: [ app_end ] --END-- [ RunTime:0.001961s ]

