[ 2022-03-30T12:56:19+08:00 ] 127.0.0.1 /home/index/showblog/id/index.html
ERR: 1064:You have an error in your SQL syntax; check the manual that corresponds to your MariaDB server version for the right syntax to use near 'index )' at line 1
 [ SQLËØ≠Âè• ] : SELECT blog_article.id as id,`user_id`,`title`,`name`,`content`,`views`,`username`,`likes`,`comments`,`collects`,`time` FROM `blog_article` left join blog_type on blog_type.id=blog_article.type_id left join blog_user on blog_article.user_id= blog_user.id  WHERE ( blog_article.id=index ) 

[ 2022-03-30T12:56:31+08:00 ] 127.0.0.1 /home/index/showblog/id/index.html
ERR: 1064:You have an error in your SQL syntax; check the manual that corresponds to your MariaDB server version for the right syntax to use near 'index )' at line 1
 [ SQLËØ≠Âè• ] : SELECT blog_article.id as id,`user_id`,`title`,`name`,`content`,`views`,`username`,`likes`,`comments`,`collects`,`time` FROM `blog_article` left join blog_type on blog_type.id=blog_article.type_id left join blog_user on blog_article.user_id= blog_user.id  WHERE ( blog_article.id=index ) 

[ 2022-03-30T13:33:38+08:00 ] 127.0.0.1 /home/user/follow/fid/22
ERR: ÈùûÊ≥ïÊìç‰Ωú:follow

[ 2022-03-30T13:34:06+08:00 ] 127.0.0.1 /home/user/followi/fid/22
ERR: ÈùûÊ≥ïÊìç‰Ωú:followi

[ 2022-03-30T13:34:45+08:00 ] 127.0.0.1 /home/user/follow/fid/22
ERR: Array callback has to contain indices 0 and 1

[ 2022-03-30T13:34:52+08:00 ] 127.0.0.1 /home/user/follow/fid/22
ERR: Array callback has to contain indices 0 and 1

[ 2022-03-30T13:35:42+08:00 ] 127.0.0.1 /home/user/follow/fid/22
ERR: Array callback has to contain indices 0 and 1

[ 2022-03-30T13:35:42+08:00 ] 127.0.0.1 /home/user/follow/fid/22
ERR: Array callback has to contain indices 0 and 1

[ 2022-03-30T13:35:42+08:00 ] 127.0.0.1 /home/user/follow/fid/22
ERR: Array callback has to contain indices 0 and 1

[ 2022-03-30T13:35:43+08:00 ] 127.0.0.1 /home/user/follow/fid/22
ERR: Array callback has to contain indices 0 and 1

[ 2022-03-30T13:35:43+08:00 ] 127.0.0.1 /home/user/follow/fid/22
ERR: Array callback has to contain indices 0 and 1

[ 2022-03-30T13:35:45+08:00 ] 127.0.0.1 /home/user/follow/fid/22
ERR: Array callback has to contain indices 0 and 1

[ 2022-03-30T13:59:53+08:00 ] 127.0.0.1 /index.php/Home/Index/index.html
INFO: [ app_begin ] --START--
INFO: Run Behavior\ReadHtmlCacheBehavior [ RunTime:0.000103s ]
INFO: [ app_begin ] --END-- [ RunTime:0.000137s ]
SQL: SHOW COLUMNS FROM `blog_article` [ RunTime:0.0033s ]
SQL: SELECT COUNT(*) AS tp_count FROM `blog_article` LIMIT 1   [ RunTime:0.0003s ]
SQL: SHOW COLUMNS FROM `blog_article` [ RunTime:0.0031s ]
SQL: SELECT blog_article.id as id,`title`,`name`,`content`,`views`,`username`,`likes`,`comments`,`collects` FROM `blog_article` left join blog_type on blog_type.id=blog_article.type_id left join blog_user on blog_article.user_id= blog_user.id  ORDER BY blog_article.id desc,time desc LIMIT 0,10   [ RunTime:0.0004s ]
SQL: SHOW COLUMNS FROM `blog_user` [ RunTime:0.0034s ]
SQL: SELECT `pic` FROM `blog_user` WHERE ( id=21 )  [ RunTime:0.0003s ]
SQL: SHOW COLUMNS FROM `blog_article` [ RunTime:0.0042s ]
SQL: SELECT `id`,`title` FROM `blog_article` ORDER BY likes desc,comments desc LIMIT 10   [ RunTime:0.0003s ]
INFO: [ view_parse ] --START--
INFO: [ template_filter ] --START--
INFO: Run Behavior\ContentReplaceBehavior [ RunTime:0.000031s ]
INFO: [ template_filter ] --END-- [ RunTime:0.000053s ]
NOTIC: [8] Undefined variable: serid E:\UPUPW_AP7.2_1910_64\UPUPW_AP7.2_64\vhosts\www.blog.com\Application\Runtime\Cache\Home\2a94b8bda04ff446dcedd42276fc99ee.php Á¨¨ 90 Ë°å.
NOTIC: [8] Undefined variable: aid E:\UPUPW_AP7.2_1910_64\UPUPW_AP7.2_64\vhosts\www.blog.com\Application\Runtime\Cache\Home\2a94b8bda04ff446dcedd42276fc99ee.php Á¨¨ 132 Ë°å.
NOTIC: [8] Undefined variable: aid E:\UPUPW_AP7.2_1910_64\UPUPW_AP7.2_64\vhosts\www.blog.com\Application\Runtime\Cache\Home\2a94b8bda04ff446dcedd42276fc99ee.php Á¨¨ 132 Ë°å.
NOTIC: [8] Undefined variable: aid E:\UPUPW_AP7.2_1910_64\UPUPW_AP7.2_64\vhosts\www.blog.com\Application\Runtime\Cache\Home\2a94b8bda04ff446dcedd42276fc99ee.php Á¨¨ 132 Ë°å.
NOTIC: [8] Undefined variable: aid E:\UPUPW_AP7.2_1910_64\UPUPW_AP7.2_64\vhosts\www.blog.com\Application\Runtime\Cache\Home\2a94b8bda04ff446dcedd42276fc99ee.php Á¨¨ 132 Ë°å.
NOTIC: [8] Undefined variable: aid E:\UPUPW_AP7.2_1910_64\UPUPW_AP7.2_64\vhosts\www.blog.com\Application\Runtime\Cache\Home\2a94b8bda04ff446dcedd42276fc99ee.php Á¨¨ 132 Ë°å.
NOTIC: [8] Undefined variable: aid E:\UPUPW_AP7.2_1910_64\UPUPW_AP7.2_64\vhosts\www.blog.com\Application\Runtime\Cache\Home\2a94b8bda04ff446dcedd42276fc99ee.php Á¨¨ 132 Ë°å.
NOTIC: [8] Undefined variable: aid E:\UPUPW_AP7.2_1910_64\UPUPW_AP7.2_64\vhosts\www.blog.com\Application\Runtime\Cache\Home\2a94b8bda04ff446dcedd42276fc99ee.php Á¨¨ 132 Ë°å.
NOTIC: [8] Undefined variable: aid E:\UPUPW_AP7.2_1910_64\UPUPW_AP7.2_64\vhosts\www.blog.com\Application\Runtime\Cache\Home\2a94b8bda04ff446dcedd42276fc99ee.php Á¨¨ 132 Ë°å.
NOTIC: [8] Undefined variable: aid E:\UPUPW_AP7.2_1910_64\UPUPW_AP7.2_64\vhosts\www.blog.com\Application\Runtime\Cache\Home\2a94b8bda04ff446dcedd42276fc99ee.php Á¨¨ 132 Ë°å.
NOTIC: [8] Undefined variable: aid E:\UPUPW_AP7.2_1910_64\UPUPW_AP7.2_64\vhosts\www.blog.com\Application\Runtime\Cache\Home\2a94b8bda04ff446dcedd42276fc99ee.php Á¨¨ 132 Ë°å.
NOTIC: [8] Undefined variable: history E:\UPUPW_AP7.2_1910_64\UPUPW_AP7.2_64\vhosts\www.blog.com\Application\Runtime\Cache\Home\2a94b8bda04ff446dcedd42276fc99ee.php Á¨¨ 155 Ë°å.
INFO: Run Behavior\ParseTemplateBehavior [ RunTime:0.003061s ]
INFO: [ view_parse ] --END-- [ RunTime:0.003078s ]
INFO: [ view_filter ] --START--
INFO: Run Behavior\WriteHtmlCacheBehavior [ RunTime:0.000163s ]
INFO: [ view_filter ] --END-- [ RunTime:0.000182s ]
INFO: [ app_end ] --START--
INFO: Run Behavior\ShowPageTraceBehavior [ RunTime:0.000057s ]
INFO: [ app_end ] --END-- [ RunTime:0.000079s ]

[ 2022-03-30T14:00:14+08:00 ] 127.0.0.1 /index.php/Home/Index/index.html
INFO: [ app_begin ] --START--
INFO: Run Behavior\ReadHtmlCacheBehavior [ RunTime:0.000053s ]
INFO: [ app_begin ] --END-- [ RunTime:0.000078s ]
SQL: SHOW COLUMNS FROM `blog_article` [ RunTime:0.0023s ]
SQL: SELECT COUNT(*) AS tp_count FROM `blog_article` LIMIT 1   [ RunTime:0.0002s ]
SQL: SHOW COLUMNS FROM `blog_article` [ RunTime:0.0025s ]
SQL: SELECT blog_article.id as id,`title`,`name`,`content`,`views`,`username`,`likes`,`comments`,`collects` FROM `blog_article` left join blog_type on blog_type.id=blog_article.type_id left join blog_user on blog_article.user_id= blog_user.id  ORDER BY blog_article.id desc,time desc LIMIT 0,10   [ RunTime:0.0005s ]
SQL: SHOW COLUMNS FROM `blog_user` [ RunTime:0.0025s ]
SQL: SELECT `pic` FROM `blog_user` WHERE ( id=21 )  [ RunTime:0.0009s ]
SQL: SHOW COLUMNS FROM `blog_article` [ RunTime:0.0043s ]
SQL: SELECT `id`,`title` FROM `blog_article` ORDER BY likes desc,comments desc LIMIT 10   [ RunTime:0.0002s ]
INFO: [ view_parse ] --START--
INFO: [ template_filter ] --START--
INFO: Run Behavior\ContentReplaceBehavior [ RunTime:0.000044s ]
INFO: [ template_filter ] --END-- [ RunTime:0.000080s ]
NOTIC: [8] Undefined variable: serid E:\UPUPW_AP7.2_1910_64\UPUPW_AP7.2_64\vhosts\www.blog.com\Application\Runtime\Cache\Home\2a94b8bda04ff446dcedd42276fc99ee.php Á¨¨ 90 Ë°å.
NOTIC: [8] Undefined variable: aid E:\UPUPW_AP7.2_1910_64\UPUPW_AP7.2_64\vhosts\www.blog.com\Application\Runtime\Cache\Home\2a94b8bda04ff446dcedd42276fc99ee.php Á¨¨ 132 Ë°å.
NOTIC: [8] Undefined variable: aid E:\UPUPW_AP7.2_1910_64\UPUPW_AP7.2_64\vhosts\www.blog.com\Application\Runtime\Cache\Home\2a94b8bda04ff446dcedd42276fc99ee.php Á¨¨ 132 Ë°å.
NOTIC: [8] Undefined variable: aid E:\UPUPW_AP7.2_1910_64\UPUPW_AP7.2_64\vhosts\www.blog.com\Application\Runtime\Cache\Home\2a94b8bda04ff446dcedd42276fc99ee.php Á¨¨ 132 Ë°å.
NOTIC: [8] Undefined variable: aid E:\UPUPW_AP7.2_1910_64\UPUPW_AP7.2_64\vhosts\www.blog.com\Application\Runtime\Cache\Home\2a94b8bda04ff446dcedd42276fc99ee.php Á¨¨ 132 Ë°å.
NOTIC: [8] Undefined variable: aid E:\UPUPW_AP7.2_1910_64\UPUPW_AP7.2_64\vhosts\www.blog.com\Application\Runtime\Cache\Home\2a94b8bda04ff446dcedd42276fc99ee.php Á¨¨ 132 Ë°å.
NOTIC: [8] Undefined variable: aid E:\UPUPW_AP7.2_1910_64\UPUPW_AP7.2_64\vhosts\www.blog.com\Application\Runtime\Cache\Home\2a94b8bda04ff446dcedd42276fc99ee.php Á¨¨ 132 Ë°å.
NOTIC: [8] Undefined variable: aid E:\UPUPW_AP7.2_1910_64\UPUPW_AP7.2_64\vhosts\www.blog.com\Application\Runtime\Cache\Home\2a94b8bda04ff446dcedd42276fc99ee.php Á¨¨ 132 Ë°å.
NOTIC: [8] Undefined variable: aid E:\UPUPW_AP7.2_1910_64\UPUPW_AP7.2_64\vhosts\www.blog.com\Application\Runtime\Cache\Home\2a94b8bda04ff446dcedd42276fc99ee.php Á¨¨ 132 Ë°å.
NOTIC: [8] Undefined variable: aid E:\UPUPW_AP7.2_1910_64\UPUPW_AP7.2_64\vhosts\www.blog.com\Application\Runtime\Cache\Home\2a94b8bda04ff446dcedd42276fc99ee.php Á¨¨ 132 Ë°å.
NOTIC: [8] Undefined variable: aid E:\UPUPW_AP7.2_1910_64\UPUPW_AP7.2_64\vhosts\www.blog.com\Application\Runtime\Cache\Home\2a94b8bda04ff446dcedd42276fc99ee.php Á¨¨ 132 Ë°å.
NOTIC: [8] Undefined variable: history E:\UPUPW_AP7.2_1910_64\UPUPW_AP7.2_64\vhosts\www.blog.com\Application\Runtime\Cache\Home\2a94b8bda04ff446dcedd42276fc99ee.php Á¨¨ 155 Ë°å.
INFO: Run Behavior\ParseTemplateBehavior [ RunTime:0.002871s ]
INFO: [ view_parse ] --END-- [ RunTime:0.002886s ]
INFO: [ view_filter ] --START--
INFO: Run Behavior\WriteHtmlCacheBehavior [ RunTime:0.000069s ]
INFO: [ view_filter ] --END-- [ RunTime:0.000089s ]
INFO: [ app_end ] --START--
INFO: Run Behavior\ShowPageTraceBehavior [ RunTime:0.000076s ]
INFO: [ app_end ] --END-- [ RunTime:0.000098s ]

[ 2022-03-30T14:00:23+08:00 ] 127.0.0.1 /index.php/Home/Index/index.html
INFO: [ app_begin ] --START--
INFO: Run Behavior\ReadHtmlCacheBehavior [ RunTime:0.000032s ]
INFO: [ app_begin ] --END-- [ RunTime:0.000050s ]
SQL: SHOW COLUMNS FROM `blog_article` [ RunTime:0.0024s ]
SQL: SELECT COUNT(*) AS tp_count FROM `blog_article` LIMIT 1   [ RunTime:0.0003s ]
SQL: SHOW COLUMNS FROM `blog_article` [ RunTime:0.0063s ]
SQL: SELECT blog_article.id as id,`title`,`name`,`content`,`views`,`username`,`likes`,`comments`,`collects` FROM `blog_article` left join blog_type on blog_type.id=blog_article.type_id left join blog_user on blog_article.user_id= blog_user.id  ORDER BY blog_article.id desc,time desc LIMIT 0,10   [ RunTime:0.0026s ]
SQL: SHOW COLUMNS FROM `blog_user` [ RunTime:0.0032s ]
SQL: SELECT `pic` FROM `blog_user` WHERE ( id=21 )  [ RunTime:0.0002s ]
SQL: SHOW COLUMNS FROM `blog_article` [ RunTime:0.0020s ]
SQL: SELECT `id`,`title` FROM `blog_article` ORDER BY likes desc,comments desc LIMIT 10   [ RunTime:0.0002s ]
INFO: [ view_parse ] --START--
INFO: [ template_filter ] --START--
INFO: Run Behavior\ContentReplaceBehavior [ RunTime:0.000043s ]
INFO: [ template_filter ] --END-- [ RunTime:0.000078s ]
NOTIC: [8] Undefined variable: serid E:\UPUPW_AP7.2_1910_64\UPUPW_AP7.2_64\vhosts\www.blog.com\Application\Runtime\Cache\Home\2a94b8bda04ff446dcedd42276fc99ee.php Á¨¨ 90 Ë°å.
NOTIC: [8] Undefined variable: aid E:\UPUPW_AP7.2_1910_64\UPUPW_AP7.2_64\vhosts\www.blog.com\Application\Runtime\Cache\Home\2a94b8bda04ff446dcedd42276fc99ee.php Á¨¨ 132 Ë°å.
NOTIC: [8] Undefined variable: aid E:\UPUPW_AP7.2_1910_64\UPUPW_AP7.2_64\vhosts\www.blog.com\Application\Runtime\Cache\Home\2a94b8bda04ff446dcedd42276fc99ee.php Á¨¨ 132 Ë°å.
NOTIC: [8] Undefined variable: aid E:\UPUPW_AP7.2_1910_64\UPUPW_AP7.2_64\vhosts\www.blog.com\Application\Runtime\Cache\Home\2a94b8bda04ff446dcedd42276fc99ee.php Á¨¨ 132 Ë°å.
NOTIC: [8] Undefined variable: aid E:\UPUPW_AP7.2_1910_64\UPUPW_AP7.2_64\vhosts\www.blog.com\Application\Runtime\Cache\Home\2a94b8bda04ff446dcedd42276fc99ee.php Á¨¨ 132 Ë°å.
NOTIC: [8] Undefined variable: aid E:\UPUPW_AP7.2_1910_64\UPUPW_AP7.2_64\vhosts\www.blog.com\Application\Runtime\Cache\Home\2a94b8bda04ff446dcedd42276fc99ee.php Á¨¨ 132 Ë°å.
NOTIC: [8] Undefined variable: aid E:\UPUPW_AP7.2_1910_64\UPUPW_AP7.2_64\vhosts\www.blog.com\Application\Runtime\Cache\Home\2a94b8bda04ff446dcedd42276fc99ee.php Á¨¨ 132 Ë°å.
NOTIC: [8] Undefined variable: aid E:\UPUPW_AP7.2_1910_64\UPUPW_AP7.2_64\vhosts\www.blog.com\Application\Runtime\Cache\Home\2a94b8bda04ff446dcedd42276fc99ee.php Á¨¨ 132 Ë°å.
NOTIC: [8] Undefined variable: aid E:\UPUPW_AP7.2_1910_64\UPUPW_AP7.2_64\vhosts\www.blog.com\Application\Runtime\Cache\Home\2a94b8bda04ff446dcedd42276fc99ee.php Á¨¨ 132 Ë°å.
NOTIC: [8] Undefined variable: aid E:\UPUPW_AP7.2_1910_64\UPUPW_AP7.2_64\vhosts\www.blog.com\Application\Runtime\Cache\Home\2a94b8bda04ff446dcedd42276fc99ee.php Á¨¨ 132 Ë°å.
NOTIC: [8] Undefined variable: aid E:\UPUPW_AP7.2_1910_64\UPUPW_AP7.2_64\vhosts\www.blog.com\Application\Runtime\Cache\Home\2a94b8bda04ff446dcedd42276fc99ee.php Á¨¨ 132 Ë°å.
NOTIC: [8] Undefined variable: history E:\UPUPW_AP7.2_1910_64\UPUPW_AP7.2_64\vhosts\www.blog.com\Application\Runtime\Cache\Home\2a94b8bda04ff446dcedd42276fc99ee.php Á¨¨ 155 Ë°å.
INFO: Run Behavior\ParseTemplateBehavior [ RunTime:0.003113s ]
INFO: [ view_parse ] --END-- [ RunTime:0.003138s ]
INFO: [ view_filter ] --START--
INFO: Run Behavior\WriteHtmlCacheBehavior [ RunTime:0.000086s ]
INFO: [ view_filter ] --END-- [ RunTime:0.000104s ]
INFO: [ app_end ] --START--
INFO: Run Behavior\ShowPageTraceBehavior [ RunTime:0.000066s ]
INFO: [ app_end ] --END-- [ RunTime:0.000092s ]

[ 2022-03-30T14:02:43+08:00 ] 127.0.0.1 /index.php/Home/Index/index.html
INFO: [ app_begin ] --START--
INFO: Run Behavior\ReadHtmlCacheBehavior [ RunTime:0.000053s ]
INFO: [ app_begin ] --END-- [ RunTime:0.000081s ]
SQL: SHOW COLUMNS FROM `blog_article` [ RunTime:0.0036s ]
SQL: SELECT COUNT(*) AS tp_count FROM `blog_article` LIMIT 1   [ RunTime:0.0010s ]
SQL: SHOW COLUMNS FROM `blog_article` [ RunTime:0.0037s ]
SQL: SELECT blog_article.id as id,`title`,`name`,`content`,`views`,`username`,`likes`,`comments`,`collects` FROM `blog_article` left join blog_type on blog_type.id=blog_article.type_id left join blog_user on blog_article.user_id= blog_user.id  ORDER BY blog_article.id desc,time desc LIMIT 0,10   [ RunTime:0.0005s ]
SQL: SHOW COLUMNS FROM `blog_user` [ RunTime:0.0020s ]
SQL: SELECT `pic` FROM `blog_user` WHERE ( id=21 )  [ RunTime:0.0001s ]
SQL: SHOW COLUMNS FROM `blog_article` [ RunTime:0.0018s ]
SQL: SELECT `id`,`title` FROM `blog_article` ORDER BY likes desc,comments desc LIMIT 10   [ RunTime:0.0002s ]
INFO: [ view_parse ] --START--
INFO: [ template_filter ] --START--
INFO: Run Behavior\ContentReplaceBehavior [ RunTime:0.000029s ]
INFO: [ template_filter ] --END-- [ RunTime:0.000050s ]
NOTIC: [8] Undefined variable: serid E:\UPUPW_AP7.2_1910_64\UPUPW_AP7.2_64\vhosts\www.blog.com\Application\Runtime\Cache\Home\2a94b8bda04ff446dcedd42276fc99ee.php Á¨¨ 90 Ë°å.
NOTIC: [8] Undefined variable: aid E:\UPUPW_AP7.2_1910_64\UPUPW_AP7.2_64\vhosts\www.blog.com\Application\Runtime\Cache\Home\2a94b8bda04ff446dcedd42276fc99ee.php Á¨¨ 132 Ë°å.
NOTIC: [8] Undefined variable: aid E:\UPUPW_AP7.2_1910_64\UPUPW_AP7.2_64\vhosts\www.blog.com\Application\Runtime\Cache\Home\2a94b8bda04ff446dcedd42276fc99ee.php Á¨¨ 132 Ë°å.
NOTIC: [8] Undefined variable: aid E:\UPUPW_AP7.2_1910_64\UPUPW_AP7.2_64\vhosts\www.blog.com\Application\Runtime\Cache\Home\2a94b8bda04ff446dcedd42276fc99ee.php Á¨¨ 132 Ë°å.
NOTIC: [8] Undefined variable: aid E:\UPUPW_AP7.2_1910_64\UPUPW_AP7.2_64\vhosts\www.blog.com\Application\Runtime\Cache\Home\2a94b8bda04ff446dcedd42276fc99ee.php Á¨¨ 132 Ë°å.
NOTIC: [8] Undefined variable: aid E:\UPUPW_AP7.2_1910_64\UPUPW_AP7.2_64\vhosts\www.blog.com\Application\Runtime\Cache\Home\2a94b8bda04ff446dcedd42276fc99ee.php Á¨¨ 132 Ë°å.
NOTIC: [8] Undefined variable: aid E:\UPUPW_AP7.2_1910_64\UPUPW_AP7.2_64\vhosts\www.blog.com\Application\Runtime\Cache\Home\2a94b8bda04ff446dcedd42276fc99ee.php Á¨¨ 132 Ë°å.
NOTIC: [8] Undefined variable: aid E:\UPUPW_AP7.2_1910_64\UPUPW_AP7.2_64\vhosts\www.blog.com\Application\Runtime\Cache\Home\2a94b8bda04ff446dcedd42276fc99ee.php Á¨¨ 132 Ë°å.
NOTIC: [8] Undefined variable: aid E:\UPUPW_AP7.2_1910_64\UPUPW_AP7.2_64\vhosts\www.blog.com\Application\Runtime\Cache\Home\2a94b8bda04ff446dcedd42276fc99ee.php Á¨¨ 132 Ë°å.
NOTIC: [8] Undefined variable: aid E:\UPUPW_AP7.2_1910_64\UPUPW_AP7.2_64\vhosts\www.blog.com\Application\Runtime\Cache\Home\2a94b8bda04ff446dcedd42276fc99ee.php Á¨¨ 132 Ë°å.
NOTIC: [8] Undefined variable: aid E:\UPUPW_AP7.2_1910_64\UPUPW_AP7.2_64\vhosts\www.blog.com\Application\Runtime\Cache\Home\2a94b8bda04ff446dcedd42276fc99ee.php Á¨¨ 132 Ë°å.
NOTIC: [8] Undefined variable: history E:\UPUPW_AP7.2_1910_64\UPUPW_AP7.2_64\vhosts\www.blog.com\Application\Runtime\Cache\Home\2a94b8bda04ff446dcedd42276fc99ee.php Á¨¨ 155 Ë°å.
INFO: Run Behavior\ParseTemplateBehavior [ RunTime:0.002751s ]
INFO: [ view_parse ] --END-- [ RunTime:0.002764s ]
INFO: [ view_filter ] --START--
INFO: Run Behavior\WriteHtmlCacheBehavior [ RunTime:0.000045s ]
INFO: [ view_filter ] --END-- [ RunTime:0.000053s ]
INFO: [ app_end ] --START--
INFO: Run Behavior\ShowPageTraceBehavior [ RunTime:0.000034s ]
INFO: [ app_end ] --END-- [ RunTime:0.000044s ]

[ 2022-03-30T14:03:57+08:00 ] 127.0.0.1 /index.php/home/user/follow.html
INFO: [ app_begin ] --START--
INFO: Run Behavior\ReadHtmlCacheBehavior [ RunTime:0.000053s ]
INFO: [ app_begin ] --END-- [ RunTime:0.000080s ]
SQL: SHOW COLUMNS FROM `blog_follow` [ RunTime:0.0043s ]
SQL: INSERT INTO `blog_follow` (`user_id`,`follow_id`,`time`) VALUES ('21','0','2022-03-30 ') [ RunTime:0.0259s ]

[ 2022-03-30T14:04:38+08:00 ] 127.0.0.1 /index.php/home/user/follow.html
INFO: [ app_begin ] --START--
INFO: Run Behavior\ReadHtmlCacheBehavior [ RunTime:0.000058s ]
INFO: [ app_begin ] --END-- [ RunTime:0.000092s ]
SQL: SHOW COLUMNS FROM `blog_follow` [ RunTime:0.0068s ]
SQL: INSERT INTO `blog_follow` (`user_id`,`follow_id`,`time`) VALUES ('24','0','2022-03-30 ') [ RunTime:0.0232s ]

[ 2022-03-30T14:04:42+08:00 ] 127.0.0.1 /index.php/home/user/follow.html
INFO: [ app_begin ] --START--
INFO: Run Behavior\ReadHtmlCacheBehavior [ RunTime:0.000053s ]
INFO: [ app_begin ] --END-- [ RunTime:0.000081s ]
SQL: SHOW COLUMNS FROM `blog_follow` [ RunTime:0.0029s ]
SQL: INSERT INTO `blog_follow` (`user_id`,`follow_id`,`time`) VALUES ('24','0','2022-03-30 ') [ RunTime:0.0190s ]

[ 2022-03-30T14:04:43+08:00 ] 127.0.0.1 /home/index/showblog/id/214
ERR: 2006:MySQL server has gone away
 [ SQLËØ≠Âè• ] : UPDATE `blog_article` SET `views`=views+1 WHERE ( id=214 )

[ 2022-03-30T14:04:54+08:00 ] 127.0.0.1 /home/index/showblog/id/214
ERR: SQLSTATE[HY000] [2002] ”…”⁄ƒø±Íº∆À„ª˙ª˝º´æ‹æ¯£¨Œﬁ∑®¡¨Ω”°£


[ 2022-03-30T14:05:00+08:00 ] 127.0.0.1 /home/index/showblog/id/214
ERR: SQLSTATE[HY000] [2002] ”…”⁄ƒø±Íº∆À„ª˙ª˝º´æ‹æ¯£¨Œﬁ∑®¡¨Ω”°£


[ 2022-03-30T14:05:12+08:00 ] 127.0.0.1 /index.php/Home/index/index.html
ERR: SQLSTATE[HY000] [2002] ”…”⁄ƒø±Íº∆À„ª˙ª˝º´æ‹æ¯£¨Œﬁ∑®¡¨Ω”°£


[ 2022-03-30T14:05:14+08:00 ] 127.0.0.1 /home/index/showblog/id/212
ERR: SQLSTATE[HY000] [2002] ”…”⁄ƒø±Íº∆À„ª˙ª˝º´æ‹æ¯£¨Œﬁ∑®¡¨Ω”°£


[ 2022-03-30T14:07:14+08:00 ] 127.0.0.1 /home/index/showblog/id/212
ERR: SQLSTATE[HY000] [2002] ”…”⁄ƒø±Íº∆À„ª˙ª˝º´æ‹æ¯£¨Œﬁ∑®¡¨Ω”°£


[ 2022-03-30T14:07:48+08:00 ] 127.0.0.1 /home/index/showblog/id/212
ERR: SQLSTATE[HY000] [2002] ”…”⁄ƒø±Íº∆À„ª˙ª˝º´æ‹æ¯£¨Œﬁ∑®¡¨Ω”°£


[ 2022-03-30T14:07:53+08:00 ] 127.0.0.1 /index.php/Home/index/index.html
ERR: SQLSTATE[HY000] [2002] ”…”⁄ƒø±Íº∆À„ª˙ª˝º´æ‹æ¯£¨Œﬁ∑®¡¨Ω”°£


[ 2022-03-30T14:07:59+08:00 ] 127.0.0.1 /home/
ERR: SQLSTATE[HY000] [2002] ”…”⁄ƒø±Íº∆À„ª˙ª˝º´æ‹æ¯£¨Œﬁ∑®¡¨Ω”°£


[ 2022-03-30T14:08:08+08:00 ] 127.0.0.1 /home/
ERR: SQLSTATE[HY000] [2002] ”…”⁄ƒø±Íº∆À„ª˙ª˝º´æ‹æ¯£¨Œﬁ∑®¡¨Ω”°£


[ 2022-03-30T14:08:14+08:00 ] 127.0.0.1 /home/
ERR: SQLSTATE[HY000] [2002] ”…”⁄ƒø±Íº∆À„ª˙ª˝º´æ‹æ¯£¨Œﬁ∑®¡¨Ω”°£


[ 2022-03-30T14:08:16+08:00 ] 127.0.0.1 /home/index/showblog/id/212
ERR: SQLSTATE[HY000] [2002] ”…”⁄ƒø±Íº∆À„ª˙ª˝º´æ‹æ¯£¨Œﬁ∑®¡¨Ω”°£


[ 2022-03-30T14:10:14+08:00 ] 127.0.0.1 /home/index/showblog/id/212
ERR: SQLSTATE[HY000] [2002] ”…”⁄ƒø±Íº∆À„ª˙ª˝º´æ‹æ¯£¨Œﬁ∑®¡¨Ω”°£


[ 2022-03-30T14:10:22+08:00 ] 127.0.0.1 /index.php/Home/index/index.html
ERR: SQLSTATE[HY000] [2002] ”…”⁄ƒø±Íº∆À„ª˙ª˝º´æ‹æ¯£¨Œﬁ∑®¡¨Ω”°£


[ 2022-03-30T14:10:29+08:00 ] 127.0.0.1 /index.php
ERR: SQLSTATE[HY000] [2002] ”…”⁄ƒø±Íº∆À„ª˙ª˝º´æ‹æ¯£¨Œﬁ∑®¡¨Ω”°£


[ 2022-03-30T14:11:23+08:00 ] 127.0.0.1 /index.php
ERR: SQLSTATE[HY000] [2002] ”…”⁄ƒø±Íº∆À„ª˙ª˝º´æ‹æ¯£¨Œﬁ∑®¡¨Ω”°£


[ 2022-03-30T14:11:27+08:00 ] 127.0.0.1 /
ERR: SQLSTATE[HY000] [2002] ”…”⁄ƒø±Íº∆À„ª˙ª˝º´æ‹æ¯£¨Œﬁ∑®¡¨Ω”°£


[ 2022-03-30T14:13:06+08:00 ] 127.0.0.1 /
ERR: SQLSTATE[HY000] [2002] ”…”⁄ƒø±Íº∆À„ª˙ª˝º´æ‹æ¯£¨Œﬁ∑®¡¨Ω”°£


[ 2022-03-30T14:13:35+08:00 ] 127.0.0.1 /home/admin/login
ERR: SQLSTATE[HY000] [2002] ”…”⁄ƒø±Íº∆À„ª˙ª˝º´æ‹æ¯£¨Œﬁ∑®¡¨Ω”°£


[ 2022-03-30T14:15:52+08:00 ] 127.0.0.1 /
ERR: SQLSTATE[HY000] [2002] ”…”⁄ƒø±Íº∆À„ª˙ª˝º´æ‹æ¯£¨Œﬁ∑®¡¨Ω”°£


[ 2022-03-30T14:16:07+08:00 ] 127.0.0.1 /home/index
ERR: SQLSTATE[HY000] [2002] ”…”⁄ƒø±Íº∆À„ª˙ª˝º´æ‹æ¯£¨Œﬁ∑®¡¨Ω”°£


[ 2022-03-30T14:16:23+08:00 ] 127.0.0.1 /home/index/addblog
ERR: SQLSTATE[HY000] [2002] ”…”⁄ƒø±Íº∆À„ª˙ª˝º´æ‹æ¯£¨Œﬁ∑®¡¨Ω”°£


[ 2022-03-30T14:16:49+08:00 ] 127.0.0.1 /home/admin/login
ERR: SQLSTATE[HY000] [2002] ”…”⁄ƒø±Íº∆À„ª˙ª˝º´æ‹æ¯£¨Œﬁ∑®¡¨Ω”°£


[ 2022-03-30T14:17:30+08:00 ] 127.0.0.1 /home/admin/login
ERR: SQLSTATE[HY000] [2002] ”…”⁄ƒø±Íº∆À„ª˙ª˝º´æ‹æ¯£¨Œﬁ∑®¡¨Ω”°£


[ 2022-03-30T14:17:42+08:00 ] 127.0.0.1 /
ERR: SQLSTATE[HY000] [2002] ”…”⁄ƒø±Íº∆À„ª˙ª˝º´æ‹æ¯£¨Œﬁ∑®¡¨Ω”°£


[ 2022-03-30T14:24:11+08:00 ] 127.0.0.1 /index.php/home/user/follow.html
INFO: [ app_begin ] --START--
INFO: Run Behavior\ReadHtmlCacheBehavior [ RunTime:0.000060s ]
INFO: [ app_begin ] --END-- [ RunTime:0.000093s ]
SQL: SHOW COLUMNS FROM `blog_follow` [ RunTime:0.0094s ]
SQL: INSERT INTO `blog_follow` (`user_id`,`follow_id`,`time`) VALUES ('24','0','2022-03-30 ') [ RunTime:0.0262s ]

[ 2022-03-30T14:24:18+08:00 ] 127.0.0.1 /index.php/home/user/follow.html
INFO: [ app_begin ] --START--
INFO: Run Behavior\ReadHtmlCacheBehavior [ RunTime:0.000029s ]
INFO: [ app_begin ] --END-- [ RunTime:0.000045s ]
SQL: SHOW COLUMNS FROM `blog_follow` [ RunTime:0.0022s ]
SQL: INSERT INTO `blog_follow` (`user_id`,`follow_id`,`time`) VALUES ('24','0','2022-03-30 ') [ RunTime:0.0291s ]

[ 2022-03-30T14:26:49+08:00 ] 127.0.0.1 /index.php/home/user/follow.html
INFO: [ app_begin ] --START--
INFO: Run Behavior\ReadHtmlCacheBehavior [ RunTime:0.000036s ]
INFO: [ app_begin ] --END-- [ RunTime:0.000054s ]
SQL: SHOW COLUMNS FROM `blog_follow` [ RunTime:0.0047s ]
SQL: INSERT INTO `blog_follow` (`user_id`,`follow_id`,`time`) VALUES ('24','0','2022-03-30 ') [ RunTime:0.0186s ]

[ 2022-03-30T14:41:59+08:00 ] 127.0.0.1 /home/User/followMe
ERR: 1066:Not unique table/alias: 'blog_user'
 [ SQLËØ≠Âè• ] : SELECT blog_follow.id as id,`username` FROM `blog_user` left join blog_user on blog_user.id=blog_follow.follow_id  WHERE ( user_id=24 ) 

[ 2022-03-30T14:42:33+08:00 ] 127.0.0.1 /home/User/followMe
ERR: 1066:Not unique table/alias: 'blog_user'
 [ SQLËØ≠Âè• ] : SELECT blog_follow.id as id,`username` FROM `blog_user` left join blog_user on blog_user.id=blog_follow.follow_id  WHERE ( user_id=24 ) 

[ 2022-03-30T14:42:37+08:00 ] 127.0.0.1 /home/User/followMe
ERR: 1066:Not unique table/alias: 'blog_user'
 [ SQLËØ≠Âè• ] : SELECT blog_follow.id as id,`username` FROM `blog_user` left join blog_user on blog_user.id=blog_follow.follow_id  WHERE ( user_id=24 ) 

[ 2022-03-30T14:49:47+08:00 ] 127.0.0.1 /index.php/home/user/follow.html
INFO: [ app_begin ] --START--
INFO: Run Behavior\ReadHtmlCacheBehavior [ RunTime:0.000031s ]
INFO: [ app_begin ] --END-- [ RunTime:0.000049s ]
INFO: [ app_end ] --START--
INFO: Run Behavior\ShowPageTraceBehavior [ RunTime:0.000061s ]
INFO: [ app_end ] --END-- [ RunTime:0.000087s ]

[ 2022-03-30T14:51:21+08:00 ] 127.0.0.1 /index.php/home/user/follow.html
INFO: [ app_begin ] --START--
INFO: Run Behavior\ReadHtmlCacheBehavior [ RunTime:0.000063s ]
INFO: [ app_begin ] --END-- [ RunTime:0.000099s ]
INFO: [ app_end ] --START--
INFO: Run Behavior\ShowPageTraceBehavior [ RunTime:0.000055s ]
INFO: [ app_end ] --END-- [ RunTime:0.000078s ]

[ 2022-03-30T14:51:30+08:00 ] 127.0.0.1 /index.php/home/user/follow.html
INFO: [ app_begin ] --START--
INFO: Run Behavior\ReadHtmlCacheBehavior [ RunTime:0.000091s ]
INFO: [ app_begin ] --END-- [ RunTime:0.000146s ]
INFO: [ app_end ] --START--
INFO: Run Behavior\ShowPageTraceBehavior [ RunTime:0.000090s ]
INFO: [ app_end ] --END-- [ RunTime:0.000128s ]

[ 2022-03-30T14:52:34+08:00 ] 127.0.0.1 /index.php/home/user/follow.html
INFO: [ app_begin ] --START--
INFO: Run Behavior\ReadHtmlCacheBehavior [ RunTime:0.000220s ]
INFO: [ app_begin ] --END-- [ RunTime:0.000337s ]
INFO: [ app_end ] --START--
INFO: Run Behavior\ShowPageTraceBehavior [ RunTime:0.000376s ]
INFO: [ app_end ] --END-- [ RunTime:0.000458s ]

[ 2022-03-30T14:52:39+08:00 ] 127.0.0.1 /index.php/home/user/follow.html
INFO: [ app_begin ] --START--
INFO: Run Behavior\ReadHtmlCacheBehavior [ RunTime:0.000199s ]
INFO: [ app_begin ] --END-- [ RunTime:0.000230s ]
INFO: [ app_end ] --START--
INFO: Run Behavior\ShowPageTraceBehavior [ RunTime:0.000185s ]
INFO: [ app_end ] --END-- [ RunTime:0.000208s ]

[ 2022-03-30T14:52:54+08:00 ] 127.0.0.1 /index.php/home/user/follow.html
INFO: [ app_begin ] --START--
INFO: Run Behavior\ReadHtmlCacheBehavior [ RunTime:0.000096s ]
INFO: [ app_begin ] --END-- [ RunTime:0.000329s ]
INFO: [ app_end ] --START--
INFO: Run Behavior\ShowPageTraceBehavior [ RunTime:0.000078s ]
INFO: [ app_end ] --END-- [ RunTime:0.000107s ]

[ 2022-03-30T14:55:04+08:00 ] 127.0.0.1 /index.php/home/user/follow.html
INFO: [ app_begin ] --START--
INFO: Run Behavior\ReadHtmlCacheBehavior [ RunTime:0.000140s ]
INFO: [ app_begin ] --END-- [ RunTime:0.000241s ]
INFO: [ app_end ] --START--
INFO: Run Behavior\ShowPageTraceBehavior [ RunTime:0.000098s ]
INFO: [ app_end ] --END-- [ RunTime:0.000116s ]

[ 2022-03-30T14:55:07+08:00 ] 127.0.0.1 /index.php/home/user/follow.html
INFO: [ app_begin ] --START--
INFO: Run Behavior\ReadHtmlCacheBehavior [ RunTime:0.000053s ]
INFO: [ app_begin ] --END-- [ RunTime:0.000083s ]
NOTIC: [8] Undefined index: userid E:\UPUPW_AP7.2_1910_64\UPUPW_AP7.2_64\vhosts\www.blog.com\Application\Home\Controller\UserController.class.php Á¨¨ 239 Ë°å.

[ 2022-03-30T14:55:16+08:00 ] 127.0.0.1 /index.php/home/user/follow.html
INFO: [ app_begin ] --START--
INFO: Run Behavior\ReadHtmlCacheBehavior [ RunTime:0.000057s ]
INFO: [ app_begin ] --END-- [ RunTime:0.000088s ]
NOTIC: [8] Undefined index: userid E:\UPUPW_AP7.2_1910_64\UPUPW_AP7.2_64\vhosts\www.blog.com\Application\Home\Controller\UserController.class.php Á¨¨ 239 Ë°å.

[ 2022-03-30T14:55:25+08:00 ] 127.0.0.1 /index.php/home/user/follow.html
INFO: [ app_begin ] --START--
INFO: Run Behavior\ReadHtmlCacheBehavior [ RunTime:0.000073s ]
INFO: [ app_begin ] --END-- [ RunTime:0.000109s ]
NOTIC: [8] Undefined index: userid E:\UPUPW_AP7.2_1910_64\UPUPW_AP7.2_64\vhosts\www.blog.com\Application\Home\Controller\UserController.class.php Á¨¨ 239 Ë°å.

[ 2022-03-30T14:56:03+08:00 ] 127.0.0.1 /index.php/home/user/follow.html
INFO: [ app_begin ] --START--
INFO: Run Behavior\ReadHtmlCacheBehavior [ RunTime:0.000177s ]
INFO: [ app_begin ] --END-- [ RunTime:0.000229s ]
NOTIC: [8] Undefined index: userid E:\UPUPW_AP7.2_1910_64\UPUPW_AP7.2_64\vhosts\www.blog.com\Application\Home\Controller\UserController.class.php Á¨¨ 239 Ë°å.

[ 2022-03-30T14:56:08+08:00 ] 127.0.0.1 /index.php/home/user/follow.html
INFO: [ app_begin ] --START--
INFO: Run Behavior\ReadHtmlCacheBehavior [ RunTime:0.000074s ]
INFO: [ app_begin ] --END-- [ RunTime:0.000119s ]
NOTIC: [8] Undefined index: userid E:\UPUPW_AP7.2_1910_64\UPUPW_AP7.2_64\vhosts\www.blog.com\Application\Home\Controller\UserController.class.php Á¨¨ 239 Ë°å.

[ 2022-03-30T14:56:16+08:00 ] 127.0.0.1 /index.php/home/user/follow.html
INFO: [ app_begin ] --START--
INFO: Run Behavior\ReadHtmlCacheBehavior [ RunTime:0.000043s ]
INFO: [ app_begin ] --END-- [ RunTime:0.000064s ]
NOTIC: [8] Undefined index: userid E:\UPUPW_AP7.2_1910_64\UPUPW_AP7.2_64\vhosts\www.blog.com\Application\Home\Controller\UserController.class.php Á¨¨ 239 Ë°å.

[ 2022-03-30T15:01:23+08:00 ] 127.0.0.1 /index.php/home/comment/addcomment.html
INFO: [ app_begin ] --START--
INFO: Run Behavior\ReadHtmlCacheBehavior [ RunTime:0.000037s ]
INFO: [ app_begin ] --END-- [ RunTime:0.000056s ]
NOTIC: [8] Undefined index: userid E:\UPUPW_AP7.2_1910_64\UPUPW_AP7.2_64\vhosts\www.blog.com\Application\Home\Controller\CommentController.class.php Á¨¨ 34 Ë°å.

[ 2022-03-30T15:01:26+08:00 ] 127.0.0.1 /index.php/home/comment/addcomment.html
INFO: [ app_begin ] --START--
INFO: Run Behavior\ReadHtmlCacheBehavior [ RunTime:0.000087s ]
INFO: [ app_begin ] --END-- [ RunTime:0.000161s ]
NOTIC: [8] Undefined index: userid E:\UPUPW_AP7.2_1910_64\UPUPW_AP7.2_64\vhosts\www.blog.com\Application\Home\Controller\CommentController.class.php Á¨¨ 34 Ë°å.

[ 2022-03-30T15:01:31+08:00 ] 127.0.0.1 /index.php/home/comment/addcomment.html
INFO: [ app_begin ] --START--
INFO: Run Behavior\ReadHtmlCacheBehavior [ RunTime:0.000087s ]
INFO: [ app_begin ] --END-- [ RunTime:0.000312s ]
NOTIC: [8] Undefined index: userid E:\UPUPW_AP7.2_1910_64\UPUPW_AP7.2_64\vhosts\www.blog.com\Application\Home\Controller\CommentController.class.php Á¨¨ 34 Ë°å.

[ 2022-03-30T15:01:41+08:00 ] 127.0.0.1 /index.php/home/comment/addcomment.html
INFO: [ app_begin ] --START--
INFO: Run Behavior\ReadHtmlCacheBehavior [ RunTime:0.000233s ]
INFO: [ app_begin ] --END-- [ RunTime:0.000285s ]
NOTIC: [8] Undefined index: userid E:\UPUPW_AP7.2_1910_64\UPUPW_AP7.2_64\vhosts\www.blog.com\Application\Home\Controller\CommentController.class.php Á¨¨ 34 Ë°å.

[ 2022-03-30T15:01:46+08:00 ] 127.0.0.1 /index.php/home/comment/addcomment.html
INFO: [ app_begin ] --START--
INFO: Run Behavior\ReadHtmlCacheBehavior [ RunTime:0.000037s ]
INFO: [ app_begin ] --END-- [ RunTime:0.000055s ]
NOTIC: [8] Undefined index: userid E:\UPUPW_AP7.2_1910_64\UPUPW_AP7.2_64\vhosts\www.blog.com\Application\Home\Controller\CommentController.class.php Á¨¨ 34 Ë°å.

[ 2022-03-30T15:01:53+08:00 ] 127.0.0.1 /index.php/home/comment/addcomment.html
INFO: [ app_begin ] --START--
INFO: Run Behavior\ReadHtmlCacheBehavior [ RunTime:0.000030s ]
INFO: [ app_begin ] --END-- [ RunTime:0.000046s ]
NOTIC: [8] Undefined index: userid E:\UPUPW_AP7.2_1910_64\UPUPW_AP7.2_64\vhosts\www.blog.com\Application\Home\Controller\CommentController.class.php Á¨¨ 34 Ë°å.

[ 2022-03-30T15:01:58+08:00 ] 127.0.0.1 /index.php/home/user/follow.html
INFO: [ app_begin ] --START--
INFO: Run Behavior\ReadHtmlCacheBehavior [ RunTime:0.000044s ]
INFO: [ app_begin ] --END-- [ RunTime:0.000068s ]
NOTIC: [8] Undefined index: userid E:\UPUPW_AP7.2_1910_64\UPUPW_AP7.2_64\vhosts\www.blog.com\Application\Home\Controller\UserController.class.php Á¨¨ 239 Ë°å.

[ 2022-03-30T15:02:26+08:00 ] 127.0.0.1 /index.php/home/user/follow.html
INFO: [ app_begin ] --START--
INFO: Run Behavior\ReadHtmlCacheBehavior [ RunTime:0.000054s ]
INFO: [ app_begin ] --END-- [ RunTime:0.000089s ]
INFO: [ app_end ] --START--
INFO: Run Behavior\ShowPageTraceBehavior [ RunTime:0.000040s ]
INFO: [ app_end ] --END-- [ RunTime:0.000054s ]

[ 2022-03-30T15:03:30+08:00 ] 127.0.0.1 /index.php/home/user/follow.html
INFO: [ app_begin ] --START--
INFO: Run Behavior\ReadHtmlCacheBehavior [ RunTime:0.000065s ]
INFO: [ app_begin ] --END-- [ RunTime:0.000098s ]
INFO: [ app_end ] --START--
INFO: Run Behavior\ShowPageTraceBehavior [ RunTime:0.000077s ]
INFO: [ app_end ] --END-- [ RunTime:0.000106s ]

[ 2022-03-30T15:03:34+08:00 ] 127.0.0.1 /index.php/home/comment/addcomment.html
INFO: [ app_begin ] --START--
INFO: Run Behavior\ReadHtmlCacheBehavior [ RunTime:0.000032s ]
INFO: [ app_begin ] --END-- [ RunTime:0.000048s ]
ERR: 1064:You have an error in your SQL syntax; check the manual that corresponds to your MariaDB server version for the right syntax to use near ''',1,CURDATE())' at line 1
 [ SQLËØ≠Âè• ] : insert into blog_comment(from_uid,article_id,text,statu,time) values(21,,'',1,CURDATE())
ERR: 1064:You have an error in your SQL syntax; check the manual that corresponds to your MariaDB server version for the right syntax to use near ''',1,CURDATE())' at line 1
 [ SQLËØ≠Âè• ] : insert into blog_comment(from_uid,article_id,text,statu,time) values(21,,'',1,CURDATE())

[ 2022-03-30T15:03:35+08:00 ] 127.0.0.1 /index.php/home/comment/addcomment.html
INFO: [ app_begin ] --START--
INFO: Run Behavior\ReadHtmlCacheBehavior [ RunTime:0.000053s ]
INFO: [ app_begin ] --END-- [ RunTime:0.000081s ]
ERR: 1064:You have an error in your SQL syntax; check the manual that corresponds to your MariaDB server version for the right syntax to use near ''',1,CURDATE())' at line 1
 [ SQLËØ≠Âè• ] : insert into blog_comment(from_uid,article_id,text,statu,time) values(21,,'',1,CURDATE())
ERR: 1064:You have an error in your SQL syntax; check the manual that corresponds to your MariaDB server version for the right syntax to use near ''',1,CURDATE())' at line 1
 [ SQLËØ≠Âè• ] : insert into blog_comment(from_uid,article_id,text,statu,time) values(21,,'',1,CURDATE())

[ 2022-03-30T15:03:40+08:00 ] 127.0.0.1 /index.php/home/comment/addcomment.html
INFO: [ app_begin ] --START--
INFO: Run Behavior\ReadHtmlCacheBehavior [ RunTime:0.000042s ]
INFO: [ app_begin ] --END-- [ RunTime:0.000064s ]
ERR: 1064:You have an error in your SQL syntax; check the manual that corresponds to your MariaDB server version for the right syntax to use near ''',1,CURDATE())' at line 1
 [ SQLËØ≠Âè• ] : insert into blog_comment(from_uid,article_id,text,statu,time) values(21,,'',1,CURDATE())
ERR: 1064:You have an error in your SQL syntax; check the manual that corresponds to your MariaDB server version for the right syntax to use near ''',1,CURDATE())' at line 1
 [ SQLËØ≠Âè• ] : insert into blog_comment(from_uid,article_id,text,statu,time) values(21,,'',1,CURDATE())

[ 2022-03-30T15:04:08+08:00 ] 127.0.0.1 /index.php/home/comment/addcomment.html
INFO: [ app_begin ] --START--
INFO: Run Behavior\ReadHtmlCacheBehavior [ RunTime:0.000029s ]
INFO: [ app_begin ] --END-- [ RunTime:0.000044s ]
ERR: 1064:You have an error in your SQL syntax; check the manual that corresponds to your MariaDB server version for the right syntax to use near ''',1,CURDATE())' at line 1
 [ SQLËØ≠Âè• ] : insert into blog_comment(from_uid,article_id,text,statu,time) values(21,,'',1,CURDATE())
ERR: 1064:You have an error in your SQL syntax; check the manual that corresponds to your MariaDB server version for the right syntax to use near ''',1,CURDATE())' at line 1
 [ SQLËØ≠Âè• ] : insert into blog_comment(from_uid,article_id,text,statu,time) values(21,,'',1,CURDATE())

[ 2022-03-30T15:04:12+08:00 ] 127.0.0.1 /index.php/home/comment/addcomment.html
INFO: [ app_begin ] --START--
INFO: Run Behavior\ReadHtmlCacheBehavior [ RunTime:0.000149s ]
INFO: [ app_begin ] --END-- [ RunTime:0.000177s ]
ERR: 1064:You have an error in your SQL syntax; check the manual that corresponds to your MariaDB server version for the right syntax to use near ''',1,CURDATE())' at line 1
 [ SQLËØ≠Âè• ] : insert into blog_comment(from_uid,article_id,text,statu,time) values(21,,'',1,CURDATE())
ERR: 1064:You have an error in your SQL syntax; check the manual that corresponds to your MariaDB server version for the right syntax to use near ''',1,CURDATE())' at line 1
 [ SQLËØ≠Âè• ] : insert into blog_comment(from_uid,article_id,text,statu,time) values(21,,'',1,CURDATE())

[ 2022-03-30T15:04:14+08:00 ] 127.0.0.1 /index.php/home/comment/addcomment.html
INFO: [ app_begin ] --START--
INFO: Run Behavior\ReadHtmlCacheBehavior [ RunTime:0.000060s ]
INFO: [ app_begin ] --END-- [ RunTime:0.000090s ]
ERR: 1064:You have an error in your SQL syntax; check the manual that corresponds to your MariaDB server version for the right syntax to use near ''',1,CURDATE())' at line 1
 [ SQLËØ≠Âè• ] : insert into blog_comment(from_uid,article_id,text,statu,time) values(21,,'',1,CURDATE())
ERR: 1064:You have an error in your SQL syntax; check the manual that corresponds to your MariaDB server version for the right syntax to use near ''',1,CURDATE())' at line 1
 [ SQLËØ≠Âè• ] : insert into blog_comment(from_uid,article_id,text,statu,time) values(21,,'',1,CURDATE())

[ 2022-03-30T15:04:15+08:00 ] 127.0.0.1 /index.php/home/comment/addcomment.html
INFO: [ app_begin ] --START--
INFO: Run Behavior\ReadHtmlCacheBehavior [ RunTime:0.000081s ]
INFO: [ app_begin ] --END-- [ RunTime:0.000128s ]
ERR: 1064:You have an error in your SQL syntax; check the manual that corresponds to your MariaDB server version for the right syntax to use near ''',1,CURDATE())' at line 1
 [ SQLËØ≠Âè• ] : insert into blog_comment(from_uid,article_id,text,statu,time) values(21,,'',1,CURDATE())
ERR: 1064:You have an error in your SQL syntax; check the manual that corresponds to your MariaDB server version for the right syntax to use near ''',1,CURDATE())' at line 1
 [ SQLËØ≠Âè• ] : insert into blog_comment(from_uid,article_id,text,statu,time) values(21,,'',1,CURDATE())

[ 2022-03-30T15:04:16+08:00 ] 127.0.0.1 /index.php/home/comment/addcomment.html
INFO: [ app_begin ] --START--
INFO: Run Behavior\ReadHtmlCacheBehavior [ RunTime:0.000037s ]
INFO: [ app_begin ] --END-- [ RunTime:0.000057s ]
ERR: 1064:You have an error in your SQL syntax; check the manual that corresponds to your MariaDB server version for the right syntax to use near ''',1,CURDATE())' at line 1
 [ SQLËØ≠Âè• ] : insert into blog_comment(from_uid,article_id,text,statu,time) values(21,,'',1,CURDATE())
ERR: 1064:You have an error in your SQL syntax; check the manual that corresponds to your MariaDB server version for the right syntax to use near ''',1,CURDATE())' at line 1
 [ SQLËØ≠Âè• ] : insert into blog_comment(from_uid,article_id,text,statu,time) values(21,,'',1,CURDATE())

[ 2022-03-30T15:04:21+08:00 ] 127.0.0.1 /index.php/home/user/follow.html
INFO: [ app_begin ] --START--
INFO: Run Behavior\ReadHtmlCacheBehavior [ RunTime:0.000038s ]
INFO: [ app_begin ] --END-- [ RunTime:0.000059s ]
INFO: [ app_end ] --START--
INFO: Run Behavior\ShowPageTraceBehavior [ RunTime:0.000110s ]
INFO: [ app_end ] --END-- [ RunTime:0.000129s ]

[ 2022-03-30T15:05:12+08:00 ] 127.0.0.1 /index.php/home/user/follow.html
INFO: [ app_begin ] --START--
INFO: Run Behavior\ReadHtmlCacheBehavior [ RunTime:0.000143s ]
INFO: [ app_begin ] --END-- [ RunTime:0.000165s ]
INFO: [ app_end ] --START--
INFO: Run Behavior\ShowPageTraceBehavior [ RunTime:0.000292s ]
INFO: [ app_end ] --END-- [ RunTime:0.000319s ]

[ 2022-03-30T15:05:51+08:00 ] 127.0.0.1 /index.php/home/user/follow.html
INFO: [ app_begin ] --START--
INFO: Run Behavior\ReadHtmlCacheBehavior [ RunTime:0.000056s ]
INFO: [ app_begin ] --END-- [ RunTime:0.000084s ]
INFO: [ app_end ] --START--
INFO: Run Behavior\ShowPageTraceBehavior [ RunTime:0.000064s ]
INFO: [ app_end ] --END-- [ RunTime:0.000082s ]

[ 2022-03-30T15:06:05+08:00 ] 127.0.0.1 /index.php/home/user/follow.html
INFO: [ app_begin ] --START--
INFO: Run Behavior\ReadHtmlCacheBehavior [ RunTime:0.000053s ]
INFO: [ app_begin ] --END-- [ RunTime:0.000082s ]
INFO: [ app_end ] --START--
INFO: Run Behavior\ShowPageTraceBehavior [ RunTime:0.000084s ]
INFO: [ app_end ] --END-- [ RunTime:0.000101s ]

[ 2022-03-30T15:06:14+08:00 ] 127.0.0.1 /index.php/home/user/follow.html
INFO: [ app_begin ] --START--
INFO: Run Behavior\ReadHtmlCacheBehavior [ RunTime:0.000062s ]
INFO: [ app_begin ] --END-- [ RunTime:0.000091s ]
INFO: [ app_end ] --START--
INFO: Run Behavior\ShowPageTraceBehavior [ RunTime:0.000063s ]
INFO: [ app_end ] --END-- [ RunTime:0.000085s ]

[ 2022-03-30T15:06:37+08:00 ] 127.0.0.1 /index.php/home/comment/addcomment.html
INFO: [ app_begin ] --START--
INFO: Run Behavior\ReadHtmlCacheBehavior [ RunTime:0.000034s ]
INFO: [ app_begin ] --END-- [ RunTime:0.000053s ]
ERR: 1064:You have an error in your SQL syntax; check the manual that corresponds to your MariaDB server version for the right syntax to use near ''',1,CURDATE())' at line 1
 [ SQLËØ≠Âè• ] : insert into blog_comment(from_uid,article_id,text,statu,time) values(21,,'',1,CURDATE())
ERR: 1064:You have an error in your SQL syntax; check the manual that corresponds to your MariaDB server version for the right syntax to use near ''',1,CURDATE())' at line 1
 [ SQLËØ≠Âè• ] : insert into blog_comment(from_uid,article_id,text,statu,time) values(21,,'',1,CURDATE())

[ 2022-03-30T15:06:44+08:00 ] 127.0.0.1 /index.php/home/comment/addcomment.html
INFO: [ app_begin ] --START--
INFO: Run Behavior\ReadHtmlCacheBehavior [ RunTime:0.000042s ]
INFO: [ app_begin ] --END-- [ RunTime:0.000063s ]
ERR: 1064:You have an error in your SQL syntax; check the manual that corresponds to your MariaDB server version for the right syntax to use near ''',1,CURDATE())' at line 1
 [ SQLËØ≠Âè• ] : insert into blog_comment(from_uid,article_id,text,statu,time) values(21,,'',1,CURDATE())
ERR: 1064:You have an error in your SQL syntax; check the manual that corresponds to your MariaDB server version for the right syntax to use near ''',1,CURDATE())' at line 1
 [ SQLËØ≠Âè• ] : insert into blog_comment(from_uid,article_id,text,statu,time) values(21,,'',1,CURDATE())

[ 2022-03-30T15:07:19+08:00 ] 127.0.0.1 /index.php/home/comment/addcomment.html
INFO: [ app_begin ] --START--
INFO: Run Behavior\ReadHtmlCacheBehavior [ RunTime:0.000048s ]
INFO: [ app_begin ] --END-- [ RunTime:0.000118s ]
ERR: 1064:You have an error in your SQL syntax; check the manual that corresponds to your MariaDB server version for the right syntax to use near ''',1,CURDATE())' at line 1
 [ SQLËØ≠Âè• ] : insert into blog_comment(from_uid,article_id,text,statu,time) values(21,,'',1,CURDATE())
ERR: 1064:You have an error in your SQL syntax; check the manual that corresponds to your MariaDB server version for the right syntax to use near ''',1,CURDATE())' at line 1
 [ SQLËØ≠Âè• ] : insert into blog_comment(from_uid,article_id,text,statu,time) values(21,,'',1,CURDATE())

[ 2022-03-30T15:07:20+08:00 ] 127.0.0.1 /index.php/home/comment/addcomment.html
INFO: [ app_begin ] --START--
INFO: Run Behavior\ReadHtmlCacheBehavior [ RunTime:0.000037s ]
INFO: [ app_begin ] --END-- [ RunTime:0.000057s ]
ERR: 1064:You have an error in your SQL syntax; check the manual that corresponds to your MariaDB server version for the right syntax to use near ''',1,CURDATE())' at line 1
 [ SQLËØ≠Âè• ] : insert into blog_comment(from_uid,article_id,text,statu,time) values(21,,'',1,CURDATE())
ERR: 1064:You have an error in your SQL syntax; check the manual that corresponds to your MariaDB server version for the right syntax to use near ''',1,CURDATE())' at line 1
 [ SQLËØ≠Âè• ] : insert into blog_comment(from_uid,article_id,text,statu,time) values(21,,'',1,CURDATE())

[ 2022-03-30T15:07:23+08:00 ] 127.0.0.1 /index.php/home/comment/addcomment.html
INFO: [ app_begin ] --START--
INFO: Run Behavior\ReadHtmlCacheBehavior [ RunTime:0.000036s ]
INFO: [ app_begin ] --END-- [ RunTime:0.000056s ]
ERR: 1064:You have an error in your SQL syntax; check the manual that corresponds to your MariaDB server version for the right syntax to use near ''',1,CURDATE())' at line 1
 [ SQLËØ≠Âè• ] : insert into blog_comment(from_uid,article_id,text,statu,time) values(21,,'',1,CURDATE())
ERR: 1064:You have an error in your SQL syntax; check the manual that corresponds to your MariaDB server version for the right syntax to use near ''',1,CURDATE())' at line 1
 [ SQLËØ≠Âè• ] : insert into blog_comment(from_uid,article_id,text,statu,time) values(21,,'',1,CURDATE())

[ 2022-03-30T15:07:26+08:00 ] 127.0.0.1 /index.php/home/comment/addcomment.html
INFO: [ app_begin ] --START--
INFO: Run Behavior\ReadHtmlCacheBehavior [ RunTime:0.000040s ]
INFO: [ app_begin ] --END-- [ RunTime:0.000061s ]
ERR: 1064:You have an error in your SQL syntax; check the manual that corresponds to your MariaDB server version for the right syntax to use near ''',1,CURDATE())' at line 1
 [ SQLËØ≠Âè• ] : insert into blog_comment(from_uid,article_id,text,statu,time) values(21,,'',1,CURDATE())
ERR: 1064:You have an error in your SQL syntax; check the manual that corresponds to your MariaDB server version for the right syntax to use near ''',1,CURDATE())' at line 1
 [ SQLËØ≠Âè• ] : insert into blog_comment(from_uid,article_id,text,statu,time) values(21,,'',1,CURDATE())

[ 2022-03-30T15:08:01+08:00 ] 127.0.0.1 /index.php/home/user/follow.html
INFO: [ app_begin ] --START--
INFO: Run Behavior\ReadHtmlCacheBehavior [ RunTime:0.000230s ]
INFO: [ app_begin ] --END-- [ RunTime:0.000277s ]
INFO: [ app_end ] --START--
INFO: Run Behavior\ShowPageTraceBehavior [ RunTime:0.000523s ]
INFO: [ app_end ] --END-- [ RunTime:0.000556s ]

[ 2022-03-30T15:08:36+08:00 ] 127.0.0.1 /index.php/home/user/follow.html
INFO: [ app_begin ] --START--
INFO: Run Behavior\ReadHtmlCacheBehavior [ RunTime:0.000041s ]
INFO: [ app_begin ] --END-- [ RunTime:0.000070s ]
INFO: [ app_end ] --START--
INFO: Run Behavior\ShowPageTraceBehavior [ RunTime:0.000045s ]
INFO: [ app_end ] --END-- [ RunTime:0.000061s ]

[ 2022-03-30T15:08:45+08:00 ] 127.0.0.1 /index.php/home/user/follow.html
INFO: [ app_begin ] --START--
INFO: Run Behavior\ReadHtmlCacheBehavior [ RunTime:0.000058s ]
INFO: [ app_begin ] --END-- [ RunTime:0.000088s ]
INFO: [ app_end ] --START--
INFO: Run Behavior\ShowPageTraceBehavior [ RunTime:0.000056s ]
INFO: [ app_end ] --END-- [ RunTime:0.000076s ]

[ 2022-03-30T15:10:13+08:00 ] 127.0.0.1 /index.php/home/user/follow.html
INFO: [ app_begin ] --START--
INFO: Run Behavior\ReadHtmlCacheBehavior [ RunTime:0.000078s ]
INFO: [ app_begin ] --END-- [ RunTime:0.000116s ]
INFO: [ app_end ] --START--
INFO: Run Behavior\ShowPageTraceBehavior [ RunTime:0.000065s ]
INFO: [ app_end ] --END-- [ RunTime:0.000091s ]

