[ 2022-02-03T15:37:16+08:00 ] 127.0.0.1 /
INFO: [ app_init ] --START--
INFO: Run Behavior\BuildLiteBehavior [ RunTime:0.000009s ]
INFO: [ app_init ] --END-- [ RunTime:0.000440s ]
NOTIC: [8] Constant APP_DEBUG already defined E:\UPUPW_AP5.5-1510\UPUPW_AP5.5\vhosts\www.blog.com\Application\Home\Conf\config.php 第 4 行.
INFO: [ app_begin ] --START--
INFO: Run Behavior\ReadHtmlCacheBehavior [ RunTime:0.001963s ]
INFO: [ app_begin ] --END-- [ RunTime:0.002004s ]
NOTIC: [2048] Declaration of Home\Controller\IndexController::show() should be compatible with Think\Controller::show($content, $charset = '', $contentType = '', $prefix = '') E:\UPUPW_AP5.5-1510\UPUPW_AP5.5\vhosts\www.blog.com\Application\Home\Controller\IndexController.class.php 第 1382 行.
SQL: select blog_article.id as id, title,name,content,nickname,views,likes from blog_article  left join blog_user on blog_article.user_id= blog_user.id left join blog_type on blog_article.type_id = blog_type.id order by time desc [ RunTime:0.0009s ]
INFO: [ view_parse ] --START--
INFO: [ template_filter ] --START--
INFO: Run Behavior\ContentReplaceBehavior [ RunTime:0.000082s ]
INFO: [ template_filter ] --END-- [ RunTime:0.000167s ]
INFO: Run Behavior\ParseTemplateBehavior [ RunTime:0.136883s ]
INFO: [ view_parse ] --END-- [ RunTime:0.136957s ]
INFO: [ view_filter ] --START--
INFO: Run Behavior\WriteHtmlCacheBehavior [ RunTime:0.003213s ]
INFO: [ view_filter ] --END-- [ RunTime:0.003256s ]
INFO: [ app_end ] --START--
INFO: Run Behavior\ShowPageTraceBehavior [ RunTime:0.003012s ]
INFO: [ app_end ] --END-- [ RunTime:0.003072s ]

[ 2022-02-03T15:37:20+08:00 ] 127.0.0.1 /home/index/showblog/id/174
INFO: [ app_init ] --START--
INFO: Run Behavior\BuildLiteBehavior [ RunTime:0.000015s ]
INFO: [ app_init ] --END-- [ RunTime:0.000678s ]
NOTIC: [8] Constant APP_DEBUG already defined E:\UPUPW_AP5.5-1510\UPUPW_AP5.5\vhosts\www.blog.com\Application\Home\Conf\config.php 第 4 行.
INFO: [ app_begin ] --START--
INFO: Run Behavior\ReadHtmlCacheBehavior [ RunTime:0.003417s ]
INFO: [ app_begin ] --END-- [ RunTime:0.003492s ]
NOTIC: [2048] Declaration of Home\Controller\IndexController::show() should be compatible with Think\Controller::show($content, $charset = '', $contentType = '', $prefix = '') E:\UPUPW_AP5.5-1510\UPUPW_AP5.5\vhosts\www.blog.com\Application\Home\Controller\IndexController.class.php 第 1382 行.
SQL: select nickname,title,content,views,time from blog_article left join blog_user on blog_article.user_id=blog_user.id where  blog_article.id=174 [ RunTime:0.0003s ]
SQL: SHOW COLUMNS FROM `blog_article` [ RunTime:0.0036s ]
SQL: UPDATE `blog_article` SET `views`=views+1 WHERE ( id=174 ) [ RunTime:0.0743s ]
INFO: [ view_parse ] --START--
INFO: [ template_filter ] --START--
INFO: Run Behavior\ContentReplaceBehavior [ RunTime:0.000047s ]
INFO: [ template_filter ] --END-- [ RunTime:0.000101s ]
NOTIC: [8] Undefined variable: pre E:\UPUPW_AP5.5-1510\UPUPW_AP5.5\vhosts\www.blog.com\Application\Runtime\Cache\Home\9202b8a559e0239229284b7a3a9b1b39.php 第 71 行.
NOTIC: [8] Undefined variable: pre E:\UPUPW_AP5.5-1510\UPUPW_AP5.5\vhosts\www.blog.com\Application\Runtime\Cache\Home\9202b8a559e0239229284b7a3a9b1b39.php 第 71 行.
NOTIC: [8] Undefined variable: next E:\UPUPW_AP5.5-1510\UPUPW_AP5.5\vhosts\www.blog.com\Application\Runtime\Cache\Home\9202b8a559e0239229284b7a3a9b1b39.php 第 72 行.
NOTIC: [8] Undefined variable: next E:\UPUPW_AP5.5-1510\UPUPW_AP5.5\vhosts\www.blog.com\Application\Runtime\Cache\Home\9202b8a559e0239229284b7a3a9b1b39.php 第 72 行.
INFO: Run Behavior\ParseTemplateBehavior [ RunTime:0.021324s ]
INFO: [ view_parse ] --END-- [ RunTime:0.021396s ]
INFO: [ view_filter ] --START--
INFO: Run Behavior\WriteHtmlCacheBehavior [ RunTime:0.003440s ]
INFO: [ view_filter ] --END-- [ RunTime:0.003495s ]
INFO: [ app_end ] --START--
INFO: Run Behavior\ShowPageTraceBehavior [ RunTime:0.003680s ]
INFO: [ app_end ] --END-- [ RunTime:0.003736s ]

[ 2022-02-03T15:37:27+08:00 ] 127.0.0.1 /home/index/showblog/id/174
INFO: [ app_init ] --START--
INFO: Run Behavior\BuildLiteBehavior [ RunTime:0.000009s ]
INFO: [ app_init ] --END-- [ RunTime:0.000389s ]
NOTIC: [8] Constant APP_DEBUG already defined E:\UPUPW_AP5.5-1510\UPUPW_AP5.5\vhosts\www.blog.com\Application\Home\Conf\config.php 第 4 行.
INFO: [ app_begin ] --START--
INFO: Run Behavior\ReadHtmlCacheBehavior [ RunTime:0.001937s ]
INFO: [ app_begin ] --END-- [ RunTime:0.001977s ]
NOTIC: [2048] Declaration of Home\Controller\IndexController::show() should be compatible with Think\Controller::show($content, $charset = '', $contentType = '', $prefix = '') E:\UPUPW_AP5.5-1510\UPUPW_AP5.5\vhosts\www.blog.com\Application\Home\Controller\IndexController.class.php 第 1382 行.
SQL: select nickname,title,content,views,time from blog_article left join blog_user on blog_article.user_id=blog_user.id where  blog_article.id=174 [ RunTime:0.0005s ]
SQL: SHOW COLUMNS FROM `blog_article` [ RunTime:0.0032s ]
SQL: UPDATE `blog_article` SET `views`=views+1 WHERE ( id=174 ) [ RunTime:0.0515s ]
INFO: [ view_parse ] --START--
INFO: [ template_filter ] --START--
INFO: Run Behavior\ContentReplaceBehavior [ RunTime:0.000056s ]
INFO: [ template_filter ] --END-- [ RunTime:0.000119s ]
NOTIC: [8] Undefined variable: pre E:\UPUPW_AP5.5-1510\UPUPW_AP5.5\vhosts\www.blog.com\Application\Runtime\Cache\Home\9202b8a559e0239229284b7a3a9b1b39.php 第 71 行.
NOTIC: [8] Undefined variable: pre E:\UPUPW_AP5.5-1510\UPUPW_AP5.5\vhosts\www.blog.com\Application\Runtime\Cache\Home\9202b8a559e0239229284b7a3a9b1b39.php 第 71 行.
NOTIC: [8] Undefined variable: next E:\UPUPW_AP5.5-1510\UPUPW_AP5.5\vhosts\www.blog.com\Application\Runtime\Cache\Home\9202b8a559e0239229284b7a3a9b1b39.php 第 72 行.
NOTIC: [8] Undefined variable: next E:\UPUPW_AP5.5-1510\UPUPW_AP5.5\vhosts\www.blog.com\Application\Runtime\Cache\Home\9202b8a559e0239229284b7a3a9b1b39.php 第 72 行.
INFO: Run Behavior\ParseTemplateBehavior [ RunTime:0.040823s ]
INFO: [ view_parse ] --END-- [ RunTime:0.040954s ]
INFO: [ view_filter ] --START--
INFO: Run Behavior\WriteHtmlCacheBehavior [ RunTime:0.002626s ]
INFO: [ view_filter ] --END-- [ RunTime:0.002658s ]
INFO: [ app_end ] --START--
INFO: Run Behavior\ShowPageTraceBehavior [ RunTime:0.002998s ]
INFO: [ app_end ] --END-- [ RunTime:0.003035s ]

[ 2022-02-03T15:37:30+08:00 ] 127.0.0.1 /home/index/showblog/id/174
INFO: [ app_init ] --START--
INFO: Run Behavior\BuildLiteBehavior [ RunTime:0.000009s ]
INFO: [ app_init ] --END-- [ RunTime:0.000405s ]
NOTIC: [8] Constant APP_DEBUG already defined E:\UPUPW_AP5.5-1510\UPUPW_AP5.5\vhosts\www.blog.com\Application\Home\Conf\config.php 第 4 行.
INFO: [ app_begin ] --START--
INFO: Run Behavior\ReadHtmlCacheBehavior [ RunTime:0.001944s ]
INFO: [ app_begin ] --END-- [ RunTime:0.001980s ]
NOTIC: [2048] Declaration of Home\Controller\IndexController::show() should be compatible with Think\Controller::show($content, $charset = '', $contentType = '', $prefix = '') E:\UPUPW_AP5.5-1510\UPUPW_AP5.5\vhosts\www.blog.com\Application\Home\Controller\IndexController.class.php 第 1382 行.
SQL: select nickname,title,content,views,time from blog_article left join blog_user on blog_article.user_id=blog_user.id where  blog_article.id=174 [ RunTime:0.0004s ]
SQL: SHOW COLUMNS FROM `blog_article` [ RunTime:0.0031s ]
SQL: UPDATE `blog_article` SET `views`=views+1 WHERE ( id=174 ) [ RunTime:0.0157s ]
INFO: [ view_parse ] --START--
INFO: [ template_filter ] --START--
INFO: Run Behavior\ContentReplaceBehavior [ RunTime:0.000073s ]
INFO: [ template_filter ] --END-- [ RunTime:0.000210s ]
NOTIC: [8] Undefined variable: pre E:\UPUPW_AP5.5-1510\UPUPW_AP5.5\vhosts\www.blog.com\Application\Runtime\Cache\Home\9202b8a559e0239229284b7a3a9b1b39.php 第 71 行.
NOTIC: [8] Undefined variable: pre E:\UPUPW_AP5.5-1510\UPUPW_AP5.5\vhosts\www.blog.com\Application\Runtime\Cache\Home\9202b8a559e0239229284b7a3a9b1b39.php 第 71 行.
NOTIC: [8] Undefined variable: next E:\UPUPW_AP5.5-1510\UPUPW_AP5.5\vhosts\www.blog.com\Application\Runtime\Cache\Home\9202b8a559e0239229284b7a3a9b1b39.php 第 72 行.
NOTIC: [8] Undefined variable: next E:\UPUPW_AP5.5-1510\UPUPW_AP5.5\vhosts\www.blog.com\Application\Runtime\Cache\Home\9202b8a559e0239229284b7a3a9b1b39.php 第 72 行.
INFO: Run Behavior\ParseTemplateBehavior [ RunTime:0.011590s ]
INFO: [ view_parse ] --END-- [ RunTime:0.011631s ]
INFO: [ view_filter ] --START--
INFO: Run Behavior\WriteHtmlCacheBehavior [ RunTime:0.001981s ]
INFO: [ view_filter ] --END-- [ RunTime:0.002008s ]
INFO: [ app_end ] --START--
INFO: Run Behavior\ShowPageTraceBehavior [ RunTime:0.001926s ]
INFO: [ app_end ] --END-- [ RunTime:0.001950s ]

[ 2022-02-03T15:37:33+08:00 ] 127.0.0.1 /home/index/showblog/id/174
INFO: [ app_init ] --START--
INFO: Run Behavior\BuildLiteBehavior [ RunTime:0.000014s ]
INFO: [ app_init ] --END-- [ RunTime:0.000910s ]
NOTIC: [8] Constant APP_DEBUG already defined E:\UPUPW_AP5.5-1510\UPUPW_AP5.5\vhosts\www.blog.com\Application\Home\Conf\config.php 第 4 行.
INFO: [ app_begin ] --START--
INFO: Run Behavior\ReadHtmlCacheBehavior [ RunTime:0.003618s ]
INFO: [ app_begin ] --END-- [ RunTime:0.003782s ]
NOTIC: [2048] Declaration of Home\Controller\IndexController::show() should be compatible with Think\Controller::show($content, $charset = '', $contentType = '', $prefix = '') E:\UPUPW_AP5.5-1510\UPUPW_AP5.5\vhosts\www.blog.com\Application\Home\Controller\IndexController.class.php 第 1382 行.
SQL: select nickname,title,content,views,time from blog_article left join blog_user on blog_article.user_id=blog_user.id where  blog_article.id=174 [ RunTime:0.0002s ]
SQL: SHOW COLUMNS FROM `blog_article` [ RunTime:0.0037s ]
SQL: UPDATE `blog_article` SET `views`=views+1 WHERE ( id=174 ) [ RunTime:0.0204s ]
INFO: [ view_parse ] --START--
INFO: [ template_filter ] --START--
INFO: Run Behavior\ContentReplaceBehavior [ RunTime:0.000050s ]
INFO: [ template_filter ] --END-- [ RunTime:0.000111s ]
NOTIC: [8] Undefined variable: pre E:\UPUPW_AP5.5-1510\UPUPW_AP5.5\vhosts\www.blog.com\Application\Runtime\Cache\Home\9202b8a559e0239229284b7a3a9b1b39.php 第 71 行.
NOTIC: [8] Undefined variable: pre E:\UPUPW_AP5.5-1510\UPUPW_AP5.5\vhosts\www.blog.com\Application\Runtime\Cache\Home\9202b8a559e0239229284b7a3a9b1b39.php 第 71 行.
NOTIC: [8] Undefined variable: next E:\UPUPW_AP5.5-1510\UPUPW_AP5.5\vhosts\www.blog.com\Application\Runtime\Cache\Home\9202b8a559e0239229284b7a3a9b1b39.php 第 72 行.
NOTIC: [8] Undefined variable: next E:\UPUPW_AP5.5-1510\UPUPW_AP5.5\vhosts\www.blog.com\Application\Runtime\Cache\Home\9202b8a559e0239229284b7a3a9b1b39.php 第 72 行.
INFO: Run Behavior\ParseTemplateBehavior [ RunTime:0.020442s ]
INFO: [ view_parse ] --END-- [ RunTime:0.020511s ]
INFO: [ view_filter ] --START--
INFO: Run Behavior\WriteHtmlCacheBehavior [ RunTime:0.003845s ]
INFO: [ view_filter ] --END-- [ RunTime:0.003974s ]
INFO: [ app_end ] --START--
INFO: Run Behavior\ShowPageTraceBehavior [ RunTime:0.003770s ]
INFO: [ app_end ] --END-- [ RunTime:0.003862s ]

[ 2022-02-03T15:38:18+08:00 ] 127.0.0.1 /
INFO: [ app_init ] --START--
INFO: Run Behavior\BuildLiteBehavior [ RunTime:0.000008s ]
INFO: [ app_init ] --END-- [ RunTime:0.000392s ]
NOTIC: [8] Constant APP_DEBUG already defined E:\UPUPW_AP5.5-1510\UPUPW_AP5.5\vhosts\www.blog.com\Application\Home\Conf\config.php 第 4 行.
INFO: [ app_begin ] --START--
INFO: Run Behavior\ReadHtmlCacheBehavior [ RunTime:0.001958s ]
INFO: [ app_begin ] --END-- [ RunTime:0.001998s ]
NOTIC: [2048] Declaration of Home\Controller\IndexController::show() should be compatible with Think\Controller::show($content, $charset = '', $contentType = '', $prefix = '') E:\UPUPW_AP5.5-1510\UPUPW_AP5.5\vhosts\www.blog.com\Application\Home\Controller\IndexController.class.php 第 1382 行.
SQL: select blog_article.id as id, title,name,content,nickname,views,likes from blog_article  left join blog_user on blog_article.user_id= blog_user.id left join blog_type on blog_article.type_id = blog_type.id order by time desc [ RunTime:0.0004s ]
INFO: [ view_parse ] --START--
INFO: [ template_filter ] --START--
INFO: Run Behavior\ContentReplaceBehavior [ RunTime:0.000033s ]
INFO: [ template_filter ] --END-- [ RunTime:0.000066s ]
INFO: Run Behavior\ParseTemplateBehavior [ RunTime:0.012417s ]
INFO: [ view_parse ] --END-- [ RunTime:0.012473s ]
INFO: [ view_filter ] --START--
INFO: Run Behavior\WriteHtmlCacheBehavior [ RunTime:0.001985s ]
INFO: [ view_filter ] --END-- [ RunTime:0.002012s ]
INFO: [ app_end ] --START--
INFO: Run Behavior\ShowPageTraceBehavior [ RunTime:0.001960s ]
INFO: [ app_end ] --END-- [ RunTime:0.001987s ]

[ 2022-02-03T15:38:21+08:00 ] 127.0.0.1 /
INFO: [ app_init ] --START--
INFO: Run Behavior\BuildLiteBehavior [ RunTime:0.000017s ]
INFO: [ app_init ] --END-- [ RunTime:0.000669s ]
NOTIC: [8] Constant APP_DEBUG already defined E:\UPUPW_AP5.5-1510\UPUPW_AP5.5\vhosts\www.blog.com\Application\Home\Conf\config.php 第 4 行.
INFO: [ app_begin ] --START--
INFO: Run Behavior\ReadHtmlCacheBehavior [ RunTime:0.003409s ]
INFO: [ app_begin ] --END-- [ RunTime:0.003494s ]
NOTIC: [2048] Declaration of Home\Controller\IndexController::show() should be compatible with Think\Controller::show($content, $charset = '', $contentType = '', $prefix = '') E:\UPUPW_AP5.5-1510\UPUPW_AP5.5\vhosts\www.blog.com\Application\Home\Controller\IndexController.class.php 第 1382 行.
SQL: select blog_article.id as id, title,name,content,nickname,views,likes from blog_article  left join blog_user on blog_article.user_id= blog_user.id left join blog_type on blog_article.type_id = blog_type.id order by time desc [ RunTime:0.0005s ]
INFO: [ view_parse ] --START--
INFO: [ template_filter ] --START--
INFO: Run Behavior\ContentReplaceBehavior [ RunTime:0.000050s ]
INFO: [ template_filter ] --END-- [ RunTime:0.000108s ]
INFO: Run Behavior\ParseTemplateBehavior [ RunTime:0.021073s ]
INFO: [ view_parse ] --END-- [ RunTime:0.021150s ]
INFO: [ view_filter ] --START--
INFO: Run Behavior\WriteHtmlCacheBehavior [ RunTime:0.004381s ]
INFO: [ view_filter ] --END-- [ RunTime:0.004436s ]
INFO: [ app_end ] --START--
INFO: Run Behavior\ShowPageTraceBehavior [ RunTime:0.002721s ]
INFO: [ app_end ] --END-- [ RunTime:0.002775s ]

[ 2022-02-03T15:38:23+08:00 ] 127.0.0.1 /home/index/showblog/id/174
INFO: [ app_init ] --START--
INFO: Run Behavior\BuildLiteBehavior [ RunTime:0.000008s ]
INFO: [ app_init ] --END-- [ RunTime:0.000400s ]
NOTIC: [8] Constant APP_DEBUG already defined E:\UPUPW_AP5.5-1510\UPUPW_AP5.5\vhosts\www.blog.com\Application\Home\Conf\config.php 第 4 行.
INFO: [ app_begin ] --START--
INFO: Run Behavior\ReadHtmlCacheBehavior [ RunTime:0.001944s ]
INFO: [ app_begin ] --END-- [ RunTime:0.001988s ]
NOTIC: [2048] Declaration of Home\Controller\IndexController::show() should be compatible with Think\Controller::show($content, $charset = '', $contentType = '', $prefix = '') E:\UPUPW_AP5.5-1510\UPUPW_AP5.5\vhosts\www.blog.com\Application\Home\Controller\IndexController.class.php 第 1382 行.
SQL: select nickname,title,content,views,likes,time from blog_article left join blog_user on blog_article.user_id=blog_user.id where  blog_article.id=174 [ RunTime:0.0003s ]
SQL: SHOW COLUMNS FROM `blog_article` [ RunTime:0.0028s ]
SQL: UPDATE `blog_article` SET `views`=views+1 WHERE ( id=174 ) [ RunTime:0.0139s ]
INFO: [ view_parse ] --START--
INFO: [ template_filter ] --START--
INFO: Run Behavior\ContentReplaceBehavior [ RunTime:0.000031s ]
INFO: [ template_filter ] --END-- [ RunTime:0.000067s ]
NOTIC: [8] Undefined variable: pre E:\UPUPW_AP5.5-1510\UPUPW_AP5.5\vhosts\www.blog.com\Application\Runtime\Cache\Home\9202b8a559e0239229284b7a3a9b1b39.php 第 71 行.
NOTIC: [8] Undefined variable: pre E:\UPUPW_AP5.5-1510\UPUPW_AP5.5\vhosts\www.blog.com\Application\Runtime\Cache\Home\9202b8a559e0239229284b7a3a9b1b39.php 第 71 行.
NOTIC: [8] Undefined variable: next E:\UPUPW_AP5.5-1510\UPUPW_AP5.5\vhosts\www.blog.com\Application\Runtime\Cache\Home\9202b8a559e0239229284b7a3a9b1b39.php 第 72 行.
NOTIC: [8] Undefined variable: next E:\UPUPW_AP5.5-1510\UPUPW_AP5.5\vhosts\www.blog.com\Application\Runtime\Cache\Home\9202b8a559e0239229284b7a3a9b1b39.php 第 72 行.
INFO: Run Behavior\ParseTemplateBehavior [ RunTime:0.011668s ]
INFO: [ view_parse ] --END-- [ RunTime:0.011707s ]
INFO: [ view_filter ] --START--
INFO: Run Behavior\WriteHtmlCacheBehavior [ RunTime:0.003461s ]
INFO: [ view_filter ] --END-- [ RunTime:0.003507s ]
INFO: [ app_end ] --START--
INFO: Run Behavior\ShowPageTraceBehavior [ RunTime:0.003046s ]
INFO: [ app_end ] --END-- [ RunTime:0.003093s ]

[ 2022-02-03T15:38:26+08:00 ] 127.0.0.1 /home/index/showblog/id/174
INFO: [ app_init ] --START--
INFO: Run Behavior\BuildLiteBehavior [ RunTime:0.000008s ]
INFO: [ app_init ] --END-- [ RunTime:0.000389s ]
NOTIC: [8] Constant APP_DEBUG already defined E:\UPUPW_AP5.5-1510\UPUPW_AP5.5\vhosts\www.blog.com\Application\Home\Conf\config.php 第 4 行.
INFO: [ app_begin ] --START--
INFO: Run Behavior\ReadHtmlCacheBehavior [ RunTime:0.002548s ]
INFO: [ app_begin ] --END-- [ RunTime:0.002593s ]
NOTIC: [2048] Declaration of Home\Controller\IndexController::show() should be compatible with Think\Controller::show($content, $charset = '', $contentType = '', $prefix = '') E:\UPUPW_AP5.5-1510\UPUPW_AP5.5\vhosts\www.blog.com\Application\Home\Controller\IndexController.class.php 第 1382 行.
SQL: select nickname,title,content,views,likes,time from blog_article left join blog_user on blog_article.user_id=blog_user.id where  blog_article.id=174 [ RunTime:0.0002s ]
SQL: SHOW COLUMNS FROM `blog_article` [ RunTime:0.0022s ]
SQL: UPDATE `blog_article` SET `views`=views+1 WHERE ( id=174 ) [ RunTime:0.0228s ]
INFO: [ view_parse ] --START--
INFO: [ template_filter ] --START--
INFO: Run Behavior\ContentReplaceBehavior [ RunTime:0.000038s ]
INFO: [ template_filter ] --END-- [ RunTime:0.000082s ]
NOTIC: [8] Undefined variable: pre E:\UPUPW_AP5.5-1510\UPUPW_AP5.5\vhosts\www.blog.com\Application\Runtime\Cache\Home\9202b8a559e0239229284b7a3a9b1b39.php 第 71 行.
NOTIC: [8] Undefined variable: pre E:\UPUPW_AP5.5-1510\UPUPW_AP5.5\vhosts\www.blog.com\Application\Runtime\Cache\Home\9202b8a559e0239229284b7a3a9b1b39.php 第 71 行.
NOTIC: [8] Undefined variable: next E:\UPUPW_AP5.5-1510\UPUPW_AP5.5\vhosts\www.blog.com\Application\Runtime\Cache\Home\9202b8a559e0239229284b7a3a9b1b39.php 第 72 行.
NOTIC: [8] Undefined variable: next E:\UPUPW_AP5.5-1510\UPUPW_AP5.5\vhosts\www.blog.com\Application\Runtime\Cache\Home\9202b8a559e0239229284b7a3a9b1b39.php 第 72 行.
INFO: Run Behavior\ParseTemplateBehavior [ RunTime:0.020145s ]
INFO: [ view_parse ] --END-- [ RunTime:0.020229s ]
INFO: [ view_filter ] --START--
INFO: Run Behavior\WriteHtmlCacheBehavior [ RunTime:0.002307s ]
INFO: [ view_filter ] --END-- [ RunTime:0.002337s ]
INFO: [ app_end ] --START--
INFO: Run Behavior\ShowPageTraceBehavior [ RunTime:0.002625s ]
INFO: [ app_end ] --END-- [ RunTime:0.002677s ]

[ 2022-02-03T15:38:29+08:00 ] 127.0.0.1 /
INFO: [ app_init ] --START--
INFO: Run Behavior\BuildLiteBehavior [ RunTime:0.000010s ]
INFO: [ app_init ] --END-- [ RunTime:0.000632s ]
NOTIC: [8] Constant APP_DEBUG already defined E:\UPUPW_AP5.5-1510\UPUPW_AP5.5\vhosts\www.blog.com\Application\Home\Conf\config.php 第 4 行.
INFO: [ app_begin ] --START--
INFO: Run Behavior\ReadHtmlCacheBehavior [ RunTime:0.002113s ]
INFO: [ app_begin ] --END-- [ RunTime:0.002152s ]
NOTIC: [2048] Declaration of Home\Controller\IndexController::show() should be compatible with Think\Controller::show($content, $charset = '', $contentType = '', $prefix = '') E:\UPUPW_AP5.5-1510\UPUPW_AP5.5\vhosts\www.blog.com\Application\Home\Controller\IndexController.class.php 第 1382 行.
SQL: select blog_article.id as id, title,name,content,nickname,views,likes from blog_article  left join blog_user on blog_article.user_id= blog_user.id left join blog_type on blog_article.type_id = blog_type.id order by time desc [ RunTime:0.0007s ]
INFO: [ view_parse ] --START--
INFO: [ template_filter ] --START--
INFO: Run Behavior\ContentReplaceBehavior [ RunTime:0.000035s ]
INFO: [ template_filter ] --END-- [ RunTime:0.000074s ]
INFO: Run Behavior\ParseTemplateBehavior [ RunTime:0.012282s ]
INFO: [ view_parse ] --END-- [ RunTime:0.012327s ]
INFO: [ view_filter ] --START--
INFO: Run Behavior\WriteHtmlCacheBehavior [ RunTime:0.002262s ]
INFO: [ view_filter ] --END-- [ RunTime:0.002295s ]
INFO: [ app_end ] --START--
INFO: Run Behavior\ShowPageTraceBehavior [ RunTime:0.002323s ]
INFO: [ app_end ] --END-- [ RunTime:0.002364s ]

[ 2022-02-03T15:38:33+08:00 ] 127.0.0.1 /home/index/showblog/id/175
INFO: [ app_init ] --START--
INFO: Run Behavior\BuildLiteBehavior [ RunTime:0.000020s ]
INFO: [ app_init ] --END-- [ RunTime:0.000659s ]
NOTIC: [8] Constant APP_DEBUG already defined E:\UPUPW_AP5.5-1510\UPUPW_AP5.5\vhosts\www.blog.com\Application\Home\Conf\config.php 第 4 行.
INFO: [ app_begin ] --START--
INFO: Run Behavior\ReadHtmlCacheBehavior [ RunTime:0.002558s ]
INFO: [ app_begin ] --END-- [ RunTime:0.002604s ]
NOTIC: [2048] Declaration of Home\Controller\IndexController::show() should be compatible with Think\Controller::show($content, $charset = '', $contentType = '', $prefix = '') E:\UPUPW_AP5.5-1510\UPUPW_AP5.5\vhosts\www.blog.com\Application\Home\Controller\IndexController.class.php 第 1382 行.
SQL: select nickname,title,content,views,likes,time from blog_article left join blog_user on blog_article.user_id=blog_user.id where  blog_article.id=175 [ RunTime:0.0004s ]
SQL: SHOW COLUMNS FROM `blog_article` [ RunTime:0.0030s ]
SQL: UPDATE `blog_article` SET `views`=views+1 WHERE ( id=175 ) [ RunTime:0.1073s ]
INFO: [ view_parse ] --START--
INFO: [ template_filter ] --START--
INFO: Run Behavior\ContentReplaceBehavior [ RunTime:0.000060s ]
INFO: [ template_filter ] --END-- [ RunTime:0.000126s ]
NOTIC: [8] Undefined variable: pre E:\UPUPW_AP5.5-1510\UPUPW_AP5.5\vhosts\www.blog.com\Application\Runtime\Cache\Home\9202b8a559e0239229284b7a3a9b1b39.php 第 71 行.
NOTIC: [8] Undefined variable: pre E:\UPUPW_AP5.5-1510\UPUPW_AP5.5\vhosts\www.blog.com\Application\Runtime\Cache\Home\9202b8a559e0239229284b7a3a9b1b39.php 第 71 行.
NOTIC: [8] Undefined variable: next E:\UPUPW_AP5.5-1510\UPUPW_AP5.5\vhosts\www.blog.com\Application\Runtime\Cache\Home\9202b8a559e0239229284b7a3a9b1b39.php 第 72 行.
NOTIC: [8] Undefined variable: next E:\UPUPW_AP5.5-1510\UPUPW_AP5.5\vhosts\www.blog.com\Application\Runtime\Cache\Home\9202b8a559e0239229284b7a3a9b1b39.php 第 72 行.
INFO: Run Behavior\ParseTemplateBehavior [ RunTime:0.054552s ]
INFO: [ view_parse ] --END-- [ RunTime:0.054718s ]
INFO: [ view_filter ] --START--
INFO: Run Behavior\WriteHtmlCacheBehavior [ RunTime:0.002751s ]
INFO: [ view_filter ] --END-- [ RunTime:0.002786s ]
INFO: [ app_end ] --START--
INFO: Run Behavior\ShowPageTraceBehavior [ RunTime:0.002437s ]
INFO: [ app_end ] --END-- [ RunTime:0.002469s ]

[ 2022-02-03T15:38:37+08:00 ] 127.0.0.1 /home/index/showblog/id/175
INFO: [ app_init ] --START--
INFO: Run Behavior\BuildLiteBehavior [ RunTime:0.000015s ]
INFO: [ app_init ] --END-- [ RunTime:0.000892s ]
NOTIC: [8] Constant APP_DEBUG already defined E:\UPUPW_AP5.5-1510\UPUPW_AP5.5\vhosts\www.blog.com\Application\Home\Conf\config.php 第 4 行.
INFO: [ app_begin ] --START--
INFO: Run Behavior\ReadHtmlCacheBehavior [ RunTime:0.002504s ]
INFO: [ app_begin ] --END-- [ RunTime:0.002550s ]
NOTIC: [2048] Declaration of Home\Controller\IndexController::show() should be compatible with Think\Controller::show($content, $charset = '', $contentType = '', $prefix = '') E:\UPUPW_AP5.5-1510\UPUPW_AP5.5\vhosts\www.blog.com\Application\Home\Controller\IndexController.class.php 第 1382 行.
SQL: select nickname,title,content,views,likes,time from blog_article left join blog_user on blog_article.user_id=blog_user.id where  blog_article.id=175 [ RunTime:0.0003s ]
SQL: SHOW COLUMNS FROM `blog_article` [ RunTime:0.0033s ]
SQL: UPDATE `blog_article` SET `views`=views+1 WHERE ( id=175 ) [ RunTime:0.0156s ]
INFO: [ view_parse ] --START--
INFO: [ template_filter ] --START--
INFO: Run Behavior\ContentReplaceBehavior [ RunTime:0.000034s ]
INFO: [ template_filter ] --END-- [ RunTime:0.000072s ]
NOTIC: [8] Undefined variable: pre E:\UPUPW_AP5.5-1510\UPUPW_AP5.5\vhosts\www.blog.com\Application\Runtime\Cache\Home\9202b8a559e0239229284b7a3a9b1b39.php 第 71 行.
NOTIC: [8] Undefined variable: pre E:\UPUPW_AP5.5-1510\UPUPW_AP5.5\vhosts\www.blog.com\Application\Runtime\Cache\Home\9202b8a559e0239229284b7a3a9b1b39.php 第 71 行.
NOTIC: [8] Undefined variable: next E:\UPUPW_AP5.5-1510\UPUPW_AP5.5\vhosts\www.blog.com\Application\Runtime\Cache\Home\9202b8a559e0239229284b7a3a9b1b39.php 第 72 行.
NOTIC: [8] Undefined variable: next E:\UPUPW_AP5.5-1510\UPUPW_AP5.5\vhosts\www.blog.com\Application\Runtime\Cache\Home\9202b8a559e0239229284b7a3a9b1b39.php 第 72 行.
INFO: Run Behavior\ParseTemplateBehavior [ RunTime:0.013877s ]
INFO: [ view_parse ] --END-- [ RunTime:0.013927s ]
INFO: [ view_filter ] --START--
INFO: Run Behavior\WriteHtmlCacheBehavior [ RunTime:0.002290s ]
INFO: [ view_filter ] --END-- [ RunTime:0.002322s ]
INFO: [ app_end ] --START--
INFO: Run Behavior\ShowPageTraceBehavior [ RunTime:0.002178s ]
INFO: [ app_end ] --END-- [ RunTime:0.002206s ]

[ 2022-02-03T15:38:42+08:00 ] 127.0.0.1 /
INFO: [ app_init ] --START--
INFO: Run Behavior\BuildLiteBehavior [ RunTime:0.000014s ]
INFO: [ app_init ] --END-- [ RunTime:0.000506s ]
NOTIC: [8] Constant APP_DEBUG already defined E:\UPUPW_AP5.5-1510\UPUPW_AP5.5\vhosts\www.blog.com\Application\Home\Conf\config.php 第 4 行.
INFO: [ app_begin ] --START--
INFO: Run Behavior\ReadHtmlCacheBehavior [ RunTime:0.002586s ]
INFO: [ app_begin ] --END-- [ RunTime:0.002642s ]
NOTIC: [2048] Declaration of Home\Controller\IndexController::show() should be compatible with Think\Controller::show($content, $charset = '', $contentType = '', $prefix = '') E:\UPUPW_AP5.5-1510\UPUPW_AP5.5\vhosts\www.blog.com\Application\Home\Controller\IndexController.class.php 第 1382 行.
SQL: select blog_article.id as id, title,name,content,nickname,views,likes from blog_article  left join blog_user on blog_article.user_id= blog_user.id left join blog_type on blog_article.type_id = blog_type.id order by time desc [ RunTime:0.0005s ]
INFO: [ view_parse ] --START--
INFO: [ template_filter ] --START--
INFO: Run Behavior\ContentReplaceBehavior [ RunTime:0.000034s ]
INFO: [ template_filter ] --END-- [ RunTime:0.000069s ]
INFO: Run Behavior\ParseTemplateBehavior [ RunTime:0.012541s ]
INFO: [ view_parse ] --END-- [ RunTime:0.012584s ]
INFO: [ view_filter ] --START--
INFO: Run Behavior\WriteHtmlCacheBehavior [ RunTime:0.002422s ]
INFO: [ view_filter ] --END-- [ RunTime:0.002458s ]
INFO: [ app_end ] --START--
INFO: Run Behavior\ShowPageTraceBehavior [ RunTime:0.001958s ]
INFO: [ app_end ] --END-- [ RunTime:0.001986s ]

[ 2022-02-03T15:38:44+08:00 ] 127.0.0.1 /home/index/showblog/id/175
INFO: [ app_init ] --START--
INFO: Run Behavior\BuildLiteBehavior [ RunTime:0.000010s ]
INFO: [ app_init ] --END-- [ RunTime:0.000517s ]
NOTIC: [8] Constant APP_DEBUG already defined E:\UPUPW_AP5.5-1510\UPUPW_AP5.5\vhosts\www.blog.com\Application\Home\Conf\config.php 第 4 行.
INFO: [ app_begin ] --START--
INFO: Run Behavior\ReadHtmlCacheBehavior [ RunTime:0.003002s ]
INFO: [ app_begin ] --END-- [ RunTime:0.003056s ]
NOTIC: [2048] Declaration of Home\Controller\IndexController::show() should be compatible with Think\Controller::show($content, $charset = '', $contentType = '', $prefix = '') E:\UPUPW_AP5.5-1510\UPUPW_AP5.5\vhosts\www.blog.com\Application\Home\Controller\IndexController.class.php 第 1382 行.
SQL: select nickname,title,content,views,likes,time from blog_article left join blog_user on blog_article.user_id=blog_user.id where  blog_article.id=175 [ RunTime:0.0003s ]
SQL: SHOW COLUMNS FROM `blog_article` [ RunTime:0.0032s ]
SQL: UPDATE `blog_article` SET `views`=views+1 WHERE ( id=175 ) [ RunTime:0.1137s ]
INFO: [ view_parse ] --START--
INFO: [ template_filter ] --START--
INFO: Run Behavior\ContentReplaceBehavior [ RunTime:0.000062s ]
INFO: [ template_filter ] --END-- [ RunTime:0.000139s ]
NOTIC: [8] Undefined variable: pre E:\UPUPW_AP5.5-1510\UPUPW_AP5.5\vhosts\www.blog.com\Application\Runtime\Cache\Home\9202b8a559e0239229284b7a3a9b1b39.php 第 71 行.
NOTIC: [8] Undefined variable: pre E:\UPUPW_AP5.5-1510\UPUPW_AP5.5\vhosts\www.blog.com\Application\Runtime\Cache\Home\9202b8a559e0239229284b7a3a9b1b39.php 第 71 行.
NOTIC: [8] Undefined variable: next E:\UPUPW_AP5.5-1510\UPUPW_AP5.5\vhosts\www.blog.com\Application\Runtime\Cache\Home\9202b8a559e0239229284b7a3a9b1b39.php 第 72 行.
NOTIC: [8] Undefined variable: next E:\UPUPW_AP5.5-1510\UPUPW_AP5.5\vhosts\www.blog.com\Application\Runtime\Cache\Home\9202b8a559e0239229284b7a3a9b1b39.php 第 72 行.
INFO: Run Behavior\ParseTemplateBehavior [ RunTime:0.026927s ]
INFO: [ view_parse ] --END-- [ RunTime:0.026996s ]
INFO: [ view_filter ] --START--
INFO: Run Behavior\WriteHtmlCacheBehavior [ RunTime:0.002143s ]
INFO: [ view_filter ] --END-- [ RunTime:0.002177s ]
INFO: [ app_end ] --START--
INFO: Run Behavior\ShowPageTraceBehavior [ RunTime:0.003710s ]
INFO: [ app_end ] --END-- [ RunTime:0.003758s ]

[ 2022-02-03T16:20:08+08:00 ] 127.0.0.1 /index.php/Home/Admin/index.html
INFO: [ app_init ] --START--
INFO: Run Behavior\BuildLiteBehavior [ RunTime:0.000012s ]
INFO: [ app_init ] --END-- [ RunTime:0.000593s ]
NOTIC: [8] Constant APP_DEBUG already defined E:\UPUPW_AP5.5-1510\UPUPW_AP5.5\vhosts\www.blog.com\Application\Home\Conf\config.php 第 4 行.
INFO: [ app_begin ] --START--
INFO: Run Behavior\ReadHtmlCacheBehavior [ RunTime:0.002861s ]
INFO: [ app_begin ] --END-- [ RunTime:0.002930s ]

[ 2022-02-03T16:20:08+08:00 ] 127.0.0.1 /index.php/home/admin/login.html
INFO: [ app_init ] --START--
INFO: Run Behavior\BuildLiteBehavior [ RunTime:0.000009s ]
INFO: [ app_init ] --END-- [ RunTime:0.000418s ]
NOTIC: [8] Constant APP_DEBUG already defined E:\UPUPW_AP5.5-1510\UPUPW_AP5.5\vhosts\www.blog.com\Application\Home\Conf\config.php 第 4 行.
INFO: [ app_begin ] --START--
INFO: Run Behavior\ReadHtmlCacheBehavior [ RunTime:0.001977s ]
INFO: [ app_begin ] --END-- [ RunTime:0.002012s ]
INFO: [ view_parse ] --START--
INFO: [ template_filter ] --START--
INFO: Run Behavior\ContentReplaceBehavior [ RunTime:0.000105s ]
INFO: [ template_filter ] --END-- [ RunTime:0.000239s ]
NOTIC: [8] Undefined variable: msg E:\UPUPW_AP5.5-1510\UPUPW_AP5.5\vhosts\www.blog.com\Application\Runtime\Cache\Home\c738ce3f76a31820b13902acb02df87d.php 第 41 行.
INFO: Run Behavior\ParseTemplateBehavior [ RunTime:0.158306s ]
INFO: [ view_parse ] --END-- [ RunTime:0.158391s ]
INFO: [ view_filter ] --START--
INFO: Run Behavior\WriteHtmlCacheBehavior [ RunTime:0.010971s ]
INFO: [ view_filter ] --END-- [ RunTime:0.011103s ]
INFO: [ app_end ] --START--
INFO: Run Behavior\ShowPageTraceBehavior [ RunTime:0.011149s ]
INFO: [ app_end ] --END-- [ RunTime:0.011274s ]

[ 2022-02-03T16:20:09+08:00 ] 127.0.0.1 /home/admin/yzm
INFO: [ app_init ] --START--
INFO: Run Behavior\BuildLiteBehavior [ RunTime:0.000009s ]
INFO: [ app_init ] --END-- [ RunTime:0.000412s ]
NOTIC: [8] Constant APP_DEBUG already defined E:\UPUPW_AP5.5-1510\UPUPW_AP5.5\vhosts\www.blog.com\Application\Home\Conf\config.php 第 4 行.
INFO: [ app_begin ] --START--
INFO: Run Behavior\ReadHtmlCacheBehavior [ RunTime:0.003709s ]
INFO: [ app_begin ] --END-- [ RunTime:0.003758s ]
INFO: [ app_end ] --START--
INFO: Run Behavior\ShowPageTraceBehavior [ RunTime:0.002009s ]
INFO: [ app_end ] --END-- [ RunTime:0.002056s ]

[ 2022-02-03T19:42:34+08:00 ] 127.0.0.1 /home/index/addblog
INFO: [ app_init ] --START--
INFO: Run Behavior\BuildLiteBehavior [ RunTime:0.000017s ]
INFO: [ app_init ] --END-- [ RunTime:0.000990s ]
NOTIC: [8] Constant APP_DEBUG already defined E:\UPUPW_AP5.5-1510\UPUPW_AP5.5\vhosts\www.blog.com\Application\Home\Conf\config.php 第 4 行.
INFO: [ app_begin ] --START--
INFO: Run Behavior\ReadHtmlCacheBehavior [ RunTime:0.006688s ]
INFO: [ app_begin ] --END-- [ RunTime:0.006774s ]
NOTIC: [2048] Declaration of Home\Controller\IndexController::show() should be compatible with Think\Controller::show($content, $charset = '', $contentType = '', $prefix = '') E:\UPUPW_AP5.5-1510\UPUPW_AP5.5\vhosts\www.blog.com\Application\Home\Controller\IndexController.class.php 第 15 行.
SQL: select id,name from blog_type [ RunTime:0.0006s ]
INFO: [ view_parse ] --START--
INFO: [ template_filter ] --START--
INFO: Run Behavior\ContentReplaceBehavior [ RunTime:0.000062s ]
INFO: [ template_filter ] --END-- [ RunTime:0.000133s ]
INFO: Run Behavior\ParseTemplateBehavior [ RunTime:0.031764s ]
INFO: [ view_parse ] --END-- [ RunTime:0.031878s ]
INFO: [ view_filter ] --START--
INFO: Run Behavior\WriteHtmlCacheBehavior [ RunTime:0.006689s ]
INFO: [ view_filter ] --END-- [ RunTime:0.006780s ]
INFO: [ app_end ] --START--
INFO: Run Behavior\ShowPageTraceBehavior [ RunTime:0.004613s ]
INFO: [ app_end ] --END-- [ RunTime:0.004684s ]

[ 2022-02-03T19:43:06+08:00 ] 127.0.0.1 /home/index/addblogdata
INFO: [ app_init ] --START--
INFO: Run Behavior\BuildLiteBehavior [ RunTime:0.000018s ]
INFO: [ app_init ] --END-- [ RunTime:0.000984s ]
NOTIC: [8] Constant APP_DEBUG already defined E:\UPUPW_AP5.5-1510\UPUPW_AP5.5\vhosts\www.blog.com\Application\Home\Conf\config.php 第 4 行.
INFO: [ app_begin ] --START--
INFO: Run Behavior\ReadHtmlCacheBehavior [ RunTime:0.004735s ]
INFO: [ app_begin ] --END-- [ RunTime:0.004824s ]
NOTIC: [2048] Declaration of Home\Controller\IndexController::show() should be compatible with Think\Controller::show($content, $charset = '', $contentType = '', $prefix = '') E:\UPUPW_AP5.5-1510\UPUPW_AP5.5\vhosts\www.blog.com\Application\Home\Controller\IndexController.class.php 第 15 行.
SQL: insert into blog_article(type_id,title,content,keywords,time) values('1','你说全世界','你说全世界
**你说全世界**
你说全世界','',CURDATE()) [ RunTime:0.0574s ]
INFO: [ view_parse ] --START--
INFO: [ template_filter ] --START--
INFO: Run Behavior\ContentReplaceBehavior [ RunTime:0.000078s ]
INFO: [ template_filter ] --END-- [ RunTime:0.000178s ]
INFO: Run Behavior\ParseTemplateBehavior [ RunTime:0.044745s ]
INFO: [ view_parse ] --END-- [ RunTime:0.044943s ]
INFO: [ view_filter ] --START--
INFO: Run Behavior\WriteHtmlCacheBehavior [ RunTime:0.006088s ]
INFO: [ view_filter ] --END-- [ RunTime:0.006167s ]
INFO: [ app_end ] --START--
INFO: Run Behavior\ShowPageTraceBehavior [ RunTime:0.008639s ]
INFO: [ app_end ] --END-- [ RunTime:0.008717s ]

[ 2022-02-03T19:43:08+08:00 ] 127.0.0.1 /home/index/addblog
INFO: [ app_init ] --START--
INFO: Run Behavior\BuildLiteBehavior [ RunTime:0.000036s ]
INFO: [ app_init ] --END-- [ RunTime:0.001604s ]
NOTIC: [8] Constant APP_DEBUG already defined E:\UPUPW_AP5.5-1510\UPUPW_AP5.5\vhosts\www.blog.com\Application\Home\Conf\config.php 第 4 行.
INFO: [ app_begin ] --START--
INFO: Run Behavior\ReadHtmlCacheBehavior [ RunTime:0.005538s ]
INFO: [ app_begin ] --END-- [ RunTime:0.005640s ]
NOTIC: [2048] Declaration of Home\Controller\IndexController::show() should be compatible with Think\Controller::show($content, $charset = '', $contentType = '', $prefix = '') E:\UPUPW_AP5.5-1510\UPUPW_AP5.5\vhosts\www.blog.com\Application\Home\Controller\IndexController.class.php 第 15 行.
SQL: select id,name from blog_type [ RunTime:0.0006s ]
INFO: [ view_parse ] --START--
INFO: [ template_filter ] --START--
INFO: Run Behavior\ContentReplaceBehavior [ RunTime:0.000093s ]
INFO: [ template_filter ] --END-- [ RunTime:0.000184s ]
INFO: Run Behavior\ParseTemplateBehavior [ RunTime:0.033116s ]
INFO: [ view_parse ] --END-- [ RunTime:0.033269s ]
INFO: [ view_filter ] --START--
INFO: Run Behavior\WriteHtmlCacheBehavior [ RunTime:0.006086s ]
INFO: [ view_filter ] --END-- [ RunTime:0.006167s ]
INFO: [ app_end ] --START--
INFO: Run Behavior\ShowPageTraceBehavior [ RunTime:0.004693s ]
INFO: [ app_end ] --END-- [ RunTime:0.004753s ]

[ 2022-02-03T20:04:22+08:00 ] 127.0.0.1 /home/admin/login
INFO: [ app_init ] --START--
INFO: Run Behavior\BuildLiteBehavior [ RunTime:0.000011s ]
INFO: [ app_init ] --END-- [ RunTime:0.000460s ]
NOTIC: [8] Constant APP_DEBUG already defined E:\UPUPW_AP5.5-1510\UPUPW_AP5.5\vhosts\www.blog.com\Application\Home\Conf\config.php 第 4 行.
INFO: [ app_begin ] --START--
INFO: Run Behavior\ReadHtmlCacheBehavior [ RunTime:0.001997s ]
INFO: [ app_begin ] --END-- [ RunTime:0.002037s ]
INFO: [ view_parse ] --START--
INFO: [ template_filter ] --START--
INFO: Run Behavior\ContentReplaceBehavior [ RunTime:0.000028s ]
INFO: [ template_filter ] --END-- [ RunTime:0.000061s ]
INFO: Run Behavior\ParseTemplateBehavior [ RunTime:0.011777s ]
INFO: [ view_parse ] --END-- [ RunTime:0.011823s ]
INFO: [ view_filter ] --START--
INFO: Run Behavior\WriteHtmlCacheBehavior [ RunTime:0.002066s ]
INFO: [ view_filter ] --END-- [ RunTime:0.002094s ]
INFO: [ app_end ] --START--
INFO: Run Behavior\ShowPageTraceBehavior [ RunTime:0.001987s ]
INFO: [ app_end ] --END-- [ RunTime:0.002013s ]

[ 2022-02-03T20:04:22+08:00 ] 127.0.0.1 /home/admin/yzm
INFO: [ app_init ] --START--
INFO: Run Behavior\BuildLiteBehavior [ RunTime:0.000008s ]
INFO: [ app_init ] --END-- [ RunTime:0.000409s ]
NOTIC: [8] Constant APP_DEBUG already defined E:\UPUPW_AP5.5-1510\UPUPW_AP5.5\vhosts\www.blog.com\Application\Home\Conf\config.php 第 4 行.
INFO: [ app_begin ] --START--
INFO: Run Behavior\ReadHtmlCacheBehavior [ RunTime:0.001994s ]
INFO: [ app_begin ] --END-- [ RunTime:0.002036s ]
INFO: [ app_end ] --START--
INFO: Run Behavior\ShowPageTraceBehavior [ RunTime:0.002044s ]
INFO: [ app_end ] --END-- [ RunTime:0.002086s ]

[ 2022-02-03T20:04:34+08:00 ] 127.0.0.1 /home/admin/login
INFO: [ app_init ] --START--
INFO: Run Behavior\BuildLiteBehavior [ RunTime:0.000009s ]
INFO: [ app_init ] --END-- [ RunTime:0.000436s ]
NOTIC: [8] Constant APP_DEBUG already defined E:\UPUPW_AP5.5-1510\UPUPW_AP5.5\vhosts\www.blog.com\Application\Home\Conf\config.php 第 4 行.
INFO: [ app_begin ] --START--
INFO: Run Behavior\ReadHtmlCacheBehavior [ RunTime:0.001996s ]
INFO: [ app_begin ] --END-- [ RunTime:0.002030s ]
SQL: SHOW COLUMNS FROM `blog_user` [ RunTime:0.0032s ]
SQL: SELECT * FROM `blog_user` WHERE ( nickname='nishuo' and password='nishuo' )  [ RunTime:0.0003s ]

[ 2022-02-03T20:04:34+08:00 ] 127.0.0.1 /index.php/Home/Admin/index.html
INFO: [ app_init ] --START--
INFO: Run Behavior\BuildLiteBehavior [ RunTime:0.000008s ]
INFO: [ app_init ] --END-- [ RunTime:0.000406s ]
NOTIC: [8] Constant APP_DEBUG already defined E:\UPUPW_AP5.5-1510\UPUPW_AP5.5\vhosts\www.blog.com\Application\Home\Conf\config.php 第 4 行.
INFO: [ app_begin ] --START--
INFO: Run Behavior\ReadHtmlCacheBehavior [ RunTime:0.002650s ]
INFO: [ app_begin ] --END-- [ RunTime:0.002694s ]
INFO: [ view_parse ] --START--
INFO: [ template_filter ] --START--
INFO: Run Behavior\ContentReplaceBehavior [ RunTime:0.000051s ]
INFO: [ template_filter ] --END-- [ RunTime:0.000086s ]
NOTIC: [8] Undefined variable: username E:\UPUPW_AP5.5-1510\UPUPW_AP5.5\vhosts\www.blog.com\Application\Runtime\Cache\Home\c506a66e5fd5c20a850e05056283aa1e.php 第 49 行.
INFO: Run Behavior\ParseTemplateBehavior [ RunTime:0.012218s ]
INFO: [ view_parse ] --END-- [ RunTime:0.012277s ]
INFO: [ view_filter ] --START--
INFO: Run Behavior\WriteHtmlCacheBehavior [ RunTime:0.002056s ]
INFO: [ view_filter ] --END-- [ RunTime:0.002081s ]
INFO: [ app_end ] --START--
INFO: Run Behavior\ShowPageTraceBehavior [ RunTime:0.002329s ]
INFO: [ app_end ] --END-- [ RunTime:0.002366s ]

[ 2022-02-03T20:04:34+08:00 ] 127.0.0.1 /index.php/Home/Admin/welcome.html
INFO: [ app_init ] --START--
INFO: Run Behavior\BuildLiteBehavior [ RunTime:0.000015s ]
INFO: [ app_init ] --END-- [ RunTime:0.000749s ]
NOTIC: [8] Constant APP_DEBUG already defined E:\UPUPW_AP5.5-1510\UPUPW_AP5.5\vhosts\www.blog.com\Application\Home\Conf\config.php 第 4 行.
INFO: [ app_begin ] --START--
INFO: Run Behavior\ReadHtmlCacheBehavior [ RunTime:0.003512s ]
INFO: [ app_begin ] --END-- [ RunTime:0.003579s ]
INFO: [ view_parse ] --START--
INFO: [ template_filter ] --START--
INFO: Run Behavior\ContentReplaceBehavior [ RunTime:0.000036s ]
INFO: [ template_filter ] --END-- [ RunTime:0.000096s ]
INFO: Run Behavior\ParseTemplateBehavior [ RunTime:0.016719s ]
INFO: [ view_parse ] --END-- [ RunTime:0.016774s ]
INFO: [ view_filter ] --START--
INFO: Run Behavior\WriteHtmlCacheBehavior [ RunTime:0.003297s ]
INFO: [ view_filter ] --END-- [ RunTime:0.003353s ]
INFO: [ app_end ] --START--
INFO: Run Behavior\ShowPageTraceBehavior [ RunTime:0.004412s ]
INFO: [ app_end ] --END-- [ RunTime:0.004459s ]

[ 2022-02-03T20:05:31+08:00 ] 127.0.0.1 /
INFO: [ app_init ] --START--
INFO: Run Behavior\BuildLiteBehavior [ RunTime:0.000009s ]
INFO: [ app_init ] --END-- [ RunTime:0.000404s ]
NOTIC: [8] Constant APP_DEBUG already defined E:\UPUPW_AP5.5-1510\UPUPW_AP5.5\vhosts\www.blog.com\Application\Home\Conf\config.php 第 4 行.
INFO: [ app_begin ] --START--
INFO: Run Behavior\ReadHtmlCacheBehavior [ RunTime:0.002040s ]
INFO: [ app_begin ] --END-- [ RunTime:0.002071s ]
NOTIC: [2048] Declaration of Home\Controller\IndexController::show() should be compatible with Think\Controller::show($content, $charset = '', $contentType = '', $prefix = '') E:\UPUPW_AP5.5-1510\UPUPW_AP5.5\vhosts\www.blog.com\Application\Home\Controller\IndexController.class.php 第 15 行.
SQL: select blog_article.id as id, title,name,content,nickname,views,likes from blog_article  left join blog_user on blog_article.user_id= blog_user.id left join blog_type on blog_article.type_id = blog_type.id order by time desc [ RunTime:0.0008s ]
INFO: [ view_parse ] --START--
INFO: [ template_filter ] --START--
INFO: Run Behavior\ContentReplaceBehavior [ RunTime:0.000034s ]
INFO: [ template_filter ] --END-- [ RunTime:0.000066s ]
NOTIC: [8] Undefined variable: list E:\UPUPW_AP5.5-1510\UPUPW_AP5.5\vhosts\www.blog.com\Application\Runtime\Cache\Home\2a94b8bda04ff446dcedd42276fc99ee.php 第 65 行.
INFO: Run Behavior\ParseTemplateBehavior [ RunTime:0.013289s ]
INFO: [ view_parse ] --END-- [ RunTime:0.013325s ]
INFO: [ view_filter ] --START--
INFO: Run Behavior\WriteHtmlCacheBehavior [ RunTime:0.002315s ]
INFO: [ view_filter ] --END-- [ RunTime:0.002345s ]
INFO: [ app_end ] --START--
INFO: Run Behavior\ShowPageTraceBehavior [ RunTime:0.002698s ]
INFO: [ app_end ] --END-- [ RunTime:0.002736s ]

[ 2022-02-03T20:05:35+08:00 ] 127.0.0.1 /home/index/login
INFO: [ app_init ] --START--
INFO: Run Behavior\BuildLiteBehavior [ RunTime:0.000008s ]
INFO: [ app_init ] --END-- [ RunTime:0.000410s ]
NOTIC: [8] Constant APP_DEBUG already defined E:\UPUPW_AP5.5-1510\UPUPW_AP5.5\vhosts\www.blog.com\Application\Home\Conf\config.php 第 4 行.
INFO: [ app_begin ] --START--
INFO: Run Behavior\ReadHtmlCacheBehavior [ RunTime:0.002136s ]
INFO: [ app_begin ] --END-- [ RunTime:0.002193s ]
NOTIC: [2048] Declaration of Home\Controller\IndexController::show() should be compatible with Think\Controller::show($content, $charset = '', $contentType = '', $prefix = '') E:\UPUPW_AP5.5-1510\UPUPW_AP5.5\vhosts\www.blog.com\Application\Home\Controller\IndexController.class.php 第 15 行.
INFO: [ view_parse ] --START--
INFO: [ template_filter ] --START--
INFO: Run Behavior\ContentReplaceBehavior [ RunTime:0.000024s ]
INFO: [ template_filter ] --END-- [ RunTime:0.000061s ]
NOTIC: [8] Undefined variable: msg E:\UPUPW_AP5.5-1510\UPUPW_AP5.5\vhosts\www.blog.com\Application\Runtime\Cache\Home\ccea6a400660ce54d68cab67b9f68781.php 第 24 行.
INFO: Run Behavior\ParseTemplateBehavior [ RunTime:0.179119s ]
INFO: [ view_parse ] --END-- [ RunTime:0.179271s ]
INFO: [ view_filter ] --START--
INFO: Run Behavior\WriteHtmlCacheBehavior [ RunTime:0.010592s ]
INFO: [ view_filter ] --END-- [ RunTime:0.010713s ]
INFO: [ app_end ] --START--
INFO: Run Behavior\ShowPageTraceBehavior [ RunTime:0.005962s ]
INFO: [ app_end ] --END-- [ RunTime:0.006038s ]

[ 2022-02-03T20:05:35+08:00 ] 127.0.0.1 /home/index/js/popper.min.js
INFO: [ app_init ] --START--
INFO: Run Behavior\BuildLiteBehavior [ RunTime:0.000013s ]
INFO: [ app_init ] --END-- [ RunTime:0.000781s ]
NOTIC: [8] Constant APP_DEBUG already defined E:\UPUPW_AP5.5-1510\UPUPW_AP5.5\vhosts\www.blog.com\Application\Home\Conf\config.php 第 4 行.
INFO: [ app_begin ] --START--
INFO: Run Behavior\ReadHtmlCacheBehavior [ RunTime:0.004437s ]
INFO: [ app_begin ] --END-- [ RunTime:0.004509s ]
NOTIC: [2048] Declaration of Home\Controller\IndexController::show() should be compatible with Think\Controller::show($content, $charset = '', $contentType = '', $prefix = '') E:\UPUPW_AP5.5-1510\UPUPW_AP5.5\vhosts\www.blog.com\Application\Home\Controller\IndexController.class.php 第 15 行.
ERR: 非法操作:js

[ 2022-02-03T20:05:35+08:00 ] 127.0.0.1 /home/index/js/jquery-3.3.1.min.js
INFO: [ app_init ] --START--
INFO: Run Behavior\BuildLiteBehavior [ RunTime:0.000015s ]
INFO: [ app_init ] --END-- [ RunTime:0.000753s ]
NOTIC: [8] Constant APP_DEBUG already defined E:\UPUPW_AP5.5-1510\UPUPW_AP5.5\vhosts\www.blog.com\Application\Home\Conf\config.php 第 4 行.
INFO: [ app_begin ] --START--
INFO: Run Behavior\ReadHtmlCacheBehavior [ RunTime:0.006880s ]
INFO: [ app_begin ] --END-- [ RunTime:0.006939s ]
NOTIC: [2048] Declaration of Home\Controller\IndexController::show() should be compatible with Think\Controller::show($content, $charset = '', $contentType = '', $prefix = '') E:\UPUPW_AP5.5-1510\UPUPW_AP5.5\vhosts\www.blog.com\Application\Home\Controller\IndexController.class.php 第 15 行.
ERR: 非法操作:js

[ 2022-02-03T20:05:35+08:00 ] 127.0.0.1 /home/index/js/wow.min.js
INFO: [ app_init ] --START--
INFO: Run Behavior\BuildLiteBehavior [ RunTime:0.000013s ]
INFO: [ app_init ] --END-- [ RunTime:0.000819s ]
NOTIC: [8] Constant APP_DEBUG already defined E:\UPUPW_AP5.5-1510\UPUPW_AP5.5\vhosts\www.blog.com\Application\Home\Conf\config.php 第 4 行.
INFO: [ app_begin ] --START--
INFO: Run Behavior\ReadHtmlCacheBehavior [ RunTime:0.004614s ]
INFO: [ app_begin ] --END-- [ RunTime:0.004671s ]
NOTIC: [2048] Declaration of Home\Controller\IndexController::show() should be compatible with Think\Controller::show($content, $charset = '', $contentType = '', $prefix = '') E:\UPUPW_AP5.5-1510\UPUPW_AP5.5\vhosts\www.blog.com\Application\Home\Controller\IndexController.class.php 第 15 行.
ERR: 非法操作:js

[ 2022-02-03T20:05:35+08:00 ] 127.0.0.1 /home/index/js/index.js
INFO: [ app_init ] --START--
INFO: Run Behavior\BuildLiteBehavior [ RunTime:0.000014s ]
INFO: [ app_init ] --END-- [ RunTime:0.001033s ]
NOTIC: [8] Constant APP_DEBUG already defined E:\UPUPW_AP5.5-1510\UPUPW_AP5.5\vhosts\www.blog.com\Application\Home\Conf\config.php 第 4 行.
INFO: [ app_begin ] --START--
INFO: Run Behavior\ReadHtmlCacheBehavior [ RunTime:0.012861s ]
INFO: [ app_begin ] --END-- [ RunTime:0.012927s ]
NOTIC: [2048] Declaration of Home\Controller\IndexController::show() should be compatible with Think\Controller::show($content, $charset = '', $contentType = '', $prefix = '') E:\UPUPW_AP5.5-1510\UPUPW_AP5.5\vhosts\www.blog.com\Application\Home\Controller\IndexController.class.php 第 15 行.
ERR: 非法操作:js

[ 2022-02-03T20:05:35+08:00 ] 127.0.0.1 /home/index/js/bootstrap.min.js
INFO: [ app_init ] --START--
INFO: Run Behavior\BuildLiteBehavior [ RunTime:0.000015s ]
INFO: [ app_init ] --END-- [ RunTime:0.000987s ]
NOTIC: [8] Constant APP_DEBUG already defined E:\UPUPW_AP5.5-1510\UPUPW_AP5.5\vhosts\www.blog.com\Application\Home\Conf\config.php 第 4 行.
INFO: [ app_begin ] --START--
INFO: Run Behavior\ReadHtmlCacheBehavior [ RunTime:0.005797s ]
INFO: [ app_begin ] --END-- [ RunTime:0.005852s ]
NOTIC: [2048] Declaration of Home\Controller\IndexController::show() should be compatible with Think\Controller::show($content, $charset = '', $contentType = '', $prefix = '') E:\UPUPW_AP5.5-1510\UPUPW_AP5.5\vhosts\www.blog.com\Application\Home\Controller\IndexController.class.php 第 15 行.
ERR: 非法操作:js

[ 2022-02-03T20:05:35+08:00 ] 127.0.0.1 /home/index/css/bootstrap.css
INFO: [ app_init ] --START--
INFO: Run Behavior\BuildLiteBehavior [ RunTime:0.000023s ]
INFO: [ app_init ] --END-- [ RunTime:0.002764s ]
NOTIC: [8] Constant APP_DEBUG already defined E:\UPUPW_AP5.5-1510\UPUPW_AP5.5\vhosts\www.blog.com\Application\Home\Conf\config.php 第 4 行.
INFO: [ app_begin ] --START--
INFO: Run Behavior\ReadHtmlCacheBehavior [ RunTime:0.004441s ]
INFO: [ app_begin ] --END-- [ RunTime:0.004506s ]
NOTIC: [2048] Declaration of Home\Controller\IndexController::show() should be compatible with Think\Controller::show($content, $charset = '', $contentType = '', $prefix = '') E:\UPUPW_AP5.5-1510\UPUPW_AP5.5\vhosts\www.blog.com\Application\Home\Controller\IndexController.class.php 第 15 行.
ERR: 非法操作:css

[ 2022-02-03T20:05:35+08:00 ] 127.0.0.1 /home/index/css/register.css
INFO: [ app_init ] --START--
INFO: Run Behavior\BuildLiteBehavior [ RunTime:0.000015s ]
INFO: [ app_init ] --END-- [ RunTime:0.000714s ]
NOTIC: [8] Constant APP_DEBUG already defined E:\UPUPW_AP5.5-1510\UPUPW_AP5.5\vhosts\www.blog.com\Application\Home\Conf\config.php 第 4 行.
INFO: [ app_begin ] --START--
INFO: Run Behavior\ReadHtmlCacheBehavior [ RunTime:0.003625s ]
INFO: [ app_begin ] --END-- [ RunTime:0.003669s ]
NOTIC: [2048] Declaration of Home\Controller\IndexController::show() should be compatible with Think\Controller::show($content, $charset = '', $contentType = '', $prefix = '') E:\UPUPW_AP5.5-1510\UPUPW_AP5.5\vhosts\www.blog.com\Application\Home\Controller\IndexController.class.php 第 15 行.
ERR: 非法操作:css

[ 2022-02-03T20:05:35+08:00 ] 127.0.0.1 /home/index/js/popper.min.js
INFO: [ app_init ] --START--
INFO: Run Behavior\BuildLiteBehavior [ RunTime:0.000016s ]
INFO: [ app_init ] --END-- [ RunTime:0.000660s ]
NOTIC: [8] Constant APP_DEBUG already defined E:\UPUPW_AP5.5-1510\UPUPW_AP5.5\vhosts\www.blog.com\Application\Home\Conf\config.php 第 4 行.
INFO: [ app_begin ] --START--
INFO: Run Behavior\ReadHtmlCacheBehavior [ RunTime:0.002789s ]
INFO: [ app_begin ] --END-- [ RunTime:0.002845s ]
NOTIC: [2048] Declaration of Home\Controller\IndexController::show() should be compatible with Think\Controller::show($content, $charset = '', $contentType = '', $prefix = '') E:\UPUPW_AP5.5-1510\UPUPW_AP5.5\vhosts\www.blog.com\Application\Home\Controller\IndexController.class.php 第 15 行.
ERR: 非法操作:js

[ 2022-02-03T20:05:35+08:00 ] 127.0.0.1 /home/index/js/bootstrap.min.js
INFO: [ app_init ] --START--
INFO: Run Behavior\BuildLiteBehavior [ RunTime:0.000011s ]
INFO: [ app_init ] --END-- [ RunTime:0.000422s ]
NOTIC: [8] Constant APP_DEBUG already defined E:\UPUPW_AP5.5-1510\UPUPW_AP5.5\vhosts\www.blog.com\Application\Home\Conf\config.php 第 4 行.
INFO: [ app_begin ] --START--
INFO: Run Behavior\ReadHtmlCacheBehavior [ RunTime:0.002005s ]
INFO: [ app_begin ] --END-- [ RunTime:0.002040s ]
NOTIC: [2048] Declaration of Home\Controller\IndexController::show() should be compatible with Think\Controller::show($content, $charset = '', $contentType = '', $prefix = '') E:\UPUPW_AP5.5-1510\UPUPW_AP5.5\vhosts\www.blog.com\Application\Home\Controller\IndexController.class.php 第 15 行.
ERR: 非法操作:js

[ 2022-02-03T20:05:35+08:00 ] 127.0.0.1 /home/index/js/index.js
INFO: [ app_init ] --START--
INFO: Run Behavior\BuildLiteBehavior [ RunTime:0.000009s ]
INFO: [ app_init ] --END-- [ RunTime:0.000563s ]
NOTIC: [8] Constant APP_DEBUG already defined E:\UPUPW_AP5.5-1510\UPUPW_AP5.5\vhosts\www.blog.com\Application\Home\Conf\config.php 第 4 行.
INFO: [ app_begin ] --START--
INFO: Run Behavior\ReadHtmlCacheBehavior [ RunTime:0.002072s ]
INFO: [ app_begin ] --END-- [ RunTime:0.002119s ]
NOTIC: [2048] Declaration of Home\Controller\IndexController::show() should be compatible with Think\Controller::show($content, $charset = '', $contentType = '', $prefix = '') E:\UPUPW_AP5.5-1510\UPUPW_AP5.5\vhosts\www.blog.com\Application\Home\Controller\IndexController.class.php 第 15 行.
ERR: 非法操作:js

[ 2022-02-03T20:05:35+08:00 ] 127.0.0.1 /home/index/js/wow.min.js
INFO: [ app_init ] --START--
INFO: Run Behavior\BuildLiteBehavior [ RunTime:0.000009s ]
INFO: [ app_init ] --END-- [ RunTime:0.000439s ]
NOTIC: [8] Constant APP_DEBUG already defined E:\UPUPW_AP5.5-1510\UPUPW_AP5.5\vhosts\www.blog.com\Application\Home\Conf\config.php 第 4 行.
INFO: [ app_begin ] --START--
INFO: Run Behavior\ReadHtmlCacheBehavior [ RunTime:0.002007s ]
INFO: [ app_begin ] --END-- [ RunTime:0.002040s ]
NOTIC: [2048] Declaration of Home\Controller\IndexController::show() should be compatible with Think\Controller::show($content, $charset = '', $contentType = '', $prefix = '') E:\UPUPW_AP5.5-1510\UPUPW_AP5.5\vhosts\www.blog.com\Application\Home\Controller\IndexController.class.php 第 15 行.
ERR: 非法操作:js

[ 2022-02-03T20:05:35+08:00 ] 127.0.0.1 /home/index/css/bootstrap.css
INFO: [ app_init ] --START--
INFO: Run Behavior\BuildLiteBehavior [ RunTime:0.000010s ]
INFO: [ app_init ] --END-- [ RunTime:0.000565s ]
NOTIC: [8] Constant APP_DEBUG already defined E:\UPUPW_AP5.5-1510\UPUPW_AP5.5\vhosts\www.blog.com\Application\Home\Conf\config.php 第 4 行.
INFO: [ app_begin ] --START--
INFO: Run Behavior\ReadHtmlCacheBehavior [ RunTime:0.002614s ]
INFO: [ app_begin ] --END-- [ RunTime:0.002659s ]
NOTIC: [2048] Declaration of Home\Controller\IndexController::show() should be compatible with Think\Controller::show($content, $charset = '', $contentType = '', $prefix = '') E:\UPUPW_AP5.5-1510\UPUPW_AP5.5\vhosts\www.blog.com\Application\Home\Controller\IndexController.class.php 第 15 行.
ERR: 非法操作:css

[ 2022-02-03T20:05:35+08:00 ] 127.0.0.1 /home/index/css/register.css
INFO: [ app_init ] --START--
INFO: Run Behavior\BuildLiteBehavior [ RunTime:0.000033s ]
INFO: [ app_init ] --END-- [ RunTime:0.000527s ]
NOTIC: [8] Constant APP_DEBUG already defined E:\UPUPW_AP5.5-1510\UPUPW_AP5.5\vhosts\www.blog.com\Application\Home\Conf\config.php 第 4 行.
INFO: [ app_begin ] --START--
INFO: Run Behavior\ReadHtmlCacheBehavior [ RunTime:0.002666s ]
INFO: [ app_begin ] --END-- [ RunTime:0.002709s ]
NOTIC: [2048] Declaration of Home\Controller\IndexController::show() should be compatible with Think\Controller::show($content, $charset = '', $contentType = '', $prefix = '') E:\UPUPW_AP5.5-1510\UPUPW_AP5.5\vhosts\www.blog.com\Application\Home\Controller\IndexController.class.php 第 15 行.
ERR: 非法操作:css

[ 2022-02-03T20:06:11+08:00 ] 127.0.0.1 /home/index/login
INFO: [ app_init ] --START--
INFO: Run Behavior\BuildLiteBehavior [ RunTime:0.000009s ]
INFO: [ app_init ] --END-- [ RunTime:0.000443s ]
NOTIC: [8] Constant APP_DEBUG already defined E:\UPUPW_AP5.5-1510\UPUPW_AP5.5\vhosts\www.blog.com\Application\Home\Conf\config.php 第 4 行.
INFO: [ app_begin ] --START--
INFO: Run Behavior\ReadHtmlCacheBehavior [ RunTime:0.002186s ]
INFO: [ app_begin ] --END-- [ RunTime:0.002222s ]
NOTIC: [2048] Declaration of Home\Controller\IndexController::show() should be compatible with Think\Controller::show($content, $charset = '', $contentType = '', $prefix = '') E:\UPUPW_AP5.5-1510\UPUPW_AP5.5\vhosts\www.blog.com\Application\Home\Controller\IndexController.class.php 第 15 行.
SQL: SHOW COLUMNS FROM `blog_user` [ RunTime:0.0163s ]
SQL: SELECT * FROM `blog_user` WHERE ( phone='18451978763' and password='nishuo' )  [ RunTime:0.0008s ]

[ 2022-02-03T20:06:11+08:00 ] 127.0.0.1 /index.php/Home/Index/index.html
INFO: [ app_init ] --START--
INFO: Run Behavior\BuildLiteBehavior [ RunTime:0.000010s ]
INFO: [ app_init ] --END-- [ RunTime:0.000417s ]
NOTIC: [8] Constant APP_DEBUG already defined E:\UPUPW_AP5.5-1510\UPUPW_AP5.5\vhosts\www.blog.com\Application\Home\Conf\config.php 第 4 行.
INFO: [ app_begin ] --START--
INFO: Run Behavior\ReadHtmlCacheBehavior [ RunTime:0.002004s ]
INFO: [ app_begin ] --END-- [ RunTime:0.002043s ]
NOTIC: [2048] Declaration of Home\Controller\IndexController::show() should be compatible with Think\Controller::show($content, $charset = '', $contentType = '', $prefix = '') E:\UPUPW_AP5.5-1510\UPUPW_AP5.5\vhosts\www.blog.com\Application\Home\Controller\IndexController.class.php 第 15 行.
SQL: select blog_article.id as id, title,name,content,nickname,views,likes from blog_article  left join blog_user on blog_article.user_id= blog_user.id left join blog_type on blog_article.type_id = blog_type.id order by time desc [ RunTime:0.0004s ]
SQL: select nickname from blog_user where phone = '18451978763' [ RunTime:0.0002s ]
INFO: [ view_parse ] --START--
INFO: [ template_filter ] --START--
INFO: Run Behavior\ContentReplaceBehavior [ RunTime:0.000038s ]
INFO: [ template_filter ] --END-- [ RunTime:0.000079s ]
INFO: Run Behavior\ParseTemplateBehavior [ RunTime:0.013244s ]
INFO: [ view_parse ] --END-- [ RunTime:0.013291s ]
INFO: [ view_filter ] --START--
INFO: Run Behavior\WriteHtmlCacheBehavior [ RunTime:0.002119s ]
INFO: [ view_filter ] --END-- [ RunTime:0.002147s ]
INFO: [ app_end ] --START--
INFO: Run Behavior\ShowPageTraceBehavior [ RunTime:0.002016s ]
INFO: [ app_end ] --END-- [ RunTime:0.002043s ]

[ 2022-02-03T20:06:11+08:00 ] 127.0.0.1 /index.php/Home/Index/img/index/search.png
INFO: [ app_init ] --START--
INFO: Run Behavior\BuildLiteBehavior [ RunTime:0.000008s ]
INFO: [ app_init ] --END-- [ RunTime:0.000412s ]
NOTIC: [8] Constant APP_DEBUG already defined E:\UPUPW_AP5.5-1510\UPUPW_AP5.5\vhosts\www.blog.com\Application\Home\Conf\config.php 第 4 行.

[ 2022-02-03T20:14:54+08:00 ] 127.0.0.1 /index.php/Home/Index/index.html
INFO: [ app_init ] --START--
INFO: Run Behavior\BuildLiteBehavior [ RunTime:0.000011s ]
INFO: [ app_init ] --END-- [ RunTime:0.000459s ]
NOTIC: [8] Constant APP_DEBUG already defined E:\UPUPW_AP5.5-1510\UPUPW_AP5.5\vhosts\www.blog.com\Application\Home\Conf\config.php 第 4 行.
INFO: [ app_begin ] --START--
INFO: Run Behavior\ReadHtmlCacheBehavior [ RunTime:0.002012s ]
INFO: [ app_begin ] --END-- [ RunTime:0.002051s ]
NOTIC: [2048] Declaration of Home\Controller\IndexController::show() should be compatible with Think\Controller::show($content, $charset = '', $contentType = '', $prefix = '') E:\UPUPW_AP5.5-1510\UPUPW_AP5.5\vhosts\www.blog.com\Application\Home\Controller\IndexController.class.php 第 15 行.
SQL: select blog_article.id as id, title,name,content,nickname,views,likes from blog_article  left join blog_user on blog_article.user_id= blog_user.id left join blog_type on blog_article.type_id = blog_type.id order by time desc [ RunTime:0.0005s ]
SQL: select nickname from blog_user where phone = '18451978763' [ RunTime:0.0002s ]
INFO: [ view_parse ] --START--
INFO: [ template_filter ] --START--
INFO: Run Behavior\ContentReplaceBehavior [ RunTime:0.000038s ]
INFO: [ template_filter ] --END-- [ RunTime:0.000071s ]
INFO: Run Behavior\ParseTemplateBehavior [ RunTime:0.013497s ]
INFO: [ view_parse ] --END-- [ RunTime:0.013541s ]
INFO: [ view_filter ] --START--
INFO: Run Behavior\WriteHtmlCacheBehavior [ RunTime:0.002049s ]
INFO: [ view_filter ] --END-- [ RunTime:0.002075s ]
INFO: [ app_end ] --START--
INFO: Run Behavior\ShowPageTraceBehavior [ RunTime:0.002048s ]
INFO: [ app_end ] --END-- [ RunTime:0.002074s ]

[ 2022-02-03T20:14:54+08:00 ] 127.0.0.1 /index.php/Home/Index/img/index/search.png
INFO: [ app_init ] --START--
INFO: Run Behavior\BuildLiteBehavior [ RunTime:0.000008s ]
INFO: [ app_init ] --END-- [ RunTime:0.000408s ]
NOTIC: [8] Constant APP_DEBUG already defined E:\UPUPW_AP5.5-1510\UPUPW_AP5.5\vhosts\www.blog.com\Application\Home\Conf\config.php 第 4 行.

[ 2022-02-03T20:16:06+08:00 ] 127.0.0.1 /index.php/Home/Index/index.html
INFO: [ app_init ] --START--
INFO: Run Behavior\BuildLiteBehavior [ RunTime:0.000010s ]
INFO: [ app_init ] --END-- [ RunTime:0.000404s ]
NOTIC: [8] Constant APP_DEBUG already defined E:\UPUPW_AP5.5-1510\UPUPW_AP5.5\vhosts\www.blog.com\Application\Home\Conf\config.php 第 4 行.
INFO: [ app_begin ] --START--
INFO: Run Behavior\ReadHtmlCacheBehavior [ RunTime:0.001990s ]
INFO: [ app_begin ] --END-- [ RunTime:0.002031s ]
NOTIC: [2048] Declaration of Home\Controller\IndexController::show() should be compatible with Think\Controller::show($content, $charset = '', $contentType = '', $prefix = '') E:\UPUPW_AP5.5-1510\UPUPW_AP5.5\vhosts\www.blog.com\Application\Home\Controller\IndexController.class.php 第 15 行.
SQL: select blog_article.id as id, title,name,content,nickname,views,likes from blog_article  left join blog_user on blog_article.user_id= blog_user.id left join blog_type on blog_article.type_id = blog_type.id order by time desc [ RunTime:0.0004s ]
SQL: select nickname from blog_user where phone = '18451978763' [ RunTime:0.0002s ]
INFO: [ view_parse ] --START--
INFO: [ template_filter ] --START--
INFO: Run Behavior\ContentReplaceBehavior [ RunTime:0.000073s ]
INFO: [ template_filter ] --END-- [ RunTime:0.000147s ]
INFO: Run Behavior\ParseTemplateBehavior [ RunTime:0.013384s ]
INFO: [ view_parse ] --END-- [ RunTime:0.013429s ]
INFO: [ view_filter ] --START--
INFO: Run Behavior\WriteHtmlCacheBehavior [ RunTime:0.002041s ]
INFO: [ view_filter ] --END-- [ RunTime:0.002067s ]
INFO: [ app_end ] --START--
INFO: Run Behavior\ShowPageTraceBehavior [ RunTime:0.002022s ]
INFO: [ app_end ] --END-- [ RunTime:0.002048s ]

[ 2022-02-03T20:16:06+08:00 ] 127.0.0.1 /index.php/Home/Index/img/index/search.png
INFO: [ app_init ] --START--
INFO: Run Behavior\BuildLiteBehavior [ RunTime:0.000010s ]
INFO: [ app_init ] --END-- [ RunTime:0.000694s ]
NOTIC: [8] Constant APP_DEBUG already defined E:\UPUPW_AP5.5-1510\UPUPW_AP5.5\vhosts\www.blog.com\Application\Home\Conf\config.php 第 4 行.

[ 2022-02-03T20:16:20+08:00 ] 127.0.0.1 /index.php/Home/Index/index.html
INFO: [ app_init ] --START--
INFO: Run Behavior\BuildLiteBehavior [ RunTime:0.000014s ]
INFO: [ app_init ] --END-- [ RunTime:0.000864s ]
NOTIC: [8] Constant APP_DEBUG already defined E:\UPUPW_AP5.5-1510\UPUPW_AP5.5\vhosts\www.blog.com\Application\Home\Conf\config.php 第 4 行.
INFO: [ app_begin ] --START--
INFO: Run Behavior\ReadHtmlCacheBehavior [ RunTime:0.003156s ]
INFO: [ app_begin ] --END-- [ RunTime:0.003213s ]
NOTIC: [2048] Declaration of Home\Controller\IndexController::show() should be compatible with Think\Controller::show($content, $charset = '', $contentType = '', $prefix = '') E:\UPUPW_AP5.5-1510\UPUPW_AP5.5\vhosts\www.blog.com\Application\Home\Controller\IndexController.class.php 第 15 行.
SQL: select blog_article.id as id, title,name,content,nickname,views,likes from blog_article  left join blog_user on blog_article.user_id= blog_user.id left join blog_type on blog_article.type_id = blog_type.id order by time desc [ RunTime:0.0007s ]
SQL: select nickname from blog_user where phone = '18451978763' [ RunTime:0.0002s ]
INFO: [ view_parse ] --START--
INFO: [ template_filter ] --START--
INFO: Run Behavior\ContentReplaceBehavior [ RunTime:0.000037s ]
INFO: [ template_filter ] --END-- [ RunTime:0.000068s ]
INFO: Run Behavior\ParseTemplateBehavior [ RunTime:0.012297s ]
INFO: [ view_parse ] --END-- [ RunTime:0.012342s ]
INFO: [ view_filter ] --START--
INFO: Run Behavior\WriteHtmlCacheBehavior [ RunTime:0.003043s ]
INFO: [ view_filter ] --END-- [ RunTime:0.003081s ]
INFO: [ app_end ] --START--
INFO: Run Behavior\ShowPageTraceBehavior [ RunTime:0.002030s ]
INFO: [ app_end ] --END-- [ RunTime:0.002059s ]

[ 2022-02-03T20:16:20+08:00 ] 127.0.0.1 /index.php/Home/Index/img/index/search.png
INFO: [ app_init ] --START--
INFO: Run Behavior\BuildLiteBehavior [ RunTime:0.000008s ]
INFO: [ app_init ] --END-- [ RunTime:0.000418s ]
NOTIC: [8] Constant APP_DEBUG already defined E:\UPUPW_AP5.5-1510\UPUPW_AP5.5\vhosts\www.blog.com\Application\Home\Conf\config.php 第 4 行.

[ 2022-02-03T20:22:54+08:00 ] 127.0.0.1 /index.php/Home/Index/index.html
INFO: [ app_init ] --START--
INFO: Run Behavior\BuildLiteBehavior [ RunTime:0.000012s ]
INFO: [ app_init ] --END-- [ RunTime:0.000490s ]
NOTIC: [8] Constant APP_DEBUG already defined E:\UPUPW_AP5.5-1510\UPUPW_AP5.5\vhosts\www.blog.com\Application\Home\Conf\config.php 第 4 行.
INFO: [ app_begin ] --START--
INFO: Run Behavior\ReadHtmlCacheBehavior [ RunTime:0.002000s ]
INFO: [ app_begin ] --END-- [ RunTime:0.002040s ]
NOTIC: [2048] Declaration of Home\Controller\IndexController::show() should be compatible with Think\Controller::show($content, $charset = '', $contentType = '', $prefix = '') E:\UPUPW_AP5.5-1510\UPUPW_AP5.5\vhosts\www.blog.com\Application\Home\Controller\IndexController.class.php 第 15 行.
SQL: select blog_article.id as id, title,name,content,nickname,views,likes from blog_article  left join blog_user on blog_article.user_id= blog_user.id left join blog_type on blog_article.type_id = blog_type.id order by time desc [ RunTime:0.0005s ]
SQL: select nickname from blog_user where phone = '18451978763' [ RunTime:0.0002s ]
INFO: [ view_parse ] --START--
INFO: [ template_filter ] --START--
INFO: Run Behavior\ContentReplaceBehavior [ RunTime:0.000048s ]
INFO: [ template_filter ] --END-- [ RunTime:0.000084s ]
INFO: Run Behavior\ParseTemplateBehavior [ RunTime:0.013656s ]
INFO: [ view_parse ] --END-- [ RunTime:0.013700s ]
INFO: [ view_filter ] --START--
INFO: Run Behavior\WriteHtmlCacheBehavior [ RunTime:0.002037s ]
INFO: [ view_filter ] --END-- [ RunTime:0.002062s ]
INFO: [ app_end ] --START--
INFO: Run Behavior\ShowPageTraceBehavior [ RunTime:0.001999s ]
INFO: [ app_end ] --END-- [ RunTime:0.002027s ]

[ 2022-02-03T20:22:54+08:00 ] 127.0.0.1 /index.php/Home/Index/img/index/search.png
INFO: [ app_init ] --START--
INFO: Run Behavior\BuildLiteBehavior [ RunTime:0.000008s ]
INFO: [ app_init ] --END-- [ RunTime:0.000417s ]
NOTIC: [8] Constant APP_DEBUG already defined E:\UPUPW_AP5.5-1510\UPUPW_AP5.5\vhosts\www.blog.com\Application\Home\Conf\config.php 第 4 行.

[ 2022-02-03T20:23:00+08:00 ] 127.0.0.1 /index.php/Home/Index/index.html
INFO: [ app_init ] --START--
INFO: Run Behavior\BuildLiteBehavior [ RunTime:0.000011s ]
INFO: [ app_init ] --END-- [ RunTime:0.000487s ]
NOTIC: [8] Constant APP_DEBUG already defined E:\UPUPW_AP5.5-1510\UPUPW_AP5.5\vhosts\www.blog.com\Application\Home\Conf\config.php 第 4 行.
INFO: [ app_begin ] --START--
INFO: Run Behavior\ReadHtmlCacheBehavior [ RunTime:0.002681s ]
INFO: [ app_begin ] --END-- [ RunTime:0.002743s ]
NOTIC: [2048] Declaration of Home\Controller\IndexController::show() should be compatible with Think\Controller::show($content, $charset = '', $contentType = '', $prefix = '') E:\UPUPW_AP5.5-1510\UPUPW_AP5.5\vhosts\www.blog.com\Application\Home\Controller\IndexController.class.php 第 15 行.
SQL: select blog_article.id as id, title,name,content,nickname,views,likes from blog_article  left join blog_user on blog_article.user_id= blog_user.id left join blog_type on blog_article.type_id = blog_type.id order by time desc [ RunTime:0.0008s ]
SQL: select nickname from blog_user where phone = '18451978763' [ RunTime:0.0003s ]
INFO: [ view_parse ] --START--
INFO: [ template_filter ] --START--
INFO: Run Behavior\ContentReplaceBehavior [ RunTime:0.000038s ]
INFO: [ template_filter ] --END-- [ RunTime:0.000074s ]
INFO: Run Behavior\ParseTemplateBehavior [ RunTime:0.015718s ]
INFO: [ view_parse ] --END-- [ RunTime:0.015792s ]
INFO: [ view_filter ] --START--
INFO: Run Behavior\WriteHtmlCacheBehavior [ RunTime:0.003418s ]
INFO: [ view_filter ] --END-- [ RunTime:0.003455s ]
INFO: [ app_end ] --START--
INFO: Run Behavior\ShowPageTraceBehavior [ RunTime:0.002335s ]
INFO: [ app_end ] --END-- [ RunTime:0.002368s ]

[ 2022-02-03T20:23:01+08:00 ] 127.0.0.1 /index.php/Home/Index/img/index/search.png
INFO: [ app_init ] --START--
INFO: Run Behavior\BuildLiteBehavior [ RunTime:0.000008s ]
INFO: [ app_init ] --END-- [ RunTime:0.000443s ]
NOTIC: [8] Constant APP_DEBUG already defined E:\UPUPW_AP5.5-1510\UPUPW_AP5.5\vhosts\www.blog.com\Application\Home\Conf\config.php 第 4 行.

[ 2022-02-03T20:23:02+08:00 ] 127.0.0.1 /home/index/logout
INFO: [ app_init ] --START--
INFO: Run Behavior\BuildLiteBehavior [ RunTime:0.000010s ]
INFO: [ app_init ] --END-- [ RunTime:0.000789s ]
NOTIC: [8] Constant APP_DEBUG already defined E:\UPUPW_AP5.5-1510\UPUPW_AP5.5\vhosts\www.blog.com\Application\Home\Conf\config.php 第 4 行.
INFO: [ app_begin ] --START--
INFO: Run Behavior\ReadHtmlCacheBehavior [ RunTime:0.002545s ]
INFO: [ app_begin ] --END-- [ RunTime:0.002592s ]
NOTIC: [2048] Declaration of Home\Controller\IndexController::show() should be compatible with Think\Controller::show($content, $charset = '', $contentType = '', $prefix = '') E:\UPUPW_AP5.5-1510\UPUPW_AP5.5\vhosts\www.blog.com\Application\Home\Controller\IndexController.class.php 第 15 行.

[ 2022-02-03T20:23:02+08:00 ] 127.0.0.1 /index.php/home/index/index.html
INFO: [ app_init ] --START--
INFO: Run Behavior\BuildLiteBehavior [ RunTime:0.000009s ]
INFO: [ app_init ] --END-- [ RunTime:0.000472s ]
NOTIC: [8] Constant APP_DEBUG already defined E:\UPUPW_AP5.5-1510\UPUPW_AP5.5\vhosts\www.blog.com\Application\Home\Conf\config.php 第 4 行.
INFO: [ app_begin ] --START--
INFO: Run Behavior\ReadHtmlCacheBehavior [ RunTime:0.002485s ]
INFO: [ app_begin ] --END-- [ RunTime:0.002532s ]
NOTIC: [2048] Declaration of Home\Controller\IndexController::show() should be compatible with Think\Controller::show($content, $charset = '', $contentType = '', $prefix = '') E:\UPUPW_AP5.5-1510\UPUPW_AP5.5\vhosts\www.blog.com\Application\Home\Controller\IndexController.class.php 第 15 行.
SQL: select blog_article.id as id, title,name,content,nickname,views,likes from blog_article  left join blog_user on blog_article.user_id= blog_user.id left join blog_type on blog_article.type_id = blog_type.id order by time desc [ RunTime:0.0005s ]
INFO: [ view_parse ] --START--
INFO: [ template_filter ] --START--
INFO: Run Behavior\ContentReplaceBehavior [ RunTime:0.000037s ]
INFO: [ template_filter ] --END-- [ RunTime:0.000070s ]
NOTIC: [8] Undefined variable: list E:\UPUPW_AP5.5-1510\UPUPW_AP5.5\vhosts\www.blog.com\Application\Runtime\Cache\Home\2a94b8bda04ff446dcedd42276fc99ee.php 第 67 行.
INFO: Run Behavior\ParseTemplateBehavior [ RunTime:0.014227s ]
INFO: [ view_parse ] --END-- [ RunTime:0.014281s ]
INFO: [ view_filter ] --START--
INFO: Run Behavior\WriteHtmlCacheBehavior [ RunTime:0.003192s ]
INFO: [ view_filter ] --END-- [ RunTime:0.003235s ]
INFO: [ app_end ] --START--
INFO: Run Behavior\ShowPageTraceBehavior [ RunTime:0.002211s ]
INFO: [ app_end ] --END-- [ RunTime:0.002241s ]

[ 2022-02-03T20:23:02+08:00 ] 127.0.0.1 /index.php/home/index/img/index/search.png
INFO: [ app_init ] --START--
INFO: Run Behavior\BuildLiteBehavior [ RunTime:0.000009s ]
INFO: [ app_init ] --END-- [ RunTime:0.000449s ]
NOTIC: [8] Constant APP_DEBUG already defined E:\UPUPW_AP5.5-1510\UPUPW_AP5.5\vhosts\www.blog.com\Application\Home\Conf\config.php 第 4 行.

[ 2022-02-03T20:23:10+08:00 ] 127.0.0.1 /index.php/home/index/index.html
INFO: [ app_init ] --START--
INFO: Run Behavior\BuildLiteBehavior [ RunTime:0.000014s ]
INFO: [ app_init ] --END-- [ RunTime:0.000531s ]
NOTIC: [8] Constant APP_DEBUG already defined E:\UPUPW_AP5.5-1510\UPUPW_AP5.5\vhosts\www.blog.com\Application\Home\Conf\config.php 第 4 行.
INFO: [ app_begin ] --START--
INFO: Run Behavior\ReadHtmlCacheBehavior [ RunTime:0.002019s ]
INFO: [ app_begin ] --END-- [ RunTime:0.002051s ]
NOTIC: [2048] Declaration of Home\Controller\IndexController::show() should be compatible with Think\Controller::show($content, $charset = '', $contentType = '', $prefix = '') E:\UPUPW_AP5.5-1510\UPUPW_AP5.5\vhosts\www.blog.com\Application\Home\Controller\IndexController.class.php 第 15 行.
SQL: select blog_article.id as id, title,name,content,nickname,views,likes from blog_article  left join blog_user on blog_article.user_id= blog_user.id left join blog_type on blog_article.type_id = blog_type.id order by time desc [ RunTime:0.0007s ]
INFO: [ view_parse ] --START--
INFO: [ template_filter ] --START--
INFO: Run Behavior\ContentReplaceBehavior [ RunTime:0.000036s ]
INFO: [ template_filter ] --END-- [ RunTime:0.000069s ]
NOTIC: [8] Undefined variable: list E:\UPUPW_AP5.5-1510\UPUPW_AP5.5\vhosts\www.blog.com\Application\Runtime\Cache\Home\2a94b8bda04ff446dcedd42276fc99ee.php 第 67 行.
INFO: Run Behavior\ParseTemplateBehavior [ RunTime:0.012826s ]
INFO: [ view_parse ] --END-- [ RunTime:0.012876s ]
INFO: [ view_filter ] --START--
INFO: Run Behavior\WriteHtmlCacheBehavior [ RunTime:0.002580s ]
INFO: [ view_filter ] --END-- [ RunTime:0.002635s ]
INFO: [ app_end ] --START--
INFO: Run Behavior\ShowPageTraceBehavior [ RunTime:0.002376s ]
INFO: [ app_end ] --END-- [ RunTime:0.002419s ]

[ 2022-02-03T20:23:10+08:00 ] 127.0.0.1 /index.php/home/index/img/index/search.png
INFO: [ app_init ] --START--
INFO: Run Behavior\BuildLiteBehavior [ RunTime:0.000011s ]
INFO: [ app_init ] --END-- [ RunTime:0.000896s ]
NOTIC: [8] Constant APP_DEBUG already defined E:\UPUPW_AP5.5-1510\UPUPW_AP5.5\vhosts\www.blog.com\Application\Home\Conf\config.php 第 4 行.

[ 2022-02-03T20:23:11+08:00 ] 127.0.0.1 /home/index/login
INFO: [ app_init ] --START--
INFO: Run Behavior\BuildLiteBehavior [ RunTime:0.000011s ]
INFO: [ app_init ] --END-- [ RunTime:0.000559s ]
NOTIC: [8] Constant APP_DEBUG already defined E:\UPUPW_AP5.5-1510\UPUPW_AP5.5\vhosts\www.blog.com\Application\Home\Conf\config.php 第 4 行.
INFO: [ app_begin ] --START--
INFO: Run Behavior\ReadHtmlCacheBehavior [ RunTime:0.002261s ]
INFO: [ app_begin ] --END-- [ RunTime:0.002302s ]
NOTIC: [2048] Declaration of Home\Controller\IndexController::show() should be compatible with Think\Controller::show($content, $charset = '', $contentType = '', $prefix = '') E:\UPUPW_AP5.5-1510\UPUPW_AP5.5\vhosts\www.blog.com\Application\Home\Controller\IndexController.class.php 第 15 行.
INFO: [ view_parse ] --START--
INFO: [ template_filter ] --START--
INFO: Run Behavior\ContentReplaceBehavior [ RunTime:0.000022s ]
INFO: [ template_filter ] --END-- [ RunTime:0.000058s ]
NOTIC: [8] Undefined variable: msg E:\UPUPW_AP5.5-1510\UPUPW_AP5.5\vhosts\www.blog.com\Application\Runtime\Cache\Home\ccea6a400660ce54d68cab67b9f68781.php 第 24 行.
INFO: Run Behavior\ParseTemplateBehavior [ RunTime:0.010866s ]
INFO: [ view_parse ] --END-- [ RunTime:0.010902s ]
INFO: [ view_filter ] --START--
INFO: Run Behavior\WriteHtmlCacheBehavior [ RunTime:0.002450s ]
INFO: [ view_filter ] --END-- [ RunTime:0.002562s ]
INFO: [ app_end ] --START--
INFO: Run Behavior\ShowPageTraceBehavior [ RunTime:0.001990s ]
INFO: [ app_end ] --END-- [ RunTime:0.002015s ]

[ 2022-02-03T20:23:11+08:00 ] 127.0.0.1 /home/index/js/jquery-3.3.1.min.js
INFO: [ app_init ] --START--
INFO: Run Behavior\BuildLiteBehavior [ RunTime:0.000016s ]
INFO: [ app_init ] --END-- [ RunTime:0.001091s ]
NOTIC: [8] Constant APP_DEBUG already defined E:\UPUPW_AP5.5-1510\UPUPW_AP5.5\vhosts\www.blog.com\Application\Home\Conf\config.php 第 4 行.
INFO: [ app_begin ] --START--
INFO: Run Behavior\ReadHtmlCacheBehavior [ RunTime:0.006143s ]
INFO: [ app_begin ] --END-- [ RunTime:0.006207s ]
NOTIC: [2048] Declaration of Home\Controller\IndexController::show() should be compatible with Think\Controller::show($content, $charset = '', $contentType = '', $prefix = '') E:\UPUPW_AP5.5-1510\UPUPW_AP5.5\vhosts\www.blog.com\Application\Home\Controller\IndexController.class.php 第 15 行.
ERR: 非法操作:js

[ 2022-02-03T20:23:11+08:00 ] 127.0.0.1 /home/index/js/popper.min.js
INFO: [ app_init ] --START--
INFO: Run Behavior\BuildLiteBehavior [ RunTime:0.000014s ]
INFO: [ app_init ] --END-- [ RunTime:0.001064s ]
NOTIC: [8] Constant APP_DEBUG already defined E:\UPUPW_AP5.5-1510\UPUPW_AP5.5\vhosts\www.blog.com\Application\Home\Conf\config.php 第 4 行.
INFO: [ app_begin ] --START--
INFO: Run Behavior\ReadHtmlCacheBehavior [ RunTime:0.006497s ]
INFO: [ app_begin ] --END-- [ RunTime:0.006559s ]
NOTIC: [2048] Declaration of Home\Controller\IndexController::show() should be compatible with Think\Controller::show($content, $charset = '', $contentType = '', $prefix = '') E:\UPUPW_AP5.5-1510\UPUPW_AP5.5\vhosts\www.blog.com\Application\Home\Controller\IndexController.class.php 第 15 行.
ERR: 非法操作:js

[ 2022-02-03T20:23:11+08:00 ] 127.0.0.1 /home/index/js/index.js
INFO: [ app_init ] --START--
INFO: Run Behavior\BuildLiteBehavior [ RunTime:0.000013s ]
INFO: [ app_init ] --END-- [ RunTime:0.000816s ]
NOTIC: [8] Constant APP_DEBUG already defined E:\UPUPW_AP5.5-1510\UPUPW_AP5.5\vhosts\www.blog.com\Application\Home\Conf\config.php 第 4 行.
INFO: [ app_begin ] --START--
INFO: Run Behavior\ReadHtmlCacheBehavior [ RunTime:0.005241s ]
INFO: [ app_begin ] --END-- [ RunTime:0.005314s ]
NOTIC: [2048] Declaration of Home\Controller\IndexController::show() should be compatible with Think\Controller::show($content, $charset = '', $contentType = '', $prefix = '') E:\UPUPW_AP5.5-1510\UPUPW_AP5.5\vhosts\www.blog.com\Application\Home\Controller\IndexController.class.php 第 15 行.
ERR: 非法操作:js

[ 2022-02-03T20:23:11+08:00 ] 127.0.0.1 /home/index/js/bootstrap.min.js
INFO: [ app_init ] --START--
INFO: Run Behavior\BuildLiteBehavior [ RunTime:0.000023s ]
INFO: [ app_init ] --END-- [ RunTime:0.001332s ]
NOTIC: [8] Constant APP_DEBUG already defined E:\UPUPW_AP5.5-1510\UPUPW_AP5.5\vhosts\www.blog.com\Application\Home\Conf\config.php 第 4 行.
INFO: [ app_begin ] --START--
INFO: Run Behavior\ReadHtmlCacheBehavior [ RunTime:0.004778s ]
INFO: [ app_begin ] --END-- [ RunTime:0.004839s ]
NOTIC: [2048] Declaration of Home\Controller\IndexController::show() should be compatible with Think\Controller::show($content, $charset = '', $contentType = '', $prefix = '') E:\UPUPW_AP5.5-1510\UPUPW_AP5.5\vhosts\www.blog.com\Application\Home\Controller\IndexController.class.php 第 15 行.
ERR: 非法操作:js

[ 2022-02-03T20:23:11+08:00 ] 127.0.0.1 /home/index/css/bootstrap.css
INFO: [ app_init ] --START--
INFO: Run Behavior\BuildLiteBehavior [ RunTime:0.000022s ]
INFO: [ app_init ] --END-- [ RunTime:0.001102s ]
NOTIC: [8] Constant APP_DEBUG already defined E:\UPUPW_AP5.5-1510\UPUPW_AP5.5\vhosts\www.blog.com\Application\Home\Conf\config.php 第 4 行.
INFO: [ app_begin ] --START--
INFO: Run Behavior\ReadHtmlCacheBehavior [ RunTime:0.006562s ]
INFO: [ app_begin ] --END-- [ RunTime:0.006630s ]
NOTIC: [2048] Declaration of Home\Controller\IndexController::show() should be compatible with Think\Controller::show($content, $charset = '', $contentType = '', $prefix = '') E:\UPUPW_AP5.5-1510\UPUPW_AP5.5\vhosts\www.blog.com\Application\Home\Controller\IndexController.class.php 第 15 行.
ERR: 非法操作:css

[ 2022-02-03T20:23:11+08:00 ] 127.0.0.1 /home/index/js/wow.min.js
INFO: [ app_init ] --START--
INFO: Run Behavior\BuildLiteBehavior [ RunTime:0.000014s ]
INFO: [ app_init ] --END-- [ RunTime:0.001054s ]
NOTIC: [8] Constant APP_DEBUG already defined E:\UPUPW_AP5.5-1510\UPUPW_AP5.5\vhosts\www.blog.com\Application\Home\Conf\config.php 第 4 行.
INFO: [ app_begin ] --START--
INFO: Run Behavior\ReadHtmlCacheBehavior [ RunTime:0.003475s ]
INFO: [ app_begin ] --END-- [ RunTime:0.003525s ]
NOTIC: [2048] Declaration of Home\Controller\IndexController::show() should be compatible with Think\Controller::show($content, $charset = '', $contentType = '', $prefix = '') E:\UPUPW_AP5.5-1510\UPUPW_AP5.5\vhosts\www.blog.com\Application\Home\Controller\IndexController.class.php 第 15 行.
ERR: 非法操作:js

[ 2022-02-03T20:23:11+08:00 ] 127.0.0.1 /home/index/css/register.css
INFO: [ app_init ] --START--
INFO: Run Behavior\BuildLiteBehavior [ RunTime:0.000012s ]
INFO: [ app_init ] --END-- [ RunTime:0.000517s ]
NOTIC: [8] Constant APP_DEBUG already defined E:\UPUPW_AP5.5-1510\UPUPW_AP5.5\vhosts\www.blog.com\Application\Home\Conf\config.php 第 4 行.
INFO: [ app_begin ] --START--
INFO: Run Behavior\ReadHtmlCacheBehavior [ RunTime:0.004308s ]
INFO: [ app_begin ] --END-- [ RunTime:0.004367s ]
NOTIC: [2048] Declaration of Home\Controller\IndexController::show() should be compatible with Think\Controller::show($content, $charset = '', $contentType = '', $prefix = '') E:\UPUPW_AP5.5-1510\UPUPW_AP5.5\vhosts\www.blog.com\Application\Home\Controller\IndexController.class.php 第 15 行.
ERR: 非法操作:css

[ 2022-02-03T20:23:11+08:00 ] 127.0.0.1 /home/index/js/index.js
INFO: [ app_init ] --START--
INFO: Run Behavior\BuildLiteBehavior [ RunTime:0.000009s ]
INFO: [ app_init ] --END-- [ RunTime:0.000425s ]
NOTIC: [8] Constant APP_DEBUG already defined E:\UPUPW_AP5.5-1510\UPUPW_AP5.5\vhosts\www.blog.com\Application\Home\Conf\config.php 第 4 行.
INFO: [ app_begin ] --START--
INFO: Run Behavior\ReadHtmlCacheBehavior [ RunTime:0.001998s ]
INFO: [ app_begin ] --END-- [ RunTime:0.002038s ]
NOTIC: [2048] Declaration of Home\Controller\IndexController::show() should be compatible with Think\Controller::show($content, $charset = '', $contentType = '', $prefix = '') E:\UPUPW_AP5.5-1510\UPUPW_AP5.5\vhosts\www.blog.com\Application\Home\Controller\IndexController.class.php 第 15 行.
ERR: 非法操作:js

[ 2022-02-03T20:23:11+08:00 ] 127.0.0.1 /home/index/js/wow.min.js
INFO: [ app_init ] --START--
INFO: Run Behavior\BuildLiteBehavior [ RunTime:0.000055s ]
INFO: [ app_init ] --END-- [ RunTime:0.000766s ]
NOTIC: [8] Constant APP_DEBUG already defined E:\UPUPW_AP5.5-1510\UPUPW_AP5.5\vhosts\www.blog.com\Application\Home\Conf\config.php 第 4 行.
INFO: [ app_begin ] --START--
INFO: Run Behavior\ReadHtmlCacheBehavior [ RunTime:0.003980s ]
INFO: [ app_begin ] --END-- [ RunTime:0.004027s ]
NOTIC: [2048] Declaration of Home\Controller\IndexController::show() should be compatible with Think\Controller::show($content, $charset = '', $contentType = '', $prefix = '') E:\UPUPW_AP5.5-1510\UPUPW_AP5.5\vhosts\www.blog.com\Application\Home\Controller\IndexController.class.php 第 15 行.
ERR: 非法操作:js

[ 2022-02-03T20:23:11+08:00 ] 127.0.0.1 /home/index/css/bootstrap.css
INFO: [ app_init ] --START--
INFO: Run Behavior\BuildLiteBehavior [ RunTime:0.000010s ]
INFO: [ app_init ] --END-- [ RunTime:0.000453s ]
NOTIC: [8] Constant APP_DEBUG already defined E:\UPUPW_AP5.5-1510\UPUPW_AP5.5\vhosts\www.blog.com\Application\Home\Conf\config.php 第 4 行.
INFO: [ app_begin ] --START--
INFO: Run Behavior\ReadHtmlCacheBehavior [ RunTime:0.002650s ]
INFO: [ app_begin ] --END-- [ RunTime:0.002692s ]
NOTIC: [2048] Declaration of Home\Controller\IndexController::show() should be compatible with Think\Controller::show($content, $charset = '', $contentType = '', $prefix = '') E:\UPUPW_AP5.5-1510\UPUPW_AP5.5\vhosts\www.blog.com\Application\Home\Controller\IndexController.class.php 第 15 行.
ERR: 非法操作:css

[ 2022-02-03T20:23:11+08:00 ] 127.0.0.1 /home/index/css/register.css
INFO: [ app_init ] --START--
INFO: Run Behavior\BuildLiteBehavior [ RunTime:0.000010s ]
INFO: [ app_init ] --END-- [ RunTime:0.000417s ]
NOTIC: [8] Constant APP_DEBUG already defined E:\UPUPW_AP5.5-1510\UPUPW_AP5.5\vhosts\www.blog.com\Application\Home\Conf\config.php 第 4 行.
INFO: [ app_begin ] --START--
INFO: Run Behavior\ReadHtmlCacheBehavior [ RunTime:0.002601s ]
INFO: [ app_begin ] --END-- [ RunTime:0.002639s ]
NOTIC: [2048] Declaration of Home\Controller\IndexController::show() should be compatible with Think\Controller::show($content, $charset = '', $contentType = '', $prefix = '') E:\UPUPW_AP5.5-1510\UPUPW_AP5.5\vhosts\www.blog.com\Application\Home\Controller\IndexController.class.php 第 15 行.
ERR: 非法操作:css

[ 2022-02-03T20:23:27+08:00 ] 127.0.0.1 /home/index/login
INFO: [ app_init ] --START--
INFO: Run Behavior\BuildLiteBehavior [ RunTime:0.000011s ]
INFO: [ app_init ] --END-- [ RunTime:0.000513s ]
NOTIC: [8] Constant APP_DEBUG already defined E:\UPUPW_AP5.5-1510\UPUPW_AP5.5\vhosts\www.blog.com\Application\Home\Conf\config.php 第 4 行.
INFO: [ app_begin ] --START--
INFO: Run Behavior\ReadHtmlCacheBehavior [ RunTime:0.002144s ]
INFO: [ app_begin ] --END-- [ RunTime:0.002186s ]
NOTIC: [2048] Declaration of Home\Controller\IndexController::show() should be compatible with Think\Controller::show($content, $charset = '', $contentType = '', $prefix = '') E:\UPUPW_AP5.5-1510\UPUPW_AP5.5\vhosts\www.blog.com\Application\Home\Controller\IndexController.class.php 第 15 行.
SQL: SHOW COLUMNS FROM `blog_user` [ RunTime:0.0033s ]
SQL: SELECT * FROM `blog_user` WHERE ( phone='1845978763' and password='nishuo' )  [ RunTime:0.0003s ]
INFO: [ view_parse ] --START--
INFO: [ template_filter ] --START--
INFO: Run Behavior\ContentReplaceBehavior [ RunTime:0.000103s ]
INFO: [ template_filter ] --END-- [ RunTime:0.000156s ]
INFO: Run Behavior\ParseTemplateBehavior [ RunTime:0.011534s ]
INFO: [ view_parse ] --END-- [ RunTime:0.011579s ]
INFO: [ view_filter ] --START--
INFO: Run Behavior\WriteHtmlCacheBehavior [ RunTime:0.002355s ]
INFO: [ view_filter ] --END-- [ RunTime:0.002397s ]
INFO: [ app_end ] --START--
INFO: Run Behavior\ShowPageTraceBehavior [ RunTime:0.002005s ]
INFO: [ app_end ] --END-- [ RunTime:0.002031s ]

[ 2022-02-03T20:23:27+08:00 ] 127.0.0.1 /home/index/js/jquery-3.3.1.min.js
INFO: [ app_init ] --START--
INFO: Run Behavior\BuildLiteBehavior [ RunTime:0.000015s ]
INFO: [ app_init ] --END-- [ RunTime:0.000822s ]
NOTIC: [8] Constant APP_DEBUG already defined E:\UPUPW_AP5.5-1510\UPUPW_AP5.5\vhosts\www.blog.com\Application\Home\Conf\config.php 第 4 行.
INFO: [ app_begin ] --START--
INFO: Run Behavior\ReadHtmlCacheBehavior [ RunTime:0.003991s ]
INFO: [ app_begin ] --END-- [ RunTime:0.004052s ]
NOTIC: [2048] Declaration of Home\Controller\IndexController::show() should be compatible with Think\Controller::show($content, $charset = '', $contentType = '', $prefix = '') E:\UPUPW_AP5.5-1510\UPUPW_AP5.5\vhosts\www.blog.com\Application\Home\Controller\IndexController.class.php 第 15 行.
ERR: 非法操作:js

[ 2022-02-03T20:23:27+08:00 ] 127.0.0.1 /home/index/js/popper.min.js
INFO: [ app_init ] --START--
INFO: Run Behavior\BuildLiteBehavior [ RunTime:0.000015s ]
INFO: [ app_init ] --END-- [ RunTime:0.000750s ]
NOTIC: [8] Constant APP_DEBUG already defined E:\UPUPW_AP5.5-1510\UPUPW_AP5.5\vhosts\www.blog.com\Application\Home\Conf\config.php 第 4 行.
INFO: [ app_begin ] --START--
INFO: Run Behavior\ReadHtmlCacheBehavior [ RunTime:0.005703s ]
INFO: [ app_begin ] --END-- [ RunTime:0.005769s ]
NOTIC: [2048] Declaration of Home\Controller\IndexController::show() should be compatible with Think\Controller::show($content, $charset = '', $contentType = '', $prefix = '') E:\UPUPW_AP5.5-1510\UPUPW_AP5.5\vhosts\www.blog.com\Application\Home\Controller\IndexController.class.php 第 15 行.
ERR: 非法操作:js

[ 2022-02-03T20:23:27+08:00 ] 127.0.0.1 /home/index/js/wow.min.js
INFO: [ app_init ] --START--
INFO: Run Behavior\BuildLiteBehavior [ RunTime:0.000011s ]
INFO: [ app_init ] --END-- [ RunTime:0.000680s ]
NOTIC: [8] Constant APP_DEBUG already defined E:\UPUPW_AP5.5-1510\UPUPW_AP5.5\vhosts\www.blog.com\Application\Home\Conf\config.php 第 4 行.
INFO: [ app_begin ] --START--
INFO: Run Behavior\ReadHtmlCacheBehavior [ RunTime:0.004224s ]
INFO: [ app_begin ] --END-- [ RunTime:0.004278s ]
NOTIC: [2048] Declaration of Home\Controller\IndexController::show() should be compatible with Think\Controller::show($content, $charset = '', $contentType = '', $prefix = '') E:\UPUPW_AP5.5-1510\UPUPW_AP5.5\vhosts\www.blog.com\Application\Home\Controller\IndexController.class.php 第 15 行.
ERR: 非法操作:js

[ 2022-02-03T20:23:27+08:00 ] 127.0.0.1 /home/index/js/bootstrap.min.js
INFO: [ app_init ] --START--
INFO: Run Behavior\BuildLiteBehavior [ RunTime:0.000016s ]
INFO: [ app_init ] --END-- [ RunTime:0.000730s ]
NOTIC: [8] Constant APP_DEBUG already defined E:\UPUPW_AP5.5-1510\UPUPW_AP5.5\vhosts\www.blog.com\Application\Home\Conf\config.php 第 4 行.
INFO: [ app_begin ] --START--
INFO: Run Behavior\ReadHtmlCacheBehavior [ RunTime:0.004482s ]
INFO: [ app_begin ] --END-- [ RunTime:0.004539s ]
NOTIC: [2048] Declaration of Home\Controller\IndexController::show() should be compatible with Think\Controller::show($content, $charset = '', $contentType = '', $prefix = '') E:\UPUPW_AP5.5-1510\UPUPW_AP5.5\vhosts\www.blog.com\Application\Home\Controller\IndexController.class.php 第 15 行.
ERR: 非法操作:js

[ 2022-02-03T20:23:27+08:00 ] 127.0.0.1 /home/index/css/bootstrap.css
INFO: [ app_init ] --START--
INFO: Run Behavior\BuildLiteBehavior [ RunTime:0.000016s ]
INFO: [ app_init ] --END-- [ RunTime:0.000872s ]
NOTIC: [8] Constant APP_DEBUG already defined E:\UPUPW_AP5.5-1510\UPUPW_AP5.5\vhosts\www.blog.com\Application\Home\Conf\config.php 第 4 行.
INFO: [ app_begin ] --START--
INFO: Run Behavior\ReadHtmlCacheBehavior [ RunTime:0.004555s ]
INFO: [ app_begin ] --END-- [ RunTime:0.004617s ]
NOTIC: [2048] Declaration of Home\Controller\IndexController::show() should be compatible with Think\Controller::show($content, $charset = '', $contentType = '', $prefix = '') E:\UPUPW_AP5.5-1510\UPUPW_AP5.5\vhosts\www.blog.com\Application\Home\Controller\IndexController.class.php 第 15 行.
ERR: 非法操作:css

[ 2022-02-03T20:23:27+08:00 ] 127.0.0.1 /home/index/js/index.js
INFO: [ app_init ] --START--
INFO: Run Behavior\BuildLiteBehavior [ RunTime:0.000013s ]
INFO: [ app_init ] --END-- [ RunTime:0.000650s ]
NOTIC: [8] Constant APP_DEBUG already defined E:\UPUPW_AP5.5-1510\UPUPW_AP5.5\vhosts\www.blog.com\Application\Home\Conf\config.php 第 4 行.
INFO: [ app_begin ] --START--
INFO: Run Behavior\ReadHtmlCacheBehavior [ RunTime:0.003330s ]
INFO: [ app_begin ] --END-- [ RunTime:0.003388s ]
NOTIC: [2048] Declaration of Home\Controller\IndexController::show() should be compatible with Think\Controller::show($content, $charset = '', $contentType = '', $prefix = '') E:\UPUPW_AP5.5-1510\UPUPW_AP5.5\vhosts\www.blog.com\Application\Home\Controller\IndexController.class.php 第 15 行.
ERR: 非法操作:js

[ 2022-02-03T20:23:27+08:00 ] 127.0.0.1 /home/index/css/register.css
INFO: [ app_init ] --START--
INFO: Run Behavior\BuildLiteBehavior [ RunTime:0.000010s ]
INFO: [ app_init ] --END-- [ RunTime:0.000423s ]
NOTIC: [8] Constant APP_DEBUG already defined E:\UPUPW_AP5.5-1510\UPUPW_AP5.5\vhosts\www.blog.com\Application\Home\Conf\config.php 第 4 行.
INFO: [ app_begin ] --START--
INFO: Run Behavior\ReadHtmlCacheBehavior [ RunTime:0.002776s ]
INFO: [ app_begin ] --END-- [ RunTime:0.002822s ]
NOTIC: [2048] Declaration of Home\Controller\IndexController::show() should be compatible with Think\Controller::show($content, $charset = '', $contentType = '', $prefix = '') E:\UPUPW_AP5.5-1510\UPUPW_AP5.5\vhosts\www.blog.com\Application\Home\Controller\IndexController.class.php 第 15 行.
ERR: 非法操作:css

[ 2022-02-03T20:23:27+08:00 ] 127.0.0.1 /home/index/js/wow.min.js
INFO: [ app_init ] --START--
INFO: Run Behavior\BuildLiteBehavior [ RunTime:0.000009s ]
INFO: [ app_init ] --END-- [ RunTime:0.000441s ]
NOTIC: [8] Constant APP_DEBUG already defined E:\UPUPW_AP5.5-1510\UPUPW_AP5.5\vhosts\www.blog.com\Application\Home\Conf\config.php 第 4 行.
INFO: [ app_begin ] --START--
INFO: Run Behavior\ReadHtmlCacheBehavior [ RunTime:0.002003s ]
INFO: [ app_begin ] --END-- [ RunTime:0.002045s ]
NOTIC: [2048] Declaration of Home\Controller\IndexController::show() should be compatible with Think\Controller::show($content, $charset = '', $contentType = '', $prefix = '') E:\UPUPW_AP5.5-1510\UPUPW_AP5.5\vhosts\www.blog.com\Application\Home\Controller\IndexController.class.php 第 15 行.
ERR: 非法操作:js

[ 2022-02-03T20:23:27+08:00 ] 127.0.0.1 /home/index/css/register.css
INFO: [ app_init ] --START--
INFO: Run Behavior\BuildLiteBehavior [ RunTime:0.000010s ]
INFO: [ app_init ] --END-- [ RunTime:0.000428s ]
NOTIC: [8] Constant APP_DEBUG already defined E:\UPUPW_AP5.5-1510\UPUPW_AP5.5\vhosts\www.blog.com\Application\Home\Conf\config.php 第 4 行.
INFO: [ app_begin ] --START--
INFO: Run Behavior\ReadHtmlCacheBehavior [ RunTime:0.003564s ]
INFO: [ app_begin ] --END-- [ RunTime:0.003639s ]
NOTIC: [2048] Declaration of Home\Controller\IndexController::show() should be compatible with Think\Controller::show($content, $charset = '', $contentType = '', $prefix = '') E:\UPUPW_AP5.5-1510\UPUPW_AP5.5\vhosts\www.blog.com\Application\Home\Controller\IndexController.class.php 第 15 行.
ERR: 非法操作:css

[ 2022-02-03T20:23:27+08:00 ] 127.0.0.1 /home/index/css/bootstrap.css
INFO: [ app_init ] --START--
INFO: Run Behavior\BuildLiteBehavior [ RunTime:0.000011s ]
INFO: [ app_init ] --END-- [ RunTime:0.000456s ]
NOTIC: [8] Constant APP_DEBUG already defined E:\UPUPW_AP5.5-1510\UPUPW_AP5.5\vhosts\www.blog.com\Application\Home\Conf\config.php 第 4 行.
INFO: [ app_begin ] --START--
INFO: Run Behavior\ReadHtmlCacheBehavior [ RunTime:0.003498s ]
INFO: [ app_begin ] --END-- [ RunTime:0.003560s ]
NOTIC: [2048] Declaration of Home\Controller\IndexController::show() should be compatible with Think\Controller::show($content, $charset = '', $contentType = '', $prefix = '') E:\UPUPW_AP5.5-1510\UPUPW_AP5.5\vhosts\www.blog.com\Application\Home\Controller\IndexController.class.php 第 15 行.
ERR: 非法操作:css

[ 2022-02-03T20:23:36+08:00 ] 127.0.0.1 /home/index/login
INFO: [ app_init ] --START--
INFO: Run Behavior\BuildLiteBehavior [ RunTime:0.000011s ]
INFO: [ app_init ] --END-- [ RunTime:0.000536s ]
NOTIC: [8] Constant APP_DEBUG already defined E:\UPUPW_AP5.5-1510\UPUPW_AP5.5\vhosts\www.blog.com\Application\Home\Conf\config.php 第 4 行.
INFO: [ app_begin ] --START--
INFO: Run Behavior\ReadHtmlCacheBehavior [ RunTime:0.002246s ]
INFO: [ app_begin ] --END-- [ RunTime:0.002291s ]
NOTIC: [2048] Declaration of Home\Controller\IndexController::show() should be compatible with Think\Controller::show($content, $charset = '', $contentType = '', $prefix = '') E:\UPUPW_AP5.5-1510\UPUPW_AP5.5\vhosts\www.blog.com\Application\Home\Controller\IndexController.class.php 第 15 行.
SQL: SHOW COLUMNS FROM `blog_user` [ RunTime:0.0027s ]
SQL: SELECT * FROM `blog_user` WHERE ( phone='18451978763' and password='nishuo' )  [ RunTime:0.0003s ]

[ 2022-02-03T20:23:36+08:00 ] 127.0.0.1 /index.php/Home/Index/index.html
INFO: [ app_init ] --START--
INFO: Run Behavior\BuildLiteBehavior [ RunTime:0.000011s ]
INFO: [ app_init ] --END-- [ RunTime:0.000421s ]
NOTIC: [8] Constant APP_DEBUG already defined E:\UPUPW_AP5.5-1510\UPUPW_AP5.5\vhosts\www.blog.com\Application\Home\Conf\config.php 第 4 行.
INFO: [ app_begin ] --START--
INFO: Run Behavior\ReadHtmlCacheBehavior [ RunTime:0.002488s ]
INFO: [ app_begin ] --END-- [ RunTime:0.002534s ]
NOTIC: [2048] Declaration of Home\Controller\IndexController::show() should be compatible with Think\Controller::show($content, $charset = '', $contentType = '', $prefix = '') E:\UPUPW_AP5.5-1510\UPUPW_AP5.5\vhosts\www.blog.com\Application\Home\Controller\IndexController.class.php 第 15 行.
SQL: select blog_article.id as id, title,name,content,nickname,views,likes from blog_article  left join blog_user on blog_article.user_id= blog_user.id left join blog_type on blog_article.type_id = blog_type.id order by time desc [ RunTime:0.0005s ]
SQL: select nickname from blog_user where phone = '18451978763' [ RunTime:0.0002s ]
INFO: [ view_parse ] --START--
INFO: [ template_filter ] --START--
INFO: Run Behavior\ContentReplaceBehavior [ RunTime:0.000036s ]
INFO: [ template_filter ] --END-- [ RunTime:0.000068s ]
INFO: Run Behavior\ParseTemplateBehavior [ RunTime:0.011865s ]
INFO: [ view_parse ] --END-- [ RunTime:0.011906s ]
INFO: [ view_filter ] --START--
INFO: Run Behavior\WriteHtmlCacheBehavior [ RunTime:0.002365s ]
INFO: [ view_filter ] --END-- [ RunTime:0.002396s ]
INFO: [ app_end ] --START--
INFO: Run Behavior\ShowPageTraceBehavior [ RunTime:0.002493s ]
INFO: [ app_end ] --END-- [ RunTime:0.002531s ]

[ 2022-02-03T20:23:36+08:00 ] 127.0.0.1 /index.php/Home/Index/img/index/search.png
INFO: [ app_init ] --START--
INFO: Run Behavior\BuildLiteBehavior [ RunTime:0.000008s ]
INFO: [ app_init ] --END-- [ RunTime:0.000408s ]
NOTIC: [8] Constant APP_DEBUG already defined E:\UPUPW_AP5.5-1510\UPUPW_AP5.5\vhosts\www.blog.com\Application\Home\Conf\config.php 第 4 行.

[ 2022-02-03T20:23:40+08:00 ] 127.0.0.1 /home/index/logout
INFO: [ app_init ] --START--
INFO: Run Behavior\BuildLiteBehavior [ RunTime:0.000012s ]
INFO: [ app_init ] --END-- [ RunTime:0.000619s ]
NOTIC: [8] Constant APP_DEBUG already defined E:\UPUPW_AP5.5-1510\UPUPW_AP5.5\vhosts\www.blog.com\Application\Home\Conf\config.php 第 4 行.
INFO: [ app_begin ] --START--
INFO: Run Behavior\ReadHtmlCacheBehavior [ RunTime:0.002433s ]
INFO: [ app_begin ] --END-- [ RunTime:0.002471s ]
NOTIC: [2048] Declaration of Home\Controller\IndexController::show() should be compatible with Think\Controller::show($content, $charset = '', $contentType = '', $prefix = '') E:\UPUPW_AP5.5-1510\UPUPW_AP5.5\vhosts\www.blog.com\Application\Home\Controller\IndexController.class.php 第 15 行.

[ 2022-02-03T20:23:40+08:00 ] 127.0.0.1 /index.php/home/index/index.html
INFO: [ app_init ] --START--
INFO: Run Behavior\BuildLiteBehavior [ RunTime:0.000008s ]
INFO: [ app_init ] --END-- [ RunTime:0.000413s ]
NOTIC: [8] Constant APP_DEBUG already defined E:\UPUPW_AP5.5-1510\UPUPW_AP5.5\vhosts\www.blog.com\Application\Home\Conf\config.php 第 4 行.
INFO: [ app_begin ] --START--
INFO: Run Behavior\ReadHtmlCacheBehavior [ RunTime:0.002287s ]
INFO: [ app_begin ] --END-- [ RunTime:0.002333s ]
NOTIC: [2048] Declaration of Home\Controller\IndexController::show() should be compatible with Think\Controller::show($content, $charset = '', $contentType = '', $prefix = '') E:\UPUPW_AP5.5-1510\UPUPW_AP5.5\vhosts\www.blog.com\Application\Home\Controller\IndexController.class.php 第 15 行.
SQL: select blog_article.id as id, title,name,content,nickname,views,likes from blog_article  left join blog_user on blog_article.user_id= blog_user.id left join blog_type on blog_article.type_id = blog_type.id order by time desc [ RunTime:0.0004s ]
INFO: [ view_parse ] --START--
INFO: [ template_filter ] --START--
INFO: Run Behavior\ContentReplaceBehavior [ RunTime:0.000036s ]
INFO: [ template_filter ] --END-- [ RunTime:0.000069s ]
NOTIC: [8] Undefined variable: list E:\UPUPW_AP5.5-1510\UPUPW_AP5.5\vhosts\www.blog.com\Application\Runtime\Cache\Home\2a94b8bda04ff446dcedd42276fc99ee.php 第 67 行.
INFO: Run Behavior\ParseTemplateBehavior [ RunTime:0.012667s ]
INFO: [ view_parse ] --END-- [ RunTime:0.012702s ]
INFO: [ view_filter ] --START--
INFO: Run Behavior\WriteHtmlCacheBehavior [ RunTime:0.001997s ]
INFO: [ view_filter ] --END-- [ RunTime:0.002022s ]
INFO: [ app_end ] --START--
INFO: Run Behavior\ShowPageTraceBehavior [ RunTime:0.002029s ]
INFO: [ app_end ] --END-- [ RunTime:0.002055s ]

[ 2022-02-03T20:23:40+08:00 ] 127.0.0.1 /index.php/home/index/img/index/search.png
INFO: [ app_init ] --START--
INFO: Run Behavior\BuildLiteBehavior [ RunTime:0.000010s ]
INFO: [ app_init ] --END-- [ RunTime:0.000486s ]
NOTIC: [8] Constant APP_DEBUG already defined E:\UPUPW_AP5.5-1510\UPUPW_AP5.5\vhosts\www.blog.com\Application\Home\Conf\config.php 第 4 行.

