[ 2022-01-25T09:37:18+08:00 ] 127.0.0.1 /home/index/register
INFO: [ app_init ] --START--
INFO: Run Behavior\BuildLiteBehavior [ RunTime:0.000017s ]
INFO: [ app_init ] --END-- [ RunTime:0.000711s ]
NOTIC: [8] Constant APP_DEBUG already defined E:\UPUPW_AP5.5-1510\UPUPW_AP5.5\vhosts\www.blog.com\Application\Home\Conf\config.php 第 4 行.
INFO: [ app_begin ] --START--
INFO: Run Behavior\ReadHtmlCacheBehavior [ RunTime:0.002423s ]
INFO: [ app_begin ] --END-- [ RunTime:0.002479s ]
INFO: [ app_end ] --START--
INFO: Run Behavior\ShowPageTraceBehavior [ RunTime:0.005018s ]
INFO: [ app_end ] --END-- [ RunTime:0.005196s ]

[ 2022-01-25T09:37:27+08:00 ] 127.0.0.1 /home/index/register
INFO: [ app_init ] --START--
INFO: Run Behavior\BuildLiteBehavior [ RunTime:0.000010s ]
INFO: [ app_init ] --END-- [ RunTime:0.000777s ]
NOTIC: [8] Constant APP_DEBUG already defined E:\UPUPW_AP5.5-1510\UPUPW_AP5.5\vhosts\www.blog.com\Application\Home\Conf\config.php 第 4 行.
INFO: [ app_begin ] --START--
INFO: Run Behavior\ReadHtmlCacheBehavior [ RunTime:0.003159s ]
INFO: [ app_begin ] --END-- [ RunTime:0.003222s ]
INFO: [ app_end ] --START--
INFO: Run Behavior\ShowPageTraceBehavior [ RunTime:0.006469s ]
INFO: [ app_end ] --END-- [ RunTime:0.006746s ]

[ 2022-01-25T09:37:34+08:00 ] 127.0.0.1 /home/index/register
INFO: [ app_init ] --START--
INFO: Run Behavior\BuildLiteBehavior [ RunTime:0.000014s ]
INFO: [ app_init ] --END-- [ RunTime:0.000619s ]
NOTIC: [8] Constant APP_DEBUG already defined E:\UPUPW_AP5.5-1510\UPUPW_AP5.5\vhosts\www.blog.com\Application\Home\Conf\config.php 第 4 行.
INFO: [ app_begin ] --START--
INFO: Run Behavior\ReadHtmlCacheBehavior [ RunTime:0.003416s ]
INFO: [ app_begin ] --END-- [ RunTime:0.003487s ]
INFO: [ app_end ] --START--
INFO: Run Behavior\ShowPageTraceBehavior [ RunTime:0.003181s ]
INFO: [ app_end ] --END-- [ RunTime:0.003242s ]

[ 2022-01-25T09:37:51+08:00 ] 127.0.0.1 /home/index/register
INFO: [ app_init ] --START--
INFO: Run Behavior\BuildLiteBehavior [ RunTime:0.000009s ]
INFO: [ app_init ] --END-- [ RunTime:0.000411s ]
NOTIC: [8] Constant APP_DEBUG already defined E:\UPUPW_AP5.5-1510\UPUPW_AP5.5\vhosts\www.blog.com\Application\Home\Conf\config.php 第 4 行.
INFO: [ app_begin ] --START--
INFO: Run Behavior\ReadHtmlCacheBehavior [ RunTime:0.003048s ]
INFO: [ app_begin ] --END-- [ RunTime:0.003099s ]
INFO: [ app_end ] --START--
INFO: Run Behavior\ShowPageTraceBehavior [ RunTime:0.002032s ]
INFO: [ app_end ] --END-- [ RunTime:0.002079s ]

[ 2022-01-25T09:41:19+08:00 ] 127.0.0.1 /home/index/
INFO: [ app_init ] --START--
INFO: Run Behavior\BuildLiteBehavior [ RunTime:0.000010s ]
INFO: [ app_init ] --END-- [ RunTime:0.000561s ]
NOTIC: [8] Constant APP_DEBUG already defined E:\UPUPW_AP5.5-1510\UPUPW_AP5.5\vhosts\www.blog.com\Application\Home\Conf\config.php 第 4 行.
INFO: [ app_begin ] --START--
INFO: Run Behavior\ReadHtmlCacheBehavior [ RunTime:0.001941s ]
INFO: [ app_begin ] --END-- [ RunTime:0.001979s ]
INFO: [ view_parse ] --START--
INFO: [ template_filter ] --START--
INFO: Run Behavior\ContentReplaceBehavior [ RunTime:0.000062s ]
INFO: [ template_filter ] --END-- [ RunTime:0.000101s ]
NOTIC: [8] Undefined variable: list E:\UPUPW_AP5.5-1510\UPUPW_AP5.5\vhosts\www.blog.com\Application\Runtime\Cache\Home\2a94b8bda04ff446dcedd42276fc99ee.php 第 158 行.
NOTIC: [8] Undefined variable: data1 E:\UPUPW_AP5.5-1510\UPUPW_AP5.5\vhosts\www.blog.com\Application\Runtime\Cache\Home\2a94b8bda04ff446dcedd42276fc99ee.php 第 163 行.
NOTIC: [8] Undefined variable: list2 E:\UPUPW_AP5.5-1510\UPUPW_AP5.5\vhosts\www.blog.com\Application\Runtime\Cache\Home\2a94b8bda04ff446dcedd42276fc99ee.php 第 173 行.
NOTIC: [8] Undefined variable: data2 E:\UPUPW_AP5.5-1510\UPUPW_AP5.5\vhosts\www.blog.com\Application\Runtime\Cache\Home\2a94b8bda04ff446dcedd42276fc99ee.php 第 177 行.
NOTIC: [8] Undefined variable: list3 E:\UPUPW_AP5.5-1510\UPUPW_AP5.5\vhosts\www.blog.com\Application\Runtime\Cache\Home\2a94b8bda04ff446dcedd42276fc99ee.php 第 185 行.
NOTIC: [8] Undefined variable: data3 E:\UPUPW_AP5.5-1510\UPUPW_AP5.5\vhosts\www.blog.com\Application\Runtime\Cache\Home\2a94b8bda04ff446dcedd42276fc99ee.php 第 189 行.
NOTIC: [8] Undefined variable: list4 E:\UPUPW_AP5.5-1510\UPUPW_AP5.5\vhosts\www.blog.com\Application\Runtime\Cache\Home\2a94b8bda04ff446dcedd42276fc99ee.php 第 198 行.
NOTIC: [8] Undefined variable: data4 E:\UPUPW_AP5.5-1510\UPUPW_AP5.5\vhosts\www.blog.com\Application\Runtime\Cache\Home\2a94b8bda04ff446dcedd42276fc99ee.php 第 202 行.
INFO: Run Behavior\ParseTemplateBehavior [ RunTime:0.127350s ]
INFO: [ view_parse ] --END-- [ RunTime:0.127391s ]
INFO: [ view_filter ] --START--
INFO: Run Behavior\WriteHtmlCacheBehavior [ RunTime:0.002159s ]
INFO: [ view_filter ] --END-- [ RunTime:0.002185s ]
INFO: [ app_end ] --START--
INFO: Run Behavior\ShowPageTraceBehavior [ RunTime:0.002844s ]
INFO: [ app_end ] --END-- [ RunTime:0.002888s ]

[ 2022-01-25T09:41:31+08:00 ] 127.0.0.1 /home/index/register
INFO: [ app_init ] --START--
INFO: Run Behavior\BuildLiteBehavior [ RunTime:0.000008s ]
INFO: [ app_init ] --END-- [ RunTime:0.000392s ]
NOTIC: [8] Constant APP_DEBUG already defined E:\UPUPW_AP5.5-1510\UPUPW_AP5.5\vhosts\www.blog.com\Application\Home\Conf\config.php 第 4 行.
INFO: [ app_begin ] --START--
INFO: Run Behavior\ReadHtmlCacheBehavior [ RunTime:0.001961s ]
INFO: [ app_begin ] --END-- [ RunTime:0.002004s ]
INFO: [ app_end ] --START--
INFO: Run Behavior\ShowPageTraceBehavior [ RunTime:0.001929s ]
INFO: [ app_end ] --END-- [ RunTime:0.001963s ]

[ 2022-01-25T09:41:50+08:00 ] 127.0.0.1 /home/index/index/register
INFO: [ app_init ] --START--
INFO: Run Behavior\BuildLiteBehavior [ RunTime:0.000015s ]
INFO: [ app_init ] --END-- [ RunTime:0.000439s ]
NOTIC: [8] Constant APP_DEBUG already defined E:\UPUPW_AP5.5-1510\UPUPW_AP5.5\vhosts\www.blog.com\Application\Home\Conf\config.php 第 4 行.
INFO: [ app_begin ] --START--
INFO: Run Behavior\ReadHtmlCacheBehavior [ RunTime:0.001943s ]
INFO: [ app_begin ] --END-- [ RunTime:0.001980s ]
INFO: [ view_parse ] --START--
INFO: [ template_filter ] --START--
INFO: Run Behavior\ContentReplaceBehavior [ RunTime:0.000056s ]
INFO: [ template_filter ] --END-- [ RunTime:0.000089s ]
NOTIC: [8] Undefined variable: list E:\UPUPW_AP5.5-1510\UPUPW_AP5.5\vhosts\www.blog.com\Application\Runtime\Cache\Home\2a94b8bda04ff446dcedd42276fc99ee.php 第 158 行.
NOTIC: [8] Undefined variable: data1 E:\UPUPW_AP5.5-1510\UPUPW_AP5.5\vhosts\www.blog.com\Application\Runtime\Cache\Home\2a94b8bda04ff446dcedd42276fc99ee.php 第 163 行.
NOTIC: [8] Undefined variable: list2 E:\UPUPW_AP5.5-1510\UPUPW_AP5.5\vhosts\www.blog.com\Application\Runtime\Cache\Home\2a94b8bda04ff446dcedd42276fc99ee.php 第 173 行.
NOTIC: [8] Undefined variable: data2 E:\UPUPW_AP5.5-1510\UPUPW_AP5.5\vhosts\www.blog.com\Application\Runtime\Cache\Home\2a94b8bda04ff446dcedd42276fc99ee.php 第 177 行.
NOTIC: [8] Undefined variable: list3 E:\UPUPW_AP5.5-1510\UPUPW_AP5.5\vhosts\www.blog.com\Application\Runtime\Cache\Home\2a94b8bda04ff446dcedd42276fc99ee.php 第 185 行.
NOTIC: [8] Undefined variable: data3 E:\UPUPW_AP5.5-1510\UPUPW_AP5.5\vhosts\www.blog.com\Application\Runtime\Cache\Home\2a94b8bda04ff446dcedd42276fc99ee.php 第 189 行.
NOTIC: [8] Undefined variable: list4 E:\UPUPW_AP5.5-1510\UPUPW_AP5.5\vhosts\www.blog.com\Application\Runtime\Cache\Home\2a94b8bda04ff446dcedd42276fc99ee.php 第 198 行.
NOTIC: [8] Undefined variable: data4 E:\UPUPW_AP5.5-1510\UPUPW_AP5.5\vhosts\www.blog.com\Application\Runtime\Cache\Home\2a94b8bda04ff446dcedd42276fc99ee.php 第 202 行.
INFO: Run Behavior\ParseTemplateBehavior [ RunTime:0.015101s ]
INFO: [ view_parse ] --END-- [ RunTime:0.015135s ]
INFO: [ view_filter ] --START--
INFO: Run Behavior\WriteHtmlCacheBehavior [ RunTime:0.001971s ]
INFO: [ view_filter ] --END-- [ RunTime:0.001996s ]
INFO: [ app_end ] --START--
INFO: Run Behavior\ShowPageTraceBehavior [ RunTime:0.002952s ]
INFO: [ app_end ] --END-- [ RunTime:0.002989s ]

[ 2022-01-25T09:42:51+08:00 ] 127.0.0.1 /home/index/index/register
INFO: [ app_init ] --START--
INFO: Run Behavior\BuildLiteBehavior [ RunTime:0.000010s ]
INFO: [ app_init ] --END-- [ RunTime:0.000456s ]
NOTIC: [8] Constant APP_DEBUG already defined E:\UPUPW_AP5.5-1510\UPUPW_AP5.5\vhosts\www.blog.com\Application\Home\Conf\config.php 第 4 行.
INFO: [ app_begin ] --START--
INFO: Run Behavior\ReadHtmlCacheBehavior [ RunTime:0.001921s ]
INFO: [ app_begin ] --END-- [ RunTime:0.001956s ]
INFO: [ view_parse ] --START--
INFO: [ template_filter ] --START--
INFO: Run Behavior\ContentReplaceBehavior [ RunTime:0.000052s ]
INFO: [ template_filter ] --END-- [ RunTime:0.000083s ]
NOTIC: [8] Undefined variable: list E:\UPUPW_AP5.5-1510\UPUPW_AP5.5\vhosts\www.blog.com\Application\Runtime\Cache\Home\2a94b8bda04ff446dcedd42276fc99ee.php 第 158 行.
NOTIC: [8] Undefined variable: data1 E:\UPUPW_AP5.5-1510\UPUPW_AP5.5\vhosts\www.blog.com\Application\Runtime\Cache\Home\2a94b8bda04ff446dcedd42276fc99ee.php 第 163 行.
NOTIC: [8] Undefined variable: list2 E:\UPUPW_AP5.5-1510\UPUPW_AP5.5\vhosts\www.blog.com\Application\Runtime\Cache\Home\2a94b8bda04ff446dcedd42276fc99ee.php 第 173 行.
NOTIC: [8] Undefined variable: data2 E:\UPUPW_AP5.5-1510\UPUPW_AP5.5\vhosts\www.blog.com\Application\Runtime\Cache\Home\2a94b8bda04ff446dcedd42276fc99ee.php 第 177 行.
NOTIC: [8] Undefined variable: list3 E:\UPUPW_AP5.5-1510\UPUPW_AP5.5\vhosts\www.blog.com\Application\Runtime\Cache\Home\2a94b8bda04ff446dcedd42276fc99ee.php 第 185 行.
NOTIC: [8] Undefined variable: data3 E:\UPUPW_AP5.5-1510\UPUPW_AP5.5\vhosts\www.blog.com\Application\Runtime\Cache\Home\2a94b8bda04ff446dcedd42276fc99ee.php 第 189 行.
NOTIC: [8] Undefined variable: list4 E:\UPUPW_AP5.5-1510\UPUPW_AP5.5\vhosts\www.blog.com\Application\Runtime\Cache\Home\2a94b8bda04ff446dcedd42276fc99ee.php 第 198 行.
NOTIC: [8] Undefined variable: data4 E:\UPUPW_AP5.5-1510\UPUPW_AP5.5\vhosts\www.blog.com\Application\Runtime\Cache\Home\2a94b8bda04ff446dcedd42276fc99ee.php 第 202 行.
INFO: Run Behavior\ParseTemplateBehavior [ RunTime:0.013600s ]
INFO: [ view_parse ] --END-- [ RunTime:0.013637s ]
INFO: [ view_filter ] --START--
INFO: Run Behavior\WriteHtmlCacheBehavior [ RunTime:0.002173s ]
INFO: [ view_filter ] --END-- [ RunTime:0.002207s ]
INFO: [ app_end ] --START--
INFO: Run Behavior\ShowPageTraceBehavior [ RunTime:0.002008s ]
INFO: [ app_end ] --END-- [ RunTime:0.002040s ]

[ 2022-01-25T09:43:45+08:00 ] 127.0.0.1 /home/index/index/register
INFO: [ app_init ] --START--
INFO: Run Behavior\BuildLiteBehavior [ RunTime:0.000010s ]
INFO: [ app_init ] --END-- [ RunTime:0.000512s ]
NOTIC: [8] Constant APP_DEBUG already defined E:\UPUPW_AP5.5-1510\UPUPW_AP5.5\vhosts\www.blog.com\Application\Home\Conf\config.php 第 4 行.
INFO: [ app_begin ] --START--
INFO: Run Behavior\ReadHtmlCacheBehavior [ RunTime:0.001935s ]
INFO: [ app_begin ] --END-- [ RunTime:0.001971s ]
ERR: 非法操作:index

[ 2022-01-25T09:44:06+08:00 ] 127.0.0.1 /home/index//register
INFO: [ app_init ] --START--
INFO: Run Behavior\BuildLiteBehavior [ RunTime:0.000009s ]
INFO: [ app_init ] --END-- [ RunTime:0.000412s ]
NOTIC: [8] Constant APP_DEBUG already defined E:\UPUPW_AP5.5-1510\UPUPW_AP5.5\vhosts\www.blog.com\Application\Home\Conf\config.php 第 4 行.
INFO: [ app_begin ] --START--
INFO: Run Behavior\ReadHtmlCacheBehavior [ RunTime:0.001928s ]
INFO: [ app_begin ] --END-- [ RunTime:0.001963s ]
INFO: [ app_end ] --START--
INFO: Run Behavior\ShowPageTraceBehavior [ RunTime:0.001949s ]
INFO: [ app_end ] --END-- [ RunTime:0.001986s ]

[ 2022-01-25T09:44:10+08:00 ] 127.0.0.1 /home/index/register
INFO: [ app_init ] --START--
INFO: Run Behavior\BuildLiteBehavior [ RunTime:0.000012s ]
INFO: [ app_init ] --END-- [ RunTime:0.000522s ]
NOTIC: [8] Constant APP_DEBUG already defined E:\UPUPW_AP5.5-1510\UPUPW_AP5.5\vhosts\www.blog.com\Application\Home\Conf\config.php 第 4 行.
INFO: [ app_begin ] --START--
INFO: Run Behavior\ReadHtmlCacheBehavior [ RunTime:0.001933s ]
INFO: [ app_begin ] --END-- [ RunTime:0.001971s ]
INFO: [ app_end ] --START--
INFO: Run Behavior\ShowPageTraceBehavior [ RunTime:0.004054s ]
INFO: [ app_end ] --END-- [ RunTime:0.004145s ]

