[ 2021-11-24T18:27:46+08:00 ] 127.0.0.1 /favicon.ico
INFO: [ app_init ] --START--
INFO: Run Behavior\BuildLiteBehavior [ RunTime:0.000020s ]
INFO: [ app_init ] --END-- [ RunTime:0.001034s ]
ERR: 无法加载模块:Favicon

[ 2021-11-24T18:27:50+08:00 ] 127.0.0.1 /favicon.ico
INFO: [ app_init ] --START--
INFO: Run Behavior\BuildLiteBehavior [ RunTime:0.000009s ]
INFO: [ app_init ] --END-- [ RunTime:0.000390s ]
ERR: 无法加载模块:Favicon

[ 2021-11-24T18:27:56+08:00 ] 127.0.0.1 /public/css/swiper.css
INFO: [ app_init ] --START--
INFO: Run Behavior\BuildLiteBehavior [ RunTime:0.000009s ]
INFO: [ app_init ] --END-- [ RunTime:0.000404s ]
ERR: 无法加载模块:Public

[ 2021-11-24T18:27:58+08:00 ] 127.0.0.1 /public/css/swiper.css
INFO: [ app_init ] --START--
INFO: Run Behavior\BuildLiteBehavior [ RunTime:0.000009s ]
INFO: [ app_init ] --END-- [ RunTime:0.000408s ]
ERR: 无法加载模块:Public

[ 2021-11-24T18:28:00+08:00 ] 127.0.0.1 /public/css/swiper.css
INFO: [ app_init ] --START--
INFO: Run Behavior\BuildLiteBehavior [ RunTime:0.000009s ]
INFO: [ app_init ] --END-- [ RunTime:0.000439s ]
ERR: 无法加载模块:Public

[ 2021-11-24T18:28:01+08:00 ] 127.0.0.1 /public/css/swiper.css
INFO: [ app_init ] --START--
INFO: Run Behavior\BuildLiteBehavior [ RunTime:0.000017s ]
INFO: [ app_init ] --END-- [ RunTime:0.000792s ]
ERR: 无法加载模块:Public

[ 2021-11-24T18:28:14+08:00 ] 127.0.0.1 /favicon.ico
INFO: [ app_init ] --START--
INFO: Run Behavior\BuildLiteBehavior [ RunTime:0.000009s ]
INFO: [ app_init ] --END-- [ RunTime:0.000394s ]
ERR: 无法加载模块:Favicon

[ 2021-11-24T18:28:15+08:00 ] 127.0.0.1 /favicon.ico
INFO: [ app_init ] --START--
INFO: Run Behavior\BuildLiteBehavior [ RunTime:0.000017s ]
INFO: [ app_init ] --END-- [ RunTime:0.000745s ]
ERR: 无法加载模块:Favicon

[ 2021-11-24T18:28:18+08:00 ] 127.0.0.1 /Public/image/bg.png
INFO: [ app_init ] --START--
INFO: Run Behavior\BuildLiteBehavior [ RunTime:0.000014s ]
INFO: [ app_init ] --END-- [ RunTime:0.000712s ]
ERR: 无法加载模块:Public

[ 2021-11-24T18:28:34+08:00 ] 127.0.0.1 /Public/image/bg.png
INFO: [ app_init ] --START--
INFO: Run Behavior\BuildLiteBehavior [ RunTime:0.000017s ]
INFO: [ app_init ] --END-- [ RunTime:0.000682s ]
ERR: 无法加载模块:Public

