[ 2022-01-26T21:33:39+08:00 ] 127.0.0.1 /Public/lib/kindeditor/plugins/image/image.js?ver=4.1.10%20(2013-11-23)
INFO: [ app_init ] --START--
INFO: Run Behavior\BuildLiteBehavior [ RunTime:0.000027s ]
INFO: [ app_init ] --END-- [ RunTime:0.001392s ]
ERR: 无法加载模块:Public

[ 2022-01-26T21:35:05+08:00 ] 127.0.0.1 /Public/lib/kindeditor/plugins/quickformat/quickformat.js?ver=4.1.10%20(2013-11-23)
INFO: [ app_init ] --START--
INFO: Run Behavior\BuildLiteBehavior [ RunTime:0.000021s ]
INFO: [ app_init ] --END-- [ RunTime:0.000963s ]
ERR: 无法加载模块:Public

[ 2022-01-26T22:25:18+08:00 ] 127.0.0.1 /public/lib/js/editormd/css/editormd.css
INFO: [ app_init ] --START--
INFO: Run Behavior\BuildLiteBehavior [ RunTime:0.000021s ]
INFO: [ app_init ] --END-- [ RunTime:0.002477s ]
ERR: 无法加载模块:Public

[ 2022-01-26T22:25:18+08:00 ] 127.0.0.1 /public/lib/js/jquery.min.js
INFO: [ app_init ] --START--
INFO: Run Behavior\BuildLiteBehavior [ RunTime:0.000013s ]
INFO: [ app_init ] --END-- [ RunTime:0.000731s ]
ERR: 无法加载模块:Public

[ 2022-01-26T22:39:45+08:00 ] 127.0.0.1 /public/lib/js/editormd/css/editormd.css
INFO: [ app_init ] --START--
INFO: Run Behavior\BuildLiteBehavior [ RunTime:0.000031s ]
INFO: [ app_init ] --END-- [ RunTime:0.002902s ]
ERR: 无法加载模块:Public

[ 2022-01-26T22:39:45+08:00 ] 127.0.0.1 /public/lib/js/jquery.min.js
INFO: [ app_init ] --START--
INFO: Run Behavior\BuildLiteBehavior [ RunTime:0.000017s ]
INFO: [ app_init ] --END-- [ RunTime:0.001686s ]
ERR: 无法加载模块:Public

[ 2022-01-26T22:45:55+08:00 ] 127.0.0.1 /public/lib/js/editormd/css/editormd.css
INFO: [ app_init ] --START--
INFO: Run Behavior\BuildLiteBehavior [ RunTime:0.000015s ]
INFO: [ app_init ] --END-- [ RunTime:0.001321s ]
ERR: 无法加载模块:Public

[ 2022-01-26T22:45:55+08:00 ] 127.0.0.1 /public/lib/js/jquery.min.js
INFO: [ app_init ] --START--
INFO: Run Behavior\BuildLiteBehavior [ RunTime:0.000017s ]
INFO: [ app_init ] --END-- [ RunTime:0.001119s ]
ERR: 无法加载模块:Public

[ 2022-01-26T22:45:55+08:00 ] 127.0.0.1 /public/lib/editor/lib/codemirror/addon/search/matchesonscrollbar.css
INFO: [ app_init ] --START--
INFO: Run Behavior\BuildLiteBehavior [ RunTime:0.000017s ]
INFO: [ app_init ] --END-- [ RunTime:0.000876s ]
ERR: 无法加载模块:Public

[ 2022-01-26T22:45:55+08:00 ] 127.0.0.1 /public/lib/editor/lib/codemirror/codemirror.min.css
INFO: [ app_init ] --START--
INFO: Run Behavior\BuildLiteBehavior [ RunTime:0.000015s ]
INFO: [ app_init ] --END-- [ RunTime:0.001455s ]
ERR: 无法加载模块:Public

[ 2022-01-26T22:45:55+08:00 ] 127.0.0.1 /public/lib/editor/lib/codemirror/addon/dialog/dialog.css
INFO: [ app_init ] --START--
INFO: Run Behavior\BuildLiteBehavior [ RunTime:0.000014s ]
INFO: [ app_init ] --END-- [ RunTime:0.000818s ]
ERR: 无法加载模块:Public

[ 2022-01-26T22:45:55+08:00 ] 127.0.0.1 /public/lib/editor/lib/codemirror/codemirror.min.js
INFO: [ app_init ] --START--
INFO: Run Behavior\BuildLiteBehavior [ RunTime:0.000027s ]
INFO: [ app_init ] --END-- [ RunTime:0.000950s ]
ERR: 无法加载模块:Public

[ 2022-01-26T22:46:13+08:00 ] 127.0.0.1 /public/lib/js/jquery.min.js
INFO: [ app_init ] --START--
INFO: Run Behavior\BuildLiteBehavior [ RunTime:0.000040s ]
INFO: [ app_init ] --END-- [ RunTime:0.003367s ]
ERR: 无法加载模块:Public

[ 2022-01-26T22:46:13+08:00 ] 127.0.0.1 /public/lib/js/editormd/css/editormd.css
INFO: [ app_init ] --START--
INFO: Run Behavior\BuildLiteBehavior [ RunTime:0.000024s ]
INFO: [ app_init ] --END-- [ RunTime:0.001597s ]
ERR: 无法加载模块:Public

[ 2022-01-26T22:46:14+08:00 ] 127.0.0.1 /public/lib/editor/lib/codemirror/addon/dialog/dialog.css
INFO: [ app_init ] --START--
INFO: Run Behavior\BuildLiteBehavior [ RunTime:0.000018s ]
INFO: [ app_init ] --END-- [ RunTime:0.000952s ]
ERR: 无法加载模块:Public

[ 2022-01-26T22:46:14+08:00 ] 127.0.0.1 /public/lib/editor/lib/codemirror/addon/search/matchesonscrollbar.css
INFO: [ app_init ] --START--
INFO: Run Behavior\BuildLiteBehavior [ RunTime:0.000018s ]
INFO: [ app_init ] --END-- [ RunTime:0.001678s ]
ERR: 无法加载模块:Public

[ 2022-01-26T22:46:14+08:00 ] 127.0.0.1 /public/lib/editor/lib/codemirror/codemirror.min.js
INFO: [ app_init ] --START--
INFO: Run Behavior\BuildLiteBehavior [ RunTime:0.000026s ]
INFO: [ app_init ] --END-- [ RunTime:0.001588s ]
ERR: 无法加载模块:Public

[ 2022-01-26T22:46:14+08:00 ] 127.0.0.1 /public/lib/editor/lib/codemirror/codemirror.min.css
INFO: [ app_init ] --START--
INFO: Run Behavior\BuildLiteBehavior [ RunTime:0.000022s ]
INFO: [ app_init ] --END-- [ RunTime:0.001535s ]
ERR: 无法加载模块:Public

[ 2022-01-26T22:52:23+08:00 ] 127.0.0.1 /public/lib/js/jquery.min.js
INFO: [ app_init ] --START--
INFO: Run Behavior\BuildLiteBehavior [ RunTime:0.000019s ]
INFO: [ app_init ] --END-- [ RunTime:0.001241s ]
ERR: 无法加载模块:Public

